#
# There is insufficient memory for the Java Runtime Environment to continue.
# Native memory allocation (mmap) failed to map 84934656 bytes for G1 virtual space
# Possible reasons:
#   The system is out of physical RAM or swap space
#   The process is running with CompressedOops enabled, and the Java Heap may be blocking the growth of the native heap
# Possible solutions:
#   Reduce memory load on the system
#   Increase physical memory or swap space
#   Check if swap backing store is full
#   Decrease Java heap size (-Xmx/-Xms)
#   Decrease number of Java threads
#   Decrease Java thread stack sizes (-Xss)
#   Set larger code cache with -XX:ReservedCodeCacheSize=
#   JVM is running with Unscaled Compressed Oops mode in which the Java heap is
#     placed in the first 4GB address space. The Java Heap base address is the
#     maximum limit for the native heap growth. Please use -XX:HeapBaseMinAddress
#     to set the Java Heap base and to place the Java Heap above 4GB virtual address.
# This output file may be truncated or incomplete.
#
#  Out of Memory Error (os_windows.cpp:3769), pid=2756, tid=5568
#
# JRE version: OpenJDK Runtime Environment (17.0.6) (build 17.0.6+0-b2043.56-9586694)
# Java VM: OpenJDK 64-Bit Server VM (17.0.6+0-b2043.56-9586694, mixed mode, tiered, compressed oops, compressed class ptrs, g1 gc, windows-amd64)
# No core dump will be written. Minidumps are not enabled by default on client versions of Windows
#

---------------  S U M M A R Y ------------

Command Line: --add-opens=java.base/java.util=ALL-UNNAMED --add-opens=java.base/java.lang=ALL-UNNAMED --add-opens=java.base/java.lang.invoke=ALL-UNNAMED --add-opens=java.prefs/java.util.prefs=ALL-UNNAMED --add-opens=java.base/java.nio.charset=ALL-UNNAMED --add-opens=java.base/java.net=ALL-UNNAMED --add-opens=java.base/java.util.concurrent.atomic=ALL-UNNAMED -Xmx2048m -Dfile.encoding=UTF-8 -Duser.country=KR -Duser.language=ko -Duser.variant org.gradle.launcher.daemon.bootstrap.GradleDaemon 8.0

Host: Intel(R) Core(TM) i5-1035G1 CPU @ 1.00GHz, 4 cores, 3G,  Windows 10 , 64 bit Build 19041 (10.0.19041.3636)
Time: Tue Dec 26 12:53:29 2023  Windows 10 , 64 bit Build 19041 (10.0.19041.3636) elapsed time: 19.760335 seconds (0d 0h 0m 19s)

---------------  T H R E A D  ---------------

Current thread (0x000001d9c56b2330):  VMThread "VM Thread" [stack: 0x0000009efc100000,0x0000009efc200000] [id=5568]

Stack: [0x0000009efc100000,0x0000009efc200000]
Native frames: (J=compiled Java code, j=interpreted, Vv=VM code, C=native code)
V  [jvm.dll+0x683b4a]
V  [jvm.dll+0x842654]
V  [jvm.dll+0x843dfe]
V  [jvm.dll+0x844463]
V  [jvm.dll+0x249b75]
V  [jvm.dll+0x680a19]
V  [jvm.dll+0x674f0a]
V  [jvm.dll+0x309acb]
V  [jvm.dll+0x310f86]
V  [jvm.dll+0x3608ee]
V  [jvm.dll+0x360b1f]
V  [jvm.dll+0x2dfbf8]
V  [jvm.dll+0x2ddec4]
V  [jvm.dll+0x2dd4cc]
V  [jvm.dll+0x321f3b]
V  [jvm.dll+0x84893b]
V  [jvm.dll+0x849674]
V  [jvm.dll+0x849b8d]
V  [jvm.dll+0x849f64]
V  [jvm.dll+0x84a030]
V  [jvm.dll+0x7f25fa]
V  [jvm.dll+0x682985]
C  [ucrtbase.dll+0x21bb2]
C  [KERNEL32.DLL+0x17344]
C  [ntdll.dll+0x526b1]

VM_Operation (0x0000009efd7f4640): G1CollectForAllocation, mode: safepoint, requested by thread 0x000001d9c8501280


---------------  P R O C E S S  ---------------

Threads class SMR info:
_java_thread_list=0x000001d9cd112a60, length=81, elements={
0x000001d9aa1ca820, 0x000001d9c56b6e00, 0x000001d9c56ea810, 0x000001d9c57338f0,
0x000001d9c57341b0, 0x000001d9c5736a80, 0x000001d9c5738350, 0x000001d9c5738cc0,
0x000001d9c5739a70, 0x000001d9c6025a80, 0x000001d9c61905f0, 0x000001d9c61a4f60,
0x000001d9c74de920, 0x000001d9c723b090, 0x000001d9c66915a0, 0x000001d9c6279b40,
0x000001d9c75d5c00, 0x000001d9c62efea0, 0x000001d9c8501280, 0x000001d9c78a2850,
0x000001d9c66094f0, 0x000001d9c660a360, 0x000001d9c6607810, 0x000001d9c660a830,
0x000001d9c66081b0, 0x000001d9c6608680, 0x000001d9c6608b50, 0x000001d9c6609020,
0x000001d9c6607340, 0x000001d9c6609e90, 0x000001d9c6606e70, 0x000001d9c6607ce0,
0x000001d9c88b6a80, 0x000001d9c88b5270, 0x000001d9c88b0a40, 0x000001d9c88b4da0,
0x000001d9c88b0570, 0x000001d9c88b0f10, 0x000001d9c88b5740, 0x000001d9c88b3f30,
0x000001d9c88b5c10, 0x000001d9c88af230, 0x000001d9c88b65b0, 0x000001d9c88af700,
0x000001d9c88b3a60, 0x000001d9c88b1d80, 0x000001d9c88b3590, 0x000001d9c88b18b0,
0x000001d9c88afbd0, 0x000001d9c88b2250, 0x000001d9c88b2720, 0x000001d9c88b4400,
0x000001d9c88b48d0, 0x000001d9c7b44540, 0x000001d9c7b4a0b0, 0x000001d9c7b47090,
0x000001d9c7b49be0, 0x000001d9c7b45d50, 0x000001d9c7b46220, 0x000001d9c7b44a10,
0x000001d9c7b49710, 0x000001d9c7b44070, 0x000001d9c7b47560, 0x000001d9c7b4a580,
0x000001d9c7b44ee0, 0x000001d9c7b4aa50, 0x000001d9c7b4af20, 0x000001d9c7b453b0,
0x000001d9c7b4b3f0, 0x000001d9c7b466f0, 0x000001d9c7b4b8c0, 0x000001d9c7b45880,
0x000001d9c7b46bc0, 0x000001d9c7b47a30, 0x000001d9c7b47f00, 0x000001d9c7b483d0,
0x000001d9c7b48d70, 0x000001d9c7b488a0, 0x000001d9c7b49240, 0x000001d9cae6ae50,
0x000001d9cae6cb30
}

Java Threads: ( => current thread )
  0x000001d9aa1ca820 JavaThread "main" [_thread_blocked, id=5656, stack(0x0000009efbb00000,0x0000009efbc00000)]
  0x000001d9c56b6e00 JavaThread "Reference Handler" daemon [_thread_blocked, id=6268, stack(0x0000009efc200000,0x0000009efc300000)]
  0x000001d9c56ea810 JavaThread "Finalizer" daemon [_thread_blocked, id=12516, stack(0x0000009efc300000,0x0000009efc400000)]
  0x000001d9c57338f0 JavaThread "Signal Dispatcher" daemon [_thread_blocked, id=5108, stack(0x0000009efc400000,0x0000009efc500000)]
  0x000001d9c57341b0 JavaThread "Attach Listener" daemon [_thread_blocked, id=11848, stack(0x0000009efc500000,0x0000009efc600000)]
  0x000001d9c5736a80 JavaThread "Service Thread" daemon [_thread_blocked, id=1972, stack(0x0000009efc600000,0x0000009efc700000)]
  0x000001d9c5738350 JavaThread "Monitor Deflation Thread" daemon [_thread_blocked, id=9328, stack(0x0000009efc700000,0x0000009efc800000)]
  0x000001d9c5738cc0 JavaThread "C2 CompilerThread0" daemon [_thread_blocked, id=10192, stack(0x0000009efc800000,0x0000009efc900000)]
  0x000001d9c5739a70 JavaThread "C1 CompilerThread0" daemon [_thread_blocked, id=11476, stack(0x0000009efc900000,0x0000009efca00000)]
  0x000001d9c6025a80 JavaThread "Sweeper thread" daemon [_thread_blocked, id=13164, stack(0x0000009efca00000,0x0000009efcb00000)]
  0x000001d9c61905f0 JavaThread "Common-Cleaner" daemon [_thread_blocked, id=10260, stack(0x0000009efcb00000,0x0000009efcc00000)]
  0x000001d9c61a4f60 JavaThread "Notification Thread" daemon [_thread_blocked, id=2696, stack(0x0000009efcc00000,0x0000009efcd00000)]
  0x000001d9c74de920 JavaThread "Daemon health stats" [_thread_blocked, id=9516, stack(0x0000009efd100000,0x0000009efd200000)]
  0x000001d9c723b090 JavaThread "Incoming local TCP Connector on port 50080" [_thread_in_native, id=1468, stack(0x0000009efd200000,0x0000009efd300000)]
  0x000001d9c66915a0 JavaThread "Daemon periodic checks" [_thread_blocked, id=8336, stack(0x0000009efd300000,0x0000009efd400000)]
  0x000001d9c6279b40 JavaThread "Daemon" [_thread_blocked, id=9664, stack(0x0000009efd400000,0x0000009efd500000)]
  0x000001d9c75d5c00 JavaThread "Handler for socket connection from /127.0.0.1:50080 to /127.0.0.1:50081" [_thread_in_native, id=1272, stack(0x0000009efd500000,0x0000009efd600000)]
  0x000001d9c62efea0 JavaThread "Cancel handler" [_thread_blocked, id=3024, stack(0x0000009efd600000,0x0000009efd700000)]
  0x000001d9c8501280 JavaThread "Daemon worker" [_thread_blocked, id=5252, stack(0x0000009efd700000,0x0000009efd800000)]
  0x000001d9c78a2850 JavaThread "Asynchronous log dispatcher for DefaultDaemonConnection: socket connection from /127.0.0.1:50080 to /127.0.0.1:50081" [_thread_blocked, id=3492, stack(0x0000009efd800000,0x0000009efd900000)]
  0x000001d9c66094f0 JavaThread "Stdin handler" [_thread_blocked, id=11448, stack(0x0000009efd900000,0x0000009efda00000)]
  0x000001d9c660a360 JavaThread "Daemon client event forwarder" [_thread_blocked, id=12136, stack(0x0000009efda00000,0x0000009efdb00000)]
  0x000001d9c6607810 JavaThread "Cache worker for journal cache (C:\Users\oals6\.gradle\caches\journal-1)" [_thread_blocked, id=10172, stack(0x0000009efdb00000,0x0000009efdc00000)]
  0x000001d9c660a830 JavaThread "File lock request listener" [_thread_in_native, id=3336, stack(0x0000009efdc00000,0x0000009efdd00000)]
  0x000001d9c66081b0 JavaThread "Cache worker for file hash cache (C:\Users\oals6\.gradle\caches\8.0\fileHashes)" [_thread_blocked, id=6516, stack(0x0000009efdd00000,0x0000009efde00000)]
  0x000001d9c6608680 JavaThread "File watcher server" daemon [_thread_in_native, id=9312, stack(0x0000009efde00000,0x0000009efdf00000)]
  0x000001d9c6608b50 JavaThread "File watcher consumer" daemon [_thread_blocked, id=9156, stack(0x0000009efdf00000,0x0000009efe000000)]
  0x000001d9c6609020 JavaThread "Cache worker for checksums cache (C:\Users\oals6\AndroidStudioProjects\MyDB\.gradle\8.0\checksums)" [_thread_blocked, id=14132, stack(0x0000009efe000000,0x0000009efe100000)]
  0x000001d9c6607340 JavaThread "Cache worker for cache directory md-rule (C:\Users\oals6\.gradle\caches\8.0\md-rule)" [_thread_blocked, id=14012, stack(0x0000009efe100000,0x0000009efe200000)]
  0x000001d9c6609e90 JavaThread "Cache worker for file content cache (C:\Users\oals6\.gradle\caches\8.0\fileContent)" [_thread_blocked, id=7404, stack(0x0000009efe200000,0x0000009efe300000)]
  0x000001d9c6606e70 JavaThread "Cache worker for file hash cache (C:\Users\oals6\AndroidStudioProjects\MyDB\.gradle\8.0\fileHashes)" [_thread_blocked, id=11012, stack(0x0000009efe300000,0x0000009efe400000)]
  0x000001d9c6607ce0 JavaThread "Cache worker for cache directory md-supplier (C:\Users\oals6\.gradle\caches\8.0\md-supplier)" [_thread_blocked, id=4864, stack(0x0000009efe400000,0x0000009efe500000)]
  0x000001d9c88b6a80 JavaThread "Cache worker for execution history cache (C:\Users\oals6\.gradle\caches\8.0\executionHistory)" [_thread_blocked, id=9948, stack(0x0000009efe500000,0x0000009efe600000)]
  0x000001d9c88b5270 JavaThread "jar transforms" [_thread_blocked, id=8080, stack(0x0000009efe600000,0x0000009efe700000)]
  0x000001d9c88b0a40 JavaThread "jar transforms Thread 2" [_thread_blocked, id=10564, stack(0x0000009efe700000,0x0000009efe800000)]
  0x000001d9c88b4da0 JavaThread "jar transforms Thread 3" [_thread_blocked, id=12084, stack(0x0000009efe800000,0x0000009efe900000)]
  0x000001d9c88b0570 JavaThread "jar transforms Thread 4" [_thread_blocked, id=13000, stack(0x0000009efe900000,0x0000009efea00000)]
  0x000001d9c88b0f10 JavaThread "Cache worker for dependencies-accessors (C:\Users\oals6\AndroidStudioProjects\MyDB\.gradle\8.0\dependencies-accessors)" [_thread_blocked, id=9316, stack(0x0000009efea00000,0x0000009efeb00000)]
  0x000001d9c88b5740 JavaThread "Cache worker for Build Output Cleanup Cache (C:\Users\oals6\AndroidStudioProjects\MyDB\.gradle\buildOutputCleanup)" [_thread_blocked, id=11140, stack(0x0000009efeb00000,0x0000009efec00000)]
  0x000001d9c88b3f30 JavaThread "Unconstrained build operations" [_thread_blocked, id=12892, stack(0x0000009efec00000,0x0000009efed00000)]
  0x000001d9c88b5c10 JavaThread "Unconstrained build operations Thread 2" [_thread_blocked, id=8744, stack(0x0000009efed00000,0x0000009efee00000)]
  0x000001d9c88af230 JavaThread "Unconstrained build operations Thread 3" [_thread_blocked, id=1336, stack(0x0000009efee00000,0x0000009efef00000)]
  0x000001d9c88b65b0 JavaThread "Unconstrained build operations Thread 4" [_thread_blocked, id=9736, stack(0x0000009efef00000,0x0000009eff000000)]
  0x000001d9c88af700 JavaThread "Unconstrained build operations Thread 5" [_thread_blocked, id=8716, stack(0x0000009eff000000,0x0000009eff100000)]
  0x000001d9c88b3a60 JavaThread "Unconstrained build operations Thread 6" [_thread_blocked, id=10100, stack(0x0000009eff100000,0x0000009eff200000)]
  0x000001d9c88b1d80 JavaThread "Unconstrained build operations Thread 7" [_thread_blocked, id=4952, stack(0x0000009eff200000,0x0000009eff300000)]
  0x000001d9c88b3590 JavaThread "Unconstrained build operations Thread 8" [_thread_blocked, id=4372, stack(0x0000009eff300000,0x0000009eff400000)]
  0x000001d9c88b18b0 JavaThread "Unconstrained build operations Thread 9" [_thread_blocked, id=10792, stack(0x0000009eff400000,0x0000009eff500000)]
  0x000001d9c88afbd0 JavaThread "Unconstrained build operations Thread 10" [_thread_blocked, id=7620, stack(0x0000009eff500000,0x0000009eff600000)]
  0x000001d9c88b2250 JavaThread "Unconstrained build operations Thread 11" [_thread_blocked, id=14244, stack(0x0000009eff600000,0x0000009eff700000)]
  0x000001d9c88b2720 JavaThread "Unconstrained build operations Thread 12" [_thread_blocked, id=4896, stack(0x0000009eff700000,0x0000009eff800000)]
  0x000001d9c88b4400 JavaThread "Unconstrained build operations Thread 13" [_thread_blocked, id=8972, stack(0x0000009eff800000,0x0000009eff900000)]
  0x000001d9c88b48d0 JavaThread "Unconstrained build operations Thread 14" [_thread_blocked, id=6652, stack(0x0000009eff900000,0x0000009effa00000)]
  0x000001d9c7b44540 JavaThread "Unconstrained build operations Thread 15" [_thread_blocked, id=10976, stack(0x0000009effa00000,0x0000009effb00000)]
  0x000001d9c7b4a0b0 JavaThread "Unconstrained build operations Thread 16" [_thread_blocked, id=9392, stack(0x0000009effb00000,0x0000009effc00000)]
  0x000001d9c7b47090 JavaThread "Unconstrained build operations Thread 17" [_thread_blocked, id=12712, stack(0x0000009effc00000,0x0000009effd00000)]
  0x000001d9c7b49be0 JavaThread "Unconstrained build operations Thread 18" [_thread_blocked, id=10108, stack(0x0000009effd00000,0x0000009effe00000)]
  0x000001d9c7b45d50 JavaThread "Unconstrained build operations Thread 19" [_thread_blocked, id=12352, stack(0x0000009effe00000,0x0000009efff00000)]
  0x000001d9c7b46220 JavaThread "Unconstrained build operations Thread 20" [_thread_blocked, id=10488, stack(0x0000009efff00000,0x0000009f00000000)]
  0x000001d9c7b44a10 JavaThread "Unconstrained build operations Thread 21" [_thread_blocked, id=8816, stack(0x0000009e80000000,0x0000009e80100000)]
  0x000001d9c7b49710 JavaThread "Unconstrained build operations Thread 22" [_thread_blocked, id=11980, stack(0x0000009e80100000,0x0000009e80200000)]
  0x000001d9c7b44070 JavaThread "Unconstrained build operations Thread 23" [_thread_blocked, id=3332, stack(0x0000009e80200000,0x0000009e80300000)]
  0x000001d9c7b47560 JavaThread "Unconstrained build operations Thread 24" [_thread_blocked, id=11916, stack(0x0000009e80300000,0x0000009e80400000)]
  0x000001d9c7b4a580 JavaThread "Unconstrained build operations Thread 25" [_thread_blocked, id=8868, stack(0x0000009e80400000,0x0000009e80500000)]
  0x000001d9c7b44ee0 JavaThread "Unconstrained build operations Thread 26" [_thread_blocked, id=2480, stack(0x0000009e80500000,0x0000009e80600000)]
  0x000001d9c7b4aa50 JavaThread "Unconstrained build operations Thread 27" [_thread_blocked, id=8480, stack(0x0000009e80600000,0x0000009e80700000)]
  0x000001d9c7b4af20 JavaThread "Unconstrained build operations Thread 28" [_thread_blocked, id=8844, stack(0x0000009e80700000,0x0000009e80800000)]
  0x000001d9c7b453b0 JavaThread "Unconstrained build operations Thread 29" [_thread_blocked, id=7456, stack(0x0000009e80800000,0x0000009e80900000)]
  0x000001d9c7b4b3f0 JavaThread "Unconstrained build operations Thread 30" [_thread_blocked, id=1672, stack(0x0000009e80900000,0x0000009e80a00000)]
  0x000001d9c7b466f0 JavaThread "Unconstrained build operations Thread 31" [_thread_blocked, id=13572, stack(0x0000009e80a00000,0x0000009e80b00000)]
  0x000001d9c7b4b8c0 JavaThread "Unconstrained build operations Thread 32" [_thread_blocked, id=13088, stack(0x0000009e80b00000,0x0000009e80c00000)]
  0x000001d9c7b45880 JavaThread "Unconstrained build operations Thread 33" [_thread_blocked, id=11196, stack(0x0000009e80c00000,0x0000009e80d00000)]
  0x000001d9c7b46bc0 JavaThread "Unconstrained build operations Thread 34" [_thread_blocked, id=7004, stack(0x0000009e80d00000,0x0000009e80e00000)]
  0x000001d9c7b47a30 JavaThread "Unconstrained build operations Thread 35" [_thread_blocked, id=5288, stack(0x0000009e80e00000,0x0000009e80f00000)]
  0x000001d9c7b47f00 JavaThread "Unconstrained build operations Thread 36" [_thread_blocked, id=8548, stack(0x0000009e80f00000,0x0000009e81000000)]
  0x000001d9c7b483d0 JavaThread "Unconstrained build operations Thread 37" [_thread_blocked, id=10772, stack(0x0000009e81000000,0x0000009e81100000)]
  0x000001d9c7b48d70 JavaThread "Unconstrained build operations Thread 38" [_thread_blocked, id=6912, stack(0x0000009e81100000,0x0000009e81200000)]
  0x000001d9c7b488a0 JavaThread "Unconstrained build operations Thread 39" [_thread_blocked, id=9464, stack(0x0000009e81200000,0x0000009e81300000)]
  0x000001d9c7b49240 JavaThread "Unconstrained build operations Thread 40" [_thread_blocked, id=10376, stack(0x0000009e81300000,0x0000009e81400000)]
  0x000001d9cae6ae50 JavaThread "build event listener" [_thread_blocked, id=3304, stack(0x0000009e81400000,0x0000009e81500000)]
  0x000001d9cae6cb30 JavaThread "Memory manager" [_thread_blocked, id=1596, stack(0x0000009e81500000,0x0000009e81600000)]

Other Threads:
=>0x000001d9c56b2330 VMThread "VM Thread" [stack: 0x0000009efc100000,0x0000009efc200000] [id=5568]
  0x000001d9c61a6250 WatcherThread [stack: 0x0000009efcd00000,0x0000009efce00000] [id=14060]
  0x000001d9aa227720 GCTaskThread "GC Thread#0" [stack: 0x0000009efbc00000,0x0000009efbd00000] [id=2164]
  0x000001d9c6a97a50 GCTaskThread "GC Thread#1" [stack: 0x0000009efce00000,0x0000009efcf00000] [id=13984]
  0x000001d9c62b3e50 GCTaskThread "GC Thread#2" [stack: 0x0000009efcf00000,0x0000009efd000000] [id=14064]
  0x000001d9c6ff1750 GCTaskThread "GC Thread#3" [stack: 0x0000009efd000000,0x0000009efd100000] [id=12888]
  0x000001d9aa238d10 ConcurrentGCThread "G1 Main Marker" [stack: 0x0000009efbd00000,0x0000009efbe00000] [id=8200]
  0x000001d9aa239630 ConcurrentGCThread "G1 Conc#0" [stack: 0x0000009efbe00000,0x0000009efbf00000] [id=4992]
  0x000001d9aa2794a0 ConcurrentGCThread "G1 Refine#0" [stack: 0x0000009efbf00000,0x0000009efc000000] [id=7204]
  0x000001d9aa279dd0 ConcurrentGCThread "G1 Service" [stack: 0x0000009efc000000,0x0000009efc100000] [id=10588]

Threads with active compile tasks:
C2 CompilerThread0    20113 6375       4       java.util.ImmutableCollections$MapN::probe (60 bytes)

VM state: at safepoint (normal execution)

VM Mutex/Monitor currently owned by a thread:  ([mutex/lock_event])
[0x000001d9aa1c90d0] Threads_lock - owner thread: 0x000001d9c56b2330
[0x000001d9aa1c8980] Heap_lock - owner thread: 0x000001d9c8501280

Heap address: 0x0000000080000000, size: 2048 MB, Compressed Oops mode: 32-bit

CDS archive(s) not mapped
Compressed class space mapped at: 0x0000000100000000-0x0000000140000000, reserved size: 1073741824
Narrow klass base: 0x0000000000000000, Narrow klass shift: 3, Narrow klass range: 0x140000000

GC Precious Log:
 CPUs: 4 total, 4 available
 Memory: 3682M
 Large Page Support: Disabled
 NUMA Support: Disabled
 Compressed Oops: Enabled (32-bit)
 Heap Region Size: 1M
 Heap Min Capacity: 8M
 Heap Initial Capacity: 58M
 Heap Max Capacity: 2G
 Pre-touch: Disabled
 Parallel Workers: 4
 Concurrent Workers: 1
 Concurrent Refinement Workers: 4
 Periodic GC: Disabled

Heap:
 garbage-first heap   total 96256K, used 57887K [0x0000000080000000, 0x0000000100000000)
  region size 1024K, 3 young (3072K), 3 survivors (3072K)
 Metaspace       used 62990K, committed 63488K, reserved 1105920K
  class space    used 8318K, committed 8576K, reserved 1048576K

Heap Regions: E=young(eden), S=young(survivor), O=old, HS=humongous(starts), HC=humongous(continues), CS=collection set, F=free, OA=open archive, CA=closed archive, TAMS=top-at-mark-start (previous, next)
|   0|0x0000000080000000, 0x0000000080100000, 0x0000000080100000|100%| O|  |TAMS 0x0000000080100000, 0x0000000080100000| Untracked 
|   1|0x0000000080100000, 0x0000000080200000, 0x0000000080200000|100%| O|  |TAMS 0x0000000080200000, 0x0000000080200000| Untracked 
|   2|0x0000000080200000, 0x0000000080300000, 0x0000000080300000|100%|HS|  |TAMS 0x0000000080300000, 0x0000000080300000| Complete 
|   3|0x0000000080300000, 0x0000000080400000, 0x0000000080400000|100%|HC|  |TAMS 0x0000000080400000, 0x0000000080400000| Complete 
|   4|0x0000000080400000, 0x0000000080500000, 0x0000000080500000|100%|HC|  |TAMS 0x0000000080500000, 0x0000000080500000| Complete 
|   5|0x0000000080500000, 0x0000000080600000, 0x0000000080600000|100%|HC|  |TAMS 0x0000000080600000, 0x0000000080600000| Complete 
|   6|0x0000000080600000, 0x0000000080700000, 0x0000000080700000|100%| O|  |TAMS 0x0000000080700000, 0x0000000080700000| Untracked 
|   7|0x0000000080700000, 0x0000000080800000, 0x0000000080800000|100%| O|  |TAMS 0x0000000080800000, 0x0000000080800000| Untracked 
|   8|0x0000000080800000, 0x0000000080900000, 0x0000000080900000|100%| O|  |TAMS 0x0000000080900000, 0x0000000080900000| Untracked 
|   9|0x0000000080900000, 0x0000000080a00000, 0x0000000080a00000|100%| O|  |TAMS 0x0000000080a00000, 0x0000000080a00000| Untracked 
|  10|0x0000000080a00000, 0x0000000080b00000, 0x0000000080b00000|100%| O|  |TAMS 0x0000000080b00000, 0x0000000080b00000| Untracked 
|  11|0x0000000080b00000, 0x0000000080c00000, 0x0000000080c00000|100%| O|  |TAMS 0x0000000080c00000, 0x0000000080c00000| Untracked 
|  12|0x0000000080c00000, 0x0000000080d00000, 0x0000000080d00000|100%| O|  |TAMS 0x0000000080d00000, 0x0000000080d00000| Untracked 
|  13|0x0000000080d00000, 0x0000000080e00000, 0x0000000080e00000|100%| O|  |TAMS 0x0000000080e00000, 0x0000000080e00000| Untracked 
|  14|0x0000000080e00000, 0x0000000080f00000, 0x0000000080f00000|100%| O|  |TAMS 0x0000000080f00000, 0x0000000080f00000| Untracked 
|  15|0x0000000080f00000, 0x0000000081000000, 0x0000000081000000|100%| O|  |TAMS 0x0000000081000000, 0x0000000081000000| Untracked 
|  16|0x0000000081000000, 0x0000000081100000, 0x0000000081100000|100%| O|  |TAMS 0x0000000081100000, 0x0000000081100000| Untracked 
|  17|0x0000000081100000, 0x0000000081200000, 0x0000000081200000|100%| O|  |TAMS 0x0000000081200000, 0x0000000081200000| Untracked 
|  18|0x0000000081200000, 0x0000000081300000, 0x0000000081300000|100%| O|  |TAMS 0x0000000081300000, 0x0000000081300000| Untracked 
|  19|0x0000000081300000, 0x0000000081400000, 0x0000000081400000|100%| O|  |TAMS 0x0000000081400000, 0x0000000081400000| Untracked 
|  20|0x0000000081400000, 0x0000000081500000, 0x0000000081500000|100%| O|  |TAMS 0x0000000081500000, 0x0000000081500000| Untracked 
|  21|0x0000000081500000, 0x0000000081600000, 0x0000000081600000|100%| O|  |TAMS 0x0000000081600000, 0x0000000081600000| Untracked 
|  22|0x0000000081600000, 0x0000000081700000, 0x0000000081700000|100%| O|  |TAMS 0x0000000081700000, 0x0000000081700000| Untracked 
|  23|0x0000000081700000, 0x0000000081700000, 0x0000000081800000|  0%| F|  |TAMS 0x0000000081700000, 0x0000000081700000| Untracked 
|  24|0x0000000081800000, 0x0000000081900000, 0x0000000081900000|100%| O|  |TAMS 0x000000008189e800, 0x0000000081900000| Untracked 
|  25|0x0000000081900000, 0x0000000081a00000, 0x0000000081a00000|100%| O|  |TAMS 0x0000000081a00000, 0x0000000081a00000| Untracked 
|  26|0x0000000081a00000, 0x0000000081b00000, 0x0000000081b00000|100%| O|  |TAMS 0x0000000081b00000, 0x0000000081b00000| Untracked 
|  27|0x0000000081b00000, 0x0000000081c00000, 0x0000000081c00000|100%| O|  |TAMS 0x0000000081c00000, 0x0000000081c00000| Untracked 
|  28|0x0000000081c00000, 0x0000000081d00000, 0x0000000081d00000|100%| O|  |TAMS 0x0000000081d00000, 0x0000000081d00000| Untracked 
|  29|0x0000000081d00000, 0x0000000081e00000, 0x0000000081e00000|100%| O|  |TAMS 0x0000000081e00000, 0x0000000081e00000| Untracked 
|  30|0x0000000081e00000, 0x0000000081f00000, 0x0000000081f00000|100%| O|  |TAMS 0x0000000081f00000, 0x0000000081f00000| Untracked 
|  31|0x0000000081f00000, 0x0000000082000000, 0x0000000082000000|100%| O|  |TAMS 0x0000000082000000, 0x0000000082000000| Untracked 
|  32|0x0000000082000000, 0x0000000082100000, 0x0000000082100000|100%| O|  |TAMS 0x0000000082100000, 0x0000000082100000| Untracked 
|  33|0x0000000082100000, 0x0000000082200000, 0x0000000082200000|100%| O|  |TAMS 0x0000000082200000, 0x0000000082200000| Untracked 
|  34|0x0000000082200000, 0x0000000082300000, 0x0000000082300000|100%| O|  |TAMS 0x0000000082300000, 0x0000000082300000| Untracked 
|  35|0x0000000082300000, 0x0000000082400000, 0x0000000082400000|100%| O|  |TAMS 0x0000000082400000, 0x0000000082400000| Untracked 
|  36|0x0000000082400000, 0x0000000082500000, 0x0000000082500000|100%| O|  |TAMS 0x0000000082500000, 0x0000000082500000| Untracked 
|  37|0x0000000082500000, 0x0000000082600000, 0x0000000082600000|100%| O|  |TAMS 0x0000000082600000, 0x0000000082600000| Untracked 
|  38|0x0000000082600000, 0x0000000082700000, 0x0000000082700000|100%|HS|  |TAMS 0x0000000082700000, 0x0000000082700000| Complete 
|  39|0x0000000082700000, 0x0000000082800000, 0x0000000082800000|100%|HS|  |TAMS 0x0000000082800000, 0x0000000082800000| Complete 
|  40|0x0000000082800000, 0x0000000082900000, 0x0000000082900000|100%|HS|  |TAMS 0x0000000082900000, 0x0000000082900000| Complete 
|  41|0x0000000082900000, 0x0000000082a00000, 0x0000000082a00000|100%|HS|  |TAMS 0x0000000082a00000, 0x0000000082a00000| Complete 
|  42|0x0000000082a00000, 0x0000000082b00000, 0x0000000082b00000|100%|HC|  |TAMS 0x0000000082b00000, 0x0000000082b00000| Complete 
|  43|0x0000000082b00000, 0x0000000082c00000, 0x0000000082c00000|100%|HC|  |TAMS 0x0000000082c00000, 0x0000000082c00000| Complete 
|  44|0x0000000082c00000, 0x0000000082d00000, 0x0000000082d00000|100%|HC|  |TAMS 0x0000000082d00000, 0x0000000082d00000| Complete 
|  45|0x0000000082d00000, 0x0000000082e00000, 0x0000000082e00000|100%| O|  |TAMS 0x0000000082e00000, 0x0000000082e00000| Untracked 
|  46|0x0000000082e00000, 0x0000000082f00000, 0x0000000082f00000|100%| O|  |TAMS 0x0000000082f00000, 0x0000000082f00000| Untracked 
|  47|0x0000000082f00000, 0x0000000083000000, 0x0000000083000000|100%| O|  |TAMS 0x0000000083000000, 0x0000000083000000| Untracked 
|  48|0x0000000083000000, 0x0000000083100000, 0x0000000083100000|100%| O|  |TAMS 0x0000000083000000, 0x0000000083100000| Untracked 
|  49|0x0000000083100000, 0x0000000083200000, 0x0000000083200000|100%| O|  |TAMS 0x0000000083200000, 0x0000000083200000| Untracked 
|  50|0x0000000083200000, 0x0000000083300000, 0x0000000083300000|100%| O|  |TAMS 0x0000000083300000, 0x0000000083300000| Untracked 
|  51|0x0000000083300000, 0x0000000083400000, 0x0000000083400000|100%| O|  |TAMS 0x0000000083400000, 0x0000000083400000| Untracked 
|  52|0x0000000083400000, 0x0000000083500000, 0x0000000083500000|100%| O|  |TAMS 0x0000000083500000, 0x0000000083500000| Untracked 
|  53|0x0000000083500000, 0x0000000083600000, 0x0000000083600000|100%| O|  |TAMS 0x0000000083500000, 0x0000000083600000| Untracked 
|  54|0x0000000083600000, 0x000000008368b400, 0x0000000083700000| 54%| O|  |TAMS 0x0000000083600000, 0x000000008368b400| Untracked 
|  55|0x0000000083700000, 0x0000000083700000, 0x0000000083800000|  0%| F|  |TAMS 0x0000000083700000, 0x0000000083700000| Untracked 
|  56|0x0000000083800000, 0x0000000083800000, 0x0000000083900000|  0%| F|  |TAMS 0x0000000083800000, 0x0000000083800000| Untracked 
|  57|0x0000000083900000, 0x0000000083900000, 0x0000000083a00000|  0%| F|  |TAMS 0x0000000083900000, 0x0000000083900000| Untracked 
|  58|0x0000000083a00000, 0x0000000083a00000, 0x0000000083b00000|  0%| F|  |TAMS 0x0000000083a00000, 0x0000000083a00000| Untracked 
|  59|0x0000000083b00000, 0x0000000083b00000, 0x0000000083c00000|  0%| F|  |TAMS 0x0000000083b00000, 0x0000000083b00000| Untracked 
|  60|0x0000000083c00000, 0x0000000083c00000, 0x0000000083d00000|  0%| F|  |TAMS 0x0000000083c00000, 0x0000000083c00000| Untracked 
|  61|0x0000000083d00000, 0x0000000083d00000, 0x0000000083e00000|  0%| F|  |TAMS 0x0000000083d00000, 0x0000000083d00000| Untracked 
|  62|0x0000000083e00000, 0x0000000083e00000, 0x0000000083f00000|  0%| F|  |TAMS 0x0000000083e00000, 0x0000000083e00000| Untracked 
|  63|0x0000000083f00000, 0x0000000083f00000, 0x0000000084000000|  0%| F|  |TAMS 0x0000000083f00000, 0x0000000083f00000| Untracked 
|  64|0x0000000084000000, 0x0000000084000000, 0x0000000084100000|  0%| F|  |TAMS 0x0000000084000000, 0x0000000084000000| Untracked 
|  65|0x0000000084100000, 0x0000000084100000, 0x0000000084200000|  0%| F|  |TAMS 0x0000000084100000, 0x0000000084100000| Untracked 
|  66|0x0000000084200000, 0x0000000084200000, 0x0000000084300000|  0%| F|  |TAMS 0x0000000084200000, 0x0000000084200000| Untracked 
|  67|0x0000000084300000, 0x0000000084300000, 0x0000000084400000|  0%| F|  |TAMS 0x0000000084300000, 0x0000000084300000| Untracked 
|  68|0x0000000084400000, 0x0000000084400000, 0x0000000084500000|  0%| F|  |TAMS 0x0000000084400000, 0x0000000084400000| Untracked 
|  69|0x0000000084500000, 0x0000000084500000, 0x0000000084600000|  0%| F|  |TAMS 0x0000000084500000, 0x0000000084500000| Untracked 
|  70|0x0000000084600000, 0x0000000084600000, 0x0000000084700000|  0%| F|  |TAMS 0x0000000084600000, 0x0000000084600000| Untracked 
|  71|0x0000000084700000, 0x00000000847fc9c0, 0x0000000084800000| 98%| S|CS|TAMS 0x0000000084700000, 0x0000000084700000| Complete 
|  72|0x0000000084800000, 0x0000000084900000, 0x0000000084900000|100%| S|CS|TAMS 0x0000000084800000, 0x0000000084800000| Complete 
|  73|0x0000000084900000, 0x0000000084a00000, 0x0000000084a00000|100%| S|CS|TAMS 0x0000000084900000, 0x0000000084900000| Complete 
|  74|0x0000000084a00000, 0x0000000084a00000, 0x0000000084b00000|  0%| F|  |TAMS 0x0000000084a00000, 0x0000000084a00000| Untracked 
|  75|0x0000000084b00000, 0x0000000084b00000, 0x0000000084c00000|  0%| F|  |TAMS 0x0000000084b00000, 0x0000000084b00000| Untracked 
|  76|0x0000000084c00000, 0x0000000084c00000, 0x0000000084d00000|  0%| F|  |TAMS 0x0000000084c00000, 0x0000000084c00000| Untracked 
|  77|0x0000000084d00000, 0x0000000084d00000, 0x0000000084e00000|  0%| F|  |TAMS 0x0000000084d00000, 0x0000000084d00000| Untracked 
|  78|0x0000000084e00000, 0x0000000084e00000, 0x0000000084f00000|  0%| F|  |TAMS 0x0000000084e00000, 0x0000000084e00000| Untracked 
|  79|0x0000000084f00000, 0x0000000084f00000, 0x0000000085000000|  0%| F|  |TAMS 0x0000000084f00000, 0x0000000084f00000| Untracked 
|  80|0x0000000085000000, 0x0000000085000000, 0x0000000085100000|  0%| F|  |TAMS 0x0000000085000000, 0x0000000085000000| Untracked 
|  81|0x0000000085100000, 0x0000000085100000, 0x0000000085200000|  0%| F|  |TAMS 0x0000000085100000, 0x0000000085100000| Untracked 
|  82|0x0000000085200000, 0x0000000085200000, 0x0000000085300000|  0%| F|  |TAMS 0x0000000085200000, 0x0000000085200000| Untracked 
|  83|0x0000000085300000, 0x0000000085300000, 0x0000000085400000|  0%| F|  |TAMS 0x0000000085300000, 0x0000000085300000| Untracked 
|  84|0x0000000085400000, 0x0000000085400000, 0x0000000085500000|  0%| F|  |TAMS 0x0000000085400000, 0x0000000085400000| Untracked 
|  85|0x0000000085500000, 0x0000000085500000, 0x0000000085600000|  0%| F|  |TAMS 0x0000000085500000, 0x0000000085500000| Untracked 
|  86|0x0000000085600000, 0x0000000085600000, 0x0000000085700000|  0%| F|  |TAMS 0x0000000085600000, 0x0000000085600000| Untracked 
|  87|0x0000000085700000, 0x0000000085700000, 0x0000000085800000|  0%| F|  |TAMS 0x0000000085700000, 0x0000000085700000| Untracked 
|  88|0x0000000085800000, 0x0000000085800000, 0x0000000085900000|  0%| F|  |TAMS 0x0000000085800000, 0x0000000085800000| Untracked 
|  89|0x0000000085900000, 0x0000000085900000, 0x0000000085a00000|  0%| F|  |TAMS 0x0000000085900000, 0x0000000085900000| Untracked 
|  90|0x0000000085a00000, 0x0000000085a00000, 0x0000000085b00000|  0%| F|  |TAMS 0x0000000085a00000, 0x0000000085a00000| Untracked 
|  91|0x0000000085b00000, 0x0000000085b00000, 0x0000000085c00000|  0%| F|  |TAMS 0x0000000085b00000, 0x0000000085b00000| Untracked 
|  92|0x0000000085c00000, 0x0000000085c00000, 0x0000000085d00000|  0%| F|  |TAMS 0x0000000085c00000, 0x0000000085c00000| Untracked 
|  93|0x0000000085d00000, 0x0000000085d00000, 0x0000000085e00000|  0%| F|  |TAMS 0x0000000085d00000, 0x0000000085d00000| Untracked 

Card table byte_map: [0x000001d9be8b0000,0x000001d9becb0000] _byte_map_base: 0x000001d9be4b0000

Marking Bits (Prev, Next): (CMBitMap*) 0x000001d9aa227c40, (CMBitMap*) 0x000001d9aa227c80
 Prev Bits: [0x000001d9bf0b0000, 0x000001d9c10b0000)
 Next Bits: [0x000001d9c10b0000, 0x000001d9c30b0000)

Polling page: 0x000001d9aa2a0000

Metaspace:

Usage:
  Non-class:     53.39 MB used.
      Class:      8.12 MB used.
       Both:     61.51 MB used.

Virtual space:
  Non-class space:       56.00 MB reserved,      53.62 MB ( 96%) committed,  7 nodes.
      Class space:        1.00 GB reserved,       8.38 MB ( <1%) committed,  1 nodes.
             Both:        1.05 GB reserved,      62.00 MB (  6%) committed. 

Chunk freelists:
   Non-Class:  1.94 MB
       Class:  3.58 MB
        Both:  5.51 MB

MaxMetaspaceSize: unlimited
CompressedClassSpaceSize: 1.00 GB
Initial GC threshold: 21.00 MB
Current GC threshold: 95.25 MB
CDS: off
MetaspaceReclaimPolicy: balanced
 - commit_granule_bytes: 65536.
 - commit_granule_words: 8192.
 - virtual_space_node_default_size: 1048576.
 - enlarge_chunks_in_place: 1.
 - new_chunks_are_fully_committed: 0.
 - uncommit_free_chunks: 1.
 - use_allocation_guard: 0.
 - handle_deallocations: 1.


Internal statistics:

num_allocs_failed_limit: 6.
num_arena_births: 598.
num_arena_deaths: 0.
num_vsnodes_births: 8.
num_vsnodes_deaths: 0.
num_space_committed: 992.
num_space_uncommitted: 0.
num_chunks_returned_to_freelist: 6.
num_chunks_taken_from_freelist: 2608.
num_chunk_merges: 6.
num_chunk_splits: 1741.
num_chunks_enlarged: 1190.
num_purges: 0.
num_inconsistent_stats: 0.

CodeHeap 'non-profiled nmethods': size=120000Kb used=2588Kb max_used=3248Kb free=117411Kb
 bounds [0x000001d9b6960000, 0x000001d9b6c90000, 0x000001d9bde90000]
CodeHeap 'profiled nmethods': size=120000Kb used=10723Kb max_used=12708Kb free=109276Kb
 bounds [0x000001d9aee90000, 0x000001d9afb00000, 0x000001d9b63c0000]
CodeHeap 'non-nmethods': size=5760Kb used=2357Kb max_used=2392Kb free=3402Kb
 bounds [0x000001d9b63c0000, 0x000001d9b6630000, 0x000001d9b6960000]
 total_blobs=6447 nmethods=5576 adapters=783
 compilation: enabled
              stopped_count=0, restarted_count=0
 full_count=0

Compilation events (20 events):
Event: 19.735 Thread 0x000001d9c5739a70 6401       2       org.gradle.internal.Try::<init> (5 bytes)
Event: 19.735 Thread 0x000001d9c5739a70 nmethod 6401 0x000001d9af051010 code [0x000001d9af0511a0, 0x000001d9af051298]
Event: 19.736 Thread 0x000001d9c5739a70 6402       2       org.gradle.internal.Try::<init> (5 bytes)
Event: 19.736 Thread 0x000001d9c5739a70 nmethod 6402 0x000001d9af054410 code [0x000001d9af0545a0, 0x000001d9af054698]
Event: 19.736 Thread 0x000001d9c5738cc0 nmethod 6389% 0x000001d9b6baed10 code [0x000001d9b6baeea0, 0x000001d9b6baf398]
Event: 19.736 Thread 0x000001d9c5738cc0 6375       4       java.util.ImmutableCollections$MapN::probe (60 bytes)
Event: 19.736 Thread 0x000001d9c5739a70 6403       2       org.gradle.api.internal.provider.AbstractMinimalProvider::asSupplier (96 bytes)
Event: 19.737 Thread 0x000001d9c5739a70 nmethod 6403 0x000001d9aef14e10 code [0x000001d9aef150c0, 0x000001d9aef15d18]
Event: 19.737 Thread 0x000001d9c5739a70 6404       2       org.gradle.internal.snapshot.impl.IsolatedArray::<init> (11 bytes)
Event: 19.737 Thread 0x000001d9c5739a70 nmethod 6404 0x000001d9af4a5c90 code [0x000001d9af4a5e20, 0x000001d9af4a5fd8]
Event: 19.737 Thread 0x000001d9c5739a70 6405       2       org.gradle.internal.snapshot.impl.AbstractArraySnapshot::<init> (10 bytes)
Event: 19.737 Thread 0x000001d9c5739a70 nmethod 6405 0x000001d9aef26090 code [0x000001d9aef26220, 0x000001d9aef26378]
Event: 19.738 Thread 0x000001d9c5739a70 6406       2       org.gradle.internal.snapshot.impl.DefaultIsolatableFactory$IsolatableVisitor::array (7 bytes)
Event: 19.738 Thread 0x000001d9c5739a70 nmethod 6406 0x000001d9af315310 code [0x000001d9af3154a0, 0x000001d9af3156b8]
Event: 19.738 Thread 0x000001d9c5739a70 6407       2       org.gradle.internal.Try::successful (9 bytes)
Event: 19.738 Thread 0x000001d9c5739a70 nmethod 6407 0x000001d9af51ee10 code [0x000001d9af51efa0, 0x000001d9af51f118]
Event: 19.738 Thread 0x000001d9c5739a70 6408   !   2       org.gradle.internal.Try::ofFailable (16 bytes)
Event: 19.739 Thread 0x000001d9c5739a70 nmethod 6408 0x000001d9af503290 code [0x000001d9af503440, 0x000001d9af503708]
Event: 19.739 Thread 0x000001d9c5739a70 6409   !   2       org.gradle.internal.snapshot.impl.DefaultIsolatableFactory::isolate (24 bytes)
Event: 19.739 Thread 0x000001d9c5739a70 nmethod 6409 0x000001d9af71fc90 code [0x000001d9af71fe40, 0x000001d9af720098]

GC Heap History (20 events):
Event: 16.873 GC heap after
{Heap after GC invocations=25 (full 0):
 garbage-first heap   total 65536K, used 38912K [0x0000000080000000, 0x0000000100000000)
  region size 1024K, 3 young (3072K), 3 survivors (3072K)
 Metaspace       used 51671K, committed 52096K, reserved 1097728K
  class space    used 6827K, committed 7040K, reserved 1048576K
}
Event: 17.389 GC heap before
{Heap before GC invocations=26 (full 0):
 garbage-first heap   total 66560K, used 44032K [0x0000000080000000, 0x0000000100000000)
  region size 1024K, 9 young (9216K), 3 survivors (3072K)
 Metaspace       used 51925K, committed 52416K, reserved 1097728K
  class space    used 6863K, committed 7104K, reserved 1048576K
}
Event: 17.392 GC heap after
{Heap after GC invocations=27 (full 0):
 garbage-first heap   total 66560K, used 39900K [0x0000000080000000, 0x0000000100000000)
  region size 1024K, 2 young (2048K), 2 survivors (2048K)
 Metaspace       used 51925K, committed 52416K, reserved 1097728K
  class space    used 6863K, committed 7104K, reserved 1048576K
}
Event: 18.095 GC heap before
{Heap before GC invocations=28 (full 0):
 garbage-first heap   total 73728K, used 59356K [0x0000000080000000, 0x0000000100000000)
  region size 1024K, 14 young (14336K), 2 survivors (2048K)
 Metaspace       used 52455K, committed 52928K, reserved 1097728K
  class space    used 6937K, committed 7168K, reserved 1048576K
}
Event: 18.098 GC heap after
{Heap after GC invocations=29 (full 0):
 garbage-first heap   total 73728K, used 53695K [0x0000000080000000, 0x0000000100000000)
  region size 1024K, 2 young (2048K), 2 survivors (2048K)
 Metaspace       used 52455K, committed 52928K, reserved 1097728K
  class space    used 6937K, committed 7168K, reserved 1048576K
}
Event: 18.119 GC heap before
{Heap before GC invocations=29 (full 0):
 garbage-first heap   total 73728K, used 53695K [0x0000000080000000, 0x0000000100000000)
  region size 1024K, 3 young (3072K), 2 survivors (2048K)
 Metaspace       used 52630K, committed 53056K, reserved 1097728K
  class space    used 6961K, committed 7168K, reserved 1048576K
}
Event: 18.121 GC heap after
{Heap after GC invocations=30 (full 0):
 garbage-first heap   total 73728K, used 53440K [0x0000000080000000, 0x0000000100000000)
  region size 1024K, 1 young (1024K), 1 survivors (1024K)
 Metaspace       used 52630K, committed 53056K, reserved 1097728K
  class space    used 6961K, committed 7168K, reserved 1048576K
}
Event: 18.242 GC heap before
{Heap before GC invocations=30 (full 0):
 garbage-first heap   total 73728K, used 58560K [0x0000000080000000, 0x0000000100000000)
  region size 1024K, 7 young (7168K), 1 survivors (1024K)
 Metaspace       used 53486K, committed 54016K, reserved 1097728K
  class space    used 7060K, committed 7296K, reserved 1048576K
}
Event: 18.244 GC heap after
{Heap after GC invocations=31 (full 0):
 garbage-first heap   total 73728K, used 53515K [0x0000000080000000, 0x0000000100000000)
  region size 1024K, 1 young (1024K), 1 survivors (1024K)
 Metaspace       used 53486K, committed 54016K, reserved 1097728K
  class space    used 7060K, committed 7296K, reserved 1048576K
}
Event: 18.347 GC heap before
{Heap before GC invocations=32 (full 0):
 garbage-first heap   total 96256K, used 59659K [0x0000000080000000, 0x0000000100000000)
  region size 1024K, 7 young (7168K), 1 survivors (1024K)
 Metaspace       used 54202K, committed 54720K, reserved 1097728K
  class space    used 7181K, committed 7424K, reserved 1048576K
}
Event: 18.348 GC heap after
{Heap after GC invocations=33 (full 0):
 garbage-first heap   total 96256K, used 53761K [0x0000000080000000, 0x0000000100000000)
  region size 1024K, 1 young (1024K), 1 survivors (1024K)
 Metaspace       used 54202K, committed 54720K, reserved 1097728K
  class space    used 7181K, committed 7424K, reserved 1048576K
}
Event: 18.399 GC heap before
{Heap before GC invocations=33 (full 0):
 garbage-first heap   total 96256K, used 56833K [0x0000000080000000, 0x0000000100000000)
  region size 1024K, 4 young (4096K), 1 survivors (1024K)
 Metaspace       used 54645K, committed 55104K, reserved 1097728K
  class space    used 7242K, committed 7488K, reserved 1048576K
}
Event: 18.401 GC heap after
{Heap after GC invocations=34 (full 0):
 garbage-first heap   total 96256K, used 53479K [0x0000000080000000, 0x0000000100000000)
  region size 1024K, 1 young (1024K), 1 survivors (1024K)
 Metaspace       used 54645K, committed 55104K, reserved 1097728K
  class space    used 7242K, committed 7488K, reserved 1048576K
}
Event: 18.785 GC heap before
{Heap before GC invocations=34 (full 0):
 garbage-first heap   total 96256K, used 71911K [0x0000000080000000, 0x0000000100000000)
  region size 1024K, 19 young (19456K), 1 survivors (1024K)
 Metaspace       used 57721K, committed 58176K, reserved 1105920K
  class space    used 7613K, committed 7808K, reserved 1048576K
}
Event: 18.787 GC heap after
{Heap after GC invocations=35 (full 0):
 garbage-first heap   total 96256K, used 54071K [0x0000000080000000, 0x0000000100000000)
  region size 1024K, 2 young (2048K), 2 survivors (2048K)
 Metaspace       used 57721K, committed 58176K, reserved 1105920K
  class space    used 7613K, committed 7808K, reserved 1048576K
}
Event: 19.362 GC heap before
{Heap before GC invocations=36 (full 0):
 garbage-first heap   total 96256K, used 73527K [0x0000000080000000, 0x0000000100000000)
  region size 1024K, 21 young (21504K), 2 survivors (2048K)
 Metaspace       used 61006K, committed 61504K, reserved 1105920K
  class space    used 8095K, committed 8320K, reserved 1048576K
}
Event: 19.365 GC heap after
{Heap after GC invocations=37 (full 0):
 garbage-first heap   total 96256K, used 55155K [0x0000000080000000, 0x0000000100000000)
  region size 1024K, 3 young (3072K), 3 survivors (3072K)
 Metaspace       used 61006K, committed 61504K, reserved 1105920K
  class space    used 8095K, committed 8320K, reserved 1048576K
}
Event: 19.384 GC heap before
{Heap before GC invocations=37 (full 0):
 garbage-first heap   total 96256K, used 56179K [0x0000000080000000, 0x0000000100000000)
  region size 1024K, 4 young (4096K), 3 survivors (3072K)
 Metaspace       used 61123K, committed 61632K, reserved 1105920K
  class space    used 8111K, committed 8320K, reserved 1048576K
}
Event: 19.388 GC heap after
{Heap after GC invocations=38 (full 0):
 garbage-first heap   total 96256K, used 55212K [0x0000000080000000, 0x0000000100000000)
  region size 1024K, 1 young (1024K), 1 survivors (1024K)
 Metaspace       used 61123K, committed 61632K, reserved 1105920K
  class space    used 8111K, committed 8320K, reserved 1048576K
}
Event: 19.740 GC heap before
{Heap before GC invocations=38 (full 0):
 garbage-first heap   total 96256K, used 80812K [0x0000000080000000, 0x0000000100000000)
  region size 1024K, 20 young (20480K), 1 survivors (1024K)
 Metaspace       used 62990K, committed 63488K, reserved 1105920K
  class space    used 8318K, committed 8576K, reserved 1048576K
}

Dll operation events (2 events):
Event: 0.144 Loaded shared library C:\Program Files\Android\Android Studio1\jbr\bin\java.dll
Event: 1.921 Loaded shared library C:\Program Files\Android\Android Studio1\jbr\bin\verify.dll

Deoptimization events (20 events):
Event: 19.648 Thread 0x000001d9c8501280 DEOPT PACKING pc=0x000001d9aeec0100 sp=0x0000009efd7f2b20
Event: 19.648 Thread 0x000001d9c8501280 DEOPT UNPACKING pc=0x000001d9b641ace3 sp=0x0000009efd7f1f90 mode 0
Event: 19.648 Thread 0x000001d9c8501280 DEOPT PACKING pc=0x000001d9aeec0100 sp=0x0000009efd7f2b20
Event: 19.649 Thread 0x000001d9c8501280 DEOPT UNPACKING pc=0x000001d9b641ace3 sp=0x0000009efd7f1f90 mode 0
Event: 19.649 Thread 0x000001d9c8501280 DEOPT PACKING pc=0x000001d9aeec0100 sp=0x0000009efd7f2b20
Event: 19.649 Thread 0x000001d9c8501280 DEOPT UNPACKING pc=0x000001d9b641ace3 sp=0x0000009efd7f1f90 mode 0
Event: 19.649 Thread 0x000001d9c8501280 DEOPT PACKING pc=0x000001d9aeec0100 sp=0x0000009efd7f2b20
Event: 19.649 Thread 0x000001d9c8501280 DEOPT UNPACKING pc=0x000001d9b641ace3 sp=0x0000009efd7f1f90 mode 0
Event: 19.649 Thread 0x000001d9c8501280 DEOPT PACKING pc=0x000001d9aeec0100 sp=0x0000009efd7f2b20
Event: 19.649 Thread 0x000001d9c8501280 DEOPT UNPACKING pc=0x000001d9b641ace3 sp=0x0000009efd7f1f90 mode 0
Event: 19.649 Thread 0x000001d9c8501280 DEOPT PACKING pc=0x000001d9aeec0100 sp=0x0000009efd7f2b20
Event: 19.649 Thread 0x000001d9c8501280 DEOPT UNPACKING pc=0x000001d9b641ace3 sp=0x0000009efd7f1f90 mode 0
Event: 19.649 Thread 0x000001d9c8501280 DEOPT PACKING pc=0x000001d9aeec0100 sp=0x0000009efd7f2b20
Event: 19.649 Thread 0x000001d9c8501280 DEOPT UNPACKING pc=0x000001d9b641ace3 sp=0x0000009efd7f1f90 mode 0
Event: 19.649 Thread 0x000001d9c8501280 DEOPT PACKING pc=0x000001d9aeec0100 sp=0x0000009efd7f2b20
Event: 19.649 Thread 0x000001d9c8501280 DEOPT UNPACKING pc=0x000001d9b641ace3 sp=0x0000009efd7f1f90 mode 0
Event: 19.650 Thread 0x000001d9c8501280 Uncommon trap: trap_request=0xffffff45 fr.pc=0x000001d9b6c11a38 relative=0x0000000000000298
Event: 19.650 Thread 0x000001d9c8501280 Uncommon trap: reason=unstable_if action=reinterpret pc=0x000001d9b6c11a38 method=java.util.LinkedHashMap.get(Ljava/lang/Object;)Ljava/lang/Object; @ 16 c2
Event: 19.650 Thread 0x000001d9c8501280 DEOPT PACKING pc=0x000001d9b6c11a38 sp=0x0000009efd7f26f0
Event: 19.650 Thread 0x000001d9c8501280 DEOPT UNPACKING pc=0x000001d9b641a1a3 sp=0x0000009efd7f26a8 mode 2

Classes unloaded (0 events):
No events

Classes redefined (0 events):
No events

Internal exceptions (20 events):
Event: 17.361 Thread 0x000001d9c660a360 Exception <a 'java/lang/NoSuchMethodError'{0x0000000083cd74c0}: static Lorg/gradle/internal/build/event/types/AbstractProjectConfigurationResult;.<clinit>()V> (0x0000000083cd74c0) 
thrown [s\src\hotspot\share\prims\jni.cpp, line 1108]
Event: 17.361 Thread 0x000001d9c660a360 Exception <a 'java/lang/NoSuchMethodError'{0x0000000083cd8c18}: static Lorg/gradle/internal/build/event/types/AbstractOperationResult;.<clinit>()V> (0x0000000083cd8c18) 
thrown [s\src\hotspot\share\prims\jni.cpp, line 1108]
Event: 17.361 Thread 0x000001d9c660a360 Exception <a 'java/lang/NoSuchMethodError'{0x0000000083cda090}: static Lorg/gradle/internal/build/event/types/AbstractResult;.<clinit>()V> (0x0000000083cda090) 
thrown [s\src\hotspot\share\prims\jni.cpp, line 1108]
Event: 17.362 Thread 0x000001d9c660a360 Exception <a 'java/lang/NoSuchMethodError'{0x0000000083cf1e60}: static Lorg/gradle/internal/build/event/types/DefaultPluginApplicationResult;.<clinit>()V> (0x0000000083cf1e60) 
thrown [s\src\hotspot\share\prims\jni.cpp, line 1108]
Event: 17.363 Thread 0x000001d9c660a360 Exception <a 'java/lang/NoSuchMethodError'{0x0000000083cfe218}: static Lorg/gradle/internal/build/event/types/DefaultBinaryPluginIdentifier;.<clinit>()V> (0x0000000083cfe218) 
thrown [s\src\hotspot\share\prims\jni.cpp, line 1108]
Event: 17.365 Thread 0x000001d9c660a360 Exception <a 'java/lang/NoSuchMethodError'{0x0000000083b45a18}: static Lorg/gradle/internal/build/event/types/DefaultScriptPluginIdentifier;.<clinit>()V> (0x0000000083b45a18) 
thrown [s\src\hotspot\share\prims\jni.cpp, line 1108]
Event: 17.382 Thread 0x000001d9c8501280 Exception <a 'java/lang/ClassNotFoundException'{0x0000000083b95de8}: build_8at71id0tjo4skof8f10exaudBeanInfo> (0x0000000083b95de8) 
thrown [s\src\hotspot\share\classfile\systemDictionary.cpp, line 256]
Event: 17.382 Thread 0x000001d9c8501280 Exception <a 'java/lang/ClassNotFoundException'{0x0000000083b9c668}: build_8at71id0tjo4skof8f10exaudCustomizer> (0x0000000083b9c668) 
thrown [s\src\hotspot\share\classfile\systemDictionary.cpp, line 256]
Event: 18.030 Thread 0x000001d9c8501280 Exception <a 'java/lang/ClassNotFoundException'{0x0000000083e512e0}: org/gradle/api/internal/plugins/DefaultObjectConfigurationActionBeanInfo> (0x0000000083e512e0) 
thrown [s\src\hotspot\share\classfile\systemDictionary.cpp, line 256]
Event: 18.031 Thread 0x000001d9c8501280 Exception <a 'java/lang/ClassNotFoundException'{0x0000000083e63638}: org/gradle/api/internal/plugins/DefaultObjectConfigurationActionCustomizer> (0x0000000083e63638) 
thrown [s\src\hotspot\share\classfile\systemDictionary.cpp, line 256]
Event: 18.266 Thread 0x000001d9c8501280 Exception <a 'java/lang/NoSuchMethodError'{0x000000008462c0e0}: 'java.lang.Object java.lang.invoke.DirectMethodHandle$Holder.newInvokeSpecial(java.lang.Object, java.lang.Object, java.lang.Object, java.lang.Object, int)'> (0x000000008462c0e0) 
thrown [s\src\hotspot\share\interpreter\linkResolver.cpp, line 771]
Event: 18.267 Thread 0x000001d9c8501280 Exception <a 'java/lang/NoSuchMethodError'{0x0000000084631280}: 'java.lang.Object java.lang.invoke.DirectMethodHandle$Holder.invokeSpecial(java.lang.Object, java.lang.Object, java.lang.Object, java.lang.Object, java.lang.Object, int)'> (0x0000000084631280) 
thrown [s\src\hotspot\share\interpreter\linkResolver.cpp, line 771]
Event: 18.267 Thread 0x000001d9c8501280 Exception <a 'java/lang/NoSuchMethodError'{0x0000000084635d58}: 'java.lang.Object java.lang.invoke.Invokers$Holder.linkToTargetMethod(java.lang.Object, java.lang.Object, java.lang.Object, int, java.lang.Object)'> (0x0000000084635d58) 
thrown [s\src\hotspot\share\interpreter\linkResolver.cpp, line 771]
Event: 18.511 Thread 0x000001d9c8501280 Exception <a 'java/lang/NoSuchMethodError'{0x0000000085625160}: 'int java.lang.invoke.DirectMethodHandle$Holder.invokeInterface(java.lang.Object, java.lang.Object, java.lang.Object, java.lang.Object)'> (0x0000000085625160) 
thrown [s\src\hotspot\share\interpreter\linkResolver.cpp, line 771]
Event: 19.058 Thread 0x000001d9c66915a0 Implicit null exception at 0x000001d9b6998872 to 0x000001d9b6998eb4
Event: 19.058 Thread 0x000001d9c66915a0 Implicit null exception at 0x000001d9b69b17f2 to 0x000001d9b69b1e4c
Event: 19.163 Thread 0x000001d9c8501280 Exception <a 'java/lang/IncompatibleClassChangeError'{0x000000008519fbd8}: Found class java.lang.Object, but interface was expected> (0x000000008519fbd8) 
thrown [s\src\hotspot\share\interpreter\linkResolver.cpp, line 838]
Event: 19.268 Thread 0x000001d9c8501280 Implicit null exception at 0x000001d9b6c175d9 to 0x000001d9b6c17770
Event: 19.268 Thread 0x000001d9c8501280 Implicit null exception at 0x000001d9b6bdad0d to 0x000001d9b6bdb478
Event: 19.520 Thread 0x000001d9c8501280 Implicit null exception at 0x000001d9b6b0218c to 0x000001d9b6b022be

VM Operations (20 events):
Event: 18.831 Executing VM operation: G1Concurrent done
Event: 18.854 Executing VM operation: G1Concurrent
Event: 18.854 Executing VM operation: G1Concurrent done
Event: 19.063 Executing VM operation: HandshakeAllThreads
Event: 19.066 Executing VM operation: HandshakeAllThreads done
Event: 19.362 Executing VM operation: G1CollectForAllocation
Event: 19.365 Executing VM operation: G1CollectForAllocation done
Event: 19.384 Executing VM operation: G1CollectForAllocation
Event: 19.388 Executing VM operation: G1CollectForAllocation done
Event: 19.419 Executing VM operation: HandshakeAllThreads
Event: 19.419 Executing VM operation: HandshakeAllThreads done
Event: 19.434 Executing VM operation: HandshakeAllThreads
Event: 19.434 Executing VM operation: HandshakeAllThreads done
Event: 19.468 Executing VM operation: HandshakeAllThreads
Event: 19.468 Executing VM operation: HandshakeAllThreads done
Event: 19.535 Executing VM operation: HandshakeAllThreads
Event: 19.535 Executing VM operation: HandshakeAllThreads done
Event: 19.607 Executing VM operation: HandshakeAllThreads
Event: 19.607 Executing VM operation: HandshakeAllThreads done
Event: 19.740 Executing VM operation: G1CollectForAllocation

Events (20 events):
Event: 19.614 Thread 0x000001d9c6025a80 flushing nmethod 0x000001d9af8ac610
Event: 19.614 Thread 0x000001d9c6025a80 flushing nmethod 0x000001d9af8e2110
Event: 19.614 Thread 0x000001d9c6025a80 flushing nmethod 0x000001d9af8e7210
Event: 19.614 Thread 0x000001d9c6025a80 flushing nmethod 0x000001d9af8e8990
Event: 19.614 Thread 0x000001d9c6025a80 flushing nmethod 0x000001d9af8f3490
Event: 19.614 Thread 0x000001d9c6025a80 flushing nmethod 0x000001d9af9b3d90
Event: 19.614 Thread 0x000001d9c6025a80 flushing nmethod 0x000001d9af9b8990
Event: 19.614 Thread 0x000001d9c6025a80 flushing nmethod 0x000001d9af9caf10
Event: 19.614 Thread 0x000001d9c6025a80 flushing nmethod 0x000001d9af9fd690
Event: 19.614 Thread 0x000001d9c6025a80 flushing nmethod 0x000001d9af9ffe10
Event: 19.616 loading class java/util/Base64
Event: 19.617 loading class java/util/Base64 done
Event: 19.617 loading class java/util/Base64$Decoder
Event: 19.618 loading class java/util/Base64$Decoder done
Event: 19.618 loading class java/util/Base64$Encoder
Event: 19.618 loading class java/util/Base64$Encoder done
Event: 19.620 loading class java/util/jar/JarVerifier$VerifierStream
Event: 19.621 loading class java/util/jar/JarVerifier$VerifierStream done
Event: 19.621 loading class sun/security/util/ManifestEntryVerifier$SunProviderHolder
Event: 19.622 loading class sun/security/util/ManifestEntryVerifier$SunProviderHolder done


Dynamic libraries:
0x00007ff606c00000 - 0x00007ff606c0a000 	C:\Program Files\Android\Android Studio1\jbr\bin\java.exe
0x00007ffc0d370000 - 0x00007ffc0d568000 	C:\WINDOWS\SYSTEM32\ntdll.dll
0x00007ffc0d1f0000 - 0x00007ffc0d2ad000 	C:\WINDOWS\System32\KERNEL32.DLL
0x00007ffc0af70000 - 0x00007ffc0b266000 	C:\WINDOWS\System32\KERNELBASE.dll
0x00007ffc0ac00000 - 0x00007ffc0ad00000 	C:\WINDOWS\System32\ucrtbase.dll
0x00007ffc03ff0000 - 0x00007ffc04007000 	C:\Program Files\Android\Android Studio1\jbr\bin\jli.dll
0x00007ffc09210000 - 0x00007ffc0922b000 	C:\Program Files\Android\Android Studio1\jbr\bin\VCRUNTIME140.dll
0x00007ffc0d040000 - 0x00007ffc0d1de000 	C:\WINDOWS\System32\USER32.dll
0x00007ffc0aa50000 - 0x00007ffc0aa72000 	C:\WINDOWS\System32\win32u.dll
0x00007ffc0cb00000 - 0x00007ffc0cb2c000 	C:\WINDOWS\System32\GDI32.dll
0x00007ffc0ae50000 - 0x00007ffc0af6a000 	C:\WINDOWS\System32\gdi32full.dll
0x00007ffc0ab60000 - 0x00007ffc0abfd000 	C:\WINDOWS\System32\msvcp_win.dll
0x00007ffbfd350000 - 0x00007ffbfd5ea000 	C:\WINDOWS\WinSxS\amd64_microsoft.windows.common-controls_6595b64144ccf1df_6.0.19041.3636_none_60b6a03d71f818d5\COMCTL32.dll
0x00007ffc0ce70000 - 0x00007ffc0cf0e000 	C:\WINDOWS\System32\msvcrt.dll
0x00007ffc0cd00000 - 0x00007ffc0cd30000 	C:\WINDOWS\System32\IMM32.DLL
0x00007ffc09280000 - 0x00007ffc0928c000 	C:\Program Files\Android\Android Studio1\jbr\bin\vcruntime140_1.dll
0x00007ffbf9300000 - 0x00007ffbf938d000 	C:\Program Files\Android\Android Studio1\jbr\bin\msvcp140.dll
0x00007ffbd1ee0000 - 0x00007ffbd2b4d000 	C:\Program Files\Android\Android Studio1\jbr\bin\server\jvm.dll
0x00007ffc0cdc0000 - 0x00007ffc0ce6f000 	C:\WINDOWS\System32\ADVAPI32.dll
0x00007ffc0b3d0000 - 0x00007ffc0b46c000 	C:\WINDOWS\System32\sechost.dll
0x00007ffc0b830000 - 0x00007ffc0b956000 	C:\WINDOWS\System32\RPCRT4.dll
0x00007ffc09190000 - 0x00007ffc0919a000 	C:\WINDOWS\SYSTEM32\VERSION.dll
0x00007ffbfab70000 - 0x00007ffbfab79000 	C:\WINDOWS\SYSTEM32\WSOCK32.dll
0x00007ffbf8f80000 - 0x00007ffbf8fa7000 	C:\WINDOWS\SYSTEM32\WINMM.dll
0x00007ffc0ca90000 - 0x00007ffc0cafb000 	C:\WINDOWS\System32\ws2_32.DLL
0x00007ffc092f0000 - 0x00007ffc09302000 	C:\WINDOWS\SYSTEM32\kernel.appcore.dll
0x00007ffbfd300000 - 0x00007ffbfd30a000 	C:\Program Files\Android\Android Studio1\jbr\bin\jimage.dll
0x00007ffc03bd0000 - 0x00007ffc03db4000 	C:\WINDOWS\SYSTEM32\DBGHELP.DLL
0x00007ffc036e0000 - 0x00007ffc03714000 	C:\WINDOWS\SYSTEM32\dbgcore.DLL
0x00007ffc0aa80000 - 0x00007ffc0ab02000 	C:\WINDOWS\System32\bcryptPrimitives.dll
0x00007ffbd2d50000 - 0x00007ffbd2d75000 	C:\Program Files\Android\Android Studio1\jbr\bin\java.dll
0x00007ffbd2d30000 - 0x00007ffbd2d48000 	C:\Program Files\Android\Android Studio1\jbr\bin\zip.dll
0x00007ffc0be80000 - 0x00007ffc0c5c5000 	C:\WINDOWS\System32\SHELL32.dll
0x00007ffc089f0000 - 0x00007ffc0918b000 	C:\WINDOWS\SYSTEM32\windows.storage.dll
0x00007ffc0b4d0000 - 0x00007ffc0b824000 	C:\WINDOWS\System32\combase.dll
0x00007ffc0a3c0000 - 0x00007ffc0a3ed000 	C:\WINDOWS\SYSTEM32\Wldp.dll
0x00007ffc0bdd0000 - 0x00007ffc0be7d000 	C:\WINDOWS\System32\SHCORE.dll
0x00007ffc0cfe0000 - 0x00007ffc0d035000 	C:\WINDOWS\System32\shlwapi.dll
0x00007ffc0a980000 - 0x00007ffc0a9a5000 	C:\WINDOWS\SYSTEM32\profapi.dll
0x00007ffbd1a80000 - 0x00007ffbd1a99000 	C:\Program Files\Android\Android Studio1\jbr\bin\net.dll
0x00007ffc05d90000 - 0x00007ffc05e9a000 	C:\WINDOWS\SYSTEM32\WINHTTP.dll
0x00007ffc0a120000 - 0x00007ffc0a18a000 	C:\WINDOWS\system32\mswsock.dll
0x00007ffbd1a60000 - 0x00007ffbd1a76000 	C:\Program Files\Android\Android Studio1\jbr\bin\nio.dll
0x00007ffbfbbf0000 - 0x00007ffbfbc00000 	C:\Program Files\Android\Android Studio1\jbr\bin\verify.dll
0x00007ffc05440000 - 0x00007ffc05467000 	C:\Users\oals6\.gradle\native\68d5fa5c4cc2d200863cafc0d521ce42e7d3e7ee720ec0a83991735586a16f82\windows-amd64\native-platform.dll
0x00007ffbf91b0000 - 0x00007ffbf92f4000 	C:\Users\oals6\.gradle\native\e376f236ea51e6404a007f0833ffe2c6e607c4080706a723a18a27aeea778392\windows-amd64\native-platform-file-events.dll
0x00007ffbfc960000 - 0x00007ffbfc969000 	C:\Program Files\Android\Android Studio1\jbr\bin\management.dll
0x00007ffbfc3a0000 - 0x00007ffbfc3ab000 	C:\Program Files\Android\Android Studio1\jbr\bin\management_ext.dll
0x00007ffc0d1e0000 - 0x00007ffc0d1e8000 	C:\WINDOWS\System32\PSAPI.DLL
0x00007ffc0a310000 - 0x00007ffc0a328000 	C:\WINDOWS\SYSTEM32\CRYPTSP.dll
0x00007ffc09a50000 - 0x00007ffc09a84000 	C:\WINDOWS\system32\rsaenh.dll
0x00007ffc0ad00000 - 0x00007ffc0ad27000 	C:\WINDOWS\System32\bcrypt.dll
0x00007ffc0a940000 - 0x00007ffc0a96e000 	C:\WINDOWS\SYSTEM32\USERENV.dll
0x00007ffc0a330000 - 0x00007ffc0a33c000 	C:\WINDOWS\SYSTEM32\CRYPTBASE.dll
0x00007ffc09e10000 - 0x00007ffc09e4b000 	C:\WINDOWS\SYSTEM32\IPHLPAPI.DLL
0x00007ffc0c760000 - 0x00007ffc0c768000 	C:\WINDOWS\System32\NSI.dll
0x00007ffc03930000 - 0x00007ffc03947000 	C:\WINDOWS\SYSTEM32\dhcpcsvc6.DLL
0x00007ffc039c0000 - 0x00007ffc039dd000 	C:\WINDOWS\SYSTEM32\dhcpcsvc.DLL
0x00007ffc09e50000 - 0x00007ffc09f1a000 	C:\WINDOWS\SYSTEM32\DNSAPI.dll
0x00007ffbfbba0000 - 0x00007ffbfbba7000 	C:\WINDOWS\system32\wshunix.dll

dbghelp: loaded successfully - version: 4.0.5 - missing functions: none
symbol engine: initialized successfully - sym options: 0x614 - pdb path: .;C:\Program Files\Android\Android Studio1\jbr\bin;C:\WINDOWS\SYSTEM32;C:\WINDOWS\WinSxS\amd64_microsoft.windows.common-controls_6595b64144ccf1df_6.0.19041.3636_none_60b6a03d71f818d5;C:\Program Files\Android\Android Studio1\jbr\bin\server;C:\Users\oals6\.gradle\native\68d5fa5c4cc2d200863cafc0d521ce42e7d3e7ee720ec0a83991735586a16f82\windows-amd64;C:\Users\oals6\.gradle\native\e376f236ea51e6404a007f0833ffe2c6e607c4080706a723a18a27aeea778392\windows-amd64

VM Arguments:
jvm_args: --add-opens=java.base/java.util=ALL-UNNAMED --add-opens=java.base/java.lang=ALL-UNNAMED --add-opens=java.base/java.lang.invoke=ALL-UNNAMED --add-opens=java.prefs/java.util.prefs=ALL-UNNAMED --add-opens=java.base/java.nio.charset=ALL-UNNAMED --add-opens=java.base/java.net=ALL-UNNAMED --add-opens=java.base/java.util.concurrent.atomic=ALL-UNNAMED -Xmx2048m -Dfile.encoding=UTF-8 -Duser.country=KR -Duser.language=ko -Duser.variant 
java_command: org.gradle.launcher.daemon.bootstrap.GradleDaemon 8.0
java_class_path (initial): C:\Users\oals6\.gradle\wrapper\dists\gradle-8.0-bin\ca5e32bp14vu59qr306oxotwh\gradle-8.0\lib\gradle-launcher-8.0.jar
Launcher Type: SUN_STANDARD

[Global flags]
     intx CICompilerCount                          = 3                                         {product} {ergonomic}
     uint ConcGCThreads                            = 1                                         {product} {ergonomic}
     uint G1ConcRefinementThreads                  = 4                                         {product} {ergonomic}
   size_t G1HeapRegionSize                         = 1048576                                   {product} {ergonomic}
    uintx GCDrainStackTargetSize                   = 64                                        {product} {ergonomic}
   size_t InitialHeapSize                          = 60817408                                  {product} {ergonomic}
   size_t MarkStackSize                            = 4194304                                   {product} {ergonomic}
   size_t MaxHeapSize                              = 2147483648                                {product} {command line}
   size_t MaxNewSize                               = 1287651328                                {product} {ergonomic}
   size_t MinHeapDeltaBytes                        = 1048576                                   {product} {ergonomic}
   size_t MinHeapSize                              = 8388608                                   {product} {ergonomic}
    uintx NonNMethodCodeHeapSize                   = 5832780                                {pd product} {ergonomic}
    uintx NonProfiledCodeHeapSize                  = 122912730                              {pd product} {ergonomic}
    uintx ProfiledCodeHeapSize                     = 122912730                              {pd product} {ergonomic}
    uintx ReservedCodeCacheSize                    = 251658240                              {pd product} {ergonomic}
     bool SegmentedCodeCache                       = true                                      {product} {ergonomic}
   size_t SoftMaxHeapSize                          = 2147483648                             {manageable} {ergonomic}
     bool UseCompressedClassPointers               = true                           {product lp64_product} {ergonomic}
     bool UseCompressedOops                        = true                           {product lp64_product} {ergonomic}
     bool UseG1GC                                  = true                                      {product} {ergonomic}
     bool UseLargePagesIndividualAllocation        = false                                  {pd product} {ergonomic}

Logging:
Log output configuration:
 #0: stdout all=warning uptime,level,tags
 #1: stderr all=off uptime,level,tags

Environment Variables:
PATH=C:\oraclexe\app\oracle\product\11.2.0\server\bin;;C:\Program Files\Common Files\Oracle\Java\javapath;C:\WINDOWS\system32;C:\WINDOWS;C:\WINDOWS\System32\Wbem;C:\WINDOWS\System32\WindowsPowerShell\v1.0\;C:\WINDOWS\System32\OpenSSH\;C:\Program Files\Git\cmd;C:\Users\oals6\AppData\Local\Microsoft\WindowsApps;
USERNAME=oals6
OS=Windows_NT
PROCESSOR_IDENTIFIER=Intel64 Family 6 Model 126 Stepping 5, GenuineIntel
TMP=C:\Users\oals6\AppData\Local\Temp
TEMP=C:\Users\oals6\AppData\Local\Temp



---------------  S Y S T E M  ---------------

OS:
 Windows 10 , 64 bit Build 19041 (10.0.19041.3636)
OS uptime: 4 days 20:18 hours

CPU: total 4 (initial active 4) (4 cores per cpu, 2 threads per core) family 6 model 126 stepping 5 microcode 0xb0, cx8, cmov, fxsr, ht, mmx, 3dnowpref, sse, sse2, sse3, ssse3, sse4.1, sse4.2, popcnt, lzcnt, tsc, tscinvbit, avx, avx2, aes, erms, clmul, bmi1, bmi2, adx, avx512f, avx512dq, avx512cd, avx512bw, avx512vl, sha, fma, vzeroupper, avx512_vpopcntdq, avx512_vpclmulqdq, avx512_vaes, avx512_vnni, clflush, clflushopt, avx512_vbmi2, avx512_vbmi

Memory: 4k page, system-wide physical 3682M (275M free)
TotalPageFile size 11053M (AvailPageFile size 81M)
current process WorkingSet (physical memory assigned to process): 193M, peak: 236M
current process commit charge ("private bytes"): 301M, peak: 382M

vm_info: OpenJDK 64-Bit Server VM (17.0.6+0-b2043.56-9586694) for windows-amd64 JRE (17.0.6+0-b2043.56-9586694), built on Feb  9 2023 20:06:20 by "androidbuild" with MS VC++ 16.10 / 16.11 (VS2019)

END.
