#
# There is insufficient memory for the Java Runtime Environment to continue.
# Native memory allocation (mmap) failed to map 698351616 bytes for G1 virtual space
# Possible reasons:
#   The system is out of physical RAM or swap space
#   The process is running with CompressedOops enabled, and the Java Heap may be blocking the growth of the native heap
# Possible solutions:
#   Reduce memory load on the system
#   Increase physical memory or swap space
#   Check if swap backing store is full
#   Decrease Java heap size (-Xmx/-Xms)
#   Decrease number of Java threads
#   Decrease Java thread stack sizes (-Xss)
#   Set larger code cache with -XX:ReservedCodeCacheSize=
#   JVM is running with Unscaled Compressed Oops mode in which the Java heap is
#     placed in the first 4GB address space. The Java Heap base address is the
#     maximum limit for the native heap growth. Please use -XX:HeapBaseMinAddress
#     to set the Java Heap base and to place the Java Heap above 4GB virtual address.
# This output file may be truncated or incomplete.
#
#  Out of Memory Error (os_windows.cpp:3769), pid=7772, tid=5640
#
# JRE version: OpenJDK Runtime Environment (17.0.6) (build 17.0.6+0-b2043.56-9586694)
# Java VM: OpenJDK 64-Bit Server VM (17.0.6+0-b2043.56-9586694, mixed mode, tiered, compressed oops, compressed class ptrs, g1 gc, windows-amd64)
# No core dump will be written. Minidumps are not enabled by default on client versions of Windows
#

---------------  S U M M A R Y ------------

Command Line: --add-opens=java.base/java.util=ALL-UNNAMED --add-opens=java.base/java.lang=ALL-UNNAMED --add-opens=java.base/java.lang.invoke=ALL-UNNAMED --add-opens=java.prefs/java.util.prefs=ALL-UNNAMED --add-opens=java.base/java.nio.charset=ALL-UNNAMED --add-opens=java.base/java.net=ALL-UNNAMED --add-opens=java.base/java.util.concurrent.atomic=ALL-UNNAMED -Xmx2048m -Dfile.encoding=UTF-8 -Duser.country=KR -Duser.language=ko -Duser.variant org.gradle.launcher.daemon.bootstrap.GradleDaemon 8.0

Host: Intel(R) Core(TM) i5-1035G1 CPU @ 1.00GHz, 4 cores, 3G,  Windows 10 , 64 bit Build 19041 (10.0.19041.3636)
Time: Thu Dec 21 13:32:17 2023  Windows 10 , 64 bit Build 19041 (10.0.19041.3636) elapsed time: 786.201722 seconds (0d 0h 13m 6s)

---------------  T H R E A D  ---------------

Current thread (0x000001f5f711e560):  VMThread "VM Thread" [stack: 0x0000004b44300000,0x0000004b44400000] [id=5640]

Stack: [0x0000004b44300000,0x0000004b44400000]
Native frames: (J=compiled Java code, j=interpreted, Vv=VM code, C=native code)
V  [jvm.dll+0x683b4a]
V  [jvm.dll+0x842654]
V  [jvm.dll+0x843dfe]
V  [jvm.dll+0x844463]
V  [jvm.dll+0x249b75]
V  [jvm.dll+0x680a19]
V  [jvm.dll+0x674f0a]
V  [jvm.dll+0x309acb]
V  [jvm.dll+0x310f86]
V  [jvm.dll+0x3608ee]
V  [jvm.dll+0x360b1f]
V  [jvm.dll+0x2dfbf8]
V  [jvm.dll+0x2ddec4]
V  [jvm.dll+0x2dd4cc]
V  [jvm.dll+0x321f3b]
V  [jvm.dll+0x84893b]
V  [jvm.dll+0x849674]
V  [jvm.dll+0x849b8d]
V  [jvm.dll+0x849f64]
V  [jvm.dll+0x84a030]
V  [jvm.dll+0x7f25fa]
V  [jvm.dll+0x682985]
C  [ucrtbase.dll+0x21bb2]
C  [KERNEL32.DLL+0x17344]
C  [ntdll.dll+0x526b1]

VM_Operation (0x0000004b495f97a0): G1CollectForAllocation, mode: safepoint, requested by thread 0x000001f59648a020


---------------  P R O C E S S  ---------------

Threads class SMR info:
_java_thread_list=0x000001f598b4acf0, length=91, elements={
0x000001f5f7047450, 0x000001f5ff5d3a30, 0x000001f5ff5e9be0, 0x000001f5ff6481e0,
0x000001f5ff632000, 0x000001f5ff648f90, 0x000001f5918b4bc0, 0x000001f5918b5f50,
0x000001f5918bd850, 0x000001f5918c90d0, 0x000001f591a4d4d0, 0x000001f591a60c90,
0x000001f592b78900, 0x000001f592d78180, 0x000001f59245aec0, 0x000001f594251290,
0x000001f59424f0e0, 0x000001f5942508f0, 0x000001f59424d8d0, 0x000001f59424f5b0,
0x000001f59424fa80, 0x000001f59424e740, 0x000001f595e033a0, 0x000001f595e07bd0,
0x000001f595e098b0, 0x000001f595e02530, 0x000001f5986ab5c0, 0x000001f595e06d60,
0x000001f595e093e0, 0x000001f5986a9db0, 0x000001f5986abf60, 0x000001f5986aa280,
0x000001f596491870, 0x000001f596495d20, 0x000001f596497530, 0x000001f596495380,
0x000001f5964966c0, 0x000001f59b1bfc10, 0x000001f59b1be400, 0x000001f59b1beda0,
0x000001f59b1bf740, 0x000001f59b1bf270, 0x000001f59e6e48a0, 0x000001f59e6e4d70,
0x000001f59e6e5240, 0x000001f59e6e3f00, 0x000001f59e6e43d0, 0x000001f59e6e26f0,
0x000001f59e6e3560, 0x000001f59648d040, 0x000001f596494040, 0x000001f59e6e2bc0,
0x000001f59e6e1880, 0x000001f59e6e1d50, 0x000001f59e6e3a30, 0x000001f59e6e3090,
0x000001f59e6e2220, 0x000001f594f4cc40, 0x000001f594f4e920, 0x000001f594f4edf0,
0x000001f594f4b430, 0x000001f5964961f0, 0x000001f5964949e0, 0x000001f596497060,
0x000001f596497a00, 0x000001f596494510, 0x000001f596494eb0, 0x000001f596495850,
0x000001f5960824f0, 0x000001f5960829c0, 0x000001f594f4c770, 0x000001f594f4b900,
0x000001f594f4d110, 0x000001f594f4d5e0, 0x000001f594f4df80, 0x000001f594f4bdd0,
0x000001f594f4dab0, 0x000001f594f4c2a0, 0x000001f594f4e450, 0x000001f591e67940,
0x000001f591e652c0, 0x000001f591e66600, 0x000001f591e67470, 0x000001f591e65790,
0x000001f591e64920, 0x000001f596083830, 0x000001f59648a020, 0x000001f596082e90,
0x000001f591e65c60, 0x000001f591e64df0, 0x000001f59648cb70
}

Java Threads: ( => current thread )
  0x000001f5f7047450 JavaThread "main" [_thread_blocked, id=10872, stack(0x0000004b43d00000,0x0000004b43e00000)]
  0x000001f5ff5d3a30 JavaThread "Reference Handler" daemon [_thread_blocked, id=10940, stack(0x0000004b44400000,0x0000004b44500000)]
  0x000001f5ff5e9be0 JavaThread "Finalizer" daemon [_thread_blocked, id=8808, stack(0x0000004b44500000,0x0000004b44600000)]
  0x000001f5ff6481e0 JavaThread "Signal Dispatcher" daemon [_thread_blocked, id=1248, stack(0x0000004b44600000,0x0000004b44700000)]
  0x000001f5ff632000 JavaThread "Attach Listener" daemon [_thread_blocked, id=9220, stack(0x0000004b44700000,0x0000004b44800000)]
  0x000001f5ff648f90 JavaThread "Service Thread" daemon [_thread_blocked, id=2528, stack(0x0000004b44800000,0x0000004b44900000)]
  0x000001f5918b4bc0 JavaThread "Monitor Deflation Thread" daemon [_thread_blocked, id=10980, stack(0x0000004b44900000,0x0000004b44a00000)]
  0x000001f5918b5f50 JavaThread "C2 CompilerThread0" daemon [_thread_blocked, id=5232, stack(0x0000004b44a00000,0x0000004b44b00000)]
  0x000001f5918bd850 JavaThread "C1 CompilerThread0" daemon [_thread_blocked, id=8476, stack(0x0000004b44b00000,0x0000004b44c00000)]
  0x000001f5918c90d0 JavaThread "Sweeper thread" daemon [_thread_blocked, id=3732, stack(0x0000004b44c00000,0x0000004b44d00000)]
  0x000001f591a4d4d0 JavaThread "Common-Cleaner" daemon [_thread_blocked, id=3532, stack(0x0000004b44d00000,0x0000004b44e00000)]
  0x000001f591a60c90 JavaThread "Notification Thread" daemon [_thread_blocked, id=6748, stack(0x0000004b44e00000,0x0000004b44f00000)]
  0x000001f592b78900 JavaThread "Daemon health stats" [_thread_blocked, id=12132, stack(0x0000004b45300000,0x0000004b45400000)]
  0x000001f592d78180 JavaThread "Incoming local TCP Connector on port 60358" [_thread_in_native, id=9680, stack(0x0000004b45400000,0x0000004b45500000)]
  0x000001f59245aec0 JavaThread "Daemon periodic checks" [_thread_blocked, id=9604, stack(0x0000004b45500000,0x0000004b45600000)]
  0x000001f594251290 JavaThread "Cache worker for journal cache (C:\Users\oals6\.gradle\caches\journal-1)" [_thread_blocked, id=11080, stack(0x0000004b45d00000,0x0000004b45e00000)]
  0x000001f59424f0e0 JavaThread "File lock request listener" [_thread_in_native, id=11116, stack(0x0000004b45e00000,0x0000004b45f00000)]
  0x000001f5942508f0 JavaThread "Cache worker for file hash cache (C:\Users\oals6\.gradle\caches\8.0\fileHashes)" [_thread_blocked, id=1708, stack(0x0000004b45f00000,0x0000004b46000000)]
  0x000001f59424d8d0 JavaThread "File watcher server" daemon [_thread_blocked, id=7476, stack(0x0000004b46000000,0x0000004b46100000)]
  0x000001f59424f5b0 JavaThread "File watcher consumer" daemon [_thread_blocked, id=4956, stack(0x0000004b46100000,0x0000004b46200000)]
  0x000001f59424fa80 JavaThread "Cache worker for file content cache (C:\Users\oals6\.gradle\caches\8.0\fileContent)" [_thread_blocked, id=11028, stack(0x0000004b46400000,0x0000004b46500000)]
  0x000001f59424e740 JavaThread "Cache worker for execution history cache (C:\Users\oals6\.gradle\caches\8.0\executionHistory)" [_thread_blocked, id=7236, stack(0x0000004b46700000,0x0000004b46800000)]
  0x000001f595e033a0 JavaThread "jar transforms" [_thread_blocked, id=10192, stack(0x0000004b46800000,0x0000004b46900000)]
  0x000001f595e07bd0 JavaThread "jar transforms Thread 2" [_thread_blocked, id=10988, stack(0x0000004b46900000,0x0000004b46a00000)]
  0x000001f595e098b0 JavaThread "jar transforms Thread 3" [_thread_blocked, id=10788, stack(0x0000004b46a00000,0x0000004b46b00000)]
  0x000001f595e02530 JavaThread "jar transforms Thread 4" [_thread_blocked, id=11612, stack(0x0000004b46b00000,0x0000004b46c00000)]
  0x000001f5986ab5c0 JavaThread "Memory manager" [_thread_blocked, id=9684, stack(0x0000004b49700000,0x0000004b49800000)]
  0x000001f595e06d60 JavaThread "RMI Scheduler(0)" daemon [_thread_blocked, id=10860, stack(0x0000004b49c00000,0x0000004b49d00000)]
  0x000001f595e093e0 JavaThread "RMI GC Daemon" daemon [_thread_blocked, id=8948, stack(0x0000004b49e00000,0x0000004b49f00000)]
  0x000001f5986a9db0 JavaThread "RMI TCP Accept-0" daemon [_thread_in_native, id=12912, stack(0x0000004b49f00000,0x0000004b4a000000)]
  0x000001f5986abf60 JavaThread "RMI Reaper" [_thread_blocked, id=9284, stack(0x0000004b4a000000,0x0000004b4a100000)]
  0x000001f5986aa280 JavaThread "Cache worker for Java compile cache (C:\Users\oals6\.gradle\caches\8.0\javaCompile)" [_thread_blocked, id=1752, stack(0x0000004b43a00000,0x0000004b43b00000)]
  0x000001f596491870 JavaThread "Daemon Thread 4" [_thread_blocked, id=8696, stack(0x0000004b43b00000,0x0000004b43c00000)]
  0x000001f596495d20 JavaThread "Handler for socket connection from /127.0.0.1:60358 to /127.0.0.1:60948" [_thread_in_native, id=1224, stack(0x0000004b43c00000,0x0000004b43d00000)]
  0x000001f596497530 JavaThread "Cancel handler" [_thread_blocked, id=10396, stack(0x0000004b45600000,0x0000004b45700000)]
  0x000001f596495380 JavaThread "Daemon worker Thread 4" [_thread_blocked, id=2848, stack(0x0000004b45700000,0x0000004b45800000)]
  0x000001f5964966c0 JavaThread "Asynchronous log dispatcher for DefaultDaemonConnection: socket connection from /127.0.0.1:60358 to /127.0.0.1:60948" [_thread_blocked, id=7468, stack(0x0000004b45800000,0x0000004b45900000)]
  0x000001f59b1bfc10 JavaThread "Stdin handler" [_thread_blocked, id=4400, stack(0x0000004b45900000,0x0000004b45a00000)]
  0x000001f59b1be400 JavaThread "Daemon client event forwarder" [_thread_blocked, id=7640, stack(0x0000004b45a00000,0x0000004b45b00000)]
  0x000001f59b1beda0 JavaThread "Cache worker for checksums cache (C:\Users\oals6\AndroidStudioProjects\MyDB\.gradle\8.0\checksums)" [_thread_blocked, id=11652, stack(0x0000004b45b00000,0x0000004b45c00000)]
  0x000001f59b1bf740 JavaThread "Cache worker for cache directory md-rule (C:\Users\oals6\.gradle\caches\8.0\md-rule)" [_thread_blocked, id=7800, stack(0x0000004b45c00000,0x0000004b45d00000)]
  0x000001f59b1bf270 JavaThread "Cache worker for file hash cache (C:\Users\oals6\AndroidStudioProjects\MyDB\.gradle\8.0\fileHashes)" [_thread_blocked, id=11196, stack(0x0000004b46200000,0x0000004b46300000)]
  0x000001f59e6e48a0 JavaThread "Cache worker for cache directory md-supplier (C:\Users\oals6\.gradle\caches\8.0\md-supplier)" [_thread_blocked, id=6304, stack(0x0000004b46300000,0x0000004b46400000)]
  0x000001f59e6e4d70 JavaThread "Cache worker for dependencies-accessors (C:\Users\oals6\AndroidStudioProjects\MyDB\.gradle\8.0\dependencies-accessors)" [_thread_blocked, id=12324, stack(0x0000004b46500000,0x0000004b46600000)]
  0x000001f59e6e5240 JavaThread "Cache worker for Build Output Cleanup Cache (C:\Users\oals6\AndroidStudioProjects\MyDB\.gradle\buildOutputCleanup)" [_thread_blocked, id=12392, stack(0x0000004b46600000,0x0000004b46700000)]
  0x000001f59e6e3f00 JavaThread "Unconstrained build operations" [_thread_blocked, id=11724, stack(0x0000004b46c00000,0x0000004b46d00000)]
  0x000001f59e6e43d0 JavaThread "Unconstrained build operations Thread 2" [_thread_blocked, id=8036, stack(0x0000004b46d00000,0x0000004b46e00000)]
  0x000001f59e6e26f0 JavaThread "Unconstrained build operations Thread 3" [_thread_blocked, id=5432, stack(0x0000004b46e00000,0x0000004b46f00000)]
  0x000001f59e6e3560 JavaThread "Unconstrained build operations Thread 4" [_thread_blocked, id=4488, stack(0x0000004b46f00000,0x0000004b47000000)]
  0x000001f59648d040 JavaThread "Unconstrained build operations Thread 5" [_thread_blocked, id=3344, stack(0x0000004b47000000,0x0000004b47100000)]
  0x000001f596494040 JavaThread "Unconstrained build operations Thread 6" [_thread_blocked, id=996, stack(0x0000004b47100000,0x0000004b47200000)]
  0x000001f59e6e2bc0 JavaThread "Unconstrained build operations Thread 7" [_thread_blocked, id=7512, stack(0x0000004b47200000,0x0000004b47300000)]
  0x000001f59e6e1880 JavaThread "Unconstrained build operations Thread 8" [_thread_blocked, id=5732, stack(0x0000004b47300000,0x0000004b47400000)]
  0x000001f59e6e1d50 JavaThread "Unconstrained build operations Thread 9" [_thread_blocked, id=9940, stack(0x0000004b47400000,0x0000004b47500000)]
  0x000001f59e6e3a30 JavaThread "Unconstrained build operations Thread 10" [_thread_blocked, id=11772, stack(0x0000004b47500000,0x0000004b47600000)]
  0x000001f59e6e3090 JavaThread "Unconstrained build operations Thread 11" [_thread_blocked, id=7392, stack(0x0000004b47600000,0x0000004b47700000)]
  0x000001f59e6e2220 JavaThread "Unconstrained build operations Thread 12" [_thread_blocked, id=12216, stack(0x0000004b47700000,0x0000004b47800000)]
  0x000001f594f4cc40 JavaThread "Unconstrained build operations Thread 13" [_thread_blocked, id=4180, stack(0x0000004b47800000,0x0000004b47900000)]
  0x000001f594f4e920 JavaThread "Unconstrained build operations Thread 14" [_thread_blocked, id=8996, stack(0x0000004b47900000,0x0000004b47a00000)]
  0x000001f594f4edf0 JavaThread "Unconstrained build operations Thread 15" [_thread_blocked, id=7856, stack(0x0000004b47a00000,0x0000004b47b00000)]
  0x000001f594f4b430 JavaThread "Unconstrained build operations Thread 16" [_thread_blocked, id=12368, stack(0x0000004b47b00000,0x0000004b47c00000)]
  0x000001f5964961f0 JavaThread "Unconstrained build operations Thread 17" [_thread_blocked, id=8404, stack(0x0000004b47c00000,0x0000004b47d00000)]
  0x000001f5964949e0 JavaThread "Unconstrained build operations Thread 18" [_thread_blocked, id=12892, stack(0x0000004b47d00000,0x0000004b47e00000)]
  0x000001f596497060 JavaThread "Unconstrained build operations Thread 19" [_thread_blocked, id=11792, stack(0x0000004b47e00000,0x0000004b47f00000)]
  0x000001f596497a00 JavaThread "Unconstrained build operations Thread 20" [_thread_blocked, id=10576, stack(0x0000004b47f00000,0x0000004b48000000)]
  0x000001f596494510 JavaThread "Unconstrained build operations Thread 21" [_thread_blocked, id=9268, stack(0x0000004b48000000,0x0000004b48100000)]
  0x000001f596494eb0 JavaThread "Unconstrained build operations Thread 22" [_thread_blocked, id=8156, stack(0x0000004b48100000,0x0000004b48200000)]
  0x000001f596495850 JavaThread "Unconstrained build operations Thread 23" [_thread_blocked, id=9424, stack(0x0000004b48200000,0x0000004b48300000)]
  0x000001f5960824f0 JavaThread "Unconstrained build operations Thread 24" [_thread_blocked, id=1792, stack(0x0000004b48300000,0x0000004b48400000)]
  0x000001f5960829c0 JavaThread "Unconstrained build operations Thread 25" [_thread_blocked, id=2492, stack(0x0000004b48400000,0x0000004b48500000)]
  0x000001f594f4c770 JavaThread "Unconstrained build operations Thread 26" [_thread_blocked, id=11764, stack(0x0000004b48500000,0x0000004b48600000)]
  0x000001f594f4b900 JavaThread "Unconstrained build operations Thread 27" [_thread_blocked, id=12648, stack(0x0000004b48600000,0x0000004b48700000)]
  0x000001f594f4d110 JavaThread "Unconstrained build operations Thread 28" [_thread_blocked, id=956, stack(0x0000004b48700000,0x0000004b48800000)]
  0x000001f594f4d5e0 JavaThread "Unconstrained build operations Thread 29" [_thread_blocked, id=3260, stack(0x0000004b48800000,0x0000004b48900000)]
  0x000001f594f4df80 JavaThread "Unconstrained build operations Thread 30" [_thread_blocked, id=5872, stack(0x0000004b48900000,0x0000004b48a00000)]
  0x000001f594f4bdd0 JavaThread "Unconstrained build operations Thread 31" [_thread_blocked, id=8200, stack(0x0000004b48a00000,0x0000004b48b00000)]
  0x000001f594f4dab0 JavaThread "Unconstrained build operations Thread 32" [_thread_blocked, id=13104, stack(0x0000004b48b00000,0x0000004b48c00000)]
  0x000001f594f4c2a0 JavaThread "Unconstrained build operations Thread 33" [_thread_blocked, id=13292, stack(0x0000004b48c00000,0x0000004b48d00000)]
  0x000001f594f4e450 JavaThread "Unconstrained build operations Thread 34" [_thread_blocked, id=11352, stack(0x0000004b48d00000,0x0000004b48e00000)]
  0x000001f591e67940 JavaThread "Unconstrained build operations Thread 35" [_thread_blocked, id=11104, stack(0x0000004b48e00000,0x0000004b48f00000)]
  0x000001f591e652c0 JavaThread "Unconstrained build operations Thread 36" [_thread_blocked, id=10468, stack(0x0000004b48f00000,0x0000004b49000000)]
  0x000001f591e66600 JavaThread "Unconstrained build operations Thread 37" [_thread_blocked, id=1668, stack(0x0000004b49000000,0x0000004b49100000)]
  0x000001f591e67470 JavaThread "Unconstrained build operations Thread 38" [_thread_blocked, id=9360, stack(0x0000004b49100000,0x0000004b49200000)]
  0x000001f591e65790 JavaThread "Unconstrained build operations Thread 39" [_thread_blocked, id=8580, stack(0x0000004b49200000,0x0000004b49300000)]
  0x000001f591e64920 JavaThread "Unconstrained build operations Thread 40" [_thread_blocked, id=7824, stack(0x0000004b49300000,0x0000004b49400000)]
  0x000001f596083830 JavaThread "build event listener" [_thread_blocked, id=4464, stack(0x0000004b49400000,0x0000004b49500000)]
  0x000001f59648a020 JavaThread "included builds" [_thread_blocked, id=9136, stack(0x0000004b49500000,0x0000004b49600000)]
  0x000001f596082e90 JavaThread "Execution worker" [_thread_blocked, id=1380, stack(0x0000004b49600000,0x0000004b49700000)]
  0x000001f591e65c60 JavaThread "Execution worker Thread 2" [_thread_blocked, id=9532, stack(0x0000004b49800000,0x0000004b49900000)]
  0x000001f591e64df0 JavaThread "Execution worker Thread 3" [_thread_blocked, id=2736, stack(0x0000004b49900000,0x0000004b49a00000)]
  0x000001f59648cb70 JavaThread "Cache worker for execution history cache (C:\Users\oals6\AndroidStudioProjects\MyDB\.gradle\8.0\executionHistory)" [_thread_blocked, id=12928, stack(0x0000004b49a00000,0x0000004b49b00000)]

Other Threads:
=>0x000001f5f711e560 VMThread "VM Thread" [stack: 0x0000004b44300000,0x0000004b44400000] [id=5640]
  0x000001f591a4e1b0 WatcherThread [stack: 0x0000004b44f00000,0x0000004b45000000] [id=4328]
  0x000001f5f70a5ab0 GCTaskThread "GC Thread#0" [stack: 0x0000004b43e00000,0x0000004b43f00000] [id=7848]
  0x000001f591df7c10 GCTaskThread "GC Thread#1" [stack: 0x0000004b45000000,0x0000004b45100000] [id=13108]
  0x000001f591e6c020 GCTaskThread "GC Thread#2" [stack: 0x0000004b45100000,0x0000004b45200000] [id=3396]
  0x000001f592430af0 GCTaskThread "GC Thread#3" [stack: 0x0000004b45200000,0x0000004b45300000] [id=2008]
  0x000001f5f70b6900 ConcurrentGCThread "G1 Main Marker" [stack: 0x0000004b43f00000,0x0000004b44000000] [id=6672]
  0x000001f5f70b7220 ConcurrentGCThread "G1 Conc#0" [stack: 0x0000004b44000000,0x0000004b44100000] [id=6328]
  0x000001f5f70f3460 ConcurrentGCThread "G1 Refine#0" [stack: 0x0000004b44100000,0x0000004b44200000] [id=2428]
  0x000001f5f70f3d90 ConcurrentGCThread "G1 Service" [stack: 0x0000004b44200000,0x0000004b44300000] [id=12208]

Threads with active compile tasks:
C2 CompilerThread0   786276 20249       4       org.gradle.api.internal.artifacts.ivyservice.resolveengine.graph.builder.DependencyGraphBuilder::resolveEdges (43 bytes)

VM state: at safepoint (normal execution)

VM Mutex/Monitor currently owned by a thread:  ([mutex/lock_event])
[0x000001f5f70428c0] Threads_lock - owner thread: 0x000001f5f711e560
[0x000001f5f7041f30] Heap_lock - owner thread: 0x000001f59648a020

Heap address: 0x0000000080000000, size: 2048 MB, Compressed Oops mode: 32-bit

CDS archive(s) not mapped
Compressed class space mapped at: 0x0000000100000000-0x0000000140000000, reserved size: 1073741824
Narrow klass base: 0x0000000000000000, Narrow klass shift: 3, Narrow klass range: 0x140000000

GC Precious Log:
 CPUs: 4 total, 4 available
 Memory: 3682M
 Large Page Support: Disabled
 NUMA Support: Disabled
 Compressed Oops: Enabled (32-bit)
 Heap Region Size: 1M
 Heap Min Capacity: 8M
 Heap Initial Capacity: 58M
 Heap Max Capacity: 2G
 Pre-touch: Disabled
 Parallel Workers: 4
 Concurrent Workers: 1
 Concurrent Refinement Workers: 4
 Periodic GC: Disabled

Heap:
 garbage-first heap   total 340992K, used 150758K [0x0000000080000000, 0x0000000100000000)
  region size 1024K, 2 young (2048K), 2 survivors (2048K)
 Metaspace       used 126035K, committed 127104K, reserved 1163264K
  class space    used 17185K, committed 17728K, reserved 1048576K

Heap Regions: E=young(eden), S=young(survivor), O=old, HS=humongous(starts), HC=humongous(continues), CS=collection set, F=free, OA=open archive, CA=closed archive, TAMS=top-at-mark-start (previous, next)
|   0|0x0000000080000000, 0x0000000080100000, 0x0000000080100000|100%| O|  |TAMS 0x0000000080100000, 0x0000000080000000| Untracked 
|   1|0x0000000080100000, 0x0000000080200000, 0x0000000080200000|100%| O|  |TAMS 0x0000000080200000, 0x0000000080100000| Untracked 
|   2|0x0000000080200000, 0x0000000080300000, 0x0000000080300000|100%|HS|  |TAMS 0x0000000080300000, 0x0000000080200000| Complete 
|   3|0x0000000080300000, 0x0000000080400000, 0x0000000080400000|100%|HC|  |TAMS 0x0000000080400000, 0x0000000080300000| Complete 
|   4|0x0000000080400000, 0x0000000080500000, 0x0000000080500000|100%|HC|  |TAMS 0x0000000080500000, 0x0000000080400000| Complete 
|   5|0x0000000080500000, 0x0000000080600000, 0x0000000080600000|100%|HC|  |TAMS 0x0000000080600000, 0x0000000080500000| Complete 
|   6|0x0000000080600000, 0x0000000080700000, 0x0000000080700000|100%| O|  |TAMS 0x0000000080700000, 0x0000000080600000| Untracked 
|   7|0x0000000080700000, 0x0000000080800000, 0x0000000080800000|100%| O|  |TAMS 0x0000000080800000, 0x0000000080700000| Untracked 
|   8|0x0000000080800000, 0x0000000080900000, 0x0000000080900000|100%| O|  |TAMS 0x0000000080900000, 0x0000000080800000| Untracked 
|   9|0x0000000080900000, 0x0000000080a00000, 0x0000000080a00000|100%| O|  |TAMS 0x0000000080a00000, 0x0000000080900000| Untracked 
|  10|0x0000000080a00000, 0x0000000080b00000, 0x0000000080b00000|100%| O|  |TAMS 0x0000000080b00000, 0x0000000080a00000| Untracked 
|  11|0x0000000080b00000, 0x0000000080c00000, 0x0000000080c00000|100%| O|  |TAMS 0x0000000080c00000, 0x0000000080b00000| Untracked 
|  12|0x0000000080c00000, 0x0000000080d00000, 0x0000000080d00000|100%| O|  |TAMS 0x0000000080d00000, 0x0000000080c00000| Untracked 
|  13|0x0000000080d00000, 0x0000000080e00000, 0x0000000080e00000|100%| O|  |TAMS 0x0000000080e00000, 0x0000000080d00000| Untracked 
|  14|0x0000000080e00000, 0x0000000080f00000, 0x0000000080f00000|100%| O|  |TAMS 0x0000000080f00000, 0x0000000080e00000| Untracked 
|  15|0x0000000080f00000, 0x0000000081000000, 0x0000000081000000|100%| O|  |TAMS 0x0000000081000000, 0x0000000080f00000| Untracked 
|  16|0x0000000081000000, 0x0000000081100000, 0x0000000081100000|100%| O|  |TAMS 0x0000000081100000, 0x0000000081000000| Untracked 
|  17|0x0000000081100000, 0x0000000081200000, 0x0000000081200000|100%| O|  |TAMS 0x0000000081200000, 0x0000000081100000| Untracked 
|  18|0x0000000081200000, 0x0000000081300000, 0x0000000081300000|100%| O|  |TAMS 0x0000000081300000, 0x0000000081200000| Untracked 
|  19|0x0000000081300000, 0x0000000081400000, 0x0000000081400000|100%| O|  |TAMS 0x0000000081400000, 0x0000000081300000| Untracked 
|  20|0x0000000081400000, 0x0000000081500000, 0x0000000081500000|100%| O|  |TAMS 0x0000000081500000, 0x0000000081400000| Untracked 
|  21|0x0000000081500000, 0x0000000081600000, 0x0000000081600000|100%| O|  |TAMS 0x0000000081600000, 0x0000000081500000| Untracked 
|  22|0x0000000081600000, 0x0000000081700000, 0x0000000081700000|100%| O|  |TAMS 0x0000000081700000, 0x0000000081600000| Untracked 
|  23|0x0000000081700000, 0x0000000081800000, 0x0000000081800000|100%| O|  |TAMS 0x0000000081800000, 0x0000000081700000| Untracked 
|  24|0x0000000081800000, 0x0000000081900000, 0x0000000081900000|100%| O|  |TAMS 0x0000000081900000, 0x0000000081800000| Untracked 
|  25|0x0000000081900000, 0x0000000081a00000, 0x0000000081a00000|100%| O|  |TAMS 0x0000000081a00000, 0x0000000081900000| Untracked 
|  26|0x0000000081a00000, 0x0000000081b00000, 0x0000000081b00000|100%| O|  |TAMS 0x0000000081b00000, 0x0000000081a00000| Untracked 
|  27|0x0000000081b00000, 0x0000000081c00000, 0x0000000081c00000|100%| O|  |TAMS 0x0000000081c00000, 0x0000000081b00000| Untracked 
|  28|0x0000000081c00000, 0x0000000081d00000, 0x0000000081d00000|100%| O|  |TAMS 0x0000000081d00000, 0x0000000081c00000| Untracked 
|  29|0x0000000081d00000, 0x0000000081e00000, 0x0000000081e00000|100%| O|  |TAMS 0x0000000081e00000, 0x0000000081d00000| Untracked 
|  30|0x0000000081e00000, 0x0000000081f00000, 0x0000000081f00000|100%| O|  |TAMS 0x0000000081f00000, 0x0000000081e00000| Untracked 
|  31|0x0000000081f00000, 0x0000000082000000, 0x0000000082000000|100%| O|  |TAMS 0x0000000082000000, 0x0000000081f00000| Untracked 
|  32|0x0000000082000000, 0x0000000082100000, 0x0000000082100000|100%| O|  |TAMS 0x0000000082100000, 0x0000000082000000| Untracked 
|  33|0x0000000082100000, 0x0000000082200000, 0x0000000082200000|100%| O|  |TAMS 0x0000000082200000, 0x0000000082100000| Untracked 
|  34|0x0000000082200000, 0x0000000082300000, 0x0000000082300000|100%| O|  |TAMS 0x0000000082300000, 0x0000000082200000| Complete 
|  35|0x0000000082300000, 0x0000000082400000, 0x0000000082400000|100%| O|  |TAMS 0x0000000082400000, 0x0000000082300000| Untracked 
|  36|0x0000000082400000, 0x0000000082500000, 0x0000000082500000|100%| O|  |TAMS 0x0000000082500000, 0x0000000082400000| Untracked 
|  37|0x0000000082500000, 0x0000000082600000, 0x0000000082600000|100%|HS|  |TAMS 0x0000000082600000, 0x0000000082500000| Complete 
|  38|0x0000000082600000, 0x0000000082700000, 0x0000000082700000|100%|HS|  |TAMS 0x0000000082700000, 0x0000000082600000| Complete 
|  39|0x0000000082700000, 0x0000000082800000, 0x0000000082800000|100%| O|  |TAMS 0x0000000082700000, 0x0000000082700000| Untracked 
|  40|0x0000000082800000, 0x0000000082900000, 0x0000000082900000|100%| O|  |TAMS 0x0000000082900000, 0x0000000082800000| Untracked 
|  41|0x0000000082900000, 0x0000000082a00000, 0x0000000082a00000|100%|HS|  |TAMS 0x0000000082a00000, 0x0000000082900000| Complete 
|  42|0x0000000082a00000, 0x0000000082b00000, 0x0000000082b00000|100%| O|  |TAMS 0x0000000082b00000, 0x0000000082a00000| Untracked 
|  43|0x0000000082b00000, 0x0000000082c00000, 0x0000000082c00000|100%|HS|  |TAMS 0x0000000082c00000, 0x0000000082b00000| Complete 
|  44|0x0000000082c00000, 0x0000000082d00000, 0x0000000082d00000|100%|HC|  |TAMS 0x0000000082d00000, 0x0000000082c00000| Complete 
|  45|0x0000000082d00000, 0x0000000082e00000, 0x0000000082e00000|100%|HC|  |TAMS 0x0000000082e00000, 0x0000000082d00000| Complete 
|  46|0x0000000082e00000, 0x0000000082f00000, 0x0000000082f00000|100%|HC|  |TAMS 0x0000000082f00000, 0x0000000082e00000| Complete 
|  47|0x0000000082f00000, 0x0000000083000000, 0x0000000083000000|100%| O|  |TAMS 0x0000000083000000, 0x0000000082f00000| Untracked 
|  48|0x0000000083000000, 0x0000000083100000, 0x0000000083100000|100%| O|  |TAMS 0x0000000083100000, 0x0000000083000000| Untracked 
|  49|0x0000000083100000, 0x0000000083200000, 0x0000000083200000|100%| O|  |TAMS 0x0000000083200000, 0x0000000083100000| Untracked 
|  50|0x0000000083200000, 0x0000000083300000, 0x0000000083300000|100%| O|  |TAMS 0x0000000083300000, 0x0000000083200000| Untracked 
|  51|0x0000000083300000, 0x0000000083400000, 0x0000000083400000|100%| O|  |TAMS 0x0000000083400000, 0x0000000083300000| Untracked 
|  52|0x0000000083400000, 0x0000000083500000, 0x0000000083500000|100%| O|  |TAMS 0x0000000083500000, 0x0000000083400000| Untracked 
|  53|0x0000000083500000, 0x0000000083600000, 0x0000000083600000|100%| O|  |TAMS 0x0000000083600000, 0x0000000083500000| Untracked 
|  54|0x0000000083600000, 0x0000000083700000, 0x0000000083700000|100%| O|  |TAMS 0x0000000083700000, 0x0000000083600000| Untracked 
|  55|0x0000000083700000, 0x0000000083800000, 0x0000000083800000|100%| O|  |TAMS 0x0000000083800000, 0x0000000083700000| Untracked 
|  56|0x0000000083800000, 0x0000000083900000, 0x0000000083900000|100%| O|  |TAMS 0x0000000083900000, 0x0000000083800000| Untracked 
|  57|0x0000000083900000, 0x0000000083a00000, 0x0000000083a00000|100%| O|  |TAMS 0x0000000083a00000, 0x0000000083900000| Untracked 
|  58|0x0000000083a00000, 0x0000000083b00000, 0x0000000083b00000|100%| O|  |TAMS 0x0000000083b00000, 0x0000000083a00000| Untracked 
|  59|0x0000000083b00000, 0x0000000083c00000, 0x0000000083c00000|100%| O|  |TAMS 0x0000000083c00000, 0x0000000083b00000| Untracked 
|  60|0x0000000083c00000, 0x0000000083d00000, 0x0000000083d00000|100%| O|  |TAMS 0x0000000083d00000, 0x0000000083c00000| Untracked 
|  61|0x0000000083d00000, 0x0000000083e00000, 0x0000000083e00000|100%| O|  |TAMS 0x0000000083e00000, 0x0000000083d00000| Untracked 
|  62|0x0000000083e00000, 0x0000000083f00000, 0x0000000083f00000|100%| O|  |TAMS 0x0000000083f00000, 0x0000000083e00000| Untracked 
|  63|0x0000000083f00000, 0x0000000084000000, 0x0000000084000000|100%| O|  |TAMS 0x0000000084000000, 0x0000000083f00000| Untracked 
|  64|0x0000000084000000, 0x0000000084100000, 0x0000000084100000|100%| O|  |TAMS 0x0000000084100000, 0x0000000084000000| Untracked 
|  65|0x0000000084100000, 0x0000000084200000, 0x0000000084200000|100%| O|  |TAMS 0x0000000084200000, 0x0000000084100000| Untracked 
|  66|0x0000000084200000, 0x0000000084300000, 0x0000000084300000|100%| O|  |TAMS 0x0000000084300000, 0x0000000084200000| Untracked 
|  67|0x0000000084300000, 0x0000000084400000, 0x0000000084400000|100%| O|  |TAMS 0x0000000084400000, 0x0000000084300000| Untracked 
|  68|0x0000000084400000, 0x0000000084500000, 0x0000000084500000|100%| O|  |TAMS 0x0000000084500000, 0x0000000084400000| Untracked 
|  69|0x0000000084500000, 0x0000000084600000, 0x0000000084600000|100%| O|  |TAMS 0x0000000084600000, 0x0000000084500000| Untracked 
|  70|0x0000000084600000, 0x0000000084700000, 0x0000000084700000|100%| O|  |TAMS 0x0000000084700000, 0x0000000084600000| Untracked 
|  71|0x0000000084700000, 0x0000000084800000, 0x0000000084800000|100%| O|  |TAMS 0x0000000084800000, 0x0000000084700000| Untracked 
|  72|0x0000000084800000, 0x0000000084900000, 0x0000000084900000|100%| O|  |TAMS 0x0000000084900000, 0x0000000084800000| Untracked 
|  73|0x0000000084900000, 0x0000000084900000, 0x0000000084a00000|  0%| F|  |TAMS 0x0000000084900000, 0x0000000084900000| Untracked 
|  74|0x0000000084a00000, 0x0000000084b00000, 0x0000000084b00000|100%| O|  |TAMS 0x0000000084b00000, 0x0000000084a00000| Untracked 
|  75|0x0000000084b00000, 0x0000000084c00000, 0x0000000084c00000|100%| O|  |TAMS 0x0000000084c00000, 0x0000000084b00000| Untracked 
|  76|0x0000000084c00000, 0x0000000084d00000, 0x0000000084d00000|100%| O|  |TAMS 0x0000000084d00000, 0x0000000084c00000| Untracked 
|  77|0x0000000084d00000, 0x0000000084e00000, 0x0000000084e00000|100%| O|  |TAMS 0x0000000084e00000, 0x0000000084d00000| Untracked 
|  78|0x0000000084e00000, 0x0000000084f00000, 0x0000000084f00000|100%| O|  |TAMS 0x0000000084f00000, 0x0000000084e00000| Untracked 
|  79|0x0000000084f00000, 0x0000000085000000, 0x0000000085000000|100%| O|  |TAMS 0x0000000085000000, 0x0000000084f00000| Untracked 
|  80|0x0000000085000000, 0x0000000085100000, 0x0000000085100000|100%| O|  |TAMS 0x0000000085100000, 0x0000000085000000| Untracked 
|  81|0x0000000085100000, 0x0000000085200000, 0x0000000085200000|100%| O|  |TAMS 0x0000000085200000, 0x0000000085100000| Untracked 
|  82|0x0000000085200000, 0x0000000085300000, 0x0000000085300000|100%| O|  |TAMS 0x0000000085300000, 0x0000000085200000| Untracked 
|  83|0x0000000085300000, 0x0000000085400000, 0x0000000085400000|100%| O|  |TAMS 0x0000000085400000, 0x0000000085300000| Untracked 
|  84|0x0000000085400000, 0x0000000085500000, 0x0000000085500000|100%| O|  |TAMS 0x0000000085500000, 0x0000000085400000| Untracked 
|  85|0x0000000085500000, 0x0000000085600000, 0x0000000085600000|100%| O|  |TAMS 0x0000000085600000, 0x0000000085500000| Untracked 
|  86|0x0000000085600000, 0x0000000085700000, 0x0000000085700000|100%| O|  |TAMS 0x0000000085700000, 0x0000000085600000| Untracked 
|  87|0x0000000085700000, 0x0000000085800000, 0x0000000085800000|100%| O|  |TAMS 0x0000000085800000, 0x0000000085700000| Untracked 
|  88|0x0000000085800000, 0x0000000085900000, 0x0000000085900000|100%| O|  |TAMS 0x0000000085800000, 0x0000000085800000| Untracked 
|  89|0x0000000085900000, 0x0000000085a00000, 0x0000000085a00000|100%| O|  |TAMS 0x0000000085900000, 0x0000000085900000| Untracked 
|  90|0x0000000085a00000, 0x0000000085b00000, 0x0000000085b00000|100%| O|  |TAMS 0x0000000085b00000, 0x0000000085a00000| Untracked 
|  91|0x0000000085b00000, 0x0000000085c00000, 0x0000000085c00000|100%| O|  |TAMS 0x0000000085c00000, 0x0000000085b00000| Untracked 
|  92|0x0000000085c00000, 0x0000000085d00000, 0x0000000085d00000|100%| O|  |TAMS 0x0000000085d00000, 0x0000000085c00000| Untracked 
|  93|0x0000000085d00000, 0x0000000085d00000, 0x0000000085e00000|  0%| F|  |TAMS 0x0000000085d00000, 0x0000000085d00000| Untracked 
|  94|0x0000000085e00000, 0x0000000085f00000, 0x0000000085f00000|100%| O|  |TAMS 0x0000000085e00000, 0x0000000085e00000| Untracked 
|  95|0x0000000085f00000, 0x0000000086000000, 0x0000000086000000|100%| O|  |TAMS 0x0000000086000000, 0x0000000085f00000| Untracked 
|  96|0x0000000086000000, 0x0000000086100000, 0x0000000086100000|100%| O|  |TAMS 0x0000000086100000, 0x0000000086000000| Untracked 
|  97|0x0000000086100000, 0x0000000086200000, 0x0000000086200000|100%| O|  |TAMS 0x0000000086100000, 0x0000000086100000| Untracked 
|  98|0x0000000086200000, 0x0000000086300000, 0x0000000086300000|100%| O|  |TAMS 0x0000000086300000, 0x0000000086200000| Untracked 
|  99|0x0000000086300000, 0x0000000086400000, 0x0000000086400000|100%| O|  |TAMS 0x0000000086300000, 0x0000000086300000| Untracked 
| 100|0x0000000086400000, 0x0000000086500000, 0x0000000086500000|100%| O|  |TAMS 0x0000000086500000, 0x0000000086400000| Untracked 
| 101|0x0000000086500000, 0x0000000086600000, 0x0000000086600000|100%| O|  |TAMS 0x0000000086600000, 0x0000000086500000| Untracked 
| 102|0x0000000086600000, 0x0000000086639a00, 0x0000000086700000| 22%| O|  |TAMS 0x0000000086600000, 0x0000000086600000| Untracked 
| 103|0x0000000086700000, 0x0000000086700000, 0x0000000086800000|  0%| F|  |TAMS 0x0000000086700000, 0x0000000086700000| Untracked 
| 104|0x0000000086800000, 0x0000000086800000, 0x0000000086900000|  0%| F|  |TAMS 0x0000000086800000, 0x0000000086800000| Untracked 
| 105|0x0000000086900000, 0x0000000086900000, 0x0000000086a00000|  0%| F|  |TAMS 0x0000000086900000, 0x0000000086900000| Untracked 
| 106|0x0000000086a00000, 0x0000000086b00000, 0x0000000086b00000|100%| O|  |TAMS 0x0000000086b00000, 0x0000000086a00000| Untracked 
| 107|0x0000000086b00000, 0x0000000086c00000, 0x0000000086c00000|100%| O|  |TAMS 0x0000000086c00000, 0x0000000086b00000| Untracked 
| 108|0x0000000086c00000, 0x0000000086d00000, 0x0000000086d00000|100%| O|  |TAMS 0x0000000086d00000, 0x0000000086c00000| Untracked 
| 109|0x0000000086d00000, 0x0000000086e00000, 0x0000000086e00000|100%| O|  |TAMS 0x0000000086e00000, 0x0000000086d00000| Untracked 
| 110|0x0000000086e00000, 0x0000000086f00000, 0x0000000086f00000|100%| O|  |TAMS 0x0000000086f00000, 0x0000000086e00000| Untracked 
| 111|0x0000000086f00000, 0x0000000087000000, 0x0000000087000000|100%| O|  |TAMS 0x0000000087000000, 0x0000000086f00000| Untracked 
| 112|0x0000000087000000, 0x0000000087100000, 0x0000000087100000|100%| O|  |TAMS 0x0000000087100000, 0x0000000087000000| Untracked 
| 113|0x0000000087100000, 0x0000000087200000, 0x0000000087200000|100%| O|  |TAMS 0x0000000087200000, 0x0000000087100000| Untracked 
| 114|0x0000000087200000, 0x0000000087300000, 0x0000000087300000|100%| O|  |TAMS 0x0000000087300000, 0x0000000087200000| Untracked 
| 115|0x0000000087300000, 0x0000000087400000, 0x0000000087400000|100%| O|  |TAMS 0x0000000087400000, 0x0000000087300000| Untracked 
| 116|0x0000000087400000, 0x0000000087500000, 0x0000000087500000|100%| O|  |TAMS 0x0000000087500000, 0x0000000087400000| Untracked 
| 117|0x0000000087500000, 0x0000000087600000, 0x0000000087600000|100%| O|  |TAMS 0x0000000087600000, 0x0000000087500000| Untracked 
| 118|0x0000000087600000, 0x0000000087700000, 0x0000000087700000|100%| O|  |TAMS 0x0000000087700000, 0x0000000087600000| Untracked 
| 119|0x0000000087700000, 0x0000000087800000, 0x0000000087800000|100%| O|  |TAMS 0x0000000087800000, 0x0000000087700000| Untracked 
| 120|0x0000000087800000, 0x0000000087900000, 0x0000000087900000|100%| O|  |TAMS 0x0000000087800000, 0x0000000087800000| Untracked 
| 121|0x0000000087900000, 0x0000000087900000, 0x0000000087a00000|  0%| F|  |TAMS 0x0000000087900000, 0x0000000087900000| Untracked 
| 122|0x0000000087a00000, 0x0000000087b00000, 0x0000000087b00000|100%| O|  |TAMS 0x0000000087b00000, 0x0000000087a00000| Untracked 
| 123|0x0000000087b00000, 0x0000000087c00000, 0x0000000087c00000|100%| O|  |TAMS 0x0000000087c00000, 0x0000000087b00000| Untracked 
| 124|0x0000000087c00000, 0x0000000087d00000, 0x0000000087d00000|100%| O|  |TAMS 0x0000000087d00000, 0x0000000087c00000| Untracked 
| 125|0x0000000087d00000, 0x0000000087e00000, 0x0000000087e00000|100%| O|  |TAMS 0x0000000087e00000, 0x0000000087d00000| Untracked 
| 126|0x0000000087e00000, 0x0000000087f00000, 0x0000000087f00000|100%| O|  |TAMS 0x0000000087f00000, 0x0000000087e00000| Untracked 
| 127|0x0000000087f00000, 0x0000000088000000, 0x0000000088000000|100%| O|  |TAMS 0x0000000088000000, 0x0000000087f00000| Untracked 
| 128|0x0000000088000000, 0x0000000088100000, 0x0000000088100000|100%| O|  |TAMS 0x0000000088100000, 0x0000000088000000| Untracked 
| 129|0x0000000088100000, 0x0000000088200000, 0x0000000088200000|100%| O|  |TAMS 0x00000000881bb800, 0x0000000088100000| Complete 
| 130|0x0000000088200000, 0x0000000088300000, 0x0000000088300000|100%| O|  |TAMS 0x0000000088200000, 0x0000000088200000| Untracked 
| 131|0x0000000088300000, 0x0000000088400000, 0x0000000088400000|100%| O|  |TAMS 0x0000000088300000, 0x0000000088300000| Untracked 
| 132|0x0000000088400000, 0x0000000088500000, 0x0000000088500000|100%| O|  |TAMS 0x0000000088400000, 0x0000000088400000| Untracked 
| 133|0x0000000088500000, 0x0000000088600000, 0x0000000088600000|100%| O|  |TAMS 0x0000000088500000, 0x0000000088500000| Untracked 
| 134|0x0000000088600000, 0x0000000088600000, 0x0000000088700000|  0%| F|  |TAMS 0x0000000088600000, 0x0000000088600000| Untracked 
| 135|0x0000000088700000, 0x0000000088700000, 0x0000000088800000|  0%| F|  |TAMS 0x0000000088700000, 0x0000000088700000| Untracked 
| 136|0x0000000088800000, 0x0000000088800000, 0x0000000088900000|  0%| F|  |TAMS 0x0000000088800000, 0x0000000088800000| Untracked 
| 137|0x0000000088900000, 0x0000000088900000, 0x0000000088a00000|  0%| F|  |TAMS 0x0000000088900000, 0x0000000088900000| Untracked 
| 138|0x0000000088a00000, 0x0000000088a00000, 0x0000000088b00000|  0%| F|  |TAMS 0x0000000088a00000, 0x0000000088a00000| Untracked 
| 139|0x0000000088b00000, 0x0000000088b00000, 0x0000000088c00000|  0%| F|  |TAMS 0x0000000088b00000, 0x0000000088b00000| Untracked 
| 140|0x0000000088c00000, 0x0000000088c00000, 0x0000000088d00000|  0%| F|  |TAMS 0x0000000088c00000, 0x0000000088c00000| Untracked 
| 141|0x0000000088d00000, 0x0000000088d00000, 0x0000000088e00000|  0%| F|  |TAMS 0x0000000088d00000, 0x0000000088d00000| Untracked 
| 142|0x0000000088e00000, 0x0000000088f00000, 0x0000000088f00000|100%| O|  |TAMS 0x0000000088f00000, 0x0000000088e00000| Untracked 
| 143|0x0000000088f00000, 0x0000000089000000, 0x0000000089000000|100%|HS|  |TAMS 0x0000000089000000, 0x0000000088f00000| Complete 
| 144|0x0000000089000000, 0x0000000089100000, 0x0000000089100000|100%|HC|  |TAMS 0x0000000089100000, 0x0000000089000000| Complete 
| 145|0x0000000089100000, 0x0000000089200000, 0x0000000089200000|100%|HC|  |TAMS 0x0000000089200000, 0x0000000089100000| Complete 
| 146|0x0000000089200000, 0x0000000089300000, 0x0000000089300000|100%|HC|  |TAMS 0x0000000089300000, 0x0000000089200000| Complete 
| 147|0x0000000089300000, 0x0000000089400000, 0x0000000089400000|100%|HC|  |TAMS 0x0000000089400000, 0x0000000089300000| Complete 
| 148|0x0000000089400000, 0x0000000089500000, 0x0000000089500000|100%|HC|  |TAMS 0x0000000089500000, 0x0000000089400000| Complete 
| 149|0x0000000089500000, 0x0000000089600000, 0x0000000089600000|100%| O|  |TAMS 0x0000000089600000, 0x0000000089500000| Untracked 
| 150|0x0000000089600000, 0x0000000089700000, 0x0000000089700000|100%| O|  |TAMS 0x0000000089700000, 0x0000000089600000| Untracked 
| 151|0x0000000089700000, 0x0000000089800000, 0x0000000089800000|100%| O|  |TAMS 0x0000000089800000, 0x0000000089700000| Untracked 
| 152|0x0000000089800000, 0x0000000089900000, 0x0000000089900000|100%| O|  |TAMS 0x0000000089900000, 0x0000000089800000| Untracked 
| 153|0x0000000089900000, 0x0000000089a00000, 0x0000000089a00000|100%| O|  |TAMS 0x0000000089a00000, 0x0000000089900000| Untracked 
| 154|0x0000000089a00000, 0x0000000089b00000, 0x0000000089b00000|100%| O|  |TAMS 0x0000000089b00000, 0x0000000089a00000| Untracked 
| 155|0x0000000089b00000, 0x0000000089c00000, 0x0000000089c00000|100%| O|  |TAMS 0x0000000089c00000, 0x0000000089b00000| Untracked 
| 156|0x0000000089c00000, 0x0000000089d00000, 0x0000000089d00000|100%| O|  |TAMS 0x0000000089d00000, 0x0000000089c00000| Untracked 
| 157|0x0000000089d00000, 0x0000000089e00000, 0x0000000089e00000|100%| O|  |TAMS 0x0000000089d00000, 0x0000000089d00000| Untracked 
| 158|0x0000000089e00000, 0x0000000089f00000, 0x0000000089f00000|100%| O|  |TAMS 0x0000000089e00000, 0x0000000089e00000| Untracked 
| 159|0x0000000089f00000, 0x000000008a000000, 0x000000008a000000|100%| O|  |TAMS 0x0000000089f00000, 0x0000000089f00000| Untracked 
| 160|0x000000008a000000, 0x000000008a000000, 0x000000008a100000|  0%| F|  |TAMS 0x000000008a000000, 0x000000008a000000| Untracked 
| 161|0x000000008a100000, 0x000000008a100000, 0x000000008a200000|  0%| F|  |TAMS 0x000000008a100000, 0x000000008a100000| Untracked 
| 162|0x000000008a200000, 0x000000008a200000, 0x000000008a300000|  0%| F|  |TAMS 0x000000008a200000, 0x000000008a200000| Untracked 
| 163|0x000000008a300000, 0x000000008a300000, 0x000000008a400000|  0%| F|  |TAMS 0x000000008a300000, 0x000000008a300000| Untracked 
| 164|0x000000008a400000, 0x000000008a400000, 0x000000008a500000|  0%| F|  |TAMS 0x000000008a400000, 0x000000008a400000| Untracked 
| 165|0x000000008a500000, 0x000000008a500000, 0x000000008a600000|  0%| F|  |TAMS 0x000000008a500000, 0x000000008a500000| Untracked 
| 166|0x000000008a600000, 0x000000008a600000, 0x000000008a700000|  0%| F|  |TAMS 0x000000008a600000, 0x000000008a600000| Untracked 
| 167|0x000000008a700000, 0x000000008a700000, 0x000000008a800000|  0%| F|  |TAMS 0x000000008a700000, 0x000000008a700000| Untracked 
| 168|0x000000008a800000, 0x000000008a800000, 0x000000008a900000|  0%| F|  |TAMS 0x000000008a800000, 0x000000008a800000| Untracked 
| 169|0x000000008a900000, 0x000000008a900000, 0x000000008aa00000|  0%| F|  |TAMS 0x000000008a900000, 0x000000008a900000| Untracked 
| 170|0x000000008aa00000, 0x000000008aa00000, 0x000000008ab00000|  0%| F|  |TAMS 0x000000008aa00000, 0x000000008aa00000| Untracked 
| 171|0x000000008ab00000, 0x000000008ab00000, 0x000000008ac00000|  0%| F|  |TAMS 0x000000008ab00000, 0x000000008ab00000| Untracked 
| 172|0x000000008ac00000, 0x000000008ac00000, 0x000000008ad00000|  0%| F|  |TAMS 0x000000008ac00000, 0x000000008ac00000| Untracked 
| 173|0x000000008ad00000, 0x000000008ad00000, 0x000000008ae00000|  0%| F|  |TAMS 0x000000008ad00000, 0x000000008ad00000| Untracked 
| 174|0x000000008ae00000, 0x000000008ae00000, 0x000000008af00000|  0%| F|  |TAMS 0x000000008ae00000, 0x000000008ae00000| Untracked 
| 175|0x000000008af00000, 0x000000008af00000, 0x000000008b000000|  0%| F|  |TAMS 0x000000008af00000, 0x000000008af00000| Untracked 
| 176|0x000000008b000000, 0x000000008b000000, 0x000000008b100000|  0%| F|  |TAMS 0x000000008b000000, 0x000000008b000000| Untracked 
| 177|0x000000008b100000, 0x000000008b100000, 0x000000008b200000|  0%| F|  |TAMS 0x000000008b100000, 0x000000008b100000| Untracked 
| 178|0x000000008b200000, 0x000000008b200000, 0x000000008b300000|  0%| F|  |TAMS 0x000000008b200000, 0x000000008b200000| Untracked 
| 179|0x000000008b300000, 0x000000008b300000, 0x000000008b400000|  0%| F|  |TAMS 0x000000008b300000, 0x000000008b300000| Untracked 
| 180|0x000000008b400000, 0x000000008b400000, 0x000000008b500000|  0%| F|  |TAMS 0x000000008b400000, 0x000000008b400000| Untracked 
| 181|0x000000008b500000, 0x000000008b500000, 0x000000008b600000|  0%| F|  |TAMS 0x000000008b500000, 0x000000008b500000| Untracked 
| 182|0x000000008b600000, 0x000000008b600000, 0x000000008b700000|  0%| F|  |TAMS 0x000000008b600000, 0x000000008b600000| Untracked 
| 183|0x000000008b700000, 0x000000008b700000, 0x000000008b800000|  0%| F|  |TAMS 0x000000008b700000, 0x000000008b700000| Untracked 
| 184|0x000000008b800000, 0x000000008b800000, 0x000000008b900000|  0%| F|  |TAMS 0x000000008b800000, 0x000000008b800000| Untracked 
| 185|0x000000008b900000, 0x000000008b900000, 0x000000008ba00000|  0%| F|  |TAMS 0x000000008b900000, 0x000000008b900000| Untracked 
| 186|0x000000008ba00000, 0x000000008ba00000, 0x000000008bb00000|  0%| F|  |TAMS 0x000000008ba00000, 0x000000008ba00000| Untracked 
| 187|0x000000008bb00000, 0x000000008bb00000, 0x000000008bc00000|  0%| F|  |TAMS 0x000000008bb00000, 0x000000008bb00000| Untracked 
| 188|0x000000008bc00000, 0x000000008bc00000, 0x000000008bd00000|  0%| F|  |TAMS 0x000000008bc00000, 0x000000008bc00000| Untracked 
| 189|0x000000008bd00000, 0x000000008bd00000, 0x000000008be00000|  0%| F|  |TAMS 0x000000008bd00000, 0x000000008bd00000| Untracked 
| 190|0x000000008be00000, 0x000000008be00000, 0x000000008bf00000|  0%| F|  |TAMS 0x000000008be00000, 0x000000008be00000| Untracked 
| 191|0x000000008bf00000, 0x000000008bf00000, 0x000000008c000000|  0%| F|  |TAMS 0x000000008bf00000, 0x000000008bf00000| Untracked 
| 192|0x000000008c000000, 0x000000008c000000, 0x000000008c100000|  0%| F|  |TAMS 0x000000008c000000, 0x000000008c000000| Untracked 
| 193|0x000000008c100000, 0x000000008c100000, 0x000000008c200000|  0%| F|  |TAMS 0x000000008c100000, 0x000000008c100000| Untracked 
| 194|0x000000008c200000, 0x000000008c200000, 0x000000008c300000|  0%| F|  |TAMS 0x000000008c200000, 0x000000008c200000| Untracked 
| 195|0x000000008c300000, 0x000000008c300000, 0x000000008c400000|  0%| F|  |TAMS 0x000000008c300000, 0x000000008c300000| Untracked 
| 196|0x000000008c400000, 0x000000008c400000, 0x000000008c500000|  0%| F|  |TAMS 0x000000008c400000, 0x000000008c400000| Untracked 
| 197|0x000000008c500000, 0x000000008c500000, 0x000000008c600000|  0%| F|  |TAMS 0x000000008c500000, 0x000000008c500000| Untracked 
| 198|0x000000008c600000, 0x000000008c600000, 0x000000008c700000|  0%| F|  |TAMS 0x000000008c600000, 0x000000008c600000| Untracked 
| 199|0x000000008c700000, 0x000000008c700000, 0x000000008c800000|  0%| F|  |TAMS 0x000000008c700000, 0x000000008c700000| Untracked 
| 200|0x000000008c800000, 0x000000008c800000, 0x000000008c900000|  0%| F|  |TAMS 0x000000008c800000, 0x000000008c800000| Untracked 
| 201|0x000000008c900000, 0x000000008c900000, 0x000000008ca00000|  0%| F|  |TAMS 0x000000008c900000, 0x000000008c900000| Untracked 
| 202|0x000000008ca00000, 0x000000008ca00000, 0x000000008cb00000|  0%| F|  |TAMS 0x000000008ca00000, 0x000000008ca00000| Untracked 
| 203|0x000000008cb00000, 0x000000008cb00000, 0x000000008cc00000|  0%| F|  |TAMS 0x000000008cb00000, 0x000000008cb00000| Untracked 
| 204|0x000000008cc00000, 0x000000008cc00000, 0x000000008cd00000|  0%| F|  |TAMS 0x000000008cc00000, 0x000000008cc00000| Untracked 
| 205|0x000000008cd00000, 0x000000008cd00000, 0x000000008ce00000|  0%| F|  |TAMS 0x000000008cd00000, 0x000000008cd00000| Untracked 
| 206|0x000000008ce00000, 0x000000008ce00000, 0x000000008cf00000|  0%| F|  |TAMS 0x000000008ce00000, 0x000000008ce00000| Untracked 
| 207|0x000000008cf00000, 0x000000008cf00000, 0x000000008d000000|  0%| F|  |TAMS 0x000000008cf00000, 0x000000008cf00000| Untracked 
| 208|0x000000008d000000, 0x000000008d000000, 0x000000008d100000|  0%| F|  |TAMS 0x000000008d000000, 0x000000008d000000| Untracked 
| 209|0x000000008d100000, 0x000000008d100000, 0x000000008d200000|  0%| F|  |TAMS 0x000000008d100000, 0x000000008d100000| Untracked 
| 210|0x000000008d200000, 0x000000008d200000, 0x000000008d300000|  0%| F|  |TAMS 0x000000008d200000, 0x000000008d200000| Untracked 
| 211|0x000000008d300000, 0x000000008d300000, 0x000000008d400000|  0%| F|  |TAMS 0x000000008d300000, 0x000000008d300000| Untracked 
| 212|0x000000008d400000, 0x000000008d400000, 0x000000008d500000|  0%| F|  |TAMS 0x000000008d400000, 0x000000008d400000| Untracked 
| 213|0x000000008d500000, 0x000000008d500000, 0x000000008d600000|  0%| F|  |TAMS 0x000000008d500000, 0x000000008d500000| Untracked 
| 214|0x000000008d600000, 0x000000008d600000, 0x000000008d700000|  0%| F|  |TAMS 0x000000008d600000, 0x000000008d600000| Untracked 
| 215|0x000000008d700000, 0x000000008d700000, 0x000000008d800000|  0%| F|  |TAMS 0x000000008d700000, 0x000000008d700000| Untracked 
| 216|0x000000008d800000, 0x000000008d800000, 0x000000008d900000|  0%| F|  |TAMS 0x000000008d800000, 0x000000008d800000| Untracked 
| 217|0x000000008d900000, 0x000000008d900000, 0x000000008da00000|  0%| F|  |TAMS 0x000000008d900000, 0x000000008d900000| Untracked 
| 218|0x000000008da00000, 0x000000008da00000, 0x000000008db00000|  0%| F|  |TAMS 0x000000008da00000, 0x000000008da00000| Untracked 
| 219|0x000000008db00000, 0x000000008db00000, 0x000000008dc00000|  0%| F|  |TAMS 0x000000008db00000, 0x000000008db00000| Untracked 
| 220|0x000000008dc00000, 0x000000008dc00000, 0x000000008dd00000|  0%| F|  |TAMS 0x000000008dc00000, 0x000000008dc00000| Untracked 
| 221|0x000000008dd00000, 0x000000008dd00000, 0x000000008de00000|  0%| F|  |TAMS 0x000000008dd00000, 0x000000008dd00000| Untracked 
| 222|0x000000008de00000, 0x000000008de00000, 0x000000008df00000|  0%| F|  |TAMS 0x000000008de00000, 0x000000008de00000| Untracked 
| 223|0x000000008df00000, 0x000000008df00000, 0x000000008e000000|  0%| F|  |TAMS 0x000000008df00000, 0x000000008df00000| Untracked 
| 224|0x000000008e000000, 0x000000008e000000, 0x000000008e100000|  0%| F|  |TAMS 0x000000008e000000, 0x000000008e000000| Untracked 
| 225|0x000000008e100000, 0x000000008e100000, 0x000000008e200000|  0%| F|  |TAMS 0x000000008e100000, 0x000000008e100000| Untracked 
| 226|0x000000008e200000, 0x000000008e200000, 0x000000008e300000|  0%| F|  |TAMS 0x000000008e200000, 0x000000008e200000| Untracked 
| 227|0x000000008e300000, 0x000000008e300000, 0x000000008e400000|  0%| F|  |TAMS 0x000000008e300000, 0x000000008e300000| Untracked 
| 228|0x000000008e400000, 0x000000008e400000, 0x000000008e500000|  0%| F|  |TAMS 0x000000008e400000, 0x000000008e400000| Untracked 
| 229|0x000000008e500000, 0x000000008e500000, 0x000000008e600000|  0%| F|  |TAMS 0x000000008e500000, 0x000000008e500000| Untracked 
| 230|0x000000008e600000, 0x000000008e600000, 0x000000008e700000|  0%| F|  |TAMS 0x000000008e600000, 0x000000008e600000| Untracked 
| 231|0x000000008e700000, 0x000000008e700000, 0x000000008e800000|  0%| F|  |TAMS 0x000000008e700000, 0x000000008e700000| Untracked 
| 232|0x000000008e800000, 0x000000008e800000, 0x000000008e900000|  0%| F|  |TAMS 0x000000008e800000, 0x000000008e800000| Untracked 
| 233|0x000000008e900000, 0x000000008e900000, 0x000000008ea00000|  0%| F|  |TAMS 0x000000008e900000, 0x000000008e900000| Untracked 
| 234|0x000000008ea00000, 0x000000008ea00000, 0x000000008eb00000|  0%| F|  |TAMS 0x000000008ea00000, 0x000000008ea00000| Untracked 
| 235|0x000000008eb00000, 0x000000008eb00000, 0x000000008ec00000|  0%| F|  |TAMS 0x000000008eb00000, 0x000000008eb00000| Untracked 
| 236|0x000000008ec00000, 0x000000008ec00000, 0x000000008ed00000|  0%| F|  |TAMS 0x000000008ec00000, 0x000000008ec00000| Untracked 
| 237|0x000000008ed00000, 0x000000008ed00000, 0x000000008ee00000|  0%| F|  |TAMS 0x000000008ed00000, 0x000000008ed00000| Untracked 
| 238|0x000000008ee00000, 0x000000008ee00000, 0x000000008ef00000|  0%| F|  |TAMS 0x000000008ee00000, 0x000000008ee00000| Untracked 
| 239|0x000000008ef00000, 0x000000008ef00000, 0x000000008f000000|  0%| F|  |TAMS 0x000000008ef00000, 0x000000008ef00000| Untracked 
| 240|0x000000008f000000, 0x000000008f000000, 0x000000008f100000|  0%| F|  |TAMS 0x000000008f000000, 0x000000008f000000| Untracked 
| 241|0x000000008f100000, 0x000000008f100000, 0x000000008f200000|  0%| F|  |TAMS 0x000000008f100000, 0x000000008f100000| Untracked 
| 242|0x000000008f200000, 0x000000008f200000, 0x000000008f300000|  0%| F|  |TAMS 0x000000008f200000, 0x000000008f200000| Untracked 
| 243|0x000000008f300000, 0x000000008f300000, 0x000000008f400000|  0%| F|  |TAMS 0x000000008f300000, 0x000000008f300000| Untracked 
| 244|0x000000008f400000, 0x000000008f400000, 0x000000008f500000|  0%| F|  |TAMS 0x000000008f400000, 0x000000008f400000| Untracked 
| 245|0x000000008f500000, 0x000000008f500000, 0x000000008f600000|  0%| F|  |TAMS 0x000000008f500000, 0x000000008f500000| Untracked 
| 246|0x000000008f600000, 0x000000008f600000, 0x000000008f700000|  0%| F|  |TAMS 0x000000008f600000, 0x000000008f600000| Untracked 
| 247|0x000000008f700000, 0x000000008f700000, 0x000000008f800000|  0%| F|  |TAMS 0x000000008f700000, 0x000000008f700000| Untracked 
| 248|0x000000008f800000, 0x000000008f800000, 0x000000008f900000|  0%| F|  |TAMS 0x000000008f800000, 0x000000008f800000| Untracked 
| 249|0x000000008f900000, 0x000000008f900000, 0x000000008fa00000|  0%| F|  |TAMS 0x000000008f900000, 0x000000008f900000| Untracked 
| 250|0x000000008fa00000, 0x000000008fa00000, 0x000000008fb00000|  0%| F|  |TAMS 0x000000008fa00000, 0x000000008fa00000| Untracked 
| 251|0x000000008fb00000, 0x000000008fb00000, 0x000000008fc00000|  0%| F|  |TAMS 0x000000008fb00000, 0x000000008fb00000| Untracked 
| 252|0x000000008fc00000, 0x000000008fc00000, 0x000000008fd00000|  0%| F|  |TAMS 0x000000008fc00000, 0x000000008fc00000| Untracked 
| 253|0x000000008fd00000, 0x000000008fd00000, 0x000000008fe00000|  0%| F|  |TAMS 0x000000008fd00000, 0x000000008fd00000| Untracked 
| 254|0x000000008fe00000, 0x000000008fe00000, 0x000000008ff00000|  0%| F|  |TAMS 0x000000008fe00000, 0x000000008fe00000| Untracked 
| 255|0x000000008ff00000, 0x000000008ff00000, 0x0000000090000000|  0%| F|  |TAMS 0x000000008ff00000, 0x000000008ff00000| Untracked 
| 256|0x0000000090000000, 0x0000000090000000, 0x0000000090100000|  0%| F|  |TAMS 0x0000000090000000, 0x0000000090000000| Untracked 
| 257|0x0000000090100000, 0x0000000090100000, 0x0000000090200000|  0%| F|  |TAMS 0x0000000090100000, 0x0000000090100000| Untracked 
| 258|0x0000000090200000, 0x0000000090200000, 0x0000000090300000|  0%| F|  |TAMS 0x0000000090200000, 0x0000000090200000| Untracked 
| 259|0x0000000090300000, 0x0000000090300000, 0x0000000090400000|  0%| F|  |TAMS 0x0000000090300000, 0x0000000090300000| Untracked 
| 260|0x0000000090400000, 0x0000000090400000, 0x0000000090500000|  0%| F|  |TAMS 0x0000000090400000, 0x0000000090400000| Untracked 
| 261|0x0000000090500000, 0x0000000090500000, 0x0000000090600000|  0%| F|  |TAMS 0x0000000090500000, 0x0000000090500000| Untracked 
| 262|0x0000000090600000, 0x0000000090600000, 0x0000000090700000|  0%| F|  |TAMS 0x0000000090600000, 0x0000000090600000| Untracked 
| 263|0x0000000090700000, 0x0000000090700000, 0x0000000090800000|  0%| F|  |TAMS 0x0000000090700000, 0x0000000090700000| Untracked 
| 264|0x0000000090800000, 0x0000000090800000, 0x0000000090900000|  0%| F|  |TAMS 0x0000000090800000, 0x0000000090800000| Untracked 
| 265|0x0000000090900000, 0x0000000090900000, 0x0000000090a00000|  0%| F|  |TAMS 0x0000000090900000, 0x0000000090900000| Untracked 
| 266|0x0000000090a00000, 0x0000000090a00000, 0x0000000090b00000|  0%| F|  |TAMS 0x0000000090a00000, 0x0000000090a00000| Untracked 
| 267|0x0000000090b00000, 0x0000000090b00000, 0x0000000090c00000|  0%| F|  |TAMS 0x0000000090b00000, 0x0000000090b00000| Untracked 
| 268|0x0000000090c00000, 0x0000000090c00000, 0x0000000090d00000|  0%| F|  |TAMS 0x0000000090c00000, 0x0000000090c00000| Untracked 
| 269|0x0000000090d00000, 0x0000000090d00000, 0x0000000090e00000|  0%| F|  |TAMS 0x0000000090d00000, 0x0000000090d00000| Untracked 
| 270|0x0000000090e00000, 0x0000000090e00000, 0x0000000090f00000|  0%| F|  |TAMS 0x0000000090e00000, 0x0000000090e00000| Untracked 
| 271|0x0000000090f00000, 0x0000000090f00000, 0x0000000091000000|  0%| F|  |TAMS 0x0000000090f00000, 0x0000000090f00000| Untracked 
| 272|0x0000000091000000, 0x0000000091000000, 0x0000000091100000|  0%| F|  |TAMS 0x0000000091000000, 0x0000000091000000| Untracked 
| 273|0x0000000091100000, 0x0000000091100000, 0x0000000091200000|  0%| F|  |TAMS 0x0000000091100000, 0x0000000091100000| Untracked 
| 274|0x0000000091200000, 0x0000000091200000, 0x0000000091300000|  0%| F|  |TAMS 0x0000000091200000, 0x0000000091200000| Untracked 
| 275|0x0000000091300000, 0x0000000091300000, 0x0000000091400000|  0%| F|  |TAMS 0x0000000091300000, 0x0000000091300000| Untracked 
| 276|0x0000000091400000, 0x0000000091400000, 0x0000000091500000|  0%| F|  |TAMS 0x0000000091400000, 0x0000000091400000| Untracked 
| 277|0x0000000091500000, 0x0000000091500000, 0x0000000091600000|  0%| F|  |TAMS 0x0000000091500000, 0x0000000091500000| Untracked 
| 278|0x0000000091600000, 0x0000000091600000, 0x0000000091700000|  0%| F|  |TAMS 0x0000000091600000, 0x0000000091600000| Untracked 
| 279|0x0000000091700000, 0x0000000091700000, 0x0000000091800000|  0%| F|  |TAMS 0x0000000091700000, 0x0000000091700000| Untracked 
| 280|0x0000000091800000, 0x0000000091800000, 0x0000000091900000|  0%| F|  |TAMS 0x0000000091800000, 0x0000000091800000| Untracked 
| 281|0x0000000091900000, 0x0000000091900000, 0x0000000091a00000|  0%| F|  |TAMS 0x0000000091900000, 0x0000000091900000| Untracked 
| 282|0x0000000091a00000, 0x0000000091a00000, 0x0000000091b00000|  0%| F|  |TAMS 0x0000000091a00000, 0x0000000091a00000| Untracked 
| 283|0x0000000091b00000, 0x0000000091b00000, 0x0000000091c00000|  0%| F|  |TAMS 0x0000000091b00000, 0x0000000091b00000| Untracked 
| 284|0x0000000091c00000, 0x0000000091c00000, 0x0000000091d00000|  0%| F|  |TAMS 0x0000000091c00000, 0x0000000091c00000| Untracked 
| 285|0x0000000091d00000, 0x0000000091d00000, 0x0000000091e00000|  0%| F|  |TAMS 0x0000000091d00000, 0x0000000091d00000| Untracked 
| 286|0x0000000091e00000, 0x0000000091e00000, 0x0000000091f00000|  0%| F|  |TAMS 0x0000000091e00000, 0x0000000091e00000| Untracked 
| 287|0x0000000091f00000, 0x0000000091f00000, 0x0000000092000000|  0%| F|  |TAMS 0x0000000091f00000, 0x0000000091f00000| Untracked 
| 288|0x0000000092000000, 0x0000000092000000, 0x0000000092100000|  0%| F|  |TAMS 0x0000000092000000, 0x0000000092000000| Untracked 
| 289|0x0000000092100000, 0x0000000092100000, 0x0000000092200000|  0%| F|  |TAMS 0x0000000092100000, 0x0000000092100000| Untracked 
| 290|0x0000000092200000, 0x0000000092200000, 0x0000000092300000|  0%| F|  |TAMS 0x0000000092200000, 0x0000000092200000| Untracked 
| 291|0x0000000092300000, 0x0000000092300000, 0x0000000092400000|  0%| F|  |TAMS 0x0000000092300000, 0x0000000092300000| Untracked 
| 292|0x0000000092400000, 0x0000000092400000, 0x0000000092500000|  0%| F|  |TAMS 0x0000000092400000, 0x0000000092400000| Untracked 
| 293|0x0000000092500000, 0x0000000092500000, 0x0000000092600000|  0%| F|  |TAMS 0x0000000092500000, 0x0000000092500000| Untracked 
| 294|0x0000000092600000, 0x0000000092600000, 0x0000000092700000|  0%| F|  |TAMS 0x0000000092600000, 0x0000000092600000| Untracked 
| 295|0x0000000092700000, 0x0000000092700000, 0x0000000092800000|  0%| F|  |TAMS 0x0000000092700000, 0x0000000092700000| Untracked 
| 296|0x0000000092800000, 0x0000000092800000, 0x0000000092900000|  0%| F|  |TAMS 0x0000000092800000, 0x0000000092800000| Untracked 
| 297|0x0000000092900000, 0x0000000092900000, 0x0000000092a00000|  0%| F|  |TAMS 0x0000000092900000, 0x0000000092900000| Untracked 
| 298|0x0000000092a00000, 0x0000000092a00000, 0x0000000092b00000|  0%| F|  |TAMS 0x0000000092a00000, 0x0000000092a00000| Untracked 
| 299|0x0000000092b00000, 0x0000000092b00000, 0x0000000092c00000|  0%| F|  |TAMS 0x0000000092b00000, 0x0000000092b00000| Untracked 
| 300|0x0000000092c00000, 0x0000000092c00000, 0x0000000092d00000|  0%| F|  |TAMS 0x0000000092c00000, 0x0000000092c00000| Untracked 
| 301|0x0000000092d00000, 0x0000000092d00000, 0x0000000092e00000|  0%| F|  |TAMS 0x0000000092d00000, 0x0000000092d00000| Untracked 
| 302|0x0000000092e00000, 0x0000000092e00000, 0x0000000092f00000|  0%| F|  |TAMS 0x0000000092e00000, 0x0000000092e00000| Untracked 
| 303|0x0000000092f00000, 0x0000000092f00000, 0x0000000093000000|  0%| F|  |TAMS 0x0000000092f00000, 0x0000000092f00000| Untracked 
| 304|0x0000000093000000, 0x0000000093000000, 0x0000000093100000|  0%| F|  |TAMS 0x0000000093000000, 0x0000000093000000| Untracked 
| 305|0x0000000093100000, 0x0000000093100000, 0x0000000093200000|  0%| F|  |TAMS 0x0000000093100000, 0x0000000093100000| Untracked 
| 306|0x0000000093200000, 0x0000000093200000, 0x0000000093300000|  0%| F|  |TAMS 0x0000000093200000, 0x0000000093200000| Untracked 
| 307|0x0000000093300000, 0x0000000093300000, 0x0000000093400000|  0%| F|  |TAMS 0x0000000093300000, 0x0000000093300000| Untracked 
| 308|0x0000000093400000, 0x0000000093400000, 0x0000000093500000|  0%| F|  |TAMS 0x0000000093400000, 0x0000000093400000| Untracked 
| 309|0x0000000093500000, 0x0000000093500000, 0x0000000093600000|  0%| F|  |TAMS 0x0000000093500000, 0x0000000093500000| Untracked 
| 310|0x0000000093600000, 0x0000000093600000, 0x0000000093700000|  0%| F|  |TAMS 0x0000000093600000, 0x0000000093600000| Untracked 
| 311|0x0000000093700000, 0x0000000093700000, 0x0000000093800000|  0%| F|  |TAMS 0x0000000093700000, 0x0000000093700000| Untracked 
| 312|0x0000000093800000, 0x0000000093800000, 0x0000000093900000|  0%| F|  |TAMS 0x0000000093800000, 0x0000000093800000| Untracked 
| 313|0x0000000093900000, 0x0000000093900000, 0x0000000093a00000|  0%| F|  |TAMS 0x0000000093900000, 0x0000000093900000| Untracked 
| 314|0x0000000093a00000, 0x0000000093a00000, 0x0000000093b00000|  0%| F|  |TAMS 0x0000000093a00000, 0x0000000093a00000| Untracked 
| 315|0x0000000093b00000, 0x0000000093c00000, 0x0000000093c00000|100%| S|CS|TAMS 0x0000000093b00000, 0x0000000093b00000| Complete 
| 316|0x0000000093c00000, 0x0000000093d00000, 0x0000000093d00000|100%| S|CS|TAMS 0x0000000093c00000, 0x0000000093c00000| Complete 
| 317|0x0000000093d00000, 0x0000000093d00000, 0x0000000093e00000|  0%| F|  |TAMS 0x0000000093d00000, 0x0000000093d00000| Untracked 
| 318|0x0000000093e00000, 0x0000000093e00000, 0x0000000093f00000|  0%| F|  |TAMS 0x0000000093e00000, 0x0000000093e00000| Untracked 
| 319|0x0000000093f00000, 0x0000000093f00000, 0x0000000094000000|  0%| F|  |TAMS 0x0000000093f00000, 0x0000000093f00000| Untracked 
| 320|0x0000000094000000, 0x0000000094000000, 0x0000000094100000|  0%| F|  |TAMS 0x0000000094000000, 0x0000000094000000| Untracked 
| 321|0x0000000094100000, 0x0000000094100000, 0x0000000094200000|  0%| F|  |TAMS 0x0000000094100000, 0x0000000094100000| Untracked 
| 322|0x0000000094200000, 0x0000000094200000, 0x0000000094300000|  0%| F|  |TAMS 0x0000000094200000, 0x0000000094200000| Untracked 
| 323|0x0000000094300000, 0x0000000094300000, 0x0000000094400000|  0%| F|  |TAMS 0x0000000094300000, 0x0000000094300000| Untracked 
| 324|0x0000000094400000, 0x0000000094400000, 0x0000000094500000|  0%| F|  |TAMS 0x0000000094400000, 0x0000000094400000| Untracked 
| 325|0x0000000094500000, 0x0000000094500000, 0x0000000094600000|  0%| F|  |TAMS 0x0000000094500000, 0x0000000094500000| Untracked 
| 326|0x0000000094600000, 0x0000000094600000, 0x0000000094700000|  0%| F|  |TAMS 0x0000000094600000, 0x0000000094600000| Untracked 
| 327|0x0000000094700000, 0x0000000094700000, 0x0000000094800000|  0%| F|  |TAMS 0x0000000094700000, 0x0000000094700000| Untracked 
| 328|0x0000000094800000, 0x0000000094800000, 0x0000000094900000|  0%| F|  |TAMS 0x0000000094800000, 0x0000000094800000| Untracked 
| 329|0x0000000094900000, 0x0000000094900000, 0x0000000094a00000|  0%| F|  |TAMS 0x0000000094900000, 0x0000000094900000| Untracked 
| 330|0x0000000094a00000, 0x0000000094a00000, 0x0000000094b00000|  0%| F|  |TAMS 0x0000000094a00000, 0x0000000094a00000| Untracked 
| 331|0x0000000094b00000, 0x0000000094b00000, 0x0000000094c00000|  0%| F|  |TAMS 0x0000000094b00000, 0x0000000094b00000| Untracked 
| 332|0x0000000094c00000, 0x0000000094c00000, 0x0000000094d00000|  0%| F|  |TAMS 0x0000000094c00000, 0x0000000094c00000| Untracked 

Card table byte_map: [0x000001f5fa920000,0x000001f5fad20000] _byte_map_base: 0x000001f5fa520000

Marking Bits (Prev, Next): (CMBitMap*) 0x000001f5f70a6010, (CMBitMap*) 0x000001f5f70a5fd0
 Prev Bits: [0x000001f5fd120000, 0x000001f5ff120000)
 Next Bits: [0x000001f5fb120000, 0x000001f5fd120000)

Polling page: 0x000001f5f4f20000

Metaspace:

Usage:
  Non-class:    106.30 MB used.
      Class:     16.78 MB used.
       Both:    123.08 MB used.

Virtual space:
  Non-class space:      112.00 MB reserved,     106.81 MB ( 95%) committed,  14 nodes.
      Class space:        1.00 GB reserved,      17.31 MB (  2%) committed,  1 nodes.
             Both:        1.11 GB reserved,     124.12 MB ( 11%) committed. 

Chunk freelists:
   Non-Class:  1.22 MB
       Class:  2.56 MB
        Both:  3.78 MB

MaxMetaspaceSize: unlimited
CompressedClassSpaceSize: 1.00 GB
Initial GC threshold: 21.00 MB
Current GC threshold: 206.25 MB
CDS: off
MetaspaceReclaimPolicy: balanced
 - commit_granule_bytes: 65536.
 - commit_granule_words: 8192.
 - virtual_space_node_default_size: 1048576.
 - enlarge_chunks_in_place: 1.
 - new_chunks_are_fully_committed: 0.
 - uncommit_free_chunks: 1.
 - use_allocation_guard: 0.
 - handle_deallocations: 1.


Internal statistics:

num_allocs_failed_limit: 6.
num_arena_births: 1630.
num_arena_deaths: 24.
num_vsnodes_births: 15.
num_vsnodes_deaths: 0.
num_space_committed: 1986.
num_space_uncommitted: 0.
num_chunks_returned_to_freelist: 41.
num_chunks_taken_from_freelist: 6588.
num_chunk_merges: 6.
num_chunk_splits: 4258.
num_chunks_enlarged: 2732.
num_purges: 4.
num_inconsistent_stats: 0.

CodeHeap 'non-profiled nmethods': size=120000Kb used=10662Kb max_used=11146Kb free=109337Kb
 bounds [0x000001f587ad0000, 0x000001f5885c0000, 0x000001f58f000000]
CodeHeap 'profiled nmethods': size=120000Kb used=31957Kb max_used=32926Kb free=88042Kb
 bounds [0x000001f580000000, 0x000001f582030000, 0x000001f587530000]
CodeHeap 'non-nmethods': size=5760Kb used=2476Kb max_used=2532Kb free=3284Kb
 bounds [0x000001f587530000, 0x000001f5877c0000, 0x000001f587ad0000]
 total_blobs=17674 nmethods=16660 adapters=924
 compilation: enabled
              stopped_count=0, restarted_count=0
 full_count=0

Compilation events (20 events):
Event: 786.034 Thread 0x000001f5918bd850 20264       3       org.gradle.internal.component.local.model.DefaultLocalComponentMetadata$DefaultLocalConfigurationMetadata::getComponentId (8 bytes)
Event: 786.034 Thread 0x000001f5918bd850 nmethod 20264 0x000001f58046d690 code [0x000001f58046d820, 0x000001f58046d958]
Event: 786.034 Thread 0x000001f5918bd850 20265       3       org.gradle.internal.component.model.LocalComponentDependencyMetadata::<init> (103 bytes)
Event: 786.034 Thread 0x000001f5918bd850 nmethod 20265 0x000001f580979f90 code [0x000001f58097a1a0, 0x000001f58097abc8]
Event: 786.034 Thread 0x000001f5918bd850 20266       3       org.gradle.internal.component.model.LocalComponentDependencyMetadata::asImmutable (31 bytes)
Event: 786.035 Thread 0x000001f5918bd850 nmethod 20266 0x000001f580aa4e10 code [0x000001f580aa4fe0, 0x000001f580aa53b8]
Event: 786.035 Thread 0x000001f5918bd850 20268       3       org.gradle.internal.component.model.LocalComponentDependencyMetadata::<init> (31 bytes)
Event: 786.035 Thread 0x000001f5918bd850 nmethod 20268 0x000001f580d0a890 code [0x000001f580d0aa20, 0x000001f580d0abe8]
Event: 786.035 Thread 0x000001f5918bd850 20267       3       org.gradle.internal.component.local.model.DefaultLocalComponentMetadata$DefaultLocalConfigurationMetadata::addDependency (12 bytes)
Event: 786.035 Thread 0x000001f5918bd850 nmethod 20267 0x000001f580f05590 code [0x000001f580f05740, 0x000001f580f05908]
Event: 786.035 Thread 0x000001f5918bd850 20270       3       org.gradle.api.internal.attributes.DefaultImmutableAttributesFactory::safeConcat (173 bytes)
Event: 786.036 Thread 0x000001f5918bd850 nmethod 20270 0x000001f5809b4090 code [0x000001f5809b43a0, 0x000001f5809b57b8]
Event: 786.036 Thread 0x000001f5918bd850 20269       3       org.gradle.api.internal.artifacts.dependencies.DefaultDependencyConstraint_Decorated::getName (39 bytes)
Event: 786.037 Thread 0x000001f5918bd850 nmethod 20269 0x000001f580455310 code [0x000001f580455500, 0x000001f5804559b8]
Event: 786.039 Thread 0x000001f5918bd850 20271       3       org.gradle.api.internal.artifacts.ivyservice.resolveengine.graph.builder.PendingDependencies::turnIntoHardDependencies (55 bytes)
Event: 786.040 Thread 0x000001f5918bd850 nmethod 20271 0x000001f580861e90 code [0x000001f580862100, 0x000001f580862d28]
Event: 786.040 Thread 0x000001f5918bd850 20272       3       com.google.common.collect.ImmutableList::of (47 bytes)
Event: 786.040 Thread 0x000001f5918bd850 nmethod 20272 0x000001f58030d690 code [0x000001f58030d8e0, 0x000001f58030e798]
Event: 786.042 Thread 0x000001f5918bd850 20273       3       kotlin.collections.SetsKt__SetsKt::setOf (22 bytes)
Event: 786.045 Thread 0x000001f5918bd850 nmethod 20273 0x000001f5816d5490 code [0x000001f5816d56c0, 0x000001f5816d5d28]

GC Heap History (20 events):
Event: 30.408 GC heap after
{Heap after GC invocations=63 (full 0):
 garbage-first heap   total 340992K, used 122384K [0x0000000080000000, 0x0000000100000000)
  region size 1024K, 2 young (2048K), 2 survivors (2048K)
 Metaspace       used 103472K, committed 104192K, reserved 1146880K
  class space    used 13920K, committed 14272K, reserved 1048576K
}
Event: 404.057 GC heap before
{Heap before GC invocations=63 (full 0):
 garbage-first heap   total 340992K, used 263696K [0x0000000080000000, 0x0000000100000000)
  region size 1024K, 140 young (143360K), 2 survivors (2048K)
 Metaspace       used 107640K, committed 108480K, reserved 1146880K
  class space    used 14409K, committed 14784K, reserved 1048576K
}
Event: 404.197 GC heap after
{Heap after GC invocations=64 (full 0):
 garbage-first heap   total 340992K, used 132609K [0x0000000080000000, 0x0000000100000000)
  region size 1024K, 12 young (12288K), 12 survivors (12288K)
 Metaspace       used 107640K, committed 108480K, reserved 1146880K
  class space    used 14409K, committed 14784K, reserved 1048576K
}
Event: 406.709 GC heap before
{Heap before GC invocations=64 (full 0):
 garbage-first heap   total 340992K, used 254465K [0x0000000080000000, 0x0000000100000000)
  region size 1024K, 120 young (122880K), 12 survivors (12288K)
 Metaspace       used 120062K, committed 120896K, reserved 1155072K
  class space    used 16286K, committed 16704K, reserved 1048576K
}
Event: 406.841 GC heap after
{Heap after GC invocations=65 (full 0):
 garbage-first heap   total 340992K, used 162306K [0x0000000080000000, 0x0000000100000000)
  region size 1024K, 16 young (16384K), 16 survivors (16384K)
 Metaspace       used 120062K, committed 120896K, reserved 1155072K
  class space    used 16286K, committed 16704K, reserved 1048576K
}
Event: 626.577 GC heap before
{Heap before GC invocations=66 (full 0):
 garbage-first heap   total 340992K, used 274946K [0x0000000080000000, 0x0000000100000000)
  region size 1024K, 121 young (123904K), 16 survivors (16384K)
 Metaspace       used 125047K, committed 125888K, reserved 1163264K
  class space    used 17132K, committed 17536K, reserved 1048576K
}
Event: 627.443 GC heap after
{Heap after GC invocations=67 (full 0):
 garbage-first heap   total 340992K, used 156103K [0x0000000080000000, 0x0000000100000000)
  region size 1024K, 9 young (9216K), 9 survivors (9216K)
 Metaspace       used 125047K, committed 125888K, reserved 1163264K
  class space    used 17132K, committed 17536K, reserved 1048576K
}
Event: 628.028 GC heap before
{Heap before GC invocations=67 (full 0):
 garbage-first heap   total 340992K, used 163271K [0x0000000080000000, 0x0000000100000000)
  region size 1024K, 16 young (16384K), 9 survivors (9216K)
 Metaspace       used 125052K, committed 125888K, reserved 1163264K
  class space    used 17132K, committed 17536K, reserved 1048576K
}
Event: 628.332 GC heap after
{Heap after GC invocations=68 (full 0):
 garbage-first heap   total 340992K, used 155323K [0x0000000080000000, 0x0000000100000000)
  region size 1024K, 2 young (2048K), 2 survivors (2048K)
 Metaspace       used 125052K, committed 125888K, reserved 1163264K
  class space    used 17132K, committed 17536K, reserved 1048576K
}
Event: 670.199 GC heap before
{Heap before GC invocations=68 (full 0):
 garbage-first heap   total 340992K, used 199355K [0x0000000080000000, 0x0000000100000000)
  region size 1024K, 46 young (47104K), 2 survivors (2048K)
 Metaspace       used 125222K, committed 126208K, reserved 1163264K
  class space    used 17152K, committed 17664K, reserved 1048576K
}
Event: 670.622 GC heap after
{Heap after GC invocations=69 (full 0):
 garbage-first heap   total 340992K, used 156690K [0x0000000080000000, 0x0000000100000000)
  region size 1024K, 4 young (4096K), 4 survivors (4096K)
 Metaspace       used 125222K, committed 126208K, reserved 1163264K
  class space    used 17152K, committed 17664K, reserved 1048576K
}
Event: 672.716 GC heap before
{Heap before GC invocations=69 (full 0):
 garbage-first heap   total 340992K, used 165906K [0x0000000080000000, 0x0000000100000000)
  region size 1024K, 14 young (14336K), 4 survivors (4096K)
 Metaspace       used 125252K, committed 126272K, reserved 1163264K
  class space    used 17152K, committed 17664K, reserved 1048576K
}
Event: 672.866 GC heap after
{Heap after GC invocations=70 (full 0):
 garbage-first heap   total 340992K, used 157696K [0x0000000080000000, 0x0000000100000000)
  region size 1024K, 1 young (1024K), 1 survivors (1024K)
 Metaspace       used 125252K, committed 126272K, reserved 1163264K
  class space    used 17152K, committed 17664K, reserved 1048576K
}
Event: 676.557 GC heap before
{Heap before GC invocations=70 (full 0):
 garbage-first heap   total 340992K, used 200704K [0x0000000080000000, 0x0000000100000000)
  region size 1024K, 42 young (43008K), 1 survivors (1024K)
 Metaspace       used 125601K, committed 126592K, reserved 1163264K
  class space    used 17153K, committed 17664K, reserved 1048576K
}
Event: 676.651 GC heap after
{Heap after GC invocations=71 (full 0):
 garbage-first heap   total 340992K, used 158495K [0x0000000080000000, 0x0000000100000000)
  region size 1024K, 2 young (2048K), 2 survivors (2048K)
 Metaspace       used 125601K, committed 126592K, reserved 1163264K
  class space    used 17153K, committed 17664K, reserved 1048576K
}
Event: 783.843 GC heap before
{Heap before GC invocations=72 (full 0):
 garbage-first heap   total 340992K, used 200479K [0x0000000080000000, 0x0000000100000000)
  region size 1024K, 44 young (45056K), 2 survivors (2048K)
 Metaspace       used 125780K, committed 126784K, reserved 1163264K
  class space    used 17158K, committed 17664K, reserved 1048576K
}
Event: 784.093 GC heap after
{Heap after GC invocations=73 (full 0):
 garbage-first heap   total 340992K, used 159478K [0x0000000080000000, 0x0000000100000000)
  region size 1024K, 3 young (3072K), 3 survivors (3072K)
 Metaspace       used 125780K, committed 126784K, reserved 1163264K
  class space    used 17158K, committed 17664K, reserved 1048576K
}
Event: 785.118 GC heap before
{Heap before GC invocations=73 (full 0):
 garbage-first heap   total 340992K, used 172790K [0x0000000080000000, 0x0000000100000000)
  region size 1024K, 16 young (16384K), 3 survivors (3072K)
 Metaspace       used 125934K, committed 126912K, reserved 1163264K
  class space    used 17172K, committed 17664K, reserved 1048576K
}
Event: 785.383 GC heap after
{Heap after GC invocations=74 (full 0):
 garbage-first heap   total 340992K, used 149672K [0x0000000080000000, 0x0000000100000000)
  region size 1024K, 2 young (2048K), 2 survivors (2048K)
 Metaspace       used 125934K, committed 126912K, reserved 1163264K
  class space    used 17172K, committed 17664K, reserved 1048576K
}
Event: 786.047 GC heap before
{Heap before GC invocations=74 (full 0):
 garbage-first heap   total 340992K, used 162984K [0x0000000080000000, 0x0000000100000000)
  region size 1024K, 16 young (16384K), 2 survivors (2048K)
 Metaspace       used 126035K, committed 127104K, reserved 1163264K
  class space    used 17185K, committed 17728K, reserved 1048576K
}

Dll operation events (2 events):
Event: 0.209 Loaded shared library C:\Program Files\Android\Android Studio1\jbr\bin\java.dll
Event: 0.778 Loaded shared library C:\Program Files\Android\Android Studio1\jbr\bin\verify.dll

Deoptimization events (20 events):
Event: 677.512 Thread 0x000001f59e6e2bc0 Uncommon trap: trap_request=0xffffff45 fr.pc=0x000001f58838bb44 relative=0x00000000000008e4
Event: 677.512 Thread 0x000001f59e6e2bc0 Uncommon trap: reason=unstable_if action=reinterpret pc=0x000001f58838bb44 method=sun.security.provider.SHA2.implReset()V @ 8 c2
Event: 677.512 Thread 0x000001f59e6e2bc0 DEOPT PACKING pc=0x000001f58838bb44 sp=0x0000004b4a5fd150
Event: 677.512 Thread 0x000001f59e6e2bc0 DEOPT UNPACKING pc=0x000001f58758a1a3 sp=0x0000004b4a5fd068 mode 2
Event: 677.515 Thread 0x000001f59e6e2bc0 Uncommon trap: trap_request=0xffffff45 fr.pc=0x000001f5883a0ddc relative=0x00000000000001bc
Event: 677.515 Thread 0x000001f59e6e2bc0 Uncommon trap: reason=unstable_if action=reinterpret pc=0x000001f5883a0ddc method=sun.security.provider.SHA2.implReset()V @ 8 c2
Event: 677.515 Thread 0x000001f59e6e2bc0 DEOPT PACKING pc=0x000001f5883a0ddc sp=0x0000004b4a5fd290
Event: 677.515 Thread 0x000001f59e6e2bc0 DEOPT UNPACKING pc=0x000001f58758a1a3 sp=0x0000004b4a5fd250 mode 2
Event: 677.538 Thread 0x000001f59e6e2bc0 DEOPT PACKING pc=0x000001f581fec6d7 sp=0x0000004b4a5fd130
Event: 677.538 Thread 0x000001f59e6e2bc0 DEOPT UNPACKING pc=0x000001f58758ace3 sp=0x0000004b4a5fc550 mode 0
Event: 677.542 Thread 0x000001f59e6e2bc0 DEOPT PACKING pc=0x000001f581fec6d7 sp=0x0000004b4a5fd2a0
Event: 677.542 Thread 0x000001f59e6e2bc0 DEOPT UNPACKING pc=0x000001f58758ace3 sp=0x0000004b4a5fc6c0 mode 0
Event: 781.547 Thread 0x000001f596495380 DEOPT PACKING pc=0x000001f5805ec702 sp=0x0000004b457fb450
Event: 781.550 Thread 0x000001f596495380 DEOPT UNPACKING pc=0x000001f58758ace3 sp=0x0000004b457fa930 mode 0
Event: 782.715 Thread 0x000001f596495380 Uncommon trap: trap_request=0xffffffde fr.pc=0x000001f587f99e9c relative=0x000000000000065c
Event: 782.715 Thread 0x000001f596495380 Uncommon trap: reason=class_check action=maybe_recompile pc=0x000001f587f99e9c method=org.gradle.cache.internal.LockOnDemandCrossProcessCacheAccess.incrementLockCount()V @ 97 c2
Event: 782.715 Thread 0x000001f596495380 DEOPT PACKING pc=0x000001f587f99e9c sp=0x0000004b457f72b0
Event: 782.716 Thread 0x000001f596495380 DEOPT UNPACKING pc=0x000001f58758a1a3 sp=0x0000004b457f7260 mode 2
Event: 786.040 Thread 0x000001f59648a020 DEOPT PACKING pc=0x000001f5818ce182 sp=0x0000004b495fa5e0
Event: 786.040 Thread 0x000001f59648a020 DEOPT UNPACKING pc=0x000001f58758ace3 sp=0x0000004b495f9978 mode 0

Classes unloaded (12 events):
Event: 18.359 Thread 0x000001f5f711e560 Unloading class 0x0000000100c10400 'java/lang/invoke/LambdaForm$DMH+0x0000000100c10400'
Event: 679.181 Thread 0x000001f5f711e560 Unloading class 0x0000000101078400 'java/lang/invoke/LambdaForm$DMH+0x0000000101078400'
Event: 679.183 Thread 0x000001f5f711e560 Unloading class 0x0000000101075c00 'java/lang/invoke/LambdaForm$DMH+0x0000000101075c00'
Event: 679.183 Thread 0x000001f5f711e560 Unloading class 0x0000000101075400 'java/lang/invoke/LambdaForm$MH+0x0000000101075400'
Event: 679.183 Thread 0x000001f5f711e560 Unloading class 0x0000000101074c00 'java/lang/invoke/LambdaForm$DMH+0x0000000101074c00'
Event: 679.183 Thread 0x000001f5f711e560 Unloading class 0x0000000101074000 'java/lang/invoke/LambdaForm$DMH+0x0000000101074000'
Event: 679.183 Thread 0x000001f5f711e560 Unloading class 0x000000010101cc00 'java/lang/invoke/LambdaForm$DMH+0x000000010101cc00'
Event: 679.183 Thread 0x000001f5f711e560 Unloading class 0x000000010101c400 'java/lang/invoke/LambdaForm$DMH+0x000000010101c400'
Event: 679.185 Thread 0x000001f5f711e560 Unloading class 0x0000000100fac400 'java/lang/invoke/LambdaForm$DMH+0x0000000100fac400'
Event: 679.188 Thread 0x000001f5f711e560 Unloading class 0x0000000100f9c400 'java/lang/invoke/LambdaForm$DMH+0x0000000100f9c400'
Event: 679.191 Thread 0x000001f5f711e560 Unloading class 0x0000000100f4c400 'java/lang/invoke/LambdaForm$DMH+0x0000000100f4c400'
Event: 679.193 Thread 0x000001f5f711e560 Unloading class 0x0000000100f04800 'java/lang/invoke/LambdaForm$DMH+0x0000000100f04800'

Classes redefined (0 events):
No events

Internal exceptions (20 events):
Event: 674.138 Thread 0x000001f59e6e2bc0 Exception <a 'sun/nio/fs/WindowsException'{0x0000000093c02210}> (0x0000000093c02210) 
thrown [s\src\hotspot\share\prims\jni.cpp, line 517]
Event: 674.138 Thread 0x000001f59a8c4bc0 Exception <a 'sun/nio/fs/WindowsException'{0x0000000093dedaa8}> (0x0000000093dedaa8) 
thrown [s\src\hotspot\share\prims\jni.cpp, line 517]
Event: 675.484 Thread 0x000001f59e6e2bc0 Exception <a 'sun/nio/fs/WindowsException'{0x0000000092d84888}> (0x0000000092d84888) 
thrown [s\src\hotspot\share\prims\jni.cpp, line 517]
Event: 675.687 Thread 0x000001f59a8c4bc0 Exception <a 'sun/nio/fs/WindowsException'{0x00000000928e1150}> (0x00000000928e1150) 
thrown [s\src\hotspot\share\prims\jni.cpp, line 517]
Event: 676.102 Thread 0x000001f59e6e48a0 Exception <a 'sun/nio/fs/WindowsException'{0x000000009263d238}> (0x000000009263d238) 
thrown [s\src\hotspot\share\prims\jni.cpp, line 517]
Event: 676.102 Thread 0x000001f59e6e48a0 Exception <a 'sun/nio/fs/WindowsException'{0x000000009263d5f8}> (0x000000009263d5f8) 
thrown [s\src\hotspot\share\prims\jni.cpp, line 517]
Event: 676.280 Thread 0x000001f596082e90 Exception <a 'sun/nio/fs/WindowsException'{0x0000000092677d98}> (0x0000000092677d98) 
thrown [s\src\hotspot\share\prims\jni.cpp, line 517]
Event: 676.697 Thread 0x000001f596082e90 Exception <a 'sun/nio/fs/WindowsException'{0x0000000094c76248}> (0x0000000094c76248) 
thrown [s\src\hotspot\share\prims\jni.cpp, line 517]
Event: 677.512 Thread 0x000001f59e6e2bc0 Implicit null exception at 0x000001f58838b332 to 0x000001f58838bb20
Event: 677.515 Thread 0x000001f59e6e2bc0 Implicit null exception at 0x000001f5883a0c91 to 0x000001f5883a0dc4
Event: 678.693 Thread 0x000001f5992ff7d0 Exception <a 'sun/nio/fs/WindowsException'{0x0000000094012288}> (0x0000000094012288) 
thrown [s\src\hotspot\share\prims\jni.cpp, line 517]
Event: 678.697 Thread 0x000001f5992ff7d0 Exception <a 'sun/nio/fs/WindowsException'{0x0000000094012640}> (0x0000000094012640) 
thrown [s\src\hotspot\share\prims\jni.cpp, line 517]
Event: 678.703 Thread 0x000001f5992ff7d0 Exception <a 'sun/nio/fs/WindowsException'{0x00000000940144f0}> (0x00000000940144f0) 
thrown [s\src\hotspot\share\prims\jni.cpp, line 517]
Event: 784.247 Thread 0x000001f596495380 Exception <a 'sun/nio/fs/WindowsException'{0x0000000094c51710}> (0x0000000094c51710) 
thrown [s\src\hotspot\share\prims\jni.cpp, line 517]
Event: 785.033 Thread 0x000001f596495380 Exception <a 'sun/nio/fs/WindowsException'{0x00000000941bafa0}> (0x00000000941bafa0) 
thrown [s\src\hotspot\share\prims\jni.cpp, line 517]
Event: 785.088 Thread 0x000001f596495380 Exception <a 'sun/nio/fs/WindowsException'{0x000000009405a580}> (0x000000009405a580) 
thrown [s\src\hotspot\share\prims\jni.cpp, line 517]
Event: 785.091 Thread 0x000001f596495380 Exception <a 'sun/nio/fs/WindowsException'{0x000000009405b8f8}> (0x000000009405b8f8) 
thrown [s\src\hotspot\share\prims\jni.cpp, line 517]
Event: 785.091 Thread 0x000001f596495380 Exception <a 'sun/nio/fs/WindowsException'{0x000000009405ccc0}> (0x000000009405ccc0) 
thrown [s\src\hotspot\share\prims\jni.cpp, line 517]
Event: 785.091 Thread 0x000001f596495380 Exception <a 'sun/nio/fs/WindowsException'{0x000000009405e088}> (0x000000009405e088) 
thrown [s\src\hotspot\share\prims\jni.cpp, line 517]
Event: 785.668 Thread 0x000001f59648a020 Exception <a 'sun/nio/fs/WindowsException'{0x000000009485fd10}> (0x000000009485fd10) 
thrown [s\src\hotspot\share\prims\jni.cpp, line 517]

VM Operations (20 events):
Event: 695.285 Executing VM operation: Cleanup done
Event: 739.304 Executing VM operation: Cleanup
Event: 739.305 Executing VM operation: Cleanup done
Event: 763.312 Executing VM operation: Cleanup
Event: 763.312 Executing VM operation: Cleanup done
Event: 773.315 Executing VM operation: Cleanup
Event: 773.315 Executing VM operation: Cleanup done
Event: 778.317 Executing VM operation: Cleanup
Event: 778.317 Executing VM operation: Cleanup done
Event: 781.319 Executing VM operation: Cleanup
Event: 781.337 Executing VM operation: Cleanup done
Event: 782.337 Executing VM operation: Cleanup
Event: 782.340 Executing VM operation: Cleanup done
Event: 783.340 Executing VM operation: Cleanup
Event: 783.344 Executing VM operation: Cleanup done
Event: 783.841 Executing VM operation: G1CollectForAllocation
Event: 784.094 Executing VM operation: G1CollectForAllocation done
Event: 785.118 Executing VM operation: G1CollectForAllocation
Event: 785.383 Executing VM operation: G1CollectForAllocation done
Event: 786.047 Executing VM operation: G1CollectForAllocation

Events (20 events):
Event: 783.254 Thread 0x000001f594f4b900 Thread added: 0x000001f594f4b900
Event: 783.254 Thread 0x000001f594f4d110 Thread added: 0x000001f594f4d110
Event: 783.254 Thread 0x000001f594f4d5e0 Thread added: 0x000001f594f4d5e0
Event: 783.254 Thread 0x000001f594f4df80 Thread added: 0x000001f594f4df80
Event: 783.257 Thread 0x000001f594f4bdd0 Thread added: 0x000001f594f4bdd0
Event: 783.257 Thread 0x000001f594f4dab0 Thread added: 0x000001f594f4dab0
Event: 783.257 Thread 0x000001f594f4c2a0 Thread added: 0x000001f594f4c2a0
Event: 783.257 Thread 0x000001f594f4e450 Thread added: 0x000001f594f4e450
Event: 783.258 Thread 0x000001f591e67940 Thread added: 0x000001f591e67940
Event: 783.258 Thread 0x000001f591e652c0 Thread added: 0x000001f591e652c0
Event: 783.258 Thread 0x000001f591e66600 Thread added: 0x000001f591e66600
Event: 783.258 Thread 0x000001f591e67470 Thread added: 0x000001f591e67470
Event: 783.258 Thread 0x000001f591e65790 Thread added: 0x000001f591e65790
Event: 783.258 Thread 0x000001f591e64920 Thread added: 0x000001f591e64920
Event: 783.695 Thread 0x000001f596083830 Thread added: 0x000001f596083830
Event: 785.596 Thread 0x000001f59648a020 Thread added: 0x000001f59648a020
Event: 785.597 Thread 0x000001f596082e90 Thread added: 0x000001f596082e90
Event: 785.598 Thread 0x000001f591e65c60 Thread added: 0x000001f591e65c60
Event: 785.598 Thread 0x000001f591e64df0 Thread added: 0x000001f591e64df0
Event: 785.616 Thread 0x000001f59648cb70 Thread added: 0x000001f59648cb70


Dynamic libraries:
0x00007ff6af880000 - 0x00007ff6af88a000 	C:\Program Files\Android\Android Studio1\jbr\bin\java.exe
0x00007ffb28a10000 - 0x00007ffb28c08000 	C:\WINDOWS\SYSTEM32\ntdll.dll
0x00007ffb26b00000 - 0x00007ffb26bbd000 	C:\WINDOWS\System32\KERNEL32.DLL
0x00007ffb264e0000 - 0x00007ffb267d6000 	C:\WINDOWS\System32\KERNELBASE.dll
0x00007ffb267e0000 - 0x00007ffb268e0000 	C:\WINDOWS\System32\ucrtbase.dll
0x00007ffb21bd0000 - 0x00007ffb21be7000 	C:\Program Files\Android\Android Studio1\jbr\bin\jli.dll
0x00007ffb1f810000 - 0x00007ffb1f82b000 	C:\Program Files\Android\Android Studio1\jbr\bin\VCRUNTIME140.dll
0x00007ffb26ca0000 - 0x00007ffb26e3e000 	C:\WINDOWS\System32\USER32.dll
0x00007ffb263b0000 - 0x00007ffb263d2000 	C:\WINDOWS\System32\win32u.dll
0x00007ffb0e420000 - 0x00007ffb0e6ba000 	C:\WINDOWS\WinSxS\amd64_microsoft.windows.common-controls_6595b64144ccf1df_6.0.19041.3636_none_60b6a03d71f818d5\COMCTL32.dll
0x00007ffb27710000 - 0x00007ffb2773c000 	C:\WINDOWS\System32\GDI32.dll
0x00007ffb26950000 - 0x00007ffb26a6a000 	C:\WINDOWS\System32\gdi32full.dll
0x00007ffb27f40000 - 0x00007ffb27fde000 	C:\WINDOWS\System32\msvcrt.dll
0x00007ffb260f0000 - 0x00007ffb2618d000 	C:\WINDOWS\System32\msvcp_win.dll
0x00007ffb27460000 - 0x00007ffb27490000 	C:\WINDOWS\System32\IMM32.DLL
0x00007ffb1f800000 - 0x00007ffb1f80c000 	C:\Program Files\Android\Android Studio1\jbr\bin\vcruntime140_1.dll
0x00007ffb1da80000 - 0x00007ffb1db0d000 	C:\Program Files\Android\Android Studio1\jbr\bin\msvcp140.dll
0x00007ffad9a00000 - 0x00007ffada66d000 	C:\Program Files\Android\Android Studio1\jbr\bin\server\jvm.dll
0x00007ffb284f0000 - 0x00007ffb2859f000 	C:\WINDOWS\System32\ADVAPI32.dll
0x00007ffb27750000 - 0x00007ffb277ec000 	C:\WINDOWS\System32\sechost.dll
0x00007ffb283c0000 - 0x00007ffb284e6000 	C:\WINDOWS\System32\RPCRT4.dll
0x00007ffb23720000 - 0x00007ffb23729000 	C:\WINDOWS\SYSTEM32\WSOCK32.dll
0x00007ffaffb20000 - 0x00007ffaffb47000 	C:\WINDOWS\SYSTEM32\WINMM.dll
0x00007ffb27530000 - 0x00007ffb2759b000 	C:\WINDOWS\System32\WS2_32.dll
0x00007ffb14be0000 - 0x00007ffb14bea000 	C:\WINDOWS\SYSTEM32\VERSION.dll
0x00007ffb23f90000 - 0x00007ffb23fa2000 	C:\WINDOWS\SYSTEM32\kernel.appcore.dll
0x00007ffb21ab0000 - 0x00007ffb21aba000 	C:\Program Files\Android\Android Studio1\jbr\bin\jimage.dll
0x00007ffb0e910000 - 0x00007ffb0eaf4000 	C:\WINDOWS\SYSTEM32\DBGHELP.DLL
0x00007ffb0e7d0000 - 0x00007ffb0e804000 	C:\WINDOWS\SYSTEM32\dbgcore.DLL
0x00007ffb26190000 - 0x00007ffb26212000 	C:\WINDOWS\System32\bcryptPrimitives.dll
0x00007ffb11a60000 - 0x00007ffb11a85000 	C:\Program Files\Android\Android Studio1\jbr\bin\java.dll
0x00007ffb1e510000 - 0x00007ffb1e528000 	C:\Program Files\Android\Android Studio1\jbr\bin\zip.dll
0x00007ffb277f0000 - 0x00007ffb27f34000 	C:\WINDOWS\System32\SHELL32.dll
0x00007ffb241b0000 - 0x00007ffb2494b000 	C:\WINDOWS\SYSTEM32\windows.storage.dll
0x00007ffb28600000 - 0x00007ffb28954000 	C:\WINDOWS\System32\combase.dll
0x00007ffb25a40000 - 0x00007ffb25a6d000 	C:\WINDOWS\SYSTEM32\Wldp.dll
0x00007ffb275a0000 - 0x00007ffb2764d000 	C:\WINDOWS\System32\SHCORE.dll
0x00007ffb28960000 - 0x00007ffb289b5000 	C:\WINDOWS\System32\shlwapi.dll
0x00007ffb26020000 - 0x00007ffb26045000 	C:\WINDOWS\SYSTEM32\profapi.dll
0x00007ffb13370000 - 0x00007ffb13389000 	C:\Program Files\Android\Android Studio1\jbr\bin\net.dll
0x00007ffb20520000 - 0x00007ffb2062a000 	C:\WINDOWS\SYSTEM32\WINHTTP.dll
0x00007ffb257b0000 - 0x00007ffb2581a000 	C:\WINDOWS\system32\mswsock.dll
0x00007ffb13350000 - 0x00007ffb13366000 	C:\Program Files\Android\Android Studio1\jbr\bin\nio.dll
0x00007ffb13340000 - 0x00007ffb13350000 	C:\Program Files\Android\Android Studio1\jbr\bin\verify.dll
0x00007ffb222e0000 - 0x00007ffb22307000 	C:\Users\oals6\.gradle\native\68d5fa5c4cc2d200863cafc0d521ce42e7d3e7ee720ec0a83991735586a16f82\windows-amd64\native-platform.dll
0x00007ffb11ae0000 - 0x00007ffb11c24000 	C:\Users\oals6\.gradle\native\e376f236ea51e6404a007f0833ffe2c6e607c4080706a723a18a27aeea778392\windows-amd64\native-platform-file-events.dll
0x00007ffb13330000 - 0x00007ffb13339000 	C:\Program Files\Android\Android Studio1\jbr\bin\management.dll
0x00007ffb13320000 - 0x00007ffb1332b000 	C:\Program Files\Android\Android Studio1\jbr\bin\management_ext.dll
0x00007ffb27740000 - 0x00007ffb27748000 	C:\WINDOWS\System32\PSAPI.DLL
0x00007ffb259a0000 - 0x00007ffb259b8000 	C:\WINDOWS\SYSTEM32\CRYPTSP.dll
0x00007ffb250f0000 - 0x00007ffb25124000 	C:\WINDOWS\system32\rsaenh.dll
0x00007ffb26380000 - 0x00007ffb263a7000 	C:\WINDOWS\System32\bcrypt.dll
0x00007ffb25fe0000 - 0x00007ffb2600e000 	C:\WINDOWS\SYSTEM32\USERENV.dll
0x00007ffb25e60000 - 0x00007ffb25e6c000 	C:\WINDOWS\SYSTEM32\CRYPTBASE.dll
0x00007ffb254b0000 - 0x00007ffb254eb000 	C:\WINDOWS\SYSTEM32\IPHLPAPI.DLL
0x00007ffb289c0000 - 0x00007ffb289c8000 	C:\WINDOWS\System32\NSI.dll
0x00007ffb14ba0000 - 0x00007ffb14bb7000 	C:\WINDOWS\SYSTEM32\dhcpcsvc6.DLL
0x00007ffb14cb0000 - 0x00007ffb14ccd000 	C:\WINDOWS\SYSTEM32\dhcpcsvc.DLL
0x00007ffb254f0000 - 0x00007ffb255ba000 	C:\WINDOWS\SYSTEM32\DNSAPI.dll
0x00007ffb22460000 - 0x00007ffb22467000 	C:\WINDOWS\system32\wshunix.dll
0x00007ffb1f4d0000 - 0x00007ffb1f4d7000 	C:\Program Files\Android\Android Studio1\jbr\bin\rmi.dll

dbghelp: loaded successfully - version: 4.0.5 - missing functions: none
symbol engine: initialized successfully - sym options: 0x614 - pdb path: .;C:\Program Files\Android\Android Studio1\jbr\bin;C:\WINDOWS\SYSTEM32;C:\WINDOWS\WinSxS\amd64_microsoft.windows.common-controls_6595b64144ccf1df_6.0.19041.3636_none_60b6a03d71f818d5;C:\Program Files\Android\Android Studio1\jbr\bin\server;C:\Users\oals6\.gradle\native\68d5fa5c4cc2d200863cafc0d521ce42e7d3e7ee720ec0a83991735586a16f82\windows-amd64;C:\Users\oals6\.gradle\native\e376f236ea51e6404a007f0833ffe2c6e607c4080706a723a18a27aeea778392\windows-amd64

VM Arguments:
jvm_args: --add-opens=java.base/java.util=ALL-UNNAMED --add-opens=java.base/java.lang=ALL-UNNAMED --add-opens=java.base/java.lang.invoke=ALL-UNNAMED --add-opens=java.prefs/java.util.prefs=ALL-UNNAMED --add-opens=java.base/java.nio.charset=ALL-UNNAMED --add-opens=java.base/java.net=ALL-UNNAMED --add-opens=java.base/java.util.concurrent.atomic=ALL-UNNAMED -Xmx2048m -Dfile.encoding=UTF-8 -Duser.country=KR -Duser.language=ko -Duser.variant 
java_command: org.gradle.launcher.daemon.bootstrap.GradleDaemon 8.0
java_class_path (initial): C:\Users\oals6\.gradle\wrapper\dists\gradle-8.0-bin\ca5e32bp14vu59qr306oxotwh\gradle-8.0\lib\gradle-launcher-8.0.jar
Launcher Type: SUN_STANDARD

[Global flags]
     intx CICompilerCount                          = 3                                         {product} {ergonomic}
     uint ConcGCThreads                            = 1                                         {product} {ergonomic}
     uint G1ConcRefinementThreads                  = 4                                         {product} {ergonomic}
   size_t G1HeapRegionSize                         = 1048576                                   {product} {ergonomic}
    uintx GCDrainStackTargetSize                   = 64                                        {product} {ergonomic}
   size_t InitialHeapSize                          = 60817408                                  {product} {ergonomic}
   size_t MarkStackSize                            = 4194304                                   {product} {ergonomic}
   size_t MaxHeapSize                              = 2147483648                                {product} {command line}
   size_t MaxNewSize                               = 1287651328                                {product} {ergonomic}
   size_t MinHeapDeltaBytes                        = 1048576                                   {product} {ergonomic}
   size_t MinHeapSize                              = 8388608                                   {product} {ergonomic}
    uintx NonNMethodCodeHeapSize                   = 5832780                                {pd product} {ergonomic}
    uintx NonProfiledCodeHeapSize                  = 122912730                              {pd product} {ergonomic}
    uintx ProfiledCodeHeapSize                     = 122912730                              {pd product} {ergonomic}
    uintx ReservedCodeCacheSize                    = 251658240                              {pd product} {ergonomic}
     bool SegmentedCodeCache                       = true                                      {product} {ergonomic}
   size_t SoftMaxHeapSize                          = 2147483648                             {manageable} {ergonomic}
     bool UseCompressedClassPointers               = true                           {product lp64_product} {ergonomic}
     bool UseCompressedOops                        = true                           {product lp64_product} {ergonomic}
     bool UseG1GC                                  = true                                      {product} {ergonomic}
     bool UseLargePagesIndividualAllocation        = false                                  {pd product} {ergonomic}

Logging:
Log output configuration:
 #0: stdout all=warning uptime,level,tags
 #1: stderr all=off uptime,level,tags

Environment Variables:
PATH=C:\oraclexe\app\oracle\product\11.2.0\server\bin;;C:\Program Files\Common Files\Oracle\Java\javapath;C:\WINDOWS\system32;C:\WINDOWS;C:\WINDOWS\System32\Wbem;C:\WINDOWS\System32\WindowsPowerShell\v1.0\;C:\WINDOWS\System32\OpenSSH\;C:\Program Files\Git\cmd;C:\Users\oals6\AppData\Local\Microsoft\WindowsApps;
USERNAME=oals6
OS=Windows_NT
PROCESSOR_IDENTIFIER=Intel64 Family 6 Model 126 Stepping 5, GenuineIntel
TMP=C:\Users\oals6\AppData\Local\Temp
TEMP=C:\Users\oals6\AppData\Local\Temp



---------------  S Y S T E M  ---------------

OS:
 Windows 10 , 64 bit Build 19041 (10.0.19041.3636)
OS uptime: 7 days 2:30 hours

CPU: total 4 (initial active 4) (4 cores per cpu, 2 threads per core) family 6 model 126 stepping 5 microcode 0xb0, cx8, cmov, fxsr, ht, mmx, 3dnowpref, sse, sse2, sse3, ssse3, sse4.1, sse4.2, popcnt, lzcnt, tsc, tscinvbit, avx, avx2, aes, erms, clmul, bmi1, bmi2, adx, avx512f, avx512dq, avx512cd, avx512bw, avx512vl, sha, fma, vzeroupper, avx512_vpopcntdq, avx512_vpclmulqdq, avx512_vaes, avx512_vnni, clflush, clflushopt, avx512_vbmi2, avx512_vbmi

Memory: 4k page, system-wide physical 3682M (183M free)
TotalPageFile size 11053M (AvailPageFile size 420M)
current process WorkingSet (physical memory assigned to process): 270M, peak: 480M
current process commit charge ("private bytes"): 671M, peak: 1337M

vm_info: OpenJDK 64-Bit Server VM (17.0.6+0-b2043.56-9586694) for windows-amd64 JRE (17.0.6+0-b2043.56-9586694), built on Feb  9 2023 20:06:20 by "androidbuild" with MS VC++ 16.10 / 16.11 (VS2019)

END.
