#
# There is insufficient memory for the Java Runtime Environment to continue.
# Native memory allocation (mmap) failed to map 648019968 bytes for G1 virtual space
# Possible reasons:
#   The system is out of physical RAM or swap space
#   The process is running with CompressedOops enabled, and the Java Heap may be blocking the growth of the native heap
# Possible solutions:
#   Reduce memory load on the system
#   Increase physical memory or swap space
#   Check if swap backing store is full
#   Decrease Java heap size (-Xmx/-Xms)
#   Decrease number of Java threads
#   Decrease Java thread stack sizes (-Xss)
#   Set larger code cache with -XX:ReservedCodeCacheSize=
#   JVM is running with Unscaled Compressed Oops mode in which the Java heap is
#     placed in the first 4GB address space. The Java Heap base address is the
#     maximum limit for the native heap growth. Please use -XX:HeapBaseMinAddress
#     to set the Java Heap base and to place the Java Heap above 4GB virtual address.
# This output file may be truncated or incomplete.
#
#  Out of Memory Error (os_windows.cpp:3769), pid=7188, tid=8440
#
# JRE version: OpenJDK Runtime Environment (17.0.6) (build 17.0.6+0-b2043.56-9586694)
# Java VM: OpenJDK 64-Bit Server VM (17.0.6+0-b2043.56-9586694, mixed mode, tiered, compressed oops, compressed class ptrs, g1 gc, windows-amd64)
# No core dump will be written. Minidumps are not enabled by default on client versions of Windows
#

---------------  S U M M A R Y ------------

Command Line: --add-opens=java.base/java.util=ALL-UNNAMED --add-opens=java.base/java.lang=ALL-UNNAMED --add-opens=java.base/java.lang.invoke=ALL-UNNAMED --add-opens=java.prefs/java.util.prefs=ALL-UNNAMED --add-opens=java.base/java.nio.charset=ALL-UNNAMED --add-opens=java.base/java.net=ALL-UNNAMED --add-opens=java.base/java.util.concurrent.atomic=ALL-UNNAMED -Xmx2048m -Dfile.encoding=UTF-8 -Duser.country=KR -Duser.language=ko -Duser.variant org.gradle.launcher.daemon.bootstrap.GradleDaemon 8.0

Host: Intel(R) Core(TM) i5-1035G1 CPU @ 1.00GHz, 4 cores, 3G,  Windows 10 , 64 bit Build 19041 (10.0.19041.3636)
Time: Thu Dec 21 13:11:07 2023  Windows 10 , 64 bit Build 19041 (10.0.19041.3636) elapsed time: 41.843537 seconds (0d 0h 0m 41s)

---------------  T H R E A D  ---------------

Current thread (0x000001fdd5569430):  VMThread "VM Thread" [stack: 0x000000bba6b00000,0x000000bba6c00000] [id=8440]

Stack: [0x000000bba6b00000,0x000000bba6c00000]
Native frames: (J=compiled Java code, j=interpreted, Vv=VM code, C=native code)
V  [jvm.dll+0x683b4a]
V  [jvm.dll+0x842654]
V  [jvm.dll+0x843dfe]
V  [jvm.dll+0x844463]
V  [jvm.dll+0x249b75]
V  [jvm.dll+0x680a19]
V  [jvm.dll+0x674f0a]
V  [jvm.dll+0x309acb]
V  [jvm.dll+0x310f86]
V  [jvm.dll+0x3608ee]
V  [jvm.dll+0x360b1f]
V  [jvm.dll+0x2dfbf8]
V  [jvm.dll+0x2ddec4]
V  [jvm.dll+0x2dd4cc]
V  [jvm.dll+0x322261]
V  [jvm.dll+0x84893b]
V  [jvm.dll+0x849674]
V  [jvm.dll+0x849b8d]
V  [jvm.dll+0x849f64]
V  [jvm.dll+0x84a030]
V  [jvm.dll+0x7f25fa]
V  [jvm.dll+0x682985]
C  [ucrtbase.dll+0x21bb2]
C  [KERNEL32.DLL+0x17344]
C  [ntdll.dll+0x526b1]

VM_Operation (0x000000bbacbfca10): G1TryInitiateConcMark, mode: safepoint, requested by thread 0x000001fdd8fdebe0


---------------  P R O C E S S  ---------------

Threads class SMR info:
_java_thread_list=0x000001fdd9150890, length=90, elements={
0x000001fdbc038490, 0x000001fdd55cbc20, 0x000001fdd55cc820, 0x000001fdd563d550,
0x000001fdd563df10, 0x000001fdd5622da0, 0x000001fdd55fd190, 0x000001fdd600a850,
0x000001fdd600b150, 0x000001fdd600ba50, 0x000001fdd6187340, 0x000001fdd618bc30,
0x000001fdd7abd470, 0x000001fdd7a7ed80, 0x000001fdd84ed050, 0x000001fdd73c8a30,
0x000001fdd8539c30, 0x000001fdd853a8a0, 0x000001fdd85632b0, 0x000001fdd857fef0,
0x000001fdd84b3b50, 0x000001fdd84b49c0, 0x000001fdd84b4e90, 0x000001fdd84b44f0,
0x000001fdd84b3680, 0x000001fdd84b14d0, 0x000001fdd84b2ce0, 0x000001fdd84b19a0,
0x000001fdd84b2340, 0x000001fdd84b2810, 0x000001fdd84b31b0, 0x000001fdda4560a0,
0x000001fdda459590, 0x000001fdda456f10, 0x000001fdda457d80, 0x000001fdda454d60,
0x000001fdda4578b0, 0x000001fdda455700, 0x000001fdda45a8d0, 0x000001fdda455bd0,
0x000001fdda456a40, 0x000001fdda458250, 0x000001fdda45a400, 0x000001fdda458720,
0x000001fdda4543c0, 0x000001fdda4590c0, 0x000001fdda459a60, 0x000001fdda454890,
0x000001fddc037b20, 0x000001fddc036310, 0x000001fddc0367e0, 0x000001fddc032950,
0x000001fddc031140, 0x000001fddc0354a0, 0x000001fddc0337c0, 0x000001fddc036cb0,
0x000001fddc0307a0, 0x000001fddc037180, 0x000001fddc034fd0, 0x000001fddc032e20,
0x000001fddc030c70, 0x000001fddc031610, 0x000001fddc035e40, 0x000001fddc032480,
0x000001fddc034630, 0x000001fddc034160, 0x000001fddc035970, 0x000001fddc031ae0,
0x000001fddc037650, 0x000001fddc0302d0, 0x000001fddc031fb0, 0x000001fddc0332f0,
0x000001fddc033c90, 0x000001fddc034b00, 0x000001fddc10c360, 0x000001fddc1089a0,
0x000001fddc108000, 0x000001fddc10e040, 0x000001fddc10b020, 0x000001fddc10c830,
0x000001fddc10b9c0, 0x000001fddc10f850, 0x000001fddc10b4f0, 0x000001fddc10d6a0,
0x000001fddc109810, 0x000001fddc10e510, 0x000001fdd8fe03f0, 0x000001fdd8fdf580,
0x000001fdd8fe25a0, 0x000001fdd8fdebe0
}

Java Threads: ( => current thread )
  0x000001fdbc038490 JavaThread "main" [_thread_blocked, id=4620, stack(0x000000bba6500000,0x000000bba6600000)]
  0x000001fdd55cbc20 JavaThread "Reference Handler" daemon [_thread_blocked, id=7108, stack(0x000000bba6c00000,0x000000bba6d00000)]
  0x000001fdd55cc820 JavaThread "Finalizer" daemon [_thread_blocked, id=11776, stack(0x000000bba6d00000,0x000000bba6e00000)]
  0x000001fdd563d550 JavaThread "Signal Dispatcher" daemon [_thread_blocked, id=7804, stack(0x000000bba6e00000,0x000000bba6f00000)]
  0x000001fdd563df10 JavaThread "Attach Listener" daemon [_thread_blocked, id=3552, stack(0x000000bba6f00000,0x000000bba7000000)]
  0x000001fdd5622da0 JavaThread "Service Thread" daemon [_thread_blocked, id=4584, stack(0x000000bba7000000,0x000000bba7100000)]
  0x000001fdd55fd190 JavaThread "Monitor Deflation Thread" daemon [_thread_blocked, id=8860, stack(0x000000bba7100000,0x000000bba7200000)]
  0x000001fdd600a850 JavaThread "C2 CompilerThread0" daemon [_thread_blocked, id=3820, stack(0x000000bba7200000,0x000000bba7300000)]
  0x000001fdd600b150 JavaThread "C1 CompilerThread0" daemon [_thread_blocked, id=12108, stack(0x000000bba7300000,0x000000bba7400000)]
  0x000001fdd600ba50 JavaThread "Sweeper thread" daemon [_thread_blocked, id=12800, stack(0x000000bba7400000,0x000000bba7500000)]
  0x000001fdd6187340 JavaThread "Common-Cleaner" daemon [_thread_blocked, id=6560, stack(0x000000bba7500000,0x000000bba7600000)]
  0x000001fdd618bc30 JavaThread "Notification Thread" daemon [_thread_blocked, id=2568, stack(0x000000bba7600000,0x000000bba7700000)]
  0x000001fdd7abd470 JavaThread "Daemon health stats" [_thread_blocked, id=9200, stack(0x000000bba7800000,0x000000bba7900000)]
  0x000001fdd7a7ed80 JavaThread "Incoming local TCP Connector on port 60006" [_thread_in_native, id=10020, stack(0x000000bba7c00000,0x000000bba7d00000)]
  0x000001fdd84ed050 JavaThread "Daemon periodic checks" [_thread_blocked, id=6568, stack(0x000000bba7d00000,0x000000bba7e00000)]
  0x000001fdd73c8a30 JavaThread "Daemon" [_thread_blocked, id=7208, stack(0x000000bba7e00000,0x000000bba7f00000)]
  0x000001fdd8539c30 JavaThread "Handler for socket connection from /127.0.0.1:60006 to /127.0.0.1:60007" [_thread_in_native, id=8676, stack(0x000000bba7f00000,0x000000bba8000000)]
  0x000001fdd853a8a0 JavaThread "Cancel handler" [_thread_blocked, id=11460, stack(0x000000bba8000000,0x000000bba8100000)]
  0x000001fdd85632b0 JavaThread "Daemon worker" [_thread_blocked, id=7916, stack(0x000000bba8100000,0x000000bba8200000)]
  0x000001fdd857fef0 JavaThread "Asynchronous log dispatcher for DefaultDaemonConnection: socket connection from /127.0.0.1:60006 to /127.0.0.1:60007" [_thread_blocked, id=7200, stack(0x000000bba8200000,0x000000bba8300000)]
  0x000001fdd84b3b50 JavaThread "Stdin handler" [_thread_blocked, id=10296, stack(0x000000bba8300000,0x000000bba8400000)]
  0x000001fdd84b49c0 JavaThread "Daemon client event forwarder" [_thread_blocked, id=8212, stack(0x000000bba8400000,0x000000bba8500000)]
  0x000001fdd84b4e90 JavaThread "Cache worker for journal cache (C:\Users\oals6\.gradle\caches\journal-1)" [_thread_blocked, id=11188, stack(0x000000bba8500000,0x000000bba8600000)]
  0x000001fdd84b44f0 JavaThread "File lock request listener" [_thread_in_native, id=3612, stack(0x000000bba8600000,0x000000bba8700000)]
  0x000001fdd84b3680 JavaThread "Cache worker for file hash cache (C:\Users\oals6\.gradle\caches\8.0\fileHashes)" [_thread_blocked, id=5444, stack(0x000000bba8700000,0x000000bba8800000)]
  0x000001fdd84b14d0 JavaThread "File watcher server" daemon [_thread_blocked, id=4056, stack(0x000000bba8800000,0x000000bba8900000)]
  0x000001fdd84b2ce0 JavaThread "File watcher consumer" daemon [_thread_blocked, id=10120, stack(0x000000bba8900000,0x000000bba8a00000)]
  0x000001fdd84b19a0 JavaThread "Cache worker for checksums cache (C:\Users\oals6\AndroidStudioProjects\MyDB\.gradle\8.0\checksums)" [_thread_blocked, id=10572, stack(0x000000bba8a00000,0x000000bba8b00000)]
  0x000001fdd84b2340 JavaThread "Cache worker for cache directory md-rule (C:\Users\oals6\.gradle\caches\8.0\md-rule)" [_thread_blocked, id=8220, stack(0x000000bba8b00000,0x000000bba8c00000)]
  0x000001fdd84b2810 JavaThread "Cache worker for file content cache (C:\Users\oals6\.gradle\caches\8.0\fileContent)" [_thread_blocked, id=10748, stack(0x000000bba8c00000,0x000000bba8d00000)]
  0x000001fdd84b31b0 JavaThread "Cache worker for file hash cache (C:\Users\oals6\AndroidStudioProjects\MyDB\.gradle\8.0\fileHashes)" [_thread_blocked, id=1188, stack(0x000000bba8d00000,0x000000bba8e00000)]
  0x000001fdda4560a0 JavaThread "Cache worker for cache directory md-supplier (C:\Users\oals6\.gradle\caches\8.0\md-supplier)" [_thread_blocked, id=7720, stack(0x000000bba8e00000,0x000000bba8f00000)]
  0x000001fdda459590 JavaThread "Cache worker for execution history cache (C:\Users\oals6\.gradle\caches\8.0\executionHistory)" [_thread_blocked, id=13128, stack(0x000000bba8f00000,0x000000bba9000000)]
  0x000001fdda456f10 JavaThread "jar transforms" [_thread_blocked, id=436, stack(0x000000bba9000000,0x000000bba9100000)]
  0x000001fdda457d80 JavaThread "jar transforms Thread 2" [_thread_blocked, id=9192, stack(0x000000bba9100000,0x000000bba9200000)]
  0x000001fdda454d60 JavaThread "jar transforms Thread 3" [_thread_blocked, id=11104, stack(0x000000bba9300000,0x000000bba9400000)]
  0x000001fdda4578b0 JavaThread "jar transforms Thread 4" [_thread_blocked, id=10196, stack(0x000000bba9400000,0x000000bba9500000)]
  0x000001fdda455700 JavaThread "Cache worker for dependencies-accessors (C:\Users\oals6\AndroidStudioProjects\MyDB\.gradle\8.0\dependencies-accessors)" [_thread_blocked, id=11024, stack(0x000000bba9500000,0x000000bba9600000)]
  0x000001fdda45a8d0 JavaThread "Cache worker for Build Output Cleanup Cache (C:\Users\oals6\AndroidStudioProjects\MyDB\.gradle\buildOutputCleanup)" [_thread_blocked, id=10928, stack(0x000000bba9200000,0x000000bba9300000)]
  0x000001fdda455bd0 JavaThread "Unconstrained build operations" [_thread_blocked, id=9720, stack(0x000000bba9600000,0x000000bba9700000)]
  0x000001fdda456a40 JavaThread "Unconstrained build operations Thread 2" [_thread_blocked, id=11860, stack(0x000000bba9700000,0x000000bba9800000)]
  0x000001fdda458250 JavaThread "Unconstrained build operations Thread 3" [_thread_blocked, id=11956, stack(0x000000bba9800000,0x000000bba9900000)]
  0x000001fdda45a400 JavaThread "Unconstrained build operations Thread 4" [_thread_blocked, id=3724, stack(0x000000bba9900000,0x000000bba9a00000)]
  0x000001fdda458720 JavaThread "Unconstrained build operations Thread 5" [_thread_blocked, id=6068, stack(0x000000bba9a00000,0x000000bba9b00000)]
  0x000001fdda4543c0 JavaThread "Unconstrained build operations Thread 6" [_thread_blocked, id=7996, stack(0x000000bba9b00000,0x000000bba9c00000)]
  0x000001fdda4590c0 JavaThread "Unconstrained build operations Thread 7" [_thread_blocked, id=9788, stack(0x000000bba9c00000,0x000000bba9d00000)]
  0x000001fdda459a60 JavaThread "Unconstrained build operations Thread 8" [_thread_blocked, id=9228, stack(0x000000bba9d00000,0x000000bba9e00000)]
  0x000001fdda454890 JavaThread "Unconstrained build operations Thread 9" [_thread_blocked, id=10524, stack(0x000000bba9e00000,0x000000bba9f00000)]
  0x000001fddc037b20 JavaThread "Unconstrained build operations Thread 10" [_thread_blocked, id=68, stack(0x000000bba9f00000,0x000000bbaa000000)]
  0x000001fddc036310 JavaThread "Unconstrained build operations Thread 11" [_thread_blocked, id=12404, stack(0x000000bbaa000000,0x000000bbaa100000)]
  0x000001fddc0367e0 JavaThread "Unconstrained build operations Thread 12" [_thread_blocked, id=11972, stack(0x000000bbaa100000,0x000000bbaa200000)]
  0x000001fddc032950 JavaThread "Unconstrained build operations Thread 13" [_thread_blocked, id=6284, stack(0x000000bbaa200000,0x000000bbaa300000)]
  0x000001fddc031140 JavaThread "Unconstrained build operations Thread 14" [_thread_blocked, id=11496, stack(0x000000bbaa300000,0x000000bbaa400000)]
  0x000001fddc0354a0 JavaThread "Unconstrained build operations Thread 15" [_thread_blocked, id=2916, stack(0x000000bbaa400000,0x000000bbaa500000)]
  0x000001fddc0337c0 JavaThread "Unconstrained build operations Thread 16" [_thread_blocked, id=9340, stack(0x000000bbaa500000,0x000000bbaa600000)]
  0x000001fddc036cb0 JavaThread "Unconstrained build operations Thread 17" [_thread_blocked, id=11700, stack(0x000000bbaa600000,0x000000bbaa700000)]
  0x000001fddc0307a0 JavaThread "Unconstrained build operations Thread 18" [_thread_blocked, id=1856, stack(0x000000bbaa700000,0x000000bbaa800000)]
  0x000001fddc037180 JavaThread "Unconstrained build operations Thread 19" [_thread_blocked, id=1932, stack(0x000000bbaa800000,0x000000bbaa900000)]
  0x000001fddc034fd0 JavaThread "Unconstrained build operations Thread 20" [_thread_blocked, id=4284, stack(0x000000bbaa900000,0x000000bbaaa00000)]
  0x000001fddc032e20 JavaThread "Unconstrained build operations Thread 21" [_thread_blocked, id=13280, stack(0x000000bbaaa00000,0x000000bbaab00000)]
  0x000001fddc030c70 JavaThread "Unconstrained build operations Thread 22" [_thread_blocked, id=12392, stack(0x000000bbaab00000,0x000000bbaac00000)]
  0x000001fddc031610 JavaThread "Unconstrained build operations Thread 23" [_thread_blocked, id=12612, stack(0x000000bbaac00000,0x000000bbaad00000)]
  0x000001fddc035e40 JavaThread "Unconstrained build operations Thread 24" [_thread_blocked, id=12308, stack(0x000000bbaad00000,0x000000bbaae00000)]
  0x000001fddc032480 JavaThread "Unconstrained build operations Thread 25" [_thread_blocked, id=11924, stack(0x000000bbaae00000,0x000000bbaaf00000)]
  0x000001fddc034630 JavaThread "Unconstrained build operations Thread 26" [_thread_blocked, id=2492, stack(0x000000bbaaf00000,0x000000bbab000000)]
  0x000001fddc034160 JavaThread "Unconstrained build operations Thread 27" [_thread_blocked, id=11764, stack(0x000000bbab000000,0x000000bbab100000)]
  0x000001fddc035970 JavaThread "Unconstrained build operations Thread 28" [_thread_blocked, id=11932, stack(0x000000bbab100000,0x000000bbab200000)]
  0x000001fddc031ae0 JavaThread "Unconstrained build operations Thread 29" [_thread_blocked, id=2924, stack(0x000000bbab200000,0x000000bbab300000)]
  0x000001fddc037650 JavaThread "Unconstrained build operations Thread 30" [_thread_blocked, id=13292, stack(0x000000bbab300000,0x000000bbab400000)]
  0x000001fddc0302d0 JavaThread "Unconstrained build operations Thread 31" [_thread_blocked, id=9824, stack(0x000000bbab400000,0x000000bbab500000)]
  0x000001fddc031fb0 JavaThread "Unconstrained build operations Thread 32" [_thread_blocked, id=5868, stack(0x000000bbab500000,0x000000bbab600000)]
  0x000001fddc0332f0 JavaThread "Unconstrained build operations Thread 33" [_thread_blocked, id=7756, stack(0x000000bbab600000,0x000000bbab700000)]
  0x000001fddc033c90 JavaThread "Unconstrained build operations Thread 34" [_thread_blocked, id=10384, stack(0x000000bbab700000,0x000000bbab800000)]
  0x000001fddc034b00 JavaThread "Unconstrained build operations Thread 35" [_thread_blocked, id=8796, stack(0x000000bbab800000,0x000000bbab900000)]
  0x000001fddc10c360 JavaThread "Unconstrained build operations Thread 36" [_thread_blocked, id=7456, stack(0x000000bbab900000,0x000000bbaba00000)]
  0x000001fddc1089a0 JavaThread "Unconstrained build operations Thread 37" [_thread_blocked, id=10180, stack(0x000000bbaba00000,0x000000bbabb00000)]
  0x000001fddc108000 JavaThread "Unconstrained build operations Thread 38" [_thread_blocked, id=4180, stack(0x000000bbabb00000,0x000000bbabc00000)]
  0x000001fddc10e040 JavaThread "Unconstrained build operations Thread 39" [_thread_blocked, id=12944, stack(0x000000bbabc00000,0x000000bbabd00000)]
  0x000001fddc10b020 JavaThread "Unconstrained build operations Thread 40" [_thread_blocked, id=11360, stack(0x000000bbabd00000,0x000000bbabe00000)]
  0x000001fddc10c830 JavaThread "build event listener" [_thread_blocked, id=7128, stack(0x000000bbabf00000,0x000000bbac000000)]
  0x000001fddc10b9c0 JavaThread "Memory manager" [_thread_blocked, id=11232, stack(0x000000bbac000000,0x000000bbac100000)]
  0x000001fddc10f850 JavaThread "included builds" [_thread_blocked, id=11680, stack(0x000000bbabe00000,0x000000bbabf00000)]
  0x000001fddc10b4f0 JavaThread "Execution worker" [_thread_blocked, id=6504, stack(0x000000bbac100000,0x000000bbac200000)]
  0x000001fddc10d6a0 JavaThread "Execution worker Thread 2" [_thread_blocked, id=7288, stack(0x000000bbac200000,0x000000bbac300000)]
  0x000001fddc109810 JavaThread "Execution worker Thread 3" [_thread_blocked, id=5104, stack(0x000000bbac300000,0x000000bbac400000)]
  0x000001fddc10e510 JavaThread "Cache worker for execution history cache (C:\Users\oals6\AndroidStudioProjects\MyDB\.gradle\8.0\executionHistory)" [_thread_blocked, id=2632, stack(0x000000bbac400000,0x000000bbac500000)]
  0x000001fdd8fe03f0 JavaThread "WorkerExecutor Queue" [_thread_blocked, id=12472, stack(0x000000bbac700000,0x000000bbac800000)]
  0x000001fdd8fdf580 JavaThread "WorkerExecutor Queue Thread 2" [_thread_blocked, id=12040, stack(0x000000bbac800000,0x000000bbac900000)]
  0x000001fdd8fe25a0 JavaThread "WorkerExecutor Queue Thread 3" [_thread_blocked, id=6412, stack(0x000000bbac900000,0x000000bbaca00000)]
  0x000001fdd8fdebe0 JavaThread "WorkerExecutor Queue Thread 5" [_thread_blocked, id=10388, stack(0x000000bbacb00000,0x000000bbacc00000)]

Other Threads:
=>0x000001fdd5569430 VMThread "VM Thread" [stack: 0x000000bba6b00000,0x000000bba6c00000] [id=8440]
  0x000001fdbc0b7a30 WatcherThread [stack: 0x000000bba7700000,0x000000bba7800000] [id=5440]
  0x000001fdbc095b90 GCTaskThread "GC Thread#0" [stack: 0x000000bba6600000,0x000000bba6700000] [id=8372]
  0x000001fdd6521b00 GCTaskThread "GC Thread#1" [stack: 0x000000bba7900000,0x000000bba7a00000] [id=1892]
  0x000001fdd6521db0 GCTaskThread "GC Thread#2" [stack: 0x000000bba7a00000,0x000000bba7b00000] [id=9732]
  0x000001fdd6ef85a0 GCTaskThread "GC Thread#3" [stack: 0x000000bba7b00000,0x000000bba7c00000] [id=9908]
  0x000001fdbc0a69e0 ConcurrentGCThread "G1 Main Marker" [stack: 0x000000bba6700000,0x000000bba6800000] [id=12816]
  0x000001fdbc0a7300 ConcurrentGCThread "G1 Conc#0" [stack: 0x000000bba6800000,0x000000bba6900000] [id=5628]
  0x000001fdbc0e93a0 ConcurrentGCThread "G1 Refine#0" [stack: 0x000000bba6900000,0x000000bba6a00000] [id=8196]
  0x000001fdbc0e9cd0 ConcurrentGCThread "G1 Service" [stack: 0x000000bba6a00000,0x000000bba6b00000] [id=10396]

Threads with active compile tasks:
C2 CompilerThread0    41959 15336       4       com.android.tools.r8.internal.kM::next (13 bytes)
C1 CompilerThread0    41959 15369       2       com.android.tools.r8.dex.code.B1::a (28 bytes)

VM state: at safepoint (normal execution)

VM Mutex/Monitor currently owned by a thread:  ([mutex/lock_event])
[0x000001fdbc0346d0] Threads_lock - owner thread: 0x000001fdd5569430
[0x000001fdbc035210] Heap_lock - owner thread: 0x000001fdd8fdebe0

Heap address: 0x0000000080000000, size: 2048 MB, Compressed Oops mode: 32-bit

CDS archive(s) not mapped
Compressed class space mapped at: 0x0000000100000000-0x0000000140000000, reserved size: 1073741824
Narrow klass base: 0x0000000000000000, Narrow klass shift: 3, Narrow klass range: 0x140000000

GC Precious Log:
 CPUs: 4 total, 4 available
 Memory: 3682M
 Large Page Support: Disabled
 NUMA Support: Disabled
 Compressed Oops: Enabled (32-bit)
 Heap Region Size: 1M
 Heap Min Capacity: 8M
 Heap Initial Capacity: 58M
 Heap Max Capacity: 2G
 Pre-touch: Disabled
 Parallel Workers: 4
 Concurrent Workers: 1
 Concurrent Refinement Workers: 4
 Periodic GC: Disabled

Heap:
 garbage-first heap   total 316416K, used 141995K [0x0000000080000000, 0x0000000100000000)
  region size 1024K, 5 young (5120K), 5 survivors (5120K)
 Metaspace       used 113743K, committed 114496K, reserved 1155072K
  class space    used 15595K, committed 15936K, reserved 1048576K

Heap Regions: E=young(eden), S=young(survivor), O=old, HS=humongous(starts), HC=humongous(continues), CS=collection set, F=free, OA=open archive, CA=closed archive, TAMS=top-at-mark-start (previous, next)
|   0|0x0000000080000000, 0x0000000080100000, 0x0000000080100000|100%| O|  |TAMS 0x0000000080100000, 0x0000000080100000| Untracked 
|   1|0x0000000080100000, 0x0000000080200000, 0x0000000080200000|100%| O|  |TAMS 0x0000000080200000, 0x0000000080200000| Untracked 
|   2|0x0000000080200000, 0x0000000080300000, 0x0000000080300000|100%|HS|  |TAMS 0x0000000080300000, 0x0000000080300000| Complete 
|   3|0x0000000080300000, 0x0000000080400000, 0x0000000080400000|100%|HC|  |TAMS 0x0000000080400000, 0x0000000080400000| Complete 
|   4|0x0000000080400000, 0x0000000080500000, 0x0000000080500000|100%|HC|  |TAMS 0x0000000080500000, 0x0000000080500000| Complete 
|   5|0x0000000080500000, 0x0000000080600000, 0x0000000080600000|100%|HC|  |TAMS 0x0000000080600000, 0x0000000080600000| Complete 
|   6|0x0000000080600000, 0x0000000080700000, 0x0000000080700000|100%| O|  |TAMS 0x0000000080700000, 0x0000000080700000| Untracked 
|   7|0x0000000080700000, 0x0000000080800000, 0x0000000080800000|100%| O|  |TAMS 0x0000000080800000, 0x0000000080800000| Untracked 
|   8|0x0000000080800000, 0x0000000080900000, 0x0000000080900000|100%| O|  |TAMS 0x0000000080900000, 0x0000000080900000| Untracked 
|   9|0x0000000080900000, 0x0000000080a00000, 0x0000000080a00000|100%| O|  |TAMS 0x0000000080a00000, 0x0000000080a00000| Untracked 
|  10|0x0000000080a00000, 0x0000000080b00000, 0x0000000080b00000|100%| O|  |TAMS 0x0000000080b00000, 0x0000000080b00000| Untracked 
|  11|0x0000000080b00000, 0x0000000080c00000, 0x0000000080c00000|100%| O|  |TAMS 0x0000000080c00000, 0x0000000080c00000| Untracked 
|  12|0x0000000080c00000, 0x0000000080d00000, 0x0000000080d00000|100%| O|  |TAMS 0x0000000080d00000, 0x0000000080d00000| Untracked 
|  13|0x0000000080d00000, 0x0000000080e00000, 0x0000000080e00000|100%| O|  |TAMS 0x0000000080e00000, 0x0000000080e00000| Untracked 
|  14|0x0000000080e00000, 0x0000000080f00000, 0x0000000080f00000|100%| O|  |TAMS 0x0000000080f00000, 0x0000000080f00000| Untracked 
|  15|0x0000000080f00000, 0x0000000081000000, 0x0000000081000000|100%| O|  |TAMS 0x0000000081000000, 0x0000000081000000| Untracked 
|  16|0x0000000081000000, 0x0000000081100000, 0x0000000081100000|100%| O|  |TAMS 0x0000000081100000, 0x0000000081100000| Untracked 
|  17|0x0000000081100000, 0x0000000081200000, 0x0000000081200000|100%| O|  |TAMS 0x0000000081200000, 0x0000000081200000| Untracked 
|  18|0x0000000081200000, 0x0000000081300000, 0x0000000081300000|100%| O|  |TAMS 0x0000000081300000, 0x0000000081300000| Untracked 
|  19|0x0000000081300000, 0x0000000081400000, 0x0000000081400000|100%| O|  |TAMS 0x0000000081400000, 0x0000000081400000| Untracked 
|  20|0x0000000081400000, 0x0000000081500000, 0x0000000081500000|100%| O|  |TAMS 0x0000000081500000, 0x0000000081500000| Untracked 
|  21|0x0000000081500000, 0x0000000081600000, 0x0000000081600000|100%| O|  |TAMS 0x0000000081600000, 0x0000000081600000| Untracked 
|  22|0x0000000081600000, 0x0000000081700000, 0x0000000081700000|100%| O|  |TAMS 0x0000000081700000, 0x0000000081700000| Untracked 
|  23|0x0000000081700000, 0x0000000081800000, 0x0000000081800000|100%| O|  |TAMS 0x0000000081800000, 0x0000000081800000| Untracked 
|  24|0x0000000081800000, 0x0000000081900000, 0x0000000081900000|100%| O|  |TAMS 0x0000000081900000, 0x0000000081900000| Untracked 
|  25|0x0000000081900000, 0x0000000081a00000, 0x0000000081a00000|100%| O|  |TAMS 0x0000000081a00000, 0x0000000081a00000| Untracked 
|  26|0x0000000081a00000, 0x0000000081b00000, 0x0000000081b00000|100%| O|  |TAMS 0x0000000081b00000, 0x0000000081b00000| Untracked 
|  27|0x0000000081b00000, 0x0000000081c00000, 0x0000000081c00000|100%| O|  |TAMS 0x0000000081c00000, 0x0000000081c00000| Untracked 
|  28|0x0000000081c00000, 0x0000000081d00000, 0x0000000081d00000|100%| O|  |TAMS 0x0000000081d00000, 0x0000000081d00000| Untracked 
|  29|0x0000000081d00000, 0x0000000081e00000, 0x0000000081e00000|100%| O|  |TAMS 0x0000000081e00000, 0x0000000081e00000| Untracked 
|  30|0x0000000081e00000, 0x0000000081f00000, 0x0000000081f00000|100%| O|  |TAMS 0x0000000081f00000, 0x0000000081f00000| Untracked 
|  31|0x0000000081f00000, 0x0000000082000000, 0x0000000082000000|100%| O|  |TAMS 0x0000000082000000, 0x0000000082000000| Untracked 
|  32|0x0000000082000000, 0x0000000082100000, 0x0000000082100000|100%| O|  |TAMS 0x0000000082100000, 0x0000000082100000| Untracked 
|  33|0x0000000082100000, 0x0000000082200000, 0x0000000082200000|100%| O|  |TAMS 0x0000000082200000, 0x0000000082200000| Untracked 
|  34|0x0000000082200000, 0x0000000082300000, 0x0000000082300000|100%| O|  |TAMS 0x0000000082300000, 0x0000000082300000| Untracked 
|  35|0x0000000082300000, 0x0000000082300000, 0x0000000082400000|  0%| F|  |TAMS 0x0000000082300000, 0x0000000082300000| Untracked 
|  36|0x0000000082400000, 0x0000000082500000, 0x0000000082500000|100%| O|  |TAMS 0x0000000082400000, 0x0000000082500000| Untracked 
|  37|0x0000000082500000, 0x0000000082600000, 0x0000000082600000|100%| O|  |TAMS 0x0000000082600000, 0x0000000082600000| Untracked 
|  38|0x0000000082600000, 0x0000000082700000, 0x0000000082700000|100%|HS|  |TAMS 0x0000000082700000, 0x0000000082700000| Complete 
|  39|0x0000000082700000, 0x0000000082800000, 0x0000000082800000|100%|HS|  |TAMS 0x0000000082800000, 0x0000000082800000| Complete 
|  40|0x0000000082800000, 0x0000000082900000, 0x0000000082900000|100%|HS|  |TAMS 0x0000000082900000, 0x0000000082900000| Complete 
|  41|0x0000000082900000, 0x0000000082a00000, 0x0000000082a00000|100%| O|  |TAMS 0x0000000082a00000, 0x0000000082a00000| Untracked 
|  42|0x0000000082a00000, 0x0000000082b00000, 0x0000000082b00000|100%| O|  |TAMS 0x0000000082b00000, 0x0000000082b00000| Untracked 
|  43|0x0000000082b00000, 0x0000000082c00000, 0x0000000082c00000|100%|HS|  |TAMS 0x0000000082c00000, 0x0000000082c00000| Complete 
|  44|0x0000000082c00000, 0x0000000082d00000, 0x0000000082d00000|100%|HC|  |TAMS 0x0000000082d00000, 0x0000000082d00000| Complete 
|  45|0x0000000082d00000, 0x0000000082e00000, 0x0000000082e00000|100%|HC|  |TAMS 0x0000000082e00000, 0x0000000082e00000| Complete 
|  46|0x0000000082e00000, 0x0000000082f00000, 0x0000000082f00000|100%|HC|  |TAMS 0x0000000082f00000, 0x0000000082f00000| Complete 
|  47|0x0000000082f00000, 0x0000000083000000, 0x0000000083000000|100%| O|  |TAMS 0x0000000083000000, 0x0000000083000000| Untracked 
|  48|0x0000000083000000, 0x0000000083100000, 0x0000000083100000|100%| O|  |TAMS 0x0000000083100000, 0x0000000083100000| Untracked 
|  49|0x0000000083100000, 0x0000000083200000, 0x0000000083200000|100%| O|  |TAMS 0x0000000083200000, 0x0000000083200000| Untracked 
|  50|0x0000000083200000, 0x0000000083300000, 0x0000000083300000|100%| O|  |TAMS 0x0000000083300000, 0x0000000083300000| Untracked 
|  51|0x0000000083300000, 0x0000000083400000, 0x0000000083400000|100%| O|  |TAMS 0x0000000083400000, 0x0000000083400000| Untracked 
|  52|0x0000000083400000, 0x0000000083500000, 0x0000000083500000|100%| O|  |TAMS 0x0000000083500000, 0x0000000083500000| Untracked 
|  53|0x0000000083500000, 0x0000000083600000, 0x0000000083600000|100%| O|  |TAMS 0x0000000083600000, 0x0000000083600000| Untracked 
|  54|0x0000000083600000, 0x0000000083700000, 0x0000000083700000|100%| O|  |TAMS 0x0000000083700000, 0x0000000083700000| Untracked 
|  55|0x0000000083700000, 0x0000000083800000, 0x0000000083800000|100%| O|  |TAMS 0x0000000083800000, 0x0000000083800000| Untracked 
|  56|0x0000000083800000, 0x0000000083900000, 0x0000000083900000|100%| O|  |TAMS 0x0000000083900000, 0x0000000083900000| Untracked 
|  57|0x0000000083900000, 0x0000000083a00000, 0x0000000083a00000|100%| O|  |TAMS 0x0000000083a00000, 0x0000000083a00000| Untracked 
|  58|0x0000000083a00000, 0x0000000083b00000, 0x0000000083b00000|100%| O|  |TAMS 0x0000000083b00000, 0x0000000083b00000| Untracked 
|  59|0x0000000083b00000, 0x0000000083c00000, 0x0000000083c00000|100%| O|  |TAMS 0x0000000083c00000, 0x0000000083c00000| Untracked 
|  60|0x0000000083c00000, 0x0000000083d00000, 0x0000000083d00000|100%| O|  |TAMS 0x0000000083d00000, 0x0000000083d00000| Untracked 
|  61|0x0000000083d00000, 0x0000000083e00000, 0x0000000083e00000|100%| O|  |TAMS 0x0000000083e00000, 0x0000000083e00000| Untracked 
|  62|0x0000000083e00000, 0x0000000083f00000, 0x0000000083f00000|100%| O|  |TAMS 0x0000000083f00000, 0x0000000083f00000| Untracked 
|  63|0x0000000083f00000, 0x0000000084000000, 0x0000000084000000|100%| O|  |TAMS 0x0000000084000000, 0x0000000084000000| Untracked 
|  64|0x0000000084000000, 0x0000000084100000, 0x0000000084100000|100%| O|  |TAMS 0x0000000084100000, 0x0000000084100000| Untracked 
|  65|0x0000000084100000, 0x0000000084200000, 0x0000000084200000|100%| O|  |TAMS 0x0000000084200000, 0x0000000084200000| Untracked 
|  66|0x0000000084200000, 0x0000000084300000, 0x0000000084300000|100%| O|  |TAMS 0x0000000084300000, 0x0000000084300000| Untracked 
|  67|0x0000000084300000, 0x0000000084400000, 0x0000000084400000|100%| O|  |TAMS 0x0000000084400000, 0x0000000084400000| Untracked 
|  68|0x0000000084400000, 0x0000000084500000, 0x0000000084500000|100%| O|  |TAMS 0x0000000084500000, 0x0000000084500000| Untracked 
|  69|0x0000000084500000, 0x0000000084600000, 0x0000000084600000|100%| O|  |TAMS 0x0000000084600000, 0x0000000084600000| Untracked 
|  70|0x0000000084600000, 0x0000000084700000, 0x0000000084700000|100%| O|  |TAMS 0x0000000084700000, 0x0000000084700000| Untracked 
|  71|0x0000000084700000, 0x0000000084800000, 0x0000000084800000|100%| O|  |TAMS 0x0000000084800000, 0x0000000084800000| Untracked 
|  72|0x0000000084800000, 0x0000000084900000, 0x0000000084900000|100%| O|  |TAMS 0x0000000084900000, 0x0000000084900000| Untracked 
|  73|0x0000000084900000, 0x0000000084a00000, 0x0000000084a00000|100%| O|  |TAMS 0x0000000084a00000, 0x0000000084a00000| Untracked 
|  74|0x0000000084a00000, 0x0000000084b00000, 0x0000000084b00000|100%| O|  |TAMS 0x0000000084b00000, 0x0000000084b00000| Untracked 
|  75|0x0000000084b00000, 0x0000000084c00000, 0x0000000084c00000|100%| O|  |TAMS 0x0000000084c00000, 0x0000000084c00000| Untracked 
|  76|0x0000000084c00000, 0x0000000084d00000, 0x0000000084d00000|100%| O|  |TAMS 0x0000000084d00000, 0x0000000084d00000| Untracked 
|  77|0x0000000084d00000, 0x0000000084e00000, 0x0000000084e00000|100%| O|  |TAMS 0x0000000084e00000, 0x0000000084e00000| Untracked 
|  78|0x0000000084e00000, 0x0000000084f00000, 0x0000000084f00000|100%| O|  |TAMS 0x0000000084f00000, 0x0000000084f00000| Untracked 
|  79|0x0000000084f00000, 0x0000000085000000, 0x0000000085000000|100%| O|  |TAMS 0x0000000085000000, 0x0000000085000000| Untracked 
|  80|0x0000000085000000, 0x0000000085100000, 0x0000000085100000|100%| O|  |TAMS 0x0000000085100000, 0x0000000085100000| Untracked 
|  81|0x0000000085100000, 0x0000000085200000, 0x0000000085200000|100%| O|  |TAMS 0x0000000085200000, 0x0000000085200000| Untracked 
|  82|0x0000000085200000, 0x0000000085300000, 0x0000000085300000|100%| O|  |TAMS 0x0000000085300000, 0x0000000085300000| Untracked 
|  83|0x0000000085300000, 0x0000000085400000, 0x0000000085400000|100%| O|  |TAMS 0x0000000085400000, 0x0000000085400000| Untracked 
|  84|0x0000000085400000, 0x0000000085500000, 0x0000000085500000|100%| O|  |TAMS 0x0000000085500000, 0x0000000085500000| Untracked 
|  85|0x0000000085500000, 0x0000000085600000, 0x0000000085600000|100%| O|  |TAMS 0x0000000085600000, 0x0000000085600000| Untracked 
|  86|0x0000000085600000, 0x0000000085700000, 0x0000000085700000|100%| O|  |TAMS 0x0000000085700000, 0x0000000085700000| Untracked 
|  87|0x0000000085700000, 0x0000000085800000, 0x0000000085800000|100%| O|  |TAMS 0x0000000085800000, 0x0000000085800000| Untracked 
|  88|0x0000000085800000, 0x0000000085900000, 0x0000000085900000|100%| O|  |TAMS 0x0000000085900000, 0x0000000085900000| Untracked 
|  89|0x0000000085900000, 0x0000000085a00000, 0x0000000085a00000|100%| O|  |TAMS 0x0000000085a00000, 0x0000000085a00000| Untracked 
|  90|0x0000000085a00000, 0x0000000085b00000, 0x0000000085b00000|100%| O|  |TAMS 0x0000000085b00000, 0x0000000085b00000| Untracked 
|  91|0x0000000085b00000, 0x0000000085c00000, 0x0000000085c00000|100%| O|  |TAMS 0x0000000085c00000, 0x0000000085c00000| Untracked 
|  92|0x0000000085c00000, 0x0000000085d00000, 0x0000000085d00000|100%| O|  |TAMS 0x0000000085d00000, 0x0000000085d00000| Untracked 
|  93|0x0000000085d00000, 0x0000000085e00000, 0x0000000085e00000|100%| O|  |TAMS 0x0000000085e00000, 0x0000000085e00000| Untracked 
|  94|0x0000000085e00000, 0x0000000085f00000, 0x0000000085f00000|100%| O|  |TAMS 0x0000000085f00000, 0x0000000085f00000| Untracked 
|  95|0x0000000085f00000, 0x0000000086000000, 0x0000000086000000|100%| O|  |TAMS 0x0000000086000000, 0x0000000086000000| Untracked 
|  96|0x0000000086000000, 0x0000000086100000, 0x0000000086100000|100%| O|  |TAMS 0x0000000086100000, 0x0000000086100000| Untracked 
|  97|0x0000000086100000, 0x0000000086200000, 0x0000000086200000|100%| O|  |TAMS 0x0000000086200000, 0x0000000086200000| Untracked 
|  98|0x0000000086200000, 0x0000000086300000, 0x0000000086300000|100%| O|  |TAMS 0x0000000086300000, 0x0000000086300000| Untracked 
|  99|0x0000000086300000, 0x0000000086400000, 0x0000000086400000|100%| O|  |TAMS 0x0000000086400000, 0x0000000086400000| Untracked 
| 100|0x0000000086400000, 0x0000000086500000, 0x0000000086500000|100%| O|  |TAMS 0x0000000086500000, 0x0000000086500000| Untracked 
| 101|0x0000000086500000, 0x0000000086600000, 0x0000000086600000|100%| O|  |TAMS 0x0000000086600000, 0x0000000086600000| Untracked 
| 102|0x0000000086600000, 0x0000000086700000, 0x0000000086700000|100%| O|  |TAMS 0x0000000086700000, 0x0000000086700000| Untracked 
| 103|0x0000000086700000, 0x0000000086800000, 0x0000000086800000|100%| O|  |TAMS 0x0000000086800000, 0x0000000086800000| Untracked 
| 104|0x0000000086800000, 0x0000000086800000, 0x0000000086900000|  0%| F|  |TAMS 0x0000000086800000, 0x0000000086800000| Untracked 
| 105|0x0000000086900000, 0x0000000086a00000, 0x0000000086a00000|100%| O|  |TAMS 0x0000000086900000, 0x0000000086a00000| Untracked 
| 106|0x0000000086a00000, 0x0000000086b00000, 0x0000000086b00000|100%|HS|  |TAMS 0x0000000086a00000, 0x0000000086b00000| Complete 
| 107|0x0000000086b00000, 0x0000000086c00000, 0x0000000086c00000|100%|HC|  |TAMS 0x0000000086b00000, 0x0000000086c00000| Complete 
| 108|0x0000000086c00000, 0x0000000086d00000, 0x0000000086d00000|100%| O|  |TAMS 0x0000000086c00000, 0x0000000086d00000| Untracked 
| 109|0x0000000086d00000, 0x0000000086e00000, 0x0000000086e00000|100%| O|  |TAMS 0x0000000086d00000, 0x0000000086e00000| Untracked 
| 110|0x0000000086e00000, 0x0000000086f00000, 0x0000000086f00000|100%| O|  |TAMS 0x0000000086e00000, 0x0000000086f00000| Untracked 
| 111|0x0000000086f00000, 0x0000000087000000, 0x0000000087000000|100%| O|  |TAMS 0x0000000086f00000, 0x0000000087000000| Untracked 
| 112|0x0000000087000000, 0x0000000087100000, 0x0000000087100000|100%| O|  |TAMS 0x0000000087000000, 0x0000000087100000| Untracked 
| 113|0x0000000087100000, 0x0000000087200000, 0x0000000087200000|100%| O|  |TAMS 0x0000000087100000, 0x0000000087200000| Untracked 
| 114|0x0000000087200000, 0x0000000087300000, 0x0000000087300000|100%| O|  |TAMS 0x0000000087200000, 0x0000000087300000| Untracked 
| 115|0x0000000087300000, 0x0000000087400000, 0x0000000087400000|100%| O|  |TAMS 0x0000000087300000, 0x0000000087400000| Untracked 
| 116|0x0000000087400000, 0x0000000087500000, 0x0000000087500000|100%| O|  |TAMS 0x0000000087400000, 0x0000000087500000| Untracked 
| 117|0x0000000087500000, 0x0000000087600000, 0x0000000087600000|100%| O|  |TAMS 0x0000000087500000, 0x0000000087600000| Untracked 
| 118|0x0000000087600000, 0x0000000087700000, 0x0000000087700000|100%| O|  |TAMS 0x0000000087600000, 0x0000000087700000| Untracked 
| 119|0x0000000087700000, 0x0000000087800000, 0x0000000087800000|100%|HS|  |TAMS 0x0000000087700000, 0x0000000087800000| Complete 
| 120|0x0000000087800000, 0x0000000087900000, 0x0000000087900000|100%|HC|  |TAMS 0x0000000087800000, 0x0000000087900000| Complete 
| 121|0x0000000087900000, 0x0000000087a00000, 0x0000000087a00000|100%|HC|  |TAMS 0x0000000087900000, 0x0000000087a00000| Complete 
| 122|0x0000000087a00000, 0x0000000087b00000, 0x0000000087b00000|100%|HC|  |TAMS 0x0000000087a00000, 0x0000000087b00000| Complete 
| 123|0x0000000087b00000, 0x0000000087c00000, 0x0000000087c00000|100%|HC|  |TAMS 0x0000000087b00000, 0x0000000087c00000| Complete 
| 124|0x0000000087c00000, 0x0000000087d00000, 0x0000000087d00000|100%|HC|  |TAMS 0x0000000087c00000, 0x0000000087d00000| Complete 
| 125|0x0000000087d00000, 0x0000000087e00000, 0x0000000087e00000|100%| O|  |TAMS 0x0000000087d00000, 0x0000000087e00000| Untracked 
| 126|0x0000000087e00000, 0x0000000087f00000, 0x0000000087f00000|100%| O|  |TAMS 0x0000000087e00000, 0x0000000087f00000| Untracked 
| 127|0x0000000087f00000, 0x0000000088000000, 0x0000000088000000|100%| O|  |TAMS 0x0000000087f00000, 0x0000000088000000| Untracked 
| 128|0x0000000088000000, 0x0000000088100000, 0x0000000088100000|100%| O|  |TAMS 0x0000000088000000, 0x0000000088100000| Untracked 
| 129|0x0000000088100000, 0x0000000088200000, 0x0000000088200000|100%| O|  |TAMS 0x0000000088100000, 0x0000000088200000| Untracked 
| 130|0x0000000088200000, 0x0000000088300000, 0x0000000088300000|100%| O|  |TAMS 0x0000000088200000, 0x0000000088300000| Untracked 
| 131|0x0000000088300000, 0x0000000088400000, 0x0000000088400000|100%| O|  |TAMS 0x0000000088300000, 0x0000000088400000| Untracked 
| 132|0x0000000088400000, 0x0000000088500000, 0x0000000088500000|100%| O|  |TAMS 0x0000000088400000, 0x0000000088500000| Untracked 
| 133|0x0000000088500000, 0x0000000088600000, 0x0000000088600000|100%| O|  |TAMS 0x0000000088500000, 0x0000000088600000| Untracked 
| 134|0x0000000088600000, 0x0000000088700000, 0x0000000088700000|100%| O|  |TAMS 0x0000000088600000, 0x0000000088700000| Untracked 
| 135|0x0000000088700000, 0x0000000088800000, 0x0000000088800000|100%| O|  |TAMS 0x0000000088700000, 0x0000000088800000| Untracked 
| 136|0x0000000088800000, 0x000000008886c000, 0x0000000088900000| 42%| O|  |TAMS 0x0000000088800000, 0x000000008886c000| Untracked 
| 137|0x0000000088900000, 0x0000000088900000, 0x0000000088a00000|  0%| F|  |TAMS 0x0000000088900000, 0x0000000088900000| Untracked 
| 138|0x0000000088a00000, 0x0000000088a00000, 0x0000000088b00000|  0%| F|  |TAMS 0x0000000088a00000, 0x0000000088a00000| Untracked 
| 139|0x0000000088b00000, 0x0000000088b00000, 0x0000000088c00000|  0%| F|  |TAMS 0x0000000088b00000, 0x0000000088b00000| Untracked 
| 140|0x0000000088c00000, 0x0000000088c00000, 0x0000000088d00000|  0%| F|  |TAMS 0x0000000088c00000, 0x0000000088c00000| Untracked 
| 141|0x0000000088d00000, 0x0000000088d00000, 0x0000000088e00000|  0%| F|  |TAMS 0x0000000088d00000, 0x0000000088d00000| Untracked 
| 142|0x0000000088e00000, 0x0000000088e00000, 0x0000000088f00000|  0%| F|  |TAMS 0x0000000088e00000, 0x0000000088e00000| Untracked 
| 143|0x0000000088f00000, 0x0000000088f00000, 0x0000000089000000|  0%| F|  |TAMS 0x0000000088f00000, 0x0000000088f00000| Untracked 
| 144|0x0000000089000000, 0x0000000089000000, 0x0000000089100000|  0%| F|  |TAMS 0x0000000089000000, 0x0000000089000000| Untracked 
| 145|0x0000000089100000, 0x0000000089100000, 0x0000000089200000|  0%| F|  |TAMS 0x0000000089100000, 0x0000000089100000| Untracked 
| 146|0x0000000089200000, 0x0000000089200000, 0x0000000089300000|  0%| F|  |TAMS 0x0000000089200000, 0x0000000089200000| Untracked 
| 147|0x0000000089300000, 0x0000000089300000, 0x0000000089400000|  0%| F|  |TAMS 0x0000000089300000, 0x0000000089300000| Untracked 
| 148|0x0000000089400000, 0x0000000089400000, 0x0000000089500000|  0%| F|  |TAMS 0x0000000089400000, 0x0000000089400000| Untracked 
| 149|0x0000000089500000, 0x0000000089500000, 0x0000000089600000|  0%| F|  |TAMS 0x0000000089500000, 0x0000000089500000| Untracked 
| 150|0x0000000089600000, 0x0000000089600000, 0x0000000089700000|  0%| F|  |TAMS 0x0000000089600000, 0x0000000089600000| Untracked 
| 151|0x0000000089700000, 0x0000000089700000, 0x0000000089800000|  0%| F|  |TAMS 0x0000000089700000, 0x0000000089700000| Untracked 
| 152|0x0000000089800000, 0x0000000089800000, 0x0000000089900000|  0%| F|  |TAMS 0x0000000089800000, 0x0000000089800000| Untracked 
| 153|0x0000000089900000, 0x0000000089900000, 0x0000000089a00000|  0%| F|  |TAMS 0x0000000089900000, 0x0000000089900000| Untracked 
| 154|0x0000000089a00000, 0x0000000089a00000, 0x0000000089b00000|  0%| F|  |TAMS 0x0000000089a00000, 0x0000000089a00000| Untracked 
| 155|0x0000000089b00000, 0x0000000089b00000, 0x0000000089c00000|  0%| F|  |TAMS 0x0000000089b00000, 0x0000000089b00000| Untracked 
| 156|0x0000000089c00000, 0x0000000089c00000, 0x0000000089d00000|  0%| F|  |TAMS 0x0000000089c00000, 0x0000000089c00000| Untracked 
| 157|0x0000000089d00000, 0x0000000089d00000, 0x0000000089e00000|  0%| F|  |TAMS 0x0000000089d00000, 0x0000000089d00000| Untracked 
| 158|0x0000000089e00000, 0x0000000089e00000, 0x0000000089f00000|  0%| F|  |TAMS 0x0000000089e00000, 0x0000000089e00000| Untracked 
| 159|0x0000000089f00000, 0x0000000089f00000, 0x000000008a000000|  0%| F|  |TAMS 0x0000000089f00000, 0x0000000089f00000| Untracked 
| 160|0x000000008a000000, 0x000000008a000000, 0x000000008a100000|  0%| F|  |TAMS 0x000000008a000000, 0x000000008a000000| Untracked 
| 161|0x000000008a100000, 0x000000008a100000, 0x000000008a200000|  0%| F|  |TAMS 0x000000008a100000, 0x000000008a100000| Untracked 
| 162|0x000000008a200000, 0x000000008a200000, 0x000000008a300000|  0%| F|  |TAMS 0x000000008a200000, 0x000000008a200000| Untracked 
| 163|0x000000008a300000, 0x000000008a300000, 0x000000008a400000|  0%| F|  |TAMS 0x000000008a300000, 0x000000008a300000| Untracked 
| 164|0x000000008a400000, 0x000000008a400000, 0x000000008a500000|  0%| F|  |TAMS 0x000000008a400000, 0x000000008a400000| Untracked 
| 165|0x000000008a500000, 0x000000008a500000, 0x000000008a600000|  0%| F|  |TAMS 0x000000008a500000, 0x000000008a500000| Untracked 
| 166|0x000000008a600000, 0x000000008a600000, 0x000000008a700000|  0%| F|  |TAMS 0x000000008a600000, 0x000000008a600000| Untracked 
| 167|0x000000008a700000, 0x000000008a700000, 0x000000008a800000|  0%| F|  |TAMS 0x000000008a700000, 0x000000008a700000| Untracked 
| 168|0x000000008a800000, 0x000000008a800000, 0x000000008a900000|  0%| F|  |TAMS 0x000000008a800000, 0x000000008a800000| Untracked 
| 169|0x000000008a900000, 0x000000008a900000, 0x000000008aa00000|  0%| F|  |TAMS 0x000000008a900000, 0x000000008a900000| Untracked 
| 170|0x000000008aa00000, 0x000000008aa00000, 0x000000008ab00000|  0%| F|  |TAMS 0x000000008aa00000, 0x000000008aa00000| Untracked 
| 171|0x000000008ab00000, 0x000000008ab00000, 0x000000008ac00000|  0%| F|  |TAMS 0x000000008ab00000, 0x000000008ab00000| Untracked 
| 172|0x000000008ac00000, 0x000000008ac00000, 0x000000008ad00000|  0%| F|  |TAMS 0x000000008ac00000, 0x000000008ac00000| Untracked 
| 173|0x000000008ad00000, 0x000000008ad00000, 0x000000008ae00000|  0%| F|  |TAMS 0x000000008ad00000, 0x000000008ad00000| Untracked 
| 174|0x000000008ae00000, 0x000000008ae00000, 0x000000008af00000|  0%| F|  |TAMS 0x000000008ae00000, 0x000000008ae00000| Untracked 
| 175|0x000000008af00000, 0x000000008af00000, 0x000000008b000000|  0%| F|  |TAMS 0x000000008af00000, 0x000000008af00000| Untracked 
| 176|0x000000008b000000, 0x000000008b000000, 0x000000008b100000|  0%| F|  |TAMS 0x000000008b000000, 0x000000008b000000| Untracked 
| 177|0x000000008b100000, 0x000000008b100000, 0x000000008b200000|  0%| F|  |TAMS 0x000000008b100000, 0x000000008b100000| Untracked 
| 178|0x000000008b200000, 0x000000008b200000, 0x000000008b300000|  0%| F|  |TAMS 0x000000008b200000, 0x000000008b200000| Untracked 
| 179|0x000000008b300000, 0x000000008b300000, 0x000000008b400000|  0%| F|  |TAMS 0x000000008b300000, 0x000000008b300000| Untracked 
| 180|0x000000008b400000, 0x000000008b400000, 0x000000008b500000|  0%| F|  |TAMS 0x000000008b400000, 0x000000008b400000| Untracked 
| 181|0x000000008b500000, 0x000000008b500000, 0x000000008b600000|  0%| F|  |TAMS 0x000000008b500000, 0x000000008b500000| Untracked 
| 182|0x000000008b600000, 0x000000008b600000, 0x000000008b700000|  0%| F|  |TAMS 0x000000008b600000, 0x000000008b600000| Untracked 
| 183|0x000000008b700000, 0x000000008b700000, 0x000000008b800000|  0%| F|  |TAMS 0x000000008b700000, 0x000000008b700000| Untracked 
| 184|0x000000008b800000, 0x000000008b800000, 0x000000008b900000|  0%| F|  |TAMS 0x000000008b800000, 0x000000008b800000| Untracked 
| 185|0x000000008b900000, 0x000000008b900000, 0x000000008ba00000|  0%| F|  |TAMS 0x000000008b900000, 0x000000008b900000| Untracked 
| 186|0x000000008ba00000, 0x000000008ba00000, 0x000000008bb00000|  0%| F|  |TAMS 0x000000008ba00000, 0x000000008ba00000| Untracked 
| 187|0x000000008bb00000, 0x000000008bb00000, 0x000000008bc00000|  0%| F|  |TAMS 0x000000008bb00000, 0x000000008bb00000| Untracked 
| 188|0x000000008bc00000, 0x000000008bc00000, 0x000000008bd00000|  0%| F|  |TAMS 0x000000008bc00000, 0x000000008bc00000| Untracked 
| 189|0x000000008bd00000, 0x000000008bd00000, 0x000000008be00000|  0%| F|  |TAMS 0x000000008bd00000, 0x000000008bd00000| Untracked 
| 190|0x000000008be00000, 0x000000008be00000, 0x000000008bf00000|  0%| F|  |TAMS 0x000000008be00000, 0x000000008be00000| Untracked 
| 191|0x000000008bf00000, 0x000000008bf00000, 0x000000008c000000|  0%| F|  |TAMS 0x000000008bf00000, 0x000000008bf00000| Untracked 
| 192|0x000000008c000000, 0x000000008c000000, 0x000000008c100000|  0%| F|  |TAMS 0x000000008c000000, 0x000000008c000000| Untracked 
| 193|0x000000008c100000, 0x000000008c100000, 0x000000008c200000|  0%| F|  |TAMS 0x000000008c100000, 0x000000008c100000| Untracked 
| 194|0x000000008c200000, 0x000000008c200000, 0x000000008c300000|  0%| F|  |TAMS 0x000000008c200000, 0x000000008c200000| Untracked 
| 195|0x000000008c300000, 0x000000008c300000, 0x000000008c400000|  0%| F|  |TAMS 0x000000008c300000, 0x000000008c300000| Untracked 
| 196|0x000000008c400000, 0x000000008c400000, 0x000000008c500000|  0%| F|  |TAMS 0x000000008c400000, 0x000000008c400000| Untracked 
| 197|0x000000008c500000, 0x000000008c500000, 0x000000008c600000|  0%| F|  |TAMS 0x000000008c500000, 0x000000008c500000| Untracked 
| 198|0x000000008c600000, 0x000000008c600000, 0x000000008c700000|  0%| F|  |TAMS 0x000000008c600000, 0x000000008c600000| Untracked 
| 199|0x000000008c700000, 0x000000008c700000, 0x000000008c800000|  0%| F|  |TAMS 0x000000008c700000, 0x000000008c700000| Untracked 
| 200|0x000000008c800000, 0x000000008c800000, 0x000000008c900000|  0%| F|  |TAMS 0x000000008c800000, 0x000000008c800000| Untracked 
| 201|0x000000008c900000, 0x000000008c900000, 0x000000008ca00000|  0%| F|  |TAMS 0x000000008c900000, 0x000000008c900000| Untracked 
| 202|0x000000008ca00000, 0x000000008ca00000, 0x000000008cb00000|  0%| F|  |TAMS 0x000000008ca00000, 0x000000008ca00000| Untracked 
| 203|0x000000008cb00000, 0x000000008cb00000, 0x000000008cc00000|  0%| F|  |TAMS 0x000000008cb00000, 0x000000008cb00000| Untracked 
| 204|0x000000008cc00000, 0x000000008cc00000, 0x000000008cd00000|  0%| F|  |TAMS 0x000000008cc00000, 0x000000008cc00000| Untracked 
| 205|0x000000008cd00000, 0x000000008cd00000, 0x000000008ce00000|  0%| F|  |TAMS 0x000000008cd00000, 0x000000008cd00000| Untracked 
| 206|0x000000008ce00000, 0x000000008ce00000, 0x000000008cf00000|  0%| F|  |TAMS 0x000000008ce00000, 0x000000008ce00000| Untracked 
| 207|0x000000008cf00000, 0x000000008cf00000, 0x000000008d000000|  0%| F|  |TAMS 0x000000008cf00000, 0x000000008cf00000| Untracked 
| 208|0x000000008d000000, 0x000000008d000000, 0x000000008d100000|  0%| F|  |TAMS 0x000000008d000000, 0x000000008d000000| Untracked 
| 209|0x000000008d100000, 0x000000008d100000, 0x000000008d200000|  0%| F|  |TAMS 0x000000008d100000, 0x000000008d100000| Untracked 
| 210|0x000000008d200000, 0x000000008d200000, 0x000000008d300000|  0%| F|  |TAMS 0x000000008d200000, 0x000000008d200000| Untracked 
| 211|0x000000008d300000, 0x000000008d300000, 0x000000008d400000|  0%| F|  |TAMS 0x000000008d300000, 0x000000008d300000| Untracked 
| 212|0x000000008d400000, 0x000000008d400000, 0x000000008d500000|  0%| F|  |TAMS 0x000000008d400000, 0x000000008d400000| Untracked 
| 213|0x000000008d500000, 0x000000008d500000, 0x000000008d600000|  0%| F|  |TAMS 0x000000008d500000, 0x000000008d500000| Untracked 
| 214|0x000000008d600000, 0x000000008d600000, 0x000000008d700000|  0%| F|  |TAMS 0x000000008d600000, 0x000000008d600000| Untracked 
| 215|0x000000008d700000, 0x000000008d700000, 0x000000008d800000|  0%| F|  |TAMS 0x000000008d700000, 0x000000008d700000| Untracked 
| 216|0x000000008d800000, 0x000000008d800000, 0x000000008d900000|  0%| F|  |TAMS 0x000000008d800000, 0x000000008d800000| Untracked 
| 217|0x000000008d900000, 0x000000008d900000, 0x000000008da00000|  0%| F|  |TAMS 0x000000008d900000, 0x000000008d900000| Untracked 
| 218|0x000000008da00000, 0x000000008da00000, 0x000000008db00000|  0%| F|  |TAMS 0x000000008da00000, 0x000000008da00000| Untracked 
| 219|0x000000008db00000, 0x000000008db00000, 0x000000008dc00000|  0%| F|  |TAMS 0x000000008db00000, 0x000000008db00000| Untracked 
| 220|0x000000008dc00000, 0x000000008dc00000, 0x000000008dd00000|  0%| F|  |TAMS 0x000000008dc00000, 0x000000008dc00000| Untracked 
| 221|0x000000008dd00000, 0x000000008dd00000, 0x000000008de00000|  0%| F|  |TAMS 0x000000008dd00000, 0x000000008dd00000| Untracked 
| 222|0x000000008de00000, 0x000000008de00000, 0x000000008df00000|  0%| F|  |TAMS 0x000000008de00000, 0x000000008de00000| Untracked 
| 223|0x000000008df00000, 0x000000008df00000, 0x000000008e000000|  0%| F|  |TAMS 0x000000008df00000, 0x000000008df00000| Untracked 
| 224|0x000000008e000000, 0x000000008e000000, 0x000000008e100000|  0%| F|  |TAMS 0x000000008e000000, 0x000000008e000000| Untracked 
| 225|0x000000008e100000, 0x000000008e100000, 0x000000008e200000|  0%| F|  |TAMS 0x000000008e100000, 0x000000008e100000| Untracked 
| 226|0x000000008e200000, 0x000000008e200000, 0x000000008e300000|  0%| F|  |TAMS 0x000000008e200000, 0x000000008e200000| Untracked 
| 227|0x000000008e300000, 0x000000008e300000, 0x000000008e400000|  0%| F|  |TAMS 0x000000008e300000, 0x000000008e300000| Untracked 
| 228|0x000000008e400000, 0x000000008e400000, 0x000000008e500000|  0%| F|  |TAMS 0x000000008e400000, 0x000000008e400000| Untracked 
| 229|0x000000008e500000, 0x000000008e500000, 0x000000008e600000|  0%| F|  |TAMS 0x000000008e500000, 0x000000008e500000| Untracked 
| 230|0x000000008e600000, 0x000000008e600000, 0x000000008e700000|  0%| F|  |TAMS 0x000000008e600000, 0x000000008e600000| Untracked 
| 231|0x000000008e700000, 0x000000008e700000, 0x000000008e800000|  0%| F|  |TAMS 0x000000008e700000, 0x000000008e700000| Untracked 
| 232|0x000000008e800000, 0x000000008e800000, 0x000000008e900000|  0%| F|  |TAMS 0x000000008e800000, 0x000000008e800000| Untracked 
| 233|0x000000008e900000, 0x000000008e900000, 0x000000008ea00000|  0%| F|  |TAMS 0x000000008e900000, 0x000000008e900000| Untracked 
| 234|0x000000008ea00000, 0x000000008ea00000, 0x000000008eb00000|  0%| F|  |TAMS 0x000000008ea00000, 0x000000008ea00000| Untracked 
| 235|0x000000008eb00000, 0x000000008eb00000, 0x000000008ec00000|  0%| F|  |TAMS 0x000000008eb00000, 0x000000008eb00000| Untracked 
| 236|0x000000008ec00000, 0x000000008ec00000, 0x000000008ed00000|  0%| F|  |TAMS 0x000000008ec00000, 0x000000008ec00000| Untracked 
| 237|0x000000008ed00000, 0x000000008ed00000, 0x000000008ee00000|  0%| F|  |TAMS 0x000000008ed00000, 0x000000008ed00000| Untracked 
| 238|0x000000008ee00000, 0x000000008ee00000, 0x000000008ef00000|  0%| F|  |TAMS 0x000000008ee00000, 0x000000008ee00000| Untracked 
| 239|0x000000008ef00000, 0x000000008ef00000, 0x000000008f000000|  0%| F|  |TAMS 0x000000008ef00000, 0x000000008ef00000| Untracked 
| 240|0x000000008f000000, 0x000000008f000000, 0x000000008f100000|  0%| F|  |TAMS 0x000000008f000000, 0x000000008f000000| Untracked 
| 241|0x000000008f100000, 0x000000008f100000, 0x000000008f200000|  0%| F|  |TAMS 0x000000008f100000, 0x000000008f100000| Untracked 
| 242|0x000000008f200000, 0x000000008f200000, 0x000000008f300000|  0%| F|  |TAMS 0x000000008f200000, 0x000000008f200000| Untracked 
| 243|0x000000008f300000, 0x000000008f300000, 0x000000008f400000|  0%| F|  |TAMS 0x000000008f300000, 0x000000008f300000| Untracked 
| 244|0x000000008f400000, 0x000000008f400000, 0x000000008f500000|  0%| F|  |TAMS 0x000000008f400000, 0x000000008f400000| Untracked 
| 245|0x000000008f500000, 0x000000008f500000, 0x000000008f600000|  0%| F|  |TAMS 0x000000008f500000, 0x000000008f500000| Untracked 
| 246|0x000000008f600000, 0x000000008f600000, 0x000000008f700000|  0%| F|  |TAMS 0x000000008f600000, 0x000000008f600000| Untracked 
| 247|0x000000008f700000, 0x000000008f700000, 0x000000008f800000|  0%| F|  |TAMS 0x000000008f700000, 0x000000008f700000| Untracked 
| 248|0x000000008f800000, 0x000000008f800000, 0x000000008f900000|  0%| F|  |TAMS 0x000000008f800000, 0x000000008f800000| Untracked 
| 249|0x000000008f900000, 0x000000008f900000, 0x000000008fa00000|  0%| F|  |TAMS 0x000000008f900000, 0x000000008f900000| Untracked 
| 250|0x000000008fa00000, 0x000000008fa00000, 0x000000008fb00000|  0%| F|  |TAMS 0x000000008fa00000, 0x000000008fa00000| Untracked 
| 251|0x000000008fb00000, 0x000000008fb00000, 0x000000008fc00000|  0%| F|  |TAMS 0x000000008fb00000, 0x000000008fb00000| Untracked 
| 252|0x000000008fc00000, 0x000000008fc00000, 0x000000008fd00000|  0%| F|  |TAMS 0x000000008fc00000, 0x000000008fc00000| Untracked 
| 253|0x000000008fd00000, 0x000000008fd00000, 0x000000008fe00000|  0%| F|  |TAMS 0x000000008fd00000, 0x000000008fd00000| Untracked 
| 254|0x000000008fe00000, 0x000000008fe00000, 0x000000008ff00000|  0%| F|  |TAMS 0x000000008fe00000, 0x000000008fe00000| Untracked 
| 255|0x000000008ff00000, 0x000000008ff00000, 0x0000000090000000|  0%| F|  |TAMS 0x000000008ff00000, 0x000000008ff00000| Untracked 
| 256|0x0000000090000000, 0x0000000090000000, 0x0000000090100000|  0%| F|  |TAMS 0x0000000090000000, 0x0000000090000000| Untracked 
| 257|0x0000000090100000, 0x0000000090100000, 0x0000000090200000|  0%| F|  |TAMS 0x0000000090100000, 0x0000000090100000| Untracked 
| 258|0x0000000090200000, 0x0000000090200000, 0x0000000090300000|  0%| F|  |TAMS 0x0000000090200000, 0x0000000090200000| Untracked 
| 259|0x0000000090300000, 0x0000000090300000, 0x0000000090400000|  0%| F|  |TAMS 0x0000000090300000, 0x0000000090300000| Untracked 
| 260|0x0000000090400000, 0x0000000090400000, 0x0000000090500000|  0%| F|  |TAMS 0x0000000090400000, 0x0000000090400000| Untracked 
| 261|0x0000000090500000, 0x0000000090500000, 0x0000000090600000|  0%| F|  |TAMS 0x0000000090500000, 0x0000000090500000| Untracked 
| 262|0x0000000090600000, 0x0000000090600000, 0x0000000090700000|  0%| F|  |TAMS 0x0000000090600000, 0x0000000090600000| Untracked 
| 263|0x0000000090700000, 0x0000000090700000, 0x0000000090800000|  0%| F|  |TAMS 0x0000000090700000, 0x0000000090700000| Untracked 
| 264|0x0000000090800000, 0x0000000090800000, 0x0000000090900000|  0%| F|  |TAMS 0x0000000090800000, 0x0000000090800000| Untracked 
| 265|0x0000000090900000, 0x0000000090900000, 0x0000000090a00000|  0%| F|  |TAMS 0x0000000090900000, 0x0000000090900000| Untracked 
| 266|0x0000000090a00000, 0x0000000090a00000, 0x0000000090b00000|  0%| F|  |TAMS 0x0000000090a00000, 0x0000000090a00000| Untracked 
| 267|0x0000000090b00000, 0x0000000090b3ec40, 0x0000000090c00000| 24%| S|CS|TAMS 0x0000000090b00000, 0x0000000090b00000| Complete 
| 268|0x0000000090c00000, 0x0000000090d00000, 0x0000000090d00000|100%| S|CS|TAMS 0x0000000090c00000, 0x0000000090c00000| Complete 
| 269|0x0000000090d00000, 0x0000000090e00000, 0x0000000090e00000|100%| S|CS|TAMS 0x0000000090d00000, 0x0000000090d00000| Complete 
| 270|0x0000000090e00000, 0x0000000090f00000, 0x0000000090f00000|100%| S|CS|TAMS 0x0000000090e00000, 0x0000000090e00000| Complete 
| 271|0x0000000090f00000, 0x0000000091000000, 0x0000000091000000|100%| S|CS|TAMS 0x0000000090f00000, 0x0000000090f00000| Complete 
| 272|0x0000000091000000, 0x0000000091000000, 0x0000000091100000|  0%| F|  |TAMS 0x0000000091000000, 0x0000000091000000| Untracked 
| 273|0x0000000091100000, 0x0000000091100000, 0x0000000091200000|  0%| F|  |TAMS 0x0000000091100000, 0x0000000091100000| Untracked 
| 274|0x0000000091200000, 0x0000000091200000, 0x0000000091300000|  0%| F|  |TAMS 0x0000000091200000, 0x0000000091200000| Untracked 
| 275|0x0000000091300000, 0x0000000091300000, 0x0000000091400000|  0%| F|  |TAMS 0x0000000091300000, 0x0000000091300000| Untracked 
| 276|0x0000000091400000, 0x0000000091400000, 0x0000000091500000|  0%| F|  |TAMS 0x0000000091400000, 0x0000000091400000| Untracked 
| 277|0x0000000091500000, 0x0000000091500000, 0x0000000091600000|  0%| F|  |TAMS 0x0000000091500000, 0x0000000091500000| Untracked 
| 278|0x0000000091600000, 0x0000000091600000, 0x0000000091700000|  0%| F|  |TAMS 0x0000000091600000, 0x0000000091600000| Untracked 
| 279|0x0000000091700000, 0x0000000091700000, 0x0000000091800000|  0%| F|  |TAMS 0x0000000091700000, 0x0000000091700000| Untracked 
| 280|0x0000000091800000, 0x0000000091800000, 0x0000000091900000|  0%| F|  |TAMS 0x0000000091800000, 0x0000000091800000| Untracked 
| 281|0x0000000091900000, 0x0000000091900000, 0x0000000091a00000|  0%| F|  |TAMS 0x0000000091900000, 0x0000000091900000| Untracked 
| 282|0x0000000091a00000, 0x0000000091a00000, 0x0000000091b00000|  0%| F|  |TAMS 0x0000000091a00000, 0x0000000091a00000| Untracked 
| 283|0x0000000091b00000, 0x0000000091b00000, 0x0000000091c00000|  0%| F|  |TAMS 0x0000000091b00000, 0x0000000091b00000| Untracked 
| 284|0x0000000091c00000, 0x0000000091c00000, 0x0000000091d00000|  0%| F|  |TAMS 0x0000000091c00000, 0x0000000091c00000| Untracked 
| 285|0x0000000091d00000, 0x0000000091d00000, 0x0000000091e00000|  0%| F|  |TAMS 0x0000000091d00000, 0x0000000091d00000| Untracked 
| 286|0x0000000091e00000, 0x0000000091e00000, 0x0000000091f00000|  0%| F|  |TAMS 0x0000000091e00000, 0x0000000091e00000| Untracked 
| 287|0x0000000091f00000, 0x0000000091f00000, 0x0000000092000000|  0%| F|  |TAMS 0x0000000091f00000, 0x0000000091f00000| Untracked 
| 288|0x0000000092000000, 0x0000000092000000, 0x0000000092100000|  0%| F|  |TAMS 0x0000000092000000, 0x0000000092000000| Untracked 
| 289|0x0000000092100000, 0x0000000092100000, 0x0000000092200000|  0%| F|  |TAMS 0x0000000092100000, 0x0000000092100000| Untracked 
| 290|0x0000000092200000, 0x0000000092200000, 0x0000000092300000|  0%| F|  |TAMS 0x0000000092200000, 0x0000000092200000| Untracked 
| 291|0x0000000092300000, 0x0000000092300000, 0x0000000092400000|  0%| F|  |TAMS 0x0000000092300000, 0x0000000092300000| Untracked 
| 292|0x0000000092400000, 0x0000000092400000, 0x0000000092500000|  0%| F|  |TAMS 0x0000000092400000, 0x0000000092400000| Untracked 
| 293|0x0000000092500000, 0x0000000092500000, 0x0000000092600000|  0%| F|  |TAMS 0x0000000092500000, 0x0000000092500000| Untracked 
| 294|0x0000000092600000, 0x0000000092600000, 0x0000000092700000|  0%| F|  |TAMS 0x0000000092600000, 0x0000000092600000| Untracked 
| 295|0x0000000092700000, 0x0000000092700000, 0x0000000092800000|  0%| F|  |TAMS 0x0000000092700000, 0x0000000092700000| Untracked 
| 296|0x0000000092800000, 0x0000000092800000, 0x0000000092900000|  0%| F|  |TAMS 0x0000000092800000, 0x0000000092800000| Untracked 
| 297|0x0000000092900000, 0x0000000092900000, 0x0000000092a00000|  0%| F|  |TAMS 0x0000000092900000, 0x0000000092900000| Untracked 
| 298|0x0000000092a00000, 0x0000000092a00000, 0x0000000092b00000|  0%| F|  |TAMS 0x0000000092a00000, 0x0000000092a00000| Untracked 
| 299|0x0000000092b00000, 0x0000000092b00000, 0x0000000092c00000|  0%| F|  |TAMS 0x0000000092b00000, 0x0000000092b00000| Untracked 
| 300|0x0000000092c00000, 0x0000000092c00000, 0x0000000092d00000|  0%| F|  |TAMS 0x0000000092c00000, 0x0000000092c00000| Untracked 
| 301|0x0000000092d00000, 0x0000000092d00000, 0x0000000092e00000|  0%| F|  |TAMS 0x0000000092d00000, 0x0000000092d00000| Untracked 
| 302|0x0000000092e00000, 0x0000000092e00000, 0x0000000092f00000|  0%| F|  |TAMS 0x0000000092e00000, 0x0000000092e00000| Untracked 
| 303|0x0000000092f00000, 0x0000000092f00000, 0x0000000093000000|  0%| F|  |TAMS 0x0000000092f00000, 0x0000000092f00000| Untracked 
| 304|0x0000000093000000, 0x0000000093000000, 0x0000000093100000|  0%| F|  |TAMS 0x0000000093000000, 0x0000000093000000| Untracked 
| 305|0x0000000093100000, 0x0000000093100000, 0x0000000093200000|  0%| F|  |TAMS 0x0000000093100000, 0x0000000093100000| Untracked 
| 306|0x0000000093200000, 0x0000000093200000, 0x0000000093300000|  0%| F|  |TAMS 0x0000000093200000, 0x0000000093200000| Untracked 
| 307|0x0000000093300000, 0x0000000093300000, 0x0000000093400000|  0%| F|  |TAMS 0x0000000093300000, 0x0000000093300000| Untracked 
| 308|0x0000000093400000, 0x0000000093400000, 0x0000000093500000|  0%| F|  |TAMS 0x0000000093400000, 0x0000000093400000| Untracked 

Card table byte_map: [0x000001fdce910000,0x000001fdced10000] _byte_map_base: 0x000001fdce510000

Marking Bits (Prev, Next): (CMBitMap*) 0x000001fdbc0960f0, (CMBitMap*) 0x000001fdbc0960b0
 Prev Bits: [0x000001fdd1110000, 0x000001fdd3110000)
 Next Bits: [0x000001fdcf110000, 0x000001fdd1110000)

Polling page: 0x000001fdbb810000

Metaspace:

Usage:
  Non-class:     95.85 MB used.
      Class:     15.23 MB used.
       Both:    111.08 MB used.

Virtual space:
  Non-class space:      104.00 MB reserved,      96.25 MB ( 93%) committed,  13 nodes.
      Class space:        1.00 GB reserved,      15.56 MB (  2%) committed,  1 nodes.
             Both:        1.10 GB reserved,     111.81 MB ( 10%) committed. 

Chunk freelists:
   Non-Class:  3.78 MB
       Class:  448.00 KB
        Both:  4.22 MB

MaxMetaspaceSize: unlimited
CompressedClassSpaceSize: 1.00 GB
Initial GC threshold: 21.00 MB
Current GC threshold: 159.62 MB
CDS: off
MetaspaceReclaimPolicy: balanced
 - commit_granule_bytes: 65536.
 - commit_granule_words: 8192.
 - virtual_space_node_default_size: 1048576.
 - enlarge_chunks_in_place: 1.
 - new_chunks_are_fully_committed: 0.
 - uncommit_free_chunks: 1.
 - use_allocation_guard: 0.
 - handle_deallocations: 1.


Internal statistics:

num_allocs_failed_limit: 9.
num_arena_births: 1058.
num_arena_deaths: 4.
num_vsnodes_births: 14.
num_vsnodes_deaths: 0.
num_space_committed: 1789.
num_space_uncommitted: 0.
num_chunks_returned_to_freelist: 14.
num_chunks_taken_from_freelist: 5308.
num_chunk_merges: 6.
num_chunk_splits: 3569.
num_chunks_enlarged: 2468.
num_purges: 2.
num_inconsistent_stats: 0.

CodeHeap 'non-profiled nmethods': size=120000Kb used=6916Kb max_used=7090Kb free=113083Kb
 bounds [0x000001fdc6fe0000, 0x000001fdc76d0000, 0x000001fdce510000]
CodeHeap 'profiled nmethods': size=120000Kb used=25236Kb max_used=25236Kb free=94763Kb
 bounds [0x000001fdbf510000, 0x000001fdc0dc0000, 0x000001fdc6a40000]
CodeHeap 'non-nmethods': size=5760Kb used=2432Kb max_used=2466Kb free=3327Kb
 bounds [0x000001fdc6a40000, 0x000001fdc6cb0000, 0x000001fdc6fe0000]
 total_blobs=14076 nmethods=13115 adapters=873
 compilation: enabled
              stopped_count=0, restarted_count=0
 full_count=0

Compilation events (20 events):
Event: 41.785 Thread 0x000001fdd600b150 nmethod 15362 0x000001fdc0db3010 code [0x000001fdc0db31a0, 0x000001fdc0db3298]
Event: 41.785 Thread 0x000001fdd600b150 15368       2       com.android.tools.r8.dex.code.y0::a (59 bytes)
Event: 41.785 Thread 0x000001fdd600a850 nmethod 15352 0x000001fdc74f4110 code [0x000001fdc74f42a0, 0x000001fdc74f4368]
Event: 41.785 Thread 0x000001fdd600a850 15367       4       jdk.internal.misc.Unsafe::putShortUnaligned (14 bytes)
Event: 41.785 Thread 0x000001fdd600b150 nmethod 15368 0x000001fdc0db3310 code [0x000001fdc0db34e0, 0x000001fdc0db3738]
Event: 41.785 Thread 0x000001fdd600b150 15363       2       com.android.tools.r8.dex.code.B1::a (28 bytes)
Event: 41.785 Thread 0x000001fdd600b150 nmethod 15363 0x000001fdc0db3990 code [0x000001fdc0db3b20, 0x000001fdc0db3c48]
Event: 41.785 Thread 0x000001fdd600b150 15364       2       com.android.tools.r8.graph.O3::d (4 bytes)
Event: 41.785 Thread 0x000001fdd600b150 nmethod 15364 0x000001fdc0db3d10 code [0x000001fdc0db3ea0, 0x000001fdc0db3f98]
Event: 41.785 Thread 0x000001fdd600b150 15365       2       com.android.tools.r8.dex.code.M1::N (4 bytes)
Event: 41.785 Thread 0x000001fdd600b150 nmethod 15365 0x000001fdc0db4010 code [0x000001fdc0db41a0, 0x000001fdc0db42b8]
Event: 41.785 Thread 0x000001fdd600b150 15359       2       com.android.tools.r8.naming.Q$b::<init> (16 bytes)
Event: 41.785 Thread 0x000001fdd600a850 nmethod 15367 0x000001fdc74f3e10 code [0x000001fdc74f3f80, 0x000001fdc74f4038]
Event: 41.785 Thread 0x000001fdd600a850 15336       4       com.android.tools.r8.internal.kM::next (13 bytes)
Event: 41.785 Thread 0x000001fdd600b150 nmethod 15359 0x000001fdc0db4390 code [0x000001fdc0db4520, 0x000001fdc0db4738]
Event: 41.785 Thread 0x000001fdd600b150 15360       2       com.android.tools.r8.naming.Q$c::<init> (10 bytes)
Event: 41.785 Thread 0x000001fdd600b150 nmethod 15360 0x000001fdc0db4810 code [0x000001fdc0db49a0, 0x000001fdc0db4af8]
Event: 41.785 Thread 0x000001fdd600b150 15366       3       com.android.tools.r8.dex.code.B1::d (16 bytes)
Event: 41.785 Thread 0x000001fdd600b150 nmethod 15366 0x000001fdc0db4b90 code [0x000001fdc0db4d20, 0x000001fdc0db4e38]
Event: 41.785 Thread 0x000001fdd600b150 15369       2       com.android.tools.r8.dex.code.B1::a (28 bytes)

GC Heap History (20 events):
Event: 19.785 GC heap after
{Heap after GC invocations=64 (full 0):
 garbage-first heap   total 132096K, used 75319K [0x0000000080000000, 0x0000000100000000)
  region size 1024K, 1 young (1024K), 1 survivors (1024K)
 Metaspace       used 84280K, committed 84864K, reserved 1122304K
  class space    used 11426K, committed 11712K, reserved 1048576K
}
Event: 20.236 GC heap before
{Heap before GC invocations=64 (full 0):
 garbage-first heap   total 132096K, used 109111K [0x0000000080000000, 0x0000000100000000)
  region size 1024K, 34 young (34816K), 1 survivors (1024K)
 Metaspace       used 86210K, committed 86784K, reserved 1130496K
  class space    used 11694K, committed 11968K, reserved 1048576K
}
Event: 20.241 GC heap after
{Heap after GC invocations=65 (full 0):
 garbage-first heap   total 132096K, used 78723K [0x0000000080000000, 0x0000000100000000)
  region size 1024K, 4 young (4096K), 4 survivors (4096K)
 Metaspace       used 86210K, committed 86784K, reserved 1130496K
  class space    used 11694K, committed 11968K, reserved 1048576K
}
Event: 20.418 GC heap before
{Heap before GC invocations=66 (full 0):
 garbage-first heap   total 153600K, used 107395K [0x0000000080000000, 0x0000000100000000)
  region size 1024K, 32 young (32768K), 4 survivors (4096K)
 Metaspace       used 86328K, committed 86912K, reserved 1130496K
  class space    used 11707K, committed 11968K, reserved 1048576K
}
Event: 20.425 GC heap after
{Heap after GC invocations=67 (full 0):
 garbage-first heap   total 153600K, used 83345K [0x0000000080000000, 0x0000000100000000)
  region size 1024K, 4 young (4096K), 4 survivors (4096K)
 Metaspace       used 86328K, committed 86912K, reserved 1130496K
  class space    used 11707K, committed 11968K, reserved 1048576K
}
Event: 20.439 GC heap before
{Heap before GC invocations=67 (full 0):
 garbage-first heap   total 153600K, used 86417K [0x0000000080000000, 0x0000000100000000)
  region size 1024K, 7 young (7168K), 4 survivors (4096K)
 Metaspace       used 86331K, committed 86912K, reserved 1130496K
  class space    used 11708K, committed 11968K, reserved 1048576K
}
Event: 20.444 GC heap after
{Heap after GC invocations=68 (full 0):
 garbage-first heap   total 316416K, used 84529K [0x0000000080000000, 0x0000000100000000)
  region size 1024K, 1 young (1024K), 1 survivors (1024K)
 Metaspace       used 86331K, committed 86912K, reserved 1130496K
  class space    used 11708K, committed 11968K, reserved 1048576K
}
Event: 26.640 GC heap before
{Heap before GC invocations=68 (full 0):
 garbage-first heap   total 316416K, used 236081K [0x0000000080000000, 0x0000000100000000)
  region size 1024K, 150 young (153600K), 1 survivors (1024K)
 Metaspace       used 89509K, committed 90112K, reserved 1130496K
  class space    used 12163K, committed 12416K, reserved 1048576K
}
Event: 26.653 GC heap after
{Heap after GC invocations=69 (full 0):
 garbage-first heap   total 316416K, used 97551K [0x0000000080000000, 0x0000000100000000)
  region size 1024K, 14 young (14336K), 14 survivors (14336K)
 Metaspace       used 89509K, committed 90112K, reserved 1130496K
  class space    used 12163K, committed 12416K, reserved 1048576K
}
Event: 31.235 GC heap before
{Heap before GC invocations=70 (full 0):
 garbage-first heap   total 316416K, used 234767K [0x0000000080000000, 0x0000000100000000)
  region size 1024K, 149 young (152576K), 14 survivors (14336K)
 Metaspace       used 96155K, committed 96768K, reserved 1138688K
  class space    used 13034K, committed 13312K, reserved 1048576K
}
Event: 31.254 GC heap after
{Heap after GC invocations=71 (full 0):
 garbage-first heap   total 316416K, used 108433K [0x0000000080000000, 0x0000000100000000)
  region size 1024K, 13 young (13312K), 13 survivors (13312K)
 Metaspace       used 96155K, committed 96768K, reserved 1138688K
  class space    used 13034K, committed 13312K, reserved 1048576K
}
Event: 31.280 GC heap before
{Heap before GC invocations=71 (full 0):
 garbage-first heap   total 316416K, used 110481K [0x0000000080000000, 0x0000000100000000)
  region size 1024K, 15 young (15360K), 13 survivors (13312K)
 Metaspace       used 96156K, committed 96768K, reserved 1138688K
  class space    used 13035K, committed 13312K, reserved 1048576K
}
Event: 31.290 GC heap after
{Heap after GC invocations=72 (full 0):
 garbage-first heap   total 316416K, used 108544K [0x0000000080000000, 0x0000000100000000)
  region size 1024K, 2 young (2048K), 2 survivors (2048K)
 Metaspace       used 96156K, committed 96768K, reserved 1138688K
  class space    used 13035K, committed 13312K, reserved 1048576K
}
Event: 37.904 GC heap before
{Heap before GC invocations=72 (full 0):
 garbage-first heap   total 316416K, used 195584K [0x0000000080000000, 0x0000000100000000)
  region size 1024K, 89 young (91136K), 2 survivors (2048K)
 Metaspace       used 97241K, committed 97856K, reserved 1138688K
  class space    used 13106K, committed 13376K, reserved 1048576K
}
Event: 37.913 GC heap after
{Heap after GC invocations=73 (full 0):
 garbage-first heap   total 316416K, used 113548K [0x0000000080000000, 0x0000000100000000)
  region size 1024K, 7 young (7168K), 7 survivors (7168K)
 Metaspace       used 97241K, committed 97856K, reserved 1138688K
  class space    used 13106K, committed 13376K, reserved 1048576K
}
Event: 41.335 GC heap before
{Heap before GC invocations=74 (full 0):
 garbage-first heap   total 316416K, used 269196K [0x0000000080000000, 0x0000000100000000)
  region size 1024K, 139 young (142336K), 7 survivors (7168K)
 Metaspace       used 110931K, committed 111680K, reserved 1146880K
  class space    used 15183K, committed 15552K, reserved 1048576K
}
Event: 41.359 GC heap after
{Heap after GC invocations=75 (full 0):
 garbage-first heap   total 316416K, used 138510K [0x0000000080000000, 0x0000000100000000)
  region size 1024K, 18 young (18432K), 18 survivors (18432K)
 Metaspace       used 110931K, committed 111680K, reserved 1146880K
  class space    used 15183K, committed 15552K, reserved 1048576K
}
Event: 41.369 GC heap before
{Heap before GC invocations=75 (full 0):
 garbage-first heap   total 316416K, used 139534K [0x0000000080000000, 0x0000000100000000)
  region size 1024K, 19 young (19456K), 18 survivors (18432K)
 Metaspace       used 110944K, committed 111744K, reserved 1146880K
  class space    used 15183K, committed 15552K, reserved 1048576K
}
Event: 41.391 GC heap after
{Heap after GC invocations=76 (full 0):
 garbage-first heap   total 316416K, used 139696K [0x0000000080000000, 0x0000000100000000)
  region size 1024K, 2 young (2048K), 2 survivors (2048K)
 Metaspace       used 110944K, committed 111744K, reserved 1146880K
  class space    used 15183K, committed 15552K, reserved 1048576K
}
Event: 41.786 GC heap before
{Heap before GC invocations=76 (full 0):
 garbage-first heap   total 316416K, used 173488K [0x0000000080000000, 0x0000000100000000)
  region size 1024K, 37 young (37888K), 2 survivors (2048K)
 Metaspace       used 113743K, committed 114496K, reserved 1155072K
  class space    used 15595K, committed 15936K, reserved 1048576K
}

Dll operation events (2 events):
Event: 0.076 Loaded shared library C:\Program Files\Android\Android Studio1\jbr\bin\java.dll
Event: 1.210 Loaded shared library C:\Program Files\Android\Android Studio1\jbr\bin\verify.dll

Deoptimization events (20 events):
Event: 41.765 Thread 0x000001fdd8fe25a0 DEOPT PACKING pc=0x000001fdc0bbcd44 sp=0x000000bbac9fce90
Event: 41.765 Thread 0x000001fdd8fe25a0 DEOPT UNPACKING pc=0x000001fdc6a9ace3 sp=0x000000bbac9fc360 mode 0
Event: 41.771 Thread 0x000001fdd8fe25a0 Uncommon trap: trap_request=0xffffffde fr.pc=0x000001fdc70f7248 relative=0x0000000000000368
Event: 41.771 Thread 0x000001fdd8fe25a0 Uncommon trap: reason=class_check action=maybe_recompile pc=0x000001fdc70f7248 method=com.android.tools.r8.utils.structural.g.a(Lcom/android/tools/r8/graph/q2;Lcom/android/tools/r8/graph/q2;)I @ 12 c2
Event: 41.771 Thread 0x000001fdd8fe25a0 DEOPT PACKING pc=0x000001fdc70f7248 sp=0x000000bbac9fce60
Event: 41.771 Thread 0x000001fdd8fe25a0 DEOPT UNPACKING pc=0x000001fdc6a9a1a3 sp=0x000000bbac9fce18 mode 2
Event: 41.771 Thread 0x000001fdd8fe25a0 Uncommon trap: trap_request=0xffffffde fr.pc=0x000001fdc70f7248 relative=0x0000000000000368
Event: 41.771 Thread 0x000001fdd8fe25a0 Uncommon trap: reason=class_check action=maybe_recompile pc=0x000001fdc70f7248 method=com.android.tools.r8.utils.structural.g.a(Lcom/android/tools/r8/graph/q2;Lcom/android/tools/r8/graph/q2;)I @ 12 c2
Event: 41.771 Thread 0x000001fdd8fe25a0 DEOPT PACKING pc=0x000001fdc70f7248 sp=0x000000bbac9fce60
Event: 41.771 Thread 0x000001fdd8fe25a0 DEOPT UNPACKING pc=0x000001fdc6a9a1a3 sp=0x000000bbac9fce18 mode 2
Event: 41.771 Thread 0x000001fdd8fe25a0 Uncommon trap: trap_request=0xffffffde fr.pc=0x000001fdc70f7248 relative=0x0000000000000368
Event: 41.771 Thread 0x000001fdd8fe25a0 Uncommon trap: reason=class_check action=maybe_recompile pc=0x000001fdc70f7248 method=com.android.tools.r8.utils.structural.g.a(Lcom/android/tools/r8/graph/q2;Lcom/android/tools/r8/graph/q2;)I @ 12 c2
Event: 41.771 Thread 0x000001fdd8fe25a0 DEOPT PACKING pc=0x000001fdc70f7248 sp=0x000000bbac9fce60
Event: 41.771 Thread 0x000001fdd8fe25a0 DEOPT UNPACKING pc=0x000001fdc6a9a1a3 sp=0x000000bbac9fce18 mode 2
Event: 41.771 Thread 0x000001fdd8fe25a0 Uncommon trap: trap_request=0xffffffde fr.pc=0x000001fdc70f7248 relative=0x0000000000000368
Event: 41.771 Thread 0x000001fdd8fe25a0 Uncommon trap: reason=class_check action=maybe_recompile pc=0x000001fdc70f7248 method=com.android.tools.r8.utils.structural.g.a(Lcom/android/tools/r8/graph/q2;Lcom/android/tools/r8/graph/q2;)I @ 12 c2
Event: 41.771 Thread 0x000001fdd8fe25a0 DEOPT PACKING pc=0x000001fdc70f7248 sp=0x000000bbac9fce60
Event: 41.771 Thread 0x000001fdd8fe25a0 DEOPT UNPACKING pc=0x000001fdc6a9a1a3 sp=0x000000bbac9fce18 mode 2
Event: 41.777 Thread 0x000001fdd8fe25a0 DEOPT PACKING pc=0x000001fdc0d771b1 sp=0x000000bbac9fd040
Event: 41.777 Thread 0x000001fdd8fe25a0 DEOPT UNPACKING pc=0x000001fdc6a9ace3 sp=0x000000bbac9fc4e8 mode 0

Classes unloaded (2 events):
Event: 38.045 Thread 0x000001fdd5569430 Unloading class 0x0000000100c28000 'java/lang/invoke/LambdaForm$DMH+0x0000000100c28000'
Event: 38.045 Thread 0x000001fdd5569430 Unloading class 0x0000000100c18800 'java/lang/invoke/LambdaForm$DMH+0x0000000100c18800'

Classes redefined (0 events):
No events

Internal exceptions (20 events):
Event: 40.869 Thread 0x000001fdd8fe03f0 Exception <a 'java/lang/NoSuchMethodError'{0x000000008d39cd08}: 'int java.lang.invoke.DirectMethodHandle$Holder.invokeSpecial(java.lang.Object, java.lang.Object, java.lang.Object, int)'> (0x000000008d39cd08) 
thrown [s\src\hotspot\share\interpreter\linkResolver.cpp, line 771]
Event: 40.869 Thread 0x000001fdd8fdf580 Exception <a 'java/lang/NoSuchMethodError'{0x000000008d3ad7f0}: 'int java.lang.invoke.DirectMethodHandle$Holder.invokeSpecial(java.lang.Object, java.lang.Object, java.lang.Object, int)'> (0x000000008d3ad7f0) 
thrown [s\src\hotspot\share\interpreter\linkResolver.cpp, line 771]
Event: 40.873 Thread 0x000001fdd8fe25a0 Exception <a 'java/lang/NoSuchMethodError'{0x000000008d3d7b50}: 'int java.lang.invoke.DirectMethodHandle$Holder.invokeSpecial(java.lang.Object, java.lang.Object, java.lang.Object, int, java.lang.Object)'> (0x000000008d3d7b50) 
thrown [s\src\hotspot\share\interpreter\linkResolver.cpp, line 771]
Event: 40.873 Thread 0x000001fdd8fdf580 Exception <a 'java/lang/NoSuchMethodError'{0x000000008d213400}: 'int java.lang.invoke.DirectMethodHandle$Holder.invokeSpecial(java.lang.Object, java.lang.Object, java.lang.Object, int, java.lang.Object)'> (0x000000008d213400) 
thrown [s\src\hotspot\share\interpreter\linkResolver.cpp, line 771]
Event: 40.873 Thread 0x000001fdd8fdebe0 Exception <a 'java/lang/NoSuchMethodError'{0x000000008d221960}: 'int java.lang.invoke.DirectMethodHandle$Holder.invokeSpecial(java.lang.Object, java.lang.Object, java.lang.Object, int, java.lang.Object)'> (0x000000008d221960) 
thrown [s\src\hotspot\share\interpreter\linkResolver.cpp, line 771]
Event: 40.873 Thread 0x000001fdd8fe03f0 Exception <a 'java/lang/NoSuchMethodError'{0x000000008d208cd8}: 'int java.lang.invoke.DirectMethodHandle$Holder.invokeSpecial(java.lang.Object, java.lang.Object, java.lang.Object, int, java.lang.Object)'> (0x000000008d208cd8) 
thrown [s\src\hotspot\share\interpreter\linkResolver.cpp, line 771]
Event: 41.132 Thread 0x000001fdd8fe03f0 Exception <a 'java/lang/NoSuchMethodError'{0x000000008c246488}: 'void java.lang.invoke.DirectMethodHandle$Holder.invokeSpecial(java.lang.Object, java.lang.Object, java.lang.Object, java.lang.Object, java.lang.Object, java.lang.Object, java.lang.Object, java.lang.Object, java.lang.Object, java.lang.Object)'> (0x000000008c246488) 
thrown [s\src\hotspot\share\interpreter\linkResolver.cpp, line 771]
Event: 41.133 Thread 0x000001fdd8fe03f0 Exception <a 'java/lang/NoSuchMethodError'{0x000000008c2521d0}: 'java.lang.Object java.lang.invoke.DirectMethodHandle$Holder.newInvokeSpecial(java.lang.Object, java.lang.Object, java.lang.Object, java.lang.Object, java.lang.Object, java.lang.Object, java.lang.Object, java.lang.Object, java.lang.Object)'> (0x000000008c2521d0) 
thrown [s\src\hotspot\share\interpreter\linkResolver.cpp, line 771]
Event: 41.134 Thread 0x000001fdd8fe03f0 Exception <a 'java/lang/NoSuchMethodError'{0x000000008c2574c0}: 'java.lang.Object java.lang.invoke.DirectMethodHandle$Holder.invokeSpecial(java.lang.Object, java.lang.Object, java.lang.Object, java.lang.Object, java.lang.Object, java.lang.Object, java.lang.Object, java.lang.Object, java.lang.Object, java.lang.Object)'> (0x000000008c2574c0) 
thrown [s\src\hotspot\share\interpreter\linkResolver.cpp, line 771]
Event: 41.134 Thread 0x000001fdd8fe03f0 Exception <a 'java/lang/NoSuchMethodError'{0x000000008c25be50}: 'java.lang.Object java.lang.invoke.Invokers$Holder.linkToTargetMethod(java.lang.Object, java.lang.Object, java.lang.Object, java.lang.Object, java.lang.Object, java.lang.Object, java.lang.Object, java.lang.Object, java.lang.Object)'> (0x000000008c25be50) 
thrown [s\src\hotspot\share\interpreter\linkResolver.cpp, line 771]
Event: 41.198 Thread 0x000001fdd8fe25a0 Exception <a 'java/lang/NoSuchMethodError'{0x000000008bccc280}: 'int java.lang.invoke.DirectMethodHandle$Holder.invokeStatic(java.lang.Object, java.lang.Object, int, java.lang.Object)'> (0x000000008bccc280) 
thrown [s\src\hotspot\share\interpreter\linkResolver.cpp, line 771]
Event: 41.508 Thread 0x000001fdd8fdf580 Exception <a 'java/lang/NoSuchMethodError'{0x00000000929c33f0}: 'java.lang.Object java.lang.invoke.DirectMethodHandle$Holder.newInvokeSpecial(java.lang.Object, java.lang.Object, int, java.lang.Object, java.lang.Object, java.lang.Object)'> (0x00000000929c33f0) 
thrown [s\src\hotspot\share\interpreter\linkResolver.cpp, line 771]
Event: 41.508 Thread 0x000001fdd8fe25a0 Exception <a 'java/lang/NoSuchMethodError'{0x00000000928664e8}: 'java.lang.Object java.lang.invoke.DirectMethodHandle$Holder.newInvokeSpecial(java.lang.Object, java.lang.Object, int, java.lang.Object, java.lang.Object, java.lang.Object)'> (0x00000000928664e8) 
thrown [s\src\hotspot\share\interpreter\linkResolver.cpp, line 771]
Event: 41.509 Thread 0x000001fdd8fdf580 Exception <a 'java/lang/NoSuchMethodError'{0x000000009245ca30}: 'java.lang.Object java.lang.invoke.Invokers$Holder.linkToTargetMethod(java.lang.Object, int, java.lang.Object, java.lang.Object, java.lang.Object, java.lang.Object)'> (0x000000009245ca30) 
thrown [s\src\hotspot\share\interpreter\linkResolver.cpp, line 771]
Event: 41.509 Thread 0x000001fdd8fe25a0 Exception <a 'java/lang/NoSuchMethodError'{0x000000009286d798}: 'java.lang.Object java.lang.invoke.Invokers$Holder.linkToTargetMethod(java.lang.Object, int, java.lang.Object, java.lang.Object, java.lang.Object, java.lang.Object)'> (0x000000009286d798) 
thrown [s\src\hotspot\share\interpreter\linkResolver.cpp, line 771]
Event: 41.510 Thread 0x000001fdd8fdf580 Exception <a 'java/lang/NoSuchMethodError'{0x0000000092460748}: 'void java.lang.invoke.DirectMethodHandle$Holder.invokeSpecial(java.lang.Object, java.lang.Object, java.lang.Object, int, java.lang.Object, java.lang.Object, java.lang.Object, java.lang.Object)'> (0x0000000092460748) 
thrown [s\src\hotspot\share\interpreter\linkResolver.cpp, line 771]
Event: 41.514 Thread 0x000001fdd8fdf580 Exception <a 'java/lang/NoSuchMethodError'{0x00000000924762c8}: 'void java.lang.invoke.DirectMethodHandle$Holder.invokeStatic(java.lang.Object, java.lang.Object, java.lang.Object, java.lang.Object, java.lang.Object, java.lang.Object, java.lang.Object, java.lang.Object)'> (0x00000000924762c8) 
thrown [s\src\hotspot\share\interpreter\linkResolver.cpp, line 771]
Event: 41.682 Thread 0x000001fdd8fe03f0 Exception <a 'java/lang/IncompatibleClassChangeError'{0x00000000919cdf08}: Found class java.lang.Object, but interface was expected> (0x00000000919cdf08) 
thrown [s\src\hotspot\share\interpreter\linkResolver.cpp, line 838]
Event: 41.683 Thread 0x000001fdd8fdf580 Exception <a 'java/lang/IncompatibleClassChangeError'{0x0000000091b1ace0}: Found class java.lang.Object, but interface was expected> (0x0000000091b1ace0) 
thrown [s\src\hotspot\share\interpreter\linkResolver.cpp, line 838]
Event: 41.743 Thread 0x000001fdd8fdf580 Exception <a 'java/lang/NoSuchMethodError'{0x00000000916bfb00}: 'void java.lang.invoke.DirectMethodHandle$Holder.invokeSpecial(java.lang.Object, java.lang.Object, int)'> (0x00000000916bfb00) 
thrown [s\src\hotspot\share\interpreter\linkResolver.cpp, line 771]

VM Operations (20 events):
Event: 41.460 Executing VM operation: HandshakeAllThreads done
Event: 41.480 Executing VM operation: HandshakeAllThreads
Event: 41.480 Executing VM operation: HandshakeAllThreads done
Event: 41.537 Executing VM operation: ICBufferFull
Event: 41.537 Executing VM operation: ICBufferFull done
Event: 41.556 Executing VM operation: HandshakeAllThreads
Event: 41.556 Executing VM operation: HandshakeAllThreads done
Event: 41.630 Executing VM operation: HandshakeAllThreads
Event: 41.630 Executing VM operation: HandshakeAllThreads done
Event: 41.632 Executing VM operation: HandshakeAllThreads
Event: 41.632 Executing VM operation: HandshakeAllThreads done
Event: 41.707 Executing VM operation: ICBufferFull
Event: 41.708 Executing VM operation: ICBufferFull done
Event: 41.722 Executing VM operation: HandshakeAllThreads
Event: 41.722 Executing VM operation: HandshakeAllThreads done
Event: 41.751 Executing VM operation: HandshakeAllThreads
Event: 41.751 Executing VM operation: HandshakeAllThreads done
Event: 41.773 Executing VM operation: ICBufferFull
Event: 41.774 Executing VM operation: ICBufferFull done
Event: 41.785 Executing VM operation: G1TryInitiateConcMark

Events (20 events):
Event: 40.860 loading class java/util/PriorityQueue done
Event: 40.861 loading class java/util/stream/SliceOps$1$1
Event: 40.862 loading class java/util/stream/SliceOps$1$1 done
Event: 40.867 loading class java/util/IdentityHashMap$ValueIterator
Event: 40.868 loading class java/util/IdentityHashMap$ValueIterator done
Event: 41.239 Thread 0x000001fdd8fe08c0 Thread exited: 0x000001fdd8fe08c0
Event: 41.544 loading class java/util/AbstractList$SubList
Event: 41.546 loading class java/util/AbstractList$SubList done
Event: 41.546 loading class java/util/AbstractList$SubList$1
Event: 41.547 loading class java/util/AbstractList$SubList$1 done
Event: 41.715 loading class java/nio/ShortBuffer
Event: 41.718 loading class java/nio/ShortBuffer done
Event: 41.744 loading class java/nio/ByteBufferAsShortBufferL
Event: 41.746 loading class java/nio/ByteBufferAsShortBufferL done
Event: 41.756 Thread 0x000001fdd600ba50 flushing nmethod 0x000001fdbf7c3690
Event: 41.756 Thread 0x000001fdd600ba50 flushing nmethod 0x000001fdbf821e10
Event: 41.760 Thread 0x000001fdd600ba50 flushing nmethod 0x000001fdbfd6e290
Event: 41.761 Thread 0x000001fdd600ba50 flushing nmethod 0x000001fdbff69b90
Event: 41.772 loading class java/util/zip/Adler32
Event: 41.773 loading class java/util/zip/Adler32 done


Dynamic libraries:
0x00007ff6af880000 - 0x00007ff6af88a000 	C:\Program Files\Android\Android Studio1\jbr\bin\java.exe
0x00007ffb28a10000 - 0x00007ffb28c08000 	C:\WINDOWS\SYSTEM32\ntdll.dll
0x00007ffb26b00000 - 0x00007ffb26bbd000 	C:\WINDOWS\System32\KERNEL32.DLL
0x00007ffb264e0000 - 0x00007ffb267d6000 	C:\WINDOWS\System32\KERNELBASE.dll
0x00007ffb267e0000 - 0x00007ffb268e0000 	C:\WINDOWS\System32\ucrtbase.dll
0x00007ffb21bd0000 - 0x00007ffb21be7000 	C:\Program Files\Android\Android Studio1\jbr\bin\jli.dll
0x00007ffb1f810000 - 0x00007ffb1f82b000 	C:\Program Files\Android\Android Studio1\jbr\bin\VCRUNTIME140.dll
0x00007ffb26ca0000 - 0x00007ffb26e3e000 	C:\WINDOWS\System32\USER32.dll
0x00007ffb263b0000 - 0x00007ffb263d2000 	C:\WINDOWS\System32\win32u.dll
0x00007ffb27710000 - 0x00007ffb2773c000 	C:\WINDOWS\System32\GDI32.dll
0x00007ffb0e420000 - 0x00007ffb0e6ba000 	C:\WINDOWS\WinSxS\amd64_microsoft.windows.common-controls_6595b64144ccf1df_6.0.19041.3636_none_60b6a03d71f818d5\COMCTL32.dll
0x00007ffb26950000 - 0x00007ffb26a6a000 	C:\WINDOWS\System32\gdi32full.dll
0x00007ffb260f0000 - 0x00007ffb2618d000 	C:\WINDOWS\System32\msvcp_win.dll
0x00007ffb27f40000 - 0x00007ffb27fde000 	C:\WINDOWS\System32\msvcrt.dll
0x00007ffb27460000 - 0x00007ffb27490000 	C:\WINDOWS\System32\IMM32.DLL
0x00007ffb1f800000 - 0x00007ffb1f80c000 	C:\Program Files\Android\Android Studio1\jbr\bin\vcruntime140_1.dll
0x00007ffb1da80000 - 0x00007ffb1db0d000 	C:\Program Files\Android\Android Studio1\jbr\bin\msvcp140.dll
0x00007ffad9a00000 - 0x00007ffada66d000 	C:\Program Files\Android\Android Studio1\jbr\bin\server\jvm.dll
0x00007ffb284f0000 - 0x00007ffb2859f000 	C:\WINDOWS\System32\ADVAPI32.dll
0x00007ffb27750000 - 0x00007ffb277ec000 	C:\WINDOWS\System32\sechost.dll
0x00007ffb283c0000 - 0x00007ffb284e6000 	C:\WINDOWS\System32\RPCRT4.dll
0x00007ffb14be0000 - 0x00007ffb14bea000 	C:\WINDOWS\SYSTEM32\VERSION.dll
0x00007ffaffb20000 - 0x00007ffaffb47000 	C:\WINDOWS\SYSTEM32\WINMM.dll
0x00007ffb23720000 - 0x00007ffb23729000 	C:\WINDOWS\SYSTEM32\WSOCK32.dll
0x00007ffb27530000 - 0x00007ffb2759b000 	C:\WINDOWS\System32\ws2_32.DLL
0x00007ffb23f90000 - 0x00007ffb23fa2000 	C:\WINDOWS\SYSTEM32\kernel.appcore.dll
0x00007ffb21ab0000 - 0x00007ffb21aba000 	C:\Program Files\Android\Android Studio1\jbr\bin\jimage.dll
0x00007ffb0e910000 - 0x00007ffb0eaf4000 	C:\WINDOWS\SYSTEM32\DBGHELP.DLL
0x00007ffb0e7d0000 - 0x00007ffb0e804000 	C:\WINDOWS\SYSTEM32\dbgcore.DLL
0x00007ffb26190000 - 0x00007ffb26212000 	C:\WINDOWS\System32\bcryptPrimitives.dll
0x00007ffb11a60000 - 0x00007ffb11a85000 	C:\Program Files\Android\Android Studio1\jbr\bin\java.dll
0x00007ffb1e510000 - 0x00007ffb1e528000 	C:\Program Files\Android\Android Studio1\jbr\bin\zip.dll
0x00007ffb277f0000 - 0x00007ffb27f34000 	C:\WINDOWS\System32\SHELL32.dll
0x00007ffb241b0000 - 0x00007ffb2494b000 	C:\WINDOWS\SYSTEM32\windows.storage.dll
0x00007ffb28600000 - 0x00007ffb28954000 	C:\WINDOWS\System32\combase.dll
0x00007ffb25a40000 - 0x00007ffb25a6d000 	C:\WINDOWS\SYSTEM32\Wldp.dll
0x00007ffb275a0000 - 0x00007ffb2764d000 	C:\WINDOWS\System32\SHCORE.dll
0x00007ffb28960000 - 0x00007ffb289b5000 	C:\WINDOWS\System32\shlwapi.dll
0x00007ffb26020000 - 0x00007ffb26045000 	C:\WINDOWS\SYSTEM32\profapi.dll
0x00007ffb13370000 - 0x00007ffb13389000 	C:\Program Files\Android\Android Studio1\jbr\bin\net.dll
0x00007ffb20520000 - 0x00007ffb2062a000 	C:\WINDOWS\SYSTEM32\WINHTTP.dll
0x00007ffb257b0000 - 0x00007ffb2581a000 	C:\WINDOWS\system32\mswsock.dll
0x00007ffb13350000 - 0x00007ffb13366000 	C:\Program Files\Android\Android Studio1\jbr\bin\nio.dll
0x00007ffb13340000 - 0x00007ffb13350000 	C:\Program Files\Android\Android Studio1\jbr\bin\verify.dll
0x00007ffb222e0000 - 0x00007ffb22307000 	C:\Users\oals6\.gradle\native\68d5fa5c4cc2d200863cafc0d521ce42e7d3e7ee720ec0a83991735586a16f82\windows-amd64\native-platform.dll
0x00007ffb11ae0000 - 0x00007ffb11c24000 	C:\Users\oals6\.gradle\native\e376f236ea51e6404a007f0833ffe2c6e607c4080706a723a18a27aeea778392\windows-amd64\native-platform-file-events.dll
0x00007ffb13330000 - 0x00007ffb13339000 	C:\Program Files\Android\Android Studio1\jbr\bin\management.dll
0x00007ffb13320000 - 0x00007ffb1332b000 	C:\Program Files\Android\Android Studio1\jbr\bin\management_ext.dll
0x00007ffb27740000 - 0x00007ffb27748000 	C:\WINDOWS\System32\PSAPI.DLL
0x00007ffb259a0000 - 0x00007ffb259b8000 	C:\WINDOWS\SYSTEM32\CRYPTSP.dll
0x00007ffb250f0000 - 0x00007ffb25124000 	C:\WINDOWS\system32\rsaenh.dll
0x00007ffb26380000 - 0x00007ffb263a7000 	C:\WINDOWS\System32\bcrypt.dll
0x00007ffb25fe0000 - 0x00007ffb2600e000 	C:\WINDOWS\SYSTEM32\USERENV.dll
0x00007ffb25e60000 - 0x00007ffb25e6c000 	C:\WINDOWS\SYSTEM32\CRYPTBASE.dll
0x00007ffb254b0000 - 0x00007ffb254eb000 	C:\WINDOWS\SYSTEM32\IPHLPAPI.DLL
0x00007ffb289c0000 - 0x00007ffb289c8000 	C:\WINDOWS\System32\NSI.dll
0x00007ffb14ba0000 - 0x00007ffb14bb7000 	C:\WINDOWS\SYSTEM32\dhcpcsvc6.DLL
0x00007ffb14cb0000 - 0x00007ffb14ccd000 	C:\WINDOWS\SYSTEM32\dhcpcsvc.DLL
0x00007ffb254f0000 - 0x00007ffb255ba000 	C:\WINDOWS\SYSTEM32\DNSAPI.dll
0x00007ffb22460000 - 0x00007ffb22467000 	C:\WINDOWS\system32\wshunix.dll

dbghelp: loaded successfully - version: 4.0.5 - missing functions: none
symbol engine: initialized successfully - sym options: 0x614 - pdb path: .;C:\Program Files\Android\Android Studio1\jbr\bin;C:\WINDOWS\SYSTEM32;C:\WINDOWS\WinSxS\amd64_microsoft.windows.common-controls_6595b64144ccf1df_6.0.19041.3636_none_60b6a03d71f818d5;C:\Program Files\Android\Android Studio1\jbr\bin\server;C:\Users\oals6\.gradle\native\68d5fa5c4cc2d200863cafc0d521ce42e7d3e7ee720ec0a83991735586a16f82\windows-amd64;C:\Users\oals6\.gradle\native\e376f236ea51e6404a007f0833ffe2c6e607c4080706a723a18a27aeea778392\windows-amd64

VM Arguments:
jvm_args: --add-opens=java.base/java.util=ALL-UNNAMED --add-opens=java.base/java.lang=ALL-UNNAMED --add-opens=java.base/java.lang.invoke=ALL-UNNAMED --add-opens=java.prefs/java.util.prefs=ALL-UNNAMED --add-opens=java.base/java.nio.charset=ALL-UNNAMED --add-opens=java.base/java.net=ALL-UNNAMED --add-opens=java.base/java.util.concurrent.atomic=ALL-UNNAMED -Xmx2048m -Dfile.encoding=UTF-8 -Duser.country=KR -Duser.language=ko -Duser.variant 
java_command: org.gradle.launcher.daemon.bootstrap.GradleDaemon 8.0
java_class_path (initial): C:\Users\oals6\.gradle\wrapper\dists\gradle-8.0-bin\ca5e32bp14vu59qr306oxotwh\gradle-8.0\lib\gradle-launcher-8.0.jar
Launcher Type: SUN_STANDARD

[Global flags]
     intx CICompilerCount                          = 3                                         {product} {ergonomic}
     uint ConcGCThreads                            = 1                                         {product} {ergonomic}
     uint G1ConcRefinementThreads                  = 4                                         {product} {ergonomic}
   size_t G1HeapRegionSize                         = 1048576                                   {product} {ergonomic}
    uintx GCDrainStackTargetSize                   = 64                                        {product} {ergonomic}
   size_t InitialHeapSize                          = 60817408                                  {product} {ergonomic}
   size_t MarkStackSize                            = 4194304                                   {product} {ergonomic}
   size_t MaxHeapSize                              = 2147483648                                {product} {command line}
   size_t MaxNewSize                               = 1287651328                                {product} {ergonomic}
   size_t MinHeapDeltaBytes                        = 1048576                                   {product} {ergonomic}
   size_t MinHeapSize                              = 8388608                                   {product} {ergonomic}
    uintx NonNMethodCodeHeapSize                   = 5832780                                {pd product} {ergonomic}
    uintx NonProfiledCodeHeapSize                  = 122912730                              {pd product} {ergonomic}
    uintx ProfiledCodeHeapSize                     = 122912730                              {pd product} {ergonomic}
    uintx ReservedCodeCacheSize                    = 251658240                              {pd product} {ergonomic}
     bool SegmentedCodeCache                       = true                                      {product} {ergonomic}
   size_t SoftMaxHeapSize                          = 2147483648                             {manageable} {ergonomic}
     bool UseCompressedClassPointers               = true                           {product lp64_product} {ergonomic}
     bool UseCompressedOops                        = true                           {product lp64_product} {ergonomic}
     bool UseG1GC                                  = true                                      {product} {ergonomic}
     bool UseLargePagesIndividualAllocation        = false                                  {pd product} {ergonomic}

Logging:
Log output configuration:
 #0: stdout all=warning uptime,level,tags
 #1: stderr all=off uptime,level,tags

Environment Variables:
PATH=C:\oraclexe\app\oracle\product\11.2.0\server\bin;;C:\Program Files\Common Files\Oracle\Java\javapath;C:\WINDOWS\system32;C:\WINDOWS;C:\WINDOWS\System32\Wbem;C:\WINDOWS\System32\WindowsPowerShell\v1.0\;C:\WINDOWS\System32\OpenSSH\;C:\Program Files\Git\cmd;C:\Users\oals6\AppData\Local\Microsoft\WindowsApps;
USERNAME=oals6
OS=Windows_NT
PROCESSOR_IDENTIFIER=Intel64 Family 6 Model 126 Stepping 5, GenuineIntel
TMP=C:\Users\oals6\AppData\Local\Temp
TEMP=C:\Users\oals6\AppData\Local\Temp



---------------  S Y S T E M  ---------------

OS:
 Windows 10 , 64 bit Build 19041 (10.0.19041.3636)
OS uptime: 7 days 2:09 hours

CPU: total 4 (initial active 4) (4 cores per cpu, 2 threads per core) family 6 model 126 stepping 5 microcode 0xb0, cx8, cmov, fxsr, ht, mmx, 3dnowpref, sse, sse2, sse3, ssse3, sse4.1, sse4.2, popcnt, lzcnt, tsc, tscinvbit, avx, avx2, aes, erms, clmul, bmi1, bmi2, adx, avx512f, avx512dq, avx512cd, avx512bw, avx512vl, sha, fma, vzeroupper, avx512_vpopcntdq, avx512_vpclmulqdq, avx512_vaes, avx512_vnni, clflush, clflushopt, avx512_vbmi2, avx512_vbmi

Memory: 4k page, system-wide physical 3682M (239M free)
TotalPageFile size 11053M (AvailPageFile size 534M)
current process WorkingSet (physical memory assigned to process): 516M, peak: 537M
current process commit charge ("private bytes"): 615M, peak: 1233M

vm_info: OpenJDK 64-Bit Server VM (17.0.6+0-b2043.56-9586694) for windows-amd64 JRE (17.0.6+0-b2043.56-9586694), built on Feb  9 2023 20:06:20 by "androidbuild" with MS VC++ 16.10 / 16.11 (VS2019)

END.
