#
# There is insufficient memory for the Java Runtime Environment to continue.
# Native memory allocation (mmap) failed to map 585105408 bytes for G1 virtual space
# Possible reasons:
#   The system is out of physical RAM or swap space
#   The process is running with CompressedOops enabled, and the Java Heap may be blocking the growth of the native heap
# Possible solutions:
#   Reduce memory load on the system
#   Increase physical memory or swap space
#   Check if swap backing store is full
#   Decrease Java heap size (-Xmx/-Xms)
#   Decrease number of Java threads
#   Decrease Java thread stack sizes (-Xss)
#   Set larger code cache with -XX:ReservedCodeCacheSize=
#   JVM is running with Unscaled Compressed Oops mode in which the Java heap is
#     placed in the first 4GB address space. The Java Heap base address is the
#     maximum limit for the native heap growth. Please use -XX:HeapBaseMinAddress
#     to set the Java Heap base and to place the Java Heap above 4GB virtual address.
# This output file may be truncated or incomplete.
#
#  Out of Memory Error (os_windows.cpp:3769), pid=6436, tid=6660
#
# JRE version: OpenJDK Runtime Environment (17.0.6) (build 17.0.6+0-b2043.56-9586694)
# Java VM: OpenJDK 64-Bit Server VM (17.0.6+0-b2043.56-9586694, mixed mode, tiered, compressed oops, compressed class ptrs, g1 gc, windows-amd64)
# No core dump will be written. Minidumps are not enabled by default on client versions of Windows
#

---------------  S U M M A R Y ------------

Command Line: --add-opens=java.base/java.util=ALL-UNNAMED --add-opens=java.base/java.lang=ALL-UNNAMED --add-opens=java.base/java.lang.invoke=ALL-UNNAMED --add-opens=java.prefs/java.util.prefs=ALL-UNNAMED --add-opens=java.base/java.nio.charset=ALL-UNNAMED --add-opens=java.base/java.net=ALL-UNNAMED --add-opens=java.base/java.util.concurrent.atomic=ALL-UNNAMED -Xmx2048m -Dfile.encoding=UTF-8 -Duser.country=KR -Duser.language=ko -Duser.variant org.gradle.launcher.daemon.bootstrap.GradleDaemon 8.0

Host: Intel(R) Core(TM) i5-1035G1 CPU @ 1.00GHz, 4 cores, 3G,  Windows 10 , 64 bit Build 19041 (10.0.19041.3636)
Time: Thu Dec 21 12:43:09 2023  Windows 10 , 64 bit Build 19041 (10.0.19041.3636) elapsed time: 50.652782 seconds (0d 0h 0m 50s)

---------------  T H R E A D  ---------------

Current thread (0x0000020039c494e0):  VMThread "VM Thread" [stack: 0x000000bbb9600000,0x000000bbb9700000] [id=6660]

Stack: [0x000000bbb9600000,0x000000bbb9700000]
Native frames: (J=compiled Java code, j=interpreted, Vv=VM code, C=native code)
V  [jvm.dll+0x683b4a]
V  [jvm.dll+0x842654]
V  [jvm.dll+0x843dfe]
V  [jvm.dll+0x844463]
V  [jvm.dll+0x249b75]
V  [jvm.dll+0x680a19]
V  [jvm.dll+0x674f0a]
V  [jvm.dll+0x309acb]
V  [jvm.dll+0x310f86]
V  [jvm.dll+0x3608ee]
V  [jvm.dll+0x360b1f]
V  [jvm.dll+0x2dfbf8]
V  [jvm.dll+0x2ddec4]
V  [jvm.dll+0x2dd4cc]
V  [jvm.dll+0x321f3b]
V  [jvm.dll+0x84893b]
V  [jvm.dll+0x849674]
V  [jvm.dll+0x849b8d]
V  [jvm.dll+0x849f64]
V  [jvm.dll+0x84a030]
V  [jvm.dll+0x7f25fa]
V  [jvm.dll+0x682985]
C  [ucrtbase.dll+0x21bb2]
C  [KERNEL32.DLL+0x17344]
C  [ntdll.dll+0x526b1]

VM_Operation (0x000000bbbb0fe9f0): G1CollectForAllocation, mode: safepoint, requested by thread 0x000002003cc375a0


---------------  P R O C E S S  ---------------

Threads class SMR info:
_java_thread_list=0x000002003f7522c0, length=90, elements={
0x0000020020718210, 0x0000020039c967d0, 0x0000020039cca420, 0x0000020039cedf40,
0x0000020039cee900, 0x0000020039cef1c0, 0x0000020039d0bb80, 0x0000020039d0d780,
0x0000020039d0e490, 0x0000020039d111a0, 0x000002003a97aaf0, 0x000002003a97b3d0,
0x000002003c3b5a00, 0x000002003c0628b0, 0x000002003bd2f5a0, 0x000002003c2eae20,
0x000002003b565860, 0x000002003bb4d730, 0x000002003bb4ca00, 0x000002003c346c70,
0x000002003cc35d90, 0x000002003cc34a50, 0x000002003cc375a0, 0x000002003cc36730,
0x000002003cc36c00, 0x000002003cc370d0, 0x000002003cc353f0, 0x000002003cc37a70,
0x000002003cc34580, 0x000002003cc358c0, 0x000002003cc36260, 0x000002003cc37f40,
0x000002003cc34f20, 0x000002003e956d40, 0x000002003e956870, 0x000002003e9576e0,
0x000002003e9541f0, 0x000002003e957bb0, 0x000002003e952eb0, 0x000002003e952040,
0x000002003e959890, 0x000002003e952510, 0x000002003e958a20, 0x000002003e957210,
0x000002003e953380, 0x000002003e953850, 0x000002003e958080, 0x000002003e958ef0,
0x000002003e958550, 0x000002003e9593c0, 0x000002003e954b90, 0x000002003e9529e0,
0x000002003e953d20, 0x000002003e955530, 0x000002003e955060, 0x000002003e955a00,
0x000002003ee19100, 0x000002003ee17420, 0x000002003ee18760, 0x000002003ee15740,
0x000002003ee19f70, 0x000002003ee15c10, 0x000002003ee178f0, 0x000002003ee13f30,
0x000002003ee18c30, 0x000002003ee13590, 0x000002003ee14400, 0x000002003ee17dc0,
0x000002003ee16f50, 0x000002003ee130c0, 0x000002003ee18290, 0x000002003ee13a60,
0x000002003ee160e0, 0x000002003ee195d0, 0x000002003ee148d0, 0x000002003ee19aa0,
0x000002003ee1a440, 0x000002003ee1a910, 0x000002003ee14da0, 0x000002003ee15270,
0x000002003ee16a80, 0x000002003d6cea20, 0x000002003d6d0700, 0x000002003d6cf890,
0x000002003d6d1a40, 0x000002003d6cf3c0, 0x000002003d6d0230, 0x000002003d6cc870,
0x000002003d6ce550, 0x000002003d6d1f10
}

Java Threads: ( => current thread )
  0x0000020020718210 JavaThread "main" [_thread_blocked, id=6772, stack(0x000000bbb9000000,0x000000bbb9100000)]
  0x0000020039c967d0 JavaThread "Reference Handler" daemon [_thread_blocked, id=8144, stack(0x000000bbb9700000,0x000000bbb9800000)]
  0x0000020039cca420 JavaThread "Finalizer" daemon [_thread_blocked, id=1196, stack(0x000000bbb9800000,0x000000bbb9900000)]
  0x0000020039cedf40 JavaThread "Signal Dispatcher" daemon [_thread_blocked, id=2492, stack(0x000000bbb9900000,0x000000bbb9a00000)]
  0x0000020039cee900 JavaThread "Attach Listener" daemon [_thread_blocked, id=9808, stack(0x000000bbb9a00000,0x000000bbb9b00000)]
  0x0000020039cef1c0 JavaThread "Service Thread" daemon [_thread_blocked, id=4984, stack(0x000000bbb9b00000,0x000000bbb9c00000)]
  0x0000020039d0bb80 JavaThread "Monitor Deflation Thread" daemon [_thread_blocked, id=9624, stack(0x000000bbb9c00000,0x000000bbb9d00000)]
  0x0000020039d0d780 JavaThread "C2 CompilerThread0" daemon [_thread_blocked, id=7776, stack(0x000000bbb9d00000,0x000000bbb9e00000)]
  0x0000020039d0e490 JavaThread "C1 CompilerThread0" daemon [_thread_blocked, id=12448, stack(0x000000bbb9e00000,0x000000bbb9f00000)]
  0x0000020039d111a0 JavaThread "Sweeper thread" daemon [_thread_blocked, id=9204, stack(0x000000bbb9f00000,0x000000bbba000000)]
  0x000002003a97aaf0 JavaThread "Common-Cleaner" daemon [_thread_blocked, id=6608, stack(0x000000bbba000000,0x000000bbba100000)]
  0x000002003a97b3d0 JavaThread "Notification Thread" daemon [_thread_blocked, id=7584, stack(0x000000bbba100000,0x000000bbba200000)]
  0x000002003c3b5a00 JavaThread "Daemon health stats" [_thread_blocked, id=5740, stack(0x000000bbba600000,0x000000bbba700000)]
  0x000002003c0628b0 JavaThread "Incoming local TCP Connector on port 58534" [_thread_in_native, id=8488, stack(0x000000bbba700000,0x000000bbba800000)]
  0x000002003bd2f5a0 JavaThread "Daemon periodic checks" [_thread_blocked, id=8876, stack(0x000000bbba800000,0x000000bbba900000)]
  0x000002003c2eae20 JavaThread "Daemon" [_thread_blocked, id=11552, stack(0x000000bbba900000,0x000000bbbaa00000)]
  0x000002003b565860 JavaThread "Handler for socket connection from /127.0.0.1:58534 to /127.0.0.1:58535" [_thread_in_native, id=5056, stack(0x000000bbbaa00000,0x000000bbbab00000)]
  0x000002003bb4d730 JavaThread "Cancel handler" [_thread_blocked, id=3620, stack(0x000000bbbab00000,0x000000bbbac00000)]
  0x000002003bb4ca00 JavaThread "Daemon worker" [_thread_blocked, id=9396, stack(0x000000bbbac00000,0x000000bbbad00000)]
  0x000002003c346c70 JavaThread "Asynchronous log dispatcher for DefaultDaemonConnection: socket connection from /127.0.0.1:58534 to /127.0.0.1:58535" [_thread_blocked, id=928, stack(0x000000bbbad00000,0x000000bbbae00000)]
  0x000002003cc35d90 JavaThread "Stdin handler" [_thread_blocked, id=13160, stack(0x000000bbbae00000,0x000000bbbaf00000)]
  0x000002003cc34a50 JavaThread "Daemon client event forwarder" [_thread_blocked, id=7668, stack(0x000000bbbaf00000,0x000000bbbb000000)]
  0x000002003cc375a0 JavaThread "Cache worker for journal cache (C:\Users\oals6\.gradle\caches\journal-1)" [_thread_blocked, id=4528, stack(0x000000bbbb000000,0x000000bbbb100000)]
  0x000002003cc36730 JavaThread "File lock request listener" [_thread_in_native, id=5632, stack(0x000000bbbb100000,0x000000bbbb200000)]
  0x000002003cc36c00 JavaThread "Cache worker for file hash cache (C:\Users\oals6\.gradle\caches\8.0\fileHashes)" [_thread_blocked, id=1580, stack(0x000000bbbb200000,0x000000bbbb300000)]
  0x000002003cc370d0 JavaThread "File watcher server" daemon [_thread_blocked, id=13256, stack(0x000000bbbb300000,0x000000bbbb400000)]
  0x000002003cc353f0 JavaThread "File watcher consumer" daemon [_thread_blocked, id=6948, stack(0x000000bbbb400000,0x000000bbbb500000)]
  0x000002003cc37a70 JavaThread "Cache worker for checksums cache (C:\Users\oals6\AndroidStudioProjects\MyDB\.gradle\8.0\checksums)" [_thread_blocked, id=3124, stack(0x000000bbbb500000,0x000000bbbb600000)]
  0x000002003cc34580 JavaThread "Cache worker for cache directory md-rule (C:\Users\oals6\.gradle\caches\8.0\md-rule)" [_thread_blocked, id=12532, stack(0x000000bbbb600000,0x000000bbbb700000)]
  0x000002003cc358c0 JavaThread "Cache worker for file content cache (C:\Users\oals6\.gradle\caches\8.0\fileContent)" [_thread_blocked, id=13000, stack(0x000000bbbb700000,0x000000bbbb800000)]
  0x000002003cc36260 JavaThread "Cache worker for file hash cache (C:\Users\oals6\AndroidStudioProjects\MyDB\.gradle\8.0\fileHashes)" [_thread_blocked, id=12068, stack(0x000000bbbb800000,0x000000bbbb900000)]
  0x000002003cc37f40 JavaThread "Cache worker for cache directory md-supplier (C:\Users\oals6\.gradle\caches\8.0\md-supplier)" [_thread_blocked, id=12280, stack(0x000000bbbb900000,0x000000bbbba00000)]
  0x000002003cc34f20 JavaThread "Cache worker for execution history cache (C:\Users\oals6\.gradle\caches\8.0\executionHistory)" [_thread_blocked, id=9380, stack(0x000000bbbba00000,0x000000bbbbb00000)]
  0x000002003e956d40 JavaThread "jar transforms" [_thread_blocked, id=10924, stack(0x000000bbbbb00000,0x000000bbbbc00000)]
  0x000002003e956870 JavaThread "jar transforms Thread 2" [_thread_blocked, id=12536, stack(0x000000bbbbc00000,0x000000bbbbd00000)]
  0x000002003e9576e0 JavaThread "jar transforms Thread 3" [_thread_blocked, id=9944, stack(0x000000bbbbd00000,0x000000bbbbe00000)]
  0x000002003e9541f0 JavaThread "jar transforms Thread 4" [_thread_blocked, id=10448, stack(0x000000bbbbe00000,0x000000bbbbf00000)]
  0x000002003e957bb0 JavaThread "Cache worker for dependencies-accessors (C:\Users\oals6\AndroidStudioProjects\MyDB\.gradle\8.0\dependencies-accessors)" [_thread_blocked, id=7824, stack(0x000000bbbbf00000,0x000000bbbc000000)]
  0x000002003e952eb0 JavaThread "Cache worker for Build Output Cleanup Cache (C:\Users\oals6\AndroidStudioProjects\MyDB\.gradle\buildOutputCleanup)" [_thread_blocked, id=6348, stack(0x000000bbbc000000,0x000000bbbc100000)]
  0x000002003e952040 JavaThread "Unconstrained build operations" [_thread_blocked, id=11680, stack(0x000000bbbc100000,0x000000bbbc200000)]
  0x000002003e959890 JavaThread "Unconstrained build operations Thread 2" [_thread_blocked, id=6996, stack(0x000000bbbc200000,0x000000bbbc300000)]
  0x000002003e952510 JavaThread "Unconstrained build operations Thread 3" [_thread_blocked, id=9796, stack(0x000000bbbc300000,0x000000bbbc400000)]
  0x000002003e958a20 JavaThread "Unconstrained build operations Thread 4" [_thread_blocked, id=10532, stack(0x000000bbbc400000,0x000000bbbc500000)]
  0x000002003e957210 JavaThread "Unconstrained build operations Thread 5" [_thread_blocked, id=7060, stack(0x000000bbbc500000,0x000000bbbc600000)]
  0x000002003e953380 JavaThread "Unconstrained build operations Thread 6" [_thread_blocked, id=12564, stack(0x000000bbbc600000,0x000000bbbc700000)]
  0x000002003e953850 JavaThread "Unconstrained build operations Thread 7" [_thread_blocked, id=3740, stack(0x000000bbbc700000,0x000000bbbc800000)]
  0x000002003e958080 JavaThread "Unconstrained build operations Thread 8" [_thread_blocked, id=7468, stack(0x000000bbbc800000,0x000000bbbc900000)]
  0x000002003e958ef0 JavaThread "Unconstrained build operations Thread 9" [_thread_blocked, id=4988, stack(0x000000bbbc900000,0x000000bbbca00000)]
  0x000002003e958550 JavaThread "Unconstrained build operations Thread 10" [_thread_blocked, id=5164, stack(0x000000bbbca00000,0x000000bbbcb00000)]
  0x000002003e9593c0 JavaThread "Unconstrained build operations Thread 11" [_thread_blocked, id=5664, stack(0x000000bbbcb00000,0x000000bbbcc00000)]
  0x000002003e954b90 JavaThread "Unconstrained build operations Thread 12" [_thread_blocked, id=12892, stack(0x000000bbbcc00000,0x000000bbbcd00000)]
  0x000002003e9529e0 JavaThread "Unconstrained build operations Thread 13" [_thread_blocked, id=2740, stack(0x000000bbbcd00000,0x000000bbbce00000)]
  0x000002003e953d20 JavaThread "Unconstrained build operations Thread 14" [_thread_blocked, id=3552, stack(0x000000bbbce00000,0x000000bbbcf00000)]
  0x000002003e955530 JavaThread "Unconstrained build operations Thread 15" [_thread_blocked, id=11136, stack(0x000000bbbcf00000,0x000000bbbd000000)]
  0x000002003e955060 JavaThread "Unconstrained build operations Thread 16" [_thread_blocked, id=4496, stack(0x000000bbbd000000,0x000000bbbd100000)]
  0x000002003e955a00 JavaThread "Unconstrained build operations Thread 17" [_thread_blocked, id=5220, stack(0x000000bbbd100000,0x000000bbbd200000)]
  0x000002003ee19100 JavaThread "Unconstrained build operations Thread 18" [_thread_blocked, id=13224, stack(0x000000bbbd200000,0x000000bbbd300000)]
  0x000002003ee17420 JavaThread "Unconstrained build operations Thread 19" [_thread_blocked, id=1140, stack(0x000000bbbd300000,0x000000bbbd400000)]
  0x000002003ee18760 JavaThread "Unconstrained build operations Thread 20" [_thread_blocked, id=3780, stack(0x000000bbbd400000,0x000000bbbd500000)]
  0x000002003ee15740 JavaThread "Unconstrained build operations Thread 21" [_thread_blocked, id=9400, stack(0x000000bbbd500000,0x000000bbbd600000)]
  0x000002003ee19f70 JavaThread "Unconstrained build operations Thread 22" [_thread_blocked, id=3040, stack(0x000000bbbd600000,0x000000bbbd700000)]
  0x000002003ee15c10 JavaThread "Unconstrained build operations Thread 23" [_thread_blocked, id=7312, stack(0x000000bbbd700000,0x000000bbbd800000)]
  0x000002003ee178f0 JavaThread "Unconstrained build operations Thread 24" [_thread_blocked, id=10152, stack(0x000000bbbd800000,0x000000bbbd900000)]
  0x000002003ee13f30 JavaThread "Unconstrained build operations Thread 25" [_thread_blocked, id=6816, stack(0x000000bbbd900000,0x000000bbbda00000)]
  0x000002003ee18c30 JavaThread "Unconstrained build operations Thread 26" [_thread_blocked, id=4852, stack(0x000000bbbda00000,0x000000bbbdb00000)]
  0x000002003ee13590 JavaThread "Unconstrained build operations Thread 27" [_thread_blocked, id=10116, stack(0x000000bbbdb00000,0x000000bbbdc00000)]
  0x000002003ee14400 JavaThread "Unconstrained build operations Thread 28" [_thread_blocked, id=7864, stack(0x000000bbbdc00000,0x000000bbbdd00000)]
  0x000002003ee17dc0 JavaThread "Unconstrained build operations Thread 29" [_thread_blocked, id=1892, stack(0x000000bbbdd00000,0x000000bbbde00000)]
  0x000002003ee16f50 JavaThread "Unconstrained build operations Thread 30" [_thread_blocked, id=11384, stack(0x000000bbbde00000,0x000000bbbdf00000)]
  0x000002003ee130c0 JavaThread "Unconstrained build operations Thread 31" [_thread_blocked, id=12696, stack(0x000000bbbdf00000,0x000000bbbe000000)]
  0x000002003ee18290 JavaThread "Unconstrained build operations Thread 32" [_thread_blocked, id=2516, stack(0x000000bbbe000000,0x000000bbbe100000)]
  0x000002003ee13a60 JavaThread "Unconstrained build operations Thread 33" [_thread_blocked, id=1868, stack(0x000000bbbe100000,0x000000bbbe200000)]
  0x000002003ee160e0 JavaThread "Unconstrained build operations Thread 34" [_thread_blocked, id=9544, stack(0x000000bbbe200000,0x000000bbbe300000)]
  0x000002003ee195d0 JavaThread "Unconstrained build operations Thread 35" [_thread_blocked, id=12412, stack(0x000000bbbe300000,0x000000bbbe400000)]
  0x000002003ee148d0 JavaThread "Unconstrained build operations Thread 36" [_thread_blocked, id=9192, stack(0x000000bbbe400000,0x000000bbbe500000)]
  0x000002003ee19aa0 JavaThread "Unconstrained build operations Thread 37" [_thread_blocked, id=11104, stack(0x000000bbbe500000,0x000000bbbe600000)]
  0x000002003ee1a440 JavaThread "Unconstrained build operations Thread 38" [_thread_blocked, id=9704, stack(0x000000bbbe600000,0x000000bbbe700000)]
  0x000002003ee1a910 JavaThread "Unconstrained build operations Thread 39" [_thread_blocked, id=10220, stack(0x000000bbbe700000,0x000000bbbe800000)]
  0x000002003ee14da0 JavaThread "Unconstrained build operations Thread 40" [_thread_blocked, id=4796, stack(0x000000bbbe800000,0x000000bbbe900000)]
  0x000002003ee15270 JavaThread "build event listener" [_thread_blocked, id=8764, stack(0x000000bbbe900000,0x000000bbbea00000)]
  0x000002003ee16a80 JavaThread "Memory manager" [_thread_blocked, id=9676, stack(0x000000bbbea00000,0x000000bbbeb00000)]
  0x000002003d6cea20 JavaThread "included builds" [_thread_blocked, id=9136, stack(0x000000bbbeb00000,0x000000bbbec00000)]
  0x000002003d6d0700 JavaThread "Execution worker" [_thread_blocked, id=7728, stack(0x000000bbbec00000,0x000000bbbed00000)]
  0x000002003d6cf890 JavaThread "Execution worker Thread 2" [_thread_blocked, id=428, stack(0x000000bbbed00000,0x000000bbbee00000)]
  0x000002003d6d1a40 JavaThread "Execution worker Thread 3" [_thread_blocked, id=12876, stack(0x000000bbbee00000,0x000000bbbef00000)]
  0x000002003d6cf3c0 JavaThread "Cache worker for execution history cache (C:\Users\oals6\AndroidStudioProjects\MyDB\.gradle\8.0\executionHistory)" [_thread_blocked, id=8860, stack(0x000000bbbef00000,0x000000bbbf000000)]
  0x000002003d6d0230 JavaThread "WorkerExecutor Queue" [_thread_blocked, id=11984, stack(0x000000bbbf400000,0x000000bbbf500000)]
  0x000002003d6cc870 JavaThread "WorkerExecutor Queue Thread 2" [_thread_blocked, id=2388, stack(0x000000bbbf500000,0x000000bbbf600000)]
  0x000002003d6ce550 JavaThread "WorkerExecutor Queue Thread 3" [_thread_blocked, id=3200, stack(0x000000bbbf600000,0x000000bbbf700000)]
  0x000002003d6d1f10 JavaThread "WorkerExecutor Queue Thread 4" [_thread_blocked, id=7572, stack(0x000000bbbf700000,0x000000bbbf800000)]

Other Threads:
=>0x0000020039c494e0 VMThread "VM Thread" [stack: 0x000000bbb9600000,0x000000bbb9700000] [id=6660]
  0x000002003a9842a0 WatcherThread [stack: 0x000000bbba200000,0x000000bbba300000] [id=8476]
  0x0000020020776920 GCTaskThread "GC Thread#0" [stack: 0x000000bbb9100000,0x000000bbb9200000] [id=8380]
  0x000002003b250120 GCTaskThread "GC Thread#1" [stack: 0x000000bbba300000,0x000000bbba400000] [id=7284]
  0x000002003b250bf0 GCTaskThread "GC Thread#2" [stack: 0x000000bbba400000,0x000000bbba500000] [id=6824]
  0x000002003b458a30 GCTaskThread "GC Thread#3" [stack: 0x000000bbba500000,0x000000bbba600000] [id=6240]
  0x0000020020787770 ConcurrentGCThread "G1 Main Marker" [stack: 0x000000bbb9200000,0x000000bbb9300000] [id=11044]
  0x0000020020788090 ConcurrentGCThread "G1 Conc#0" [stack: 0x000000bbb9300000,0x000000bbb9400000] [id=2376]
  0x00000200207c89c0 ConcurrentGCThread "G1 Refine#0" [stack: 0x000000bbb9400000,0x000000bbb9500000] [id=1468]
  0x000002003d413910 ConcurrentGCThread "G1 Refine#1" [stack: 0x000000bbbf200000,0x000000bbbf300000] [id=8244]
  0x000002003d416150 ConcurrentGCThread "G1 Refine#2" [stack: 0x000000bbbf300000,0x000000bbbf400000] [id=2724]
  0x00000200207c92f0 ConcurrentGCThread "G1 Service" [stack: 0x000000bbb9500000,0x000000bbb9600000] [id=11652]

Threads with active compile tasks:

VM state: at safepoint (normal execution)

VM Mutex/Monitor currently owned by a thread:  ([mutex/lock_event])
[0x0000020020712fc0] Threads_lock - owner thread: 0x0000020039c494e0
[0x00000200207146d0] Heap_lock - owner thread: 0x000002003cc375a0

Heap address: 0x0000000080000000, size: 2048 MB, Compressed Oops mode: 32-bit

CDS archive(s) not mapped
Compressed class space mapped at: 0x0000000100000000-0x0000000140000000, reserved size: 1073741824
Narrow klass base: 0x0000000000000000, Narrow klass shift: 3, Narrow klass range: 0x140000000

GC Precious Log:
 CPUs: 4 total, 4 available
 Memory: 3682M
 Large Page Support: Disabled
 NUMA Support: Disabled
 Compressed Oops: Enabled (32-bit)
 Heap Region Size: 1M
 Heap Min Capacity: 8M
 Heap Initial Capacity: 58M
 Heap Max Capacity: 2G
 Pre-touch: Disabled
 Parallel Workers: 4
 Concurrent Workers: 1
 Concurrent Refinement Workers: 4
 Periodic GC: Disabled

Heap:
 garbage-first heap   total 285696K, used 145412K [0x0000000080000000, 0x0000000100000000)
  region size 1024K, 8 young (8192K), 8 survivors (8192K)
 Metaspace       used 106245K, committed 106880K, reserved 1146880K
  class space    used 13919K, committed 14208K, reserved 1048576K

Heap Regions: E=young(eden), S=young(survivor), O=old, HS=humongous(starts), HC=humongous(continues), CS=collection set, F=free, OA=open archive, CA=closed archive, TAMS=top-at-mark-start (previous, next)
|   0|0x0000000080000000, 0x0000000080100000, 0x0000000080100000|100%| O|  |TAMS 0x0000000080100000, 0x0000000080100000| Untracked 
|   1|0x0000000080100000, 0x0000000080200000, 0x0000000080200000|100%| O|  |TAMS 0x0000000080200000, 0x0000000080200000| Untracked 
|   2|0x0000000080200000, 0x0000000080300000, 0x0000000080300000|100%|HS|  |TAMS 0x0000000080300000, 0x0000000080300000| Complete 
|   3|0x0000000080300000, 0x0000000080400000, 0x0000000080400000|100%|HC|  |TAMS 0x0000000080400000, 0x0000000080400000| Complete 
|   4|0x0000000080400000, 0x0000000080500000, 0x0000000080500000|100%|HC|  |TAMS 0x0000000080500000, 0x0000000080500000| Complete 
|   5|0x0000000080500000, 0x0000000080600000, 0x0000000080600000|100%|HC|  |TAMS 0x0000000080600000, 0x0000000080600000| Complete 
|   6|0x0000000080600000, 0x0000000080700000, 0x0000000080700000|100%| O|  |TAMS 0x0000000080700000, 0x0000000080700000| Untracked 
|   7|0x0000000080700000, 0x0000000080800000, 0x0000000080800000|100%| O|  |TAMS 0x0000000080800000, 0x0000000080800000| Untracked 
|   8|0x0000000080800000, 0x0000000080900000, 0x0000000080900000|100%| O|  |TAMS 0x0000000080900000, 0x0000000080900000| Untracked 
|   9|0x0000000080900000, 0x0000000080a00000, 0x0000000080a00000|100%| O|  |TAMS 0x0000000080a00000, 0x0000000080a00000| Untracked 
|  10|0x0000000080a00000, 0x0000000080b00000, 0x0000000080b00000|100%| O|  |TAMS 0x0000000080b00000, 0x0000000080b00000| Untracked 
|  11|0x0000000080b00000, 0x0000000080c00000, 0x0000000080c00000|100%| O|  |TAMS 0x0000000080c00000, 0x0000000080c00000| Untracked 
|  12|0x0000000080c00000, 0x0000000080d00000, 0x0000000080d00000|100%| O|  |TAMS 0x0000000080d00000, 0x0000000080d00000| Untracked 
|  13|0x0000000080d00000, 0x0000000080e00000, 0x0000000080e00000|100%| O|  |TAMS 0x0000000080e00000, 0x0000000080e00000| Untracked 
|  14|0x0000000080e00000, 0x0000000080f00000, 0x0000000080f00000|100%| O|  |TAMS 0x0000000080f00000, 0x0000000080f00000| Untracked 
|  15|0x0000000080f00000, 0x0000000081000000, 0x0000000081000000|100%| O|  |TAMS 0x0000000081000000, 0x0000000081000000| Untracked 
|  16|0x0000000081000000, 0x0000000081100000, 0x0000000081100000|100%| O|  |TAMS 0x0000000081100000, 0x0000000081100000| Untracked 
|  17|0x0000000081100000, 0x0000000081200000, 0x0000000081200000|100%| O|  |TAMS 0x0000000081200000, 0x0000000081200000| Untracked 
|  18|0x0000000081200000, 0x0000000081300000, 0x0000000081300000|100%| O|  |TAMS 0x0000000081300000, 0x0000000081300000| Untracked 
|  19|0x0000000081300000, 0x0000000081400000, 0x0000000081400000|100%| O|  |TAMS 0x0000000081400000, 0x0000000081400000| Untracked 
|  20|0x0000000081400000, 0x0000000081500000, 0x0000000081500000|100%| O|  |TAMS 0x0000000081500000, 0x0000000081500000| Untracked 
|  21|0x0000000081500000, 0x0000000081600000, 0x0000000081600000|100%| O|  |TAMS 0x0000000081600000, 0x0000000081600000| Untracked 
|  22|0x0000000081600000, 0x0000000081700000, 0x0000000081700000|100%| O|  |TAMS 0x0000000081700000, 0x0000000081700000| Untracked 
|  23|0x0000000081700000, 0x0000000081800000, 0x0000000081800000|100%| O|  |TAMS 0x0000000081800000, 0x0000000081800000| Untracked 
|  24|0x0000000081800000, 0x0000000081900000, 0x0000000081900000|100%|HS|  |TAMS 0x0000000081900000, 0x0000000081900000| Complete 
|  25|0x0000000081900000, 0x0000000081a00000, 0x0000000081a00000|100%| O|  |TAMS 0x0000000081a00000, 0x0000000081a00000| Untracked 
|  26|0x0000000081a00000, 0x0000000081b00000, 0x0000000081b00000|100%| O|  |TAMS 0x0000000081b00000, 0x0000000081b00000| Untracked 
|  27|0x0000000081b00000, 0x0000000081c00000, 0x0000000081c00000|100%| O|  |TAMS 0x0000000081c00000, 0x0000000081c00000| Untracked 
|  28|0x0000000081c00000, 0x0000000081d00000, 0x0000000081d00000|100%| O|  |TAMS 0x0000000081d00000, 0x0000000081d00000| Untracked 
|  29|0x0000000081d00000, 0x0000000081e00000, 0x0000000081e00000|100%| O|  |TAMS 0x0000000081e00000, 0x0000000081e00000| Untracked 
|  30|0x0000000081e00000, 0x0000000081f00000, 0x0000000081f00000|100%| O|  |TAMS 0x0000000081f00000, 0x0000000081f00000| Untracked 
|  31|0x0000000081f00000, 0x0000000082000000, 0x0000000082000000|100%| O|  |TAMS 0x0000000082000000, 0x0000000082000000| Untracked 
|  32|0x0000000082000000, 0x0000000082100000, 0x0000000082100000|100%| O|  |TAMS 0x0000000082100000, 0x0000000082100000| Untracked 
|  33|0x0000000082100000, 0x0000000082200000, 0x0000000082200000|100%| O|  |TAMS 0x0000000082200000, 0x0000000082200000| Untracked 
|  34|0x0000000082200000, 0x0000000082300000, 0x0000000082300000|100%| O|  |TAMS 0x0000000082300000, 0x0000000082300000| Untracked 
|  35|0x0000000082300000, 0x0000000082400000, 0x0000000082400000|100%| O|  |TAMS 0x0000000082400000, 0x0000000082400000| Untracked 
|  36|0x0000000082400000, 0x0000000082400000, 0x0000000082500000|  0%| F|  |TAMS 0x0000000082400000, 0x0000000082400000| Untracked 
|  37|0x0000000082500000, 0x0000000082500000, 0x0000000082600000|  0%| F|  |TAMS 0x0000000082500000, 0x0000000082500000| Untracked 
|  38|0x0000000082600000, 0x0000000082700000, 0x0000000082700000|100%| O|  |TAMS 0x0000000082700000, 0x0000000082700000| Untracked 
|  39|0x0000000082700000, 0x0000000082800000, 0x0000000082800000|100%|HS|  |TAMS 0x0000000082800000, 0x0000000082800000| Complete 
|  40|0x0000000082800000, 0x0000000082900000, 0x0000000082900000|100%|HS|  |TAMS 0x0000000082900000, 0x0000000082900000| Complete 
|  41|0x0000000082900000, 0x0000000082a00000, 0x0000000082a00000|100%| O|  |TAMS 0x0000000082a00000, 0x0000000082a00000| Untracked 
|  42|0x0000000082a00000, 0x0000000082b00000, 0x0000000082b00000|100%| O|  |TAMS 0x0000000082b00000, 0x0000000082b00000| Untracked 
|  43|0x0000000082b00000, 0x0000000082c00000, 0x0000000082c00000|100%|HS|  |TAMS 0x0000000082c00000, 0x0000000082c00000| Complete 
|  44|0x0000000082c00000, 0x0000000082d00000, 0x0000000082d00000|100%|HC|  |TAMS 0x0000000082d00000, 0x0000000082d00000| Complete 
|  45|0x0000000082d00000, 0x0000000082e00000, 0x0000000082e00000|100%|HC|  |TAMS 0x0000000082e00000, 0x0000000082e00000| Complete 
|  46|0x0000000082e00000, 0x0000000082f00000, 0x0000000082f00000|100%|HC|  |TAMS 0x0000000082f00000, 0x0000000082f00000| Complete 
|  47|0x0000000082f00000, 0x0000000083000000, 0x0000000083000000|100%| O|  |TAMS 0x0000000083000000, 0x0000000083000000| Untracked 
|  48|0x0000000083000000, 0x0000000083100000, 0x0000000083100000|100%| O|  |TAMS 0x0000000083100000, 0x0000000083100000| Untracked 
|  49|0x0000000083100000, 0x0000000083200000, 0x0000000083200000|100%| O|  |TAMS 0x0000000083200000, 0x0000000083200000| Untracked 
|  50|0x0000000083200000, 0x0000000083300000, 0x0000000083300000|100%| O|  |TAMS 0x0000000083300000, 0x0000000083300000| Untracked 
|  51|0x0000000083300000, 0x0000000083400000, 0x0000000083400000|100%| O|  |TAMS 0x0000000083400000, 0x0000000083400000| Untracked 
|  52|0x0000000083400000, 0x0000000083500000, 0x0000000083500000|100%| O|  |TAMS 0x0000000083500000, 0x0000000083500000| Untracked 
|  53|0x0000000083500000, 0x0000000083600000, 0x0000000083600000|100%| O|  |TAMS 0x0000000083600000, 0x0000000083600000| Untracked 
|  54|0x0000000083600000, 0x0000000083700000, 0x0000000083700000|100%| O|  |TAMS 0x0000000083700000, 0x0000000083700000| Untracked 
|  55|0x0000000083700000, 0x0000000083800000, 0x0000000083800000|100%| O|  |TAMS 0x0000000083800000, 0x0000000083800000| Untracked 
|  56|0x0000000083800000, 0x0000000083900000, 0x0000000083900000|100%| O|  |TAMS 0x0000000083900000, 0x0000000083900000| Untracked 
|  57|0x0000000083900000, 0x0000000083a00000, 0x0000000083a00000|100%| O|  |TAMS 0x0000000083a00000, 0x0000000083a00000| Untracked 
|  58|0x0000000083a00000, 0x0000000083b00000, 0x0000000083b00000|100%| O|  |TAMS 0x0000000083b00000, 0x0000000083b00000| Untracked 
|  59|0x0000000083b00000, 0x0000000083c00000, 0x0000000083c00000|100%| O|  |TAMS 0x0000000083c00000, 0x0000000083c00000| Untracked 
|  60|0x0000000083c00000, 0x0000000083d00000, 0x0000000083d00000|100%| O|  |TAMS 0x0000000083d00000, 0x0000000083d00000| Untracked 
|  61|0x0000000083d00000, 0x0000000083e00000, 0x0000000083e00000|100%| O|  |TAMS 0x0000000083e00000, 0x0000000083e00000| Untracked 
|  62|0x0000000083e00000, 0x0000000083f00000, 0x0000000083f00000|100%| O|  |TAMS 0x0000000083f00000, 0x0000000083f00000| Untracked 
|  63|0x0000000083f00000, 0x0000000084000000, 0x0000000084000000|100%| O|  |TAMS 0x0000000084000000, 0x0000000084000000| Untracked 
|  64|0x0000000084000000, 0x0000000084100000, 0x0000000084100000|100%| O|  |TAMS 0x0000000084100000, 0x0000000084100000| Untracked 
|  65|0x0000000084100000, 0x0000000084200000, 0x0000000084200000|100%| O|  |TAMS 0x0000000084200000, 0x0000000084200000| Untracked 
|  66|0x0000000084200000, 0x0000000084300000, 0x0000000084300000|100%| O|  |TAMS 0x0000000084300000, 0x0000000084300000| Untracked 
|  67|0x0000000084300000, 0x0000000084400000, 0x0000000084400000|100%| O|  |TAMS 0x0000000084400000, 0x0000000084400000| Untracked 
|  68|0x0000000084400000, 0x0000000084500000, 0x0000000084500000|100%| O|  |TAMS 0x0000000084500000, 0x0000000084500000| Untracked 
|  69|0x0000000084500000, 0x0000000084600000, 0x0000000084600000|100%| O|  |TAMS 0x0000000084600000, 0x0000000084600000| Untracked 
|  70|0x0000000084600000, 0x0000000084700000, 0x0000000084700000|100%| O|  |TAMS 0x0000000084700000, 0x0000000084700000| Untracked 
|  71|0x0000000084700000, 0x0000000084800000, 0x0000000084800000|100%| O|  |TAMS 0x0000000084800000, 0x0000000084800000| Untracked 
|  72|0x0000000084800000, 0x0000000084900000, 0x0000000084900000|100%| O|  |TAMS 0x0000000084900000, 0x0000000084900000| Untracked 
|  73|0x0000000084900000, 0x0000000084a00000, 0x0000000084a00000|100%| O|  |TAMS 0x0000000084a00000, 0x0000000084a00000| Untracked 
|  74|0x0000000084a00000, 0x0000000084b00000, 0x0000000084b00000|100%| O|  |TAMS 0x0000000084b00000, 0x0000000084b00000| Untracked 
|  75|0x0000000084b00000, 0x0000000084c00000, 0x0000000084c00000|100%| O|  |TAMS 0x0000000084c00000, 0x0000000084c00000| Untracked 
|  76|0x0000000084c00000, 0x0000000084d00000, 0x0000000084d00000|100%| O|  |TAMS 0x0000000084d00000, 0x0000000084d00000| Untracked 
|  77|0x0000000084d00000, 0x0000000084e00000, 0x0000000084e00000|100%| O|  |TAMS 0x0000000084e00000, 0x0000000084e00000| Untracked 
|  78|0x0000000084e00000, 0x0000000084f00000, 0x0000000084f00000|100%| O|  |TAMS 0x0000000084f00000, 0x0000000084f00000| Untracked 
|  79|0x0000000084f00000, 0x0000000085000000, 0x0000000085000000|100%| O|  |TAMS 0x0000000085000000, 0x0000000085000000| Untracked 
|  80|0x0000000085000000, 0x0000000085100000, 0x0000000085100000|100%| O|  |TAMS 0x0000000085100000, 0x0000000085100000| Untracked 
|  81|0x0000000085100000, 0x0000000085200000, 0x0000000085200000|100%| O|  |TAMS 0x0000000085200000, 0x0000000085200000| Untracked 
|  82|0x0000000085200000, 0x0000000085300000, 0x0000000085300000|100%| O|  |TAMS 0x0000000085300000, 0x0000000085300000| Untracked 
|  83|0x0000000085300000, 0x0000000085400000, 0x0000000085400000|100%| O|  |TAMS 0x0000000085400000, 0x0000000085400000| Untracked 
|  84|0x0000000085400000, 0x0000000085500000, 0x0000000085500000|100%| O|  |TAMS 0x0000000085400000, 0x0000000085500000| Untracked 
|  85|0x0000000085500000, 0x0000000085600000, 0x0000000085600000|100%| O|  |TAMS 0x0000000085600000, 0x0000000085600000| Untracked 
|  86|0x0000000085600000, 0x0000000085700000, 0x0000000085700000|100%|HS|  |TAMS 0x0000000085700000, 0x0000000085700000| Complete 
|  87|0x0000000085700000, 0x0000000085800000, 0x0000000085800000|100%| O|  |TAMS 0x0000000085800000, 0x0000000085800000| Untracked 
|  88|0x0000000085800000, 0x0000000085900000, 0x0000000085900000|100%| O|  |TAMS 0x0000000085900000, 0x0000000085900000| Untracked 
|  89|0x0000000085900000, 0x0000000085a00000, 0x0000000085a00000|100%| O|  |TAMS 0x0000000085a00000, 0x0000000085a00000| Untracked 
|  90|0x0000000085a00000, 0x0000000085b00000, 0x0000000085b00000|100%| O|  |TAMS 0x0000000085b00000, 0x0000000085b00000| Untracked 
|  91|0x0000000085b00000, 0x0000000085c00000, 0x0000000085c00000|100%| O|  |TAMS 0x0000000085c00000, 0x0000000085c00000| Untracked 
|  92|0x0000000085c00000, 0x0000000085d00000, 0x0000000085d00000|100%| O|  |TAMS 0x0000000085d00000, 0x0000000085d00000| Untracked 
|  93|0x0000000085d00000, 0x0000000085e00000, 0x0000000085e00000|100%| O|  |TAMS 0x0000000085e00000, 0x0000000085e00000| Untracked 
|  94|0x0000000085e00000, 0x0000000085f00000, 0x0000000085f00000|100%| O|  |TAMS 0x0000000085f00000, 0x0000000085f00000| Untracked 
|  95|0x0000000085f00000, 0x0000000086000000, 0x0000000086000000|100%| O|  |TAMS 0x0000000086000000, 0x0000000086000000| Untracked 
|  96|0x0000000086000000, 0x0000000086100000, 0x0000000086100000|100%| O|  |TAMS 0x0000000086100000, 0x0000000086100000| Untracked 
|  97|0x0000000086100000, 0x0000000086200000, 0x0000000086200000|100%| O|  |TAMS 0x0000000086200000, 0x0000000086200000| Untracked 
|  98|0x0000000086200000, 0x0000000086200000, 0x0000000086300000|  0%| F|  |TAMS 0x0000000086200000, 0x0000000086200000| Untracked 
|  99|0x0000000086300000, 0x0000000086400000, 0x0000000086400000|100%| O|  |TAMS 0x0000000086400000, 0x0000000086400000| Untracked 
| 100|0x0000000086400000, 0x0000000086400000, 0x0000000086500000|  0%| F|  |TAMS 0x0000000086400000, 0x0000000086400000| Untracked 
| 101|0x0000000086500000, 0x0000000086600000, 0x0000000086600000|100%| O|  |TAMS 0x0000000086600000, 0x0000000086600000| Untracked 
| 102|0x0000000086600000, 0x0000000086700000, 0x0000000086700000|100%| O|  |TAMS 0x0000000086700000, 0x0000000086700000| Untracked 
| 103|0x0000000086700000, 0x0000000086800000, 0x0000000086800000|100%| O|  |TAMS 0x0000000086800000, 0x0000000086800000| Untracked 
| 104|0x0000000086800000, 0x0000000086900000, 0x0000000086900000|100%| O|  |TAMS 0x0000000086900000, 0x0000000086900000| Untracked 
| 105|0x0000000086900000, 0x0000000086a00000, 0x0000000086a00000|100%| O|  |TAMS 0x0000000086a00000, 0x0000000086a00000| Untracked 
| 106|0x0000000086a00000, 0x0000000086b00000, 0x0000000086b00000|100%| O|  |TAMS 0x0000000086b00000, 0x0000000086b00000| Untracked 
| 107|0x0000000086b00000, 0x0000000086c00000, 0x0000000086c00000|100%| O|  |TAMS 0x0000000086b00000, 0x0000000086c00000| Untracked 
| 108|0x0000000086c00000, 0x0000000086d00000, 0x0000000086d00000|100%| O|  |TAMS 0x0000000086c00000, 0x0000000086d00000| Untracked 
| 109|0x0000000086d00000, 0x0000000086e00000, 0x0000000086e00000|100%| O|  |TAMS 0x0000000086d00000, 0x0000000086e00000| Untracked 
| 110|0x0000000086e00000, 0x0000000086f00000, 0x0000000086f00000|100%| O|  |TAMS 0x0000000086e00000, 0x0000000086f00000| Untracked 
| 111|0x0000000086f00000, 0x0000000087000000, 0x0000000087000000|100%| O|  |TAMS 0x0000000086f00000, 0x0000000087000000| Untracked 
| 112|0x0000000087000000, 0x0000000087100000, 0x0000000087100000|100%| O|  |TAMS 0x0000000087000000, 0x0000000087100000| Untracked 
| 113|0x0000000087100000, 0x0000000087200000, 0x0000000087200000|100%| O|  |TAMS 0x0000000087200000, 0x0000000087200000| Untracked 
| 114|0x0000000087200000, 0x0000000087200000, 0x0000000087300000|  0%| F|  |TAMS 0x0000000087200000, 0x0000000087200000| Untracked 
| 115|0x0000000087300000, 0x0000000087400000, 0x0000000087400000|100%| O|  |TAMS 0x0000000087400000, 0x0000000087400000| Untracked 
| 116|0x0000000087400000, 0x0000000087500000, 0x0000000087500000|100%| O|  |TAMS 0x0000000087500000, 0x0000000087500000| Untracked 
| 117|0x0000000087500000, 0x0000000087600000, 0x0000000087600000|100%| O|  |TAMS 0x0000000087600000, 0x0000000087600000| Untracked 
| 118|0x0000000087600000, 0x0000000087700000, 0x0000000087700000|100%| O|  |TAMS 0x0000000087700000, 0x0000000087700000| Untracked 
| 119|0x0000000087700000, 0x0000000087700000, 0x0000000087800000|  0%| F|  |TAMS 0x0000000087700000, 0x0000000087700000| Untracked 
| 120|0x0000000087800000, 0x0000000087900000, 0x0000000087900000|100%| O|  |TAMS 0x0000000087800000, 0x0000000087900000| Untracked 
| 121|0x0000000087900000, 0x0000000087a00000, 0x0000000087a00000|100%| O|  |TAMS 0x0000000087900000, 0x0000000087a00000| Untracked 
| 122|0x0000000087a00000, 0x0000000087b00000, 0x0000000087b00000|100%| O|  |TAMS 0x0000000087a00000, 0x0000000087b00000| Untracked 
| 123|0x0000000087b00000, 0x0000000087c00000, 0x0000000087c00000|100%| O|  |TAMS 0x0000000087b00000, 0x0000000087c00000| Untracked 
| 124|0x0000000087c00000, 0x0000000087d00000, 0x0000000087d00000|100%| O|  |TAMS 0x0000000087c00000, 0x0000000087d00000| Untracked 
| 125|0x0000000087d00000, 0x0000000087e00000, 0x0000000087e00000|100%| O|  |TAMS 0x0000000087d00000, 0x0000000087e00000| Untracked 
| 126|0x0000000087e00000, 0x0000000087e00000, 0x0000000087f00000|  0%| F|  |TAMS 0x0000000087e00000, 0x0000000087e00000| Untracked 
| 127|0x0000000087f00000, 0x0000000087f00000, 0x0000000088000000|  0%| F|  |TAMS 0x0000000087f00000, 0x0000000087f00000| Untracked 
| 128|0x0000000088000000, 0x0000000088000000, 0x0000000088100000|  0%| F|  |TAMS 0x0000000088000000, 0x0000000088000000| Untracked 
| 129|0x0000000088100000, 0x0000000088200000, 0x0000000088200000|100%| O|  |TAMS 0x0000000088200000, 0x0000000088200000| Untracked 
| 130|0x0000000088200000, 0x0000000088300000, 0x0000000088300000|100%| O|  |TAMS 0x0000000088200000, 0x0000000088300000| Untracked 
| 131|0x0000000088300000, 0x0000000088400000, 0x0000000088400000|100%| O|  |TAMS 0x0000000088300000, 0x0000000088400000| Untracked 
| 132|0x0000000088400000, 0x0000000088500000, 0x0000000088500000|100%| O|  |TAMS 0x0000000088400000, 0x0000000088500000| Untracked 
| 133|0x0000000088500000, 0x0000000088600000, 0x0000000088600000|100%| O|  |TAMS 0x0000000088500000, 0x0000000088600000| Untracked 
| 134|0x0000000088600000, 0x0000000088700000, 0x0000000088700000|100%| O|  |TAMS 0x0000000088700000, 0x0000000088700000| Untracked 
| 135|0x0000000088700000, 0x0000000088800000, 0x0000000088800000|100%| O|  |TAMS 0x0000000088800000, 0x0000000088800000| Untracked 
| 136|0x0000000088800000, 0x0000000088800000, 0x0000000088900000|  0%| F|  |TAMS 0x0000000088800000, 0x0000000088800000| Untracked 
| 137|0x0000000088900000, 0x0000000088900000, 0x0000000088a00000|  0%| F|  |TAMS 0x0000000088900000, 0x0000000088900000| Untracked 
| 138|0x0000000088a00000, 0x0000000088b00000, 0x0000000088b00000|100%| O|  |TAMS 0x0000000088b00000, 0x0000000088b00000| Untracked 
| 139|0x0000000088b00000, 0x0000000088c00000, 0x0000000088c00000|100%| O|  |TAMS 0x0000000088c00000, 0x0000000088c00000| Untracked 
| 140|0x0000000088c00000, 0x0000000088c00000, 0x0000000088d00000|  0%| F|  |TAMS 0x0000000088c00000, 0x0000000088c00000| Untracked 
| 141|0x0000000088d00000, 0x0000000088e00000, 0x0000000088e00000|100%| O|  |TAMS 0x0000000088d00000, 0x0000000088e00000| Untracked 
| 142|0x0000000088e00000, 0x0000000088f00000, 0x0000000088f00000|100%| O|  |TAMS 0x0000000088e00000, 0x0000000088f00000| Untracked 
| 143|0x0000000088f00000, 0x0000000089000000, 0x0000000089000000|100%| O|  |TAMS 0x0000000088f00000, 0x0000000089000000| Untracked 
| 144|0x0000000089000000, 0x0000000089100000, 0x0000000089100000|100%| O|  |TAMS 0x0000000089000000, 0x0000000089100000| Untracked 
| 145|0x0000000089100000, 0x0000000089200000, 0x0000000089200000|100%| O|  |TAMS 0x0000000089100000, 0x0000000089200000| Untracked 
| 146|0x0000000089200000, 0x000000008921de00, 0x0000000089300000| 11%| O|  |TAMS 0x0000000089200000, 0x000000008921de00| Untracked 
| 147|0x0000000089300000, 0x0000000089300000, 0x0000000089400000|  0%| F|  |TAMS 0x0000000089300000, 0x0000000089300000| Untracked 
| 148|0x0000000089400000, 0x0000000089400000, 0x0000000089500000|  0%| F|  |TAMS 0x0000000089400000, 0x0000000089400000| Untracked 
| 149|0x0000000089500000, 0x0000000089500000, 0x0000000089600000|  0%| F|  |TAMS 0x0000000089500000, 0x0000000089500000| Untracked 
| 150|0x0000000089600000, 0x0000000089600000, 0x0000000089700000|  0%| F|  |TAMS 0x0000000089600000, 0x0000000089600000| Untracked 
| 151|0x0000000089700000, 0x0000000089700000, 0x0000000089800000|  0%| F|  |TAMS 0x0000000089700000, 0x0000000089700000| Untracked 
| 152|0x0000000089800000, 0x0000000089800000, 0x0000000089900000|  0%| F|  |TAMS 0x0000000089800000, 0x0000000089800000| Untracked 
| 153|0x0000000089900000, 0x0000000089900000, 0x0000000089a00000|  0%| F|  |TAMS 0x0000000089900000, 0x0000000089900000| Untracked 
| 154|0x0000000089a00000, 0x0000000089a00000, 0x0000000089b00000|  0%| F|  |TAMS 0x0000000089a00000, 0x0000000089a00000| Untracked 
| 155|0x0000000089b00000, 0x0000000089b00000, 0x0000000089c00000|  0%| F|  |TAMS 0x0000000089b00000, 0x0000000089b00000| Untracked 
| 156|0x0000000089c00000, 0x0000000089c00000, 0x0000000089d00000|  0%| F|  |TAMS 0x0000000089c00000, 0x0000000089c00000| Untracked 
| 157|0x0000000089d00000, 0x0000000089d00000, 0x0000000089e00000|  0%| F|  |TAMS 0x0000000089d00000, 0x0000000089d00000| Untracked 
| 158|0x0000000089e00000, 0x0000000089e00000, 0x0000000089f00000|  0%| F|  |TAMS 0x0000000089e00000, 0x0000000089e00000| Untracked 
| 159|0x0000000089f00000, 0x0000000089f00000, 0x000000008a000000|  0%| F|  |TAMS 0x0000000089f00000, 0x0000000089f00000| Untracked 
| 160|0x000000008a000000, 0x000000008a000000, 0x000000008a100000|  0%| F|  |TAMS 0x000000008a000000, 0x000000008a000000| Untracked 
| 161|0x000000008a100000, 0x000000008a100000, 0x000000008a200000|  0%| F|  |TAMS 0x000000008a100000, 0x000000008a100000| Untracked 
| 162|0x000000008a200000, 0x000000008a200000, 0x000000008a300000|  0%| F|  |TAMS 0x000000008a200000, 0x000000008a200000| Untracked 
| 163|0x000000008a300000, 0x000000008a300000, 0x000000008a400000|  0%| F|  |TAMS 0x000000008a300000, 0x000000008a300000| Untracked 
| 164|0x000000008a400000, 0x000000008a400000, 0x000000008a500000|  0%| F|  |TAMS 0x000000008a400000, 0x000000008a400000| Untracked 
| 165|0x000000008a500000, 0x000000008a500000, 0x000000008a600000|  0%| F|  |TAMS 0x000000008a500000, 0x000000008a500000| Untracked 
| 166|0x000000008a600000, 0x000000008a600000, 0x000000008a700000|  0%| F|  |TAMS 0x000000008a600000, 0x000000008a600000| Untracked 
| 167|0x000000008a700000, 0x000000008a700000, 0x000000008a800000|  0%| F|  |TAMS 0x000000008a700000, 0x000000008a700000| Untracked 
| 168|0x000000008a800000, 0x000000008a800000, 0x000000008a900000|  0%| F|  |TAMS 0x000000008a800000, 0x000000008a800000| Untracked 
| 169|0x000000008a900000, 0x000000008a900000, 0x000000008aa00000|  0%| F|  |TAMS 0x000000008a900000, 0x000000008a900000| Untracked 
| 170|0x000000008aa00000, 0x000000008aa00000, 0x000000008ab00000|  0%| F|  |TAMS 0x000000008aa00000, 0x000000008aa00000| Untracked 
| 171|0x000000008ab00000, 0x000000008ab00000, 0x000000008ac00000|  0%| F|  |TAMS 0x000000008ab00000, 0x000000008ab00000| Untracked 
| 172|0x000000008ac00000, 0x000000008ac00000, 0x000000008ad00000|  0%| F|  |TAMS 0x000000008ac00000, 0x000000008ac00000| Untracked 
| 173|0x000000008ad00000, 0x000000008ad00000, 0x000000008ae00000|  0%| F|  |TAMS 0x000000008ad00000, 0x000000008ad00000| Untracked 
| 174|0x000000008ae00000, 0x000000008ae00000, 0x000000008af00000|  0%| F|  |TAMS 0x000000008ae00000, 0x000000008ae00000| Untracked 
| 175|0x000000008af00000, 0x000000008af00000, 0x000000008b000000|  0%| F|  |TAMS 0x000000008af00000, 0x000000008af00000| Untracked 
| 176|0x000000008b000000, 0x000000008b000000, 0x000000008b100000|  0%| F|  |TAMS 0x000000008b000000, 0x000000008b000000| Untracked 
| 177|0x000000008b100000, 0x000000008b100000, 0x000000008b200000|  0%| F|  |TAMS 0x000000008b100000, 0x000000008b100000| Untracked 
| 178|0x000000008b200000, 0x000000008b2e3340, 0x000000008b300000| 88%| S|CS|TAMS 0x000000008b200000, 0x000000008b200000| Complete 
| 179|0x000000008b300000, 0x000000008b400000, 0x000000008b400000|100%| S|CS|TAMS 0x000000008b300000, 0x000000008b300000| Complete 
| 180|0x000000008b400000, 0x000000008b500000, 0x000000008b500000|100%| S|CS|TAMS 0x000000008b400000, 0x000000008b400000| Complete 
| 181|0x000000008b500000, 0x000000008b600000, 0x000000008b600000|100%| S|CS|TAMS 0x000000008b500000, 0x000000008b500000| Complete 
| 182|0x000000008b600000, 0x000000008b700000, 0x000000008b700000|100%| S|CS|TAMS 0x000000008b600000, 0x000000008b600000| Complete 
| 183|0x000000008b700000, 0x000000008b800000, 0x000000008b800000|100%| S|CS|TAMS 0x000000008b700000, 0x000000008b700000| Complete 
| 184|0x000000008b800000, 0x000000008b900000, 0x000000008b900000|100%| S|CS|TAMS 0x000000008b800000, 0x000000008b800000| Complete 
| 185|0x000000008b900000, 0x000000008ba00000, 0x000000008ba00000|100%| S|CS|TAMS 0x000000008b900000, 0x000000008b900000| Complete 
| 186|0x000000008ba00000, 0x000000008ba00000, 0x000000008bb00000|  0%| F|  |TAMS 0x000000008ba00000, 0x000000008ba00000| Untracked 
| 187|0x000000008bb00000, 0x000000008bb00000, 0x000000008bc00000|  0%| F|  |TAMS 0x000000008bb00000, 0x000000008bb00000| Untracked 
| 188|0x000000008bc00000, 0x000000008bc00000, 0x000000008bd00000|  0%| F|  |TAMS 0x000000008bc00000, 0x000000008bc00000| Untracked 
| 189|0x000000008bd00000, 0x000000008bd00000, 0x000000008be00000|  0%| F|  |TAMS 0x000000008bd00000, 0x000000008bd00000| Untracked 
| 190|0x000000008be00000, 0x000000008be00000, 0x000000008bf00000|  0%| F|  |TAMS 0x000000008be00000, 0x000000008be00000| Untracked 
| 191|0x000000008bf00000, 0x000000008bf00000, 0x000000008c000000|  0%| F|  |TAMS 0x000000008bf00000, 0x000000008bf00000| Untracked 
| 192|0x000000008c000000, 0x000000008c000000, 0x000000008c100000|  0%| F|  |TAMS 0x000000008c000000, 0x000000008c000000| Untracked 
| 193|0x000000008c100000, 0x000000008c100000, 0x000000008c200000|  0%| F|  |TAMS 0x000000008c100000, 0x000000008c100000| Untracked 
| 194|0x000000008c200000, 0x000000008c200000, 0x000000008c300000|  0%| F|  |TAMS 0x000000008c200000, 0x000000008c200000| Untracked 
| 195|0x000000008c300000, 0x000000008c300000, 0x000000008c400000|  0%| F|  |TAMS 0x000000008c300000, 0x000000008c300000| Untracked 
| 196|0x000000008c400000, 0x000000008c400000, 0x000000008c500000|  0%| F|  |TAMS 0x000000008c400000, 0x000000008c400000| Untracked 
| 197|0x000000008c500000, 0x000000008c500000, 0x000000008c600000|  0%| F|  |TAMS 0x000000008c500000, 0x000000008c500000| Untracked 
| 198|0x000000008c600000, 0x000000008c600000, 0x000000008c700000|  0%| F|  |TAMS 0x000000008c600000, 0x000000008c600000| Untracked 
| 199|0x000000008c700000, 0x000000008c700000, 0x000000008c800000|  0%| F|  |TAMS 0x000000008c700000, 0x000000008c700000| Untracked 
| 200|0x000000008c800000, 0x000000008c800000, 0x000000008c900000|  0%| F|  |TAMS 0x000000008c800000, 0x000000008c800000| Untracked 
| 201|0x000000008c900000, 0x000000008c900000, 0x000000008ca00000|  0%| F|  |TAMS 0x000000008c900000, 0x000000008c900000| Untracked 
| 202|0x000000008ca00000, 0x000000008ca00000, 0x000000008cb00000|  0%| F|  |TAMS 0x000000008ca00000, 0x000000008ca00000| Untracked 
| 203|0x000000008cb00000, 0x000000008cb00000, 0x000000008cc00000|  0%| F|  |TAMS 0x000000008cb00000, 0x000000008cb00000| Untracked 
| 204|0x000000008cc00000, 0x000000008cc00000, 0x000000008cd00000|  0%| F|  |TAMS 0x000000008cc00000, 0x000000008cc00000| Untracked 
| 205|0x000000008cd00000, 0x000000008cd00000, 0x000000008ce00000|  0%| F|  |TAMS 0x000000008cd00000, 0x000000008cd00000| Untracked 
| 206|0x000000008ce00000, 0x000000008ce00000, 0x000000008cf00000|  0%| F|  |TAMS 0x000000008ce00000, 0x000000008ce00000| Untracked 
| 207|0x000000008cf00000, 0x000000008cf00000, 0x000000008d000000|  0%| F|  |TAMS 0x000000008cf00000, 0x000000008cf00000| Untracked 
| 208|0x000000008d000000, 0x000000008d000000, 0x000000008d100000|  0%| F|  |TAMS 0x000000008d000000, 0x000000008d000000| Untracked 
| 209|0x000000008d100000, 0x000000008d100000, 0x000000008d200000|  0%| F|  |TAMS 0x000000008d100000, 0x000000008d100000| Untracked 
| 210|0x000000008d200000, 0x000000008d200000, 0x000000008d300000|  0%| F|  |TAMS 0x000000008d200000, 0x000000008d200000| Untracked 
| 211|0x000000008d300000, 0x000000008d300000, 0x000000008d400000|  0%| F|  |TAMS 0x000000008d300000, 0x000000008d300000| Untracked 
| 212|0x000000008d400000, 0x000000008d400000, 0x000000008d500000|  0%| F|  |TAMS 0x000000008d400000, 0x000000008d400000| Untracked 
| 213|0x000000008d500000, 0x000000008d500000, 0x000000008d600000|  0%| F|  |TAMS 0x000000008d500000, 0x000000008d500000| Untracked 
| 214|0x000000008d600000, 0x000000008d600000, 0x000000008d700000|  0%| F|  |TAMS 0x000000008d600000, 0x000000008d600000| Untracked 
| 215|0x000000008d700000, 0x000000008d700000, 0x000000008d800000|  0%| F|  |TAMS 0x000000008d700000, 0x000000008d700000| Untracked 
| 216|0x000000008d800000, 0x000000008d800000, 0x000000008d900000|  0%| F|  |TAMS 0x000000008d800000, 0x000000008d800000| Untracked 
| 217|0x000000008d900000, 0x000000008d900000, 0x000000008da00000|  0%| F|  |TAMS 0x000000008d900000, 0x000000008d900000| Untracked 
| 218|0x000000008da00000, 0x000000008da00000, 0x000000008db00000|  0%| F|  |TAMS 0x000000008da00000, 0x000000008da00000| Untracked 
| 219|0x000000008db00000, 0x000000008db00000, 0x000000008dc00000|  0%| F|  |TAMS 0x000000008db00000, 0x000000008db00000| Untracked 
| 220|0x000000008dc00000, 0x000000008dc00000, 0x000000008dd00000|  0%| F|  |TAMS 0x000000008dc00000, 0x000000008dc00000| Untracked 
| 221|0x000000008dd00000, 0x000000008dd00000, 0x000000008de00000|  0%| F|  |TAMS 0x000000008dd00000, 0x000000008dd00000| Untracked 
| 222|0x000000008de00000, 0x000000008de00000, 0x000000008df00000|  0%| F|  |TAMS 0x000000008de00000, 0x000000008de00000| Untracked 
| 223|0x000000008df00000, 0x000000008df00000, 0x000000008e000000|  0%| F|  |TAMS 0x000000008df00000, 0x000000008df00000| Untracked 
| 224|0x000000008e000000, 0x000000008e000000, 0x000000008e100000|  0%| F|  |TAMS 0x000000008e000000, 0x000000008e000000| Untracked 
| 225|0x000000008e100000, 0x000000008e100000, 0x000000008e200000|  0%| F|  |TAMS 0x000000008e100000, 0x000000008e100000| Untracked 
| 226|0x000000008e200000, 0x000000008e200000, 0x000000008e300000|  0%| F|  |TAMS 0x000000008e200000, 0x000000008e200000| Untracked 
| 227|0x000000008e300000, 0x000000008e300000, 0x000000008e400000|  0%| F|  |TAMS 0x000000008e300000, 0x000000008e300000| Untracked 
| 228|0x000000008e400000, 0x000000008e400000, 0x000000008e500000|  0%| F|  |TAMS 0x000000008e400000, 0x000000008e400000| Untracked 
| 229|0x000000008e500000, 0x000000008e500000, 0x000000008e600000|  0%| F|  |TAMS 0x000000008e500000, 0x000000008e500000| Untracked 
| 230|0x000000008e600000, 0x000000008e600000, 0x000000008e700000|  0%| F|  |TAMS 0x000000008e600000, 0x000000008e600000| Untracked 
| 231|0x000000008e700000, 0x000000008e700000, 0x000000008e800000|  0%| F|  |TAMS 0x000000008e700000, 0x000000008e700000| Untracked 
| 232|0x000000008e800000, 0x000000008e800000, 0x000000008e900000|  0%| F|  |TAMS 0x000000008e800000, 0x000000008e800000| Untracked 
| 233|0x000000008e900000, 0x000000008e900000, 0x000000008ea00000|  0%| F|  |TAMS 0x000000008e900000, 0x000000008e900000| Untracked 
| 234|0x000000008ea00000, 0x000000008ea00000, 0x000000008eb00000|  0%| F|  |TAMS 0x000000008ea00000, 0x000000008ea00000| Untracked 
| 235|0x000000008eb00000, 0x000000008eb00000, 0x000000008ec00000|  0%| F|  |TAMS 0x000000008eb00000, 0x000000008eb00000| Untracked 
| 236|0x000000008ec00000, 0x000000008ec00000, 0x000000008ed00000|  0%| F|  |TAMS 0x000000008ec00000, 0x000000008ec00000| Untracked 
| 237|0x000000008ed00000, 0x000000008ed00000, 0x000000008ee00000|  0%| F|  |TAMS 0x000000008ed00000, 0x000000008ed00000| Untracked 
| 238|0x000000008ee00000, 0x000000008ee00000, 0x000000008ef00000|  0%| F|  |TAMS 0x000000008ee00000, 0x000000008ee00000| Untracked 
| 239|0x000000008ef00000, 0x000000008ef00000, 0x000000008f000000|  0%| F|  |TAMS 0x000000008ef00000, 0x000000008ef00000| Untracked 
| 240|0x000000008f000000, 0x000000008f000000, 0x000000008f100000|  0%| F|  |TAMS 0x000000008f000000, 0x000000008f000000| Untracked 
| 241|0x000000008f100000, 0x000000008f100000, 0x000000008f200000|  0%| F|  |TAMS 0x000000008f100000, 0x000000008f100000| Untracked 
| 242|0x000000008f200000, 0x000000008f200000, 0x000000008f300000|  0%| F|  |TAMS 0x000000008f200000, 0x000000008f200000| Untracked 
| 243|0x000000008f300000, 0x000000008f300000, 0x000000008f400000|  0%| F|  |TAMS 0x000000008f300000, 0x000000008f300000| Untracked 
| 244|0x000000008f400000, 0x000000008f400000, 0x000000008f500000|  0%| F|  |TAMS 0x000000008f400000, 0x000000008f400000| Untracked 
| 245|0x000000008f500000, 0x000000008f500000, 0x000000008f600000|  0%| F|  |TAMS 0x000000008f500000, 0x000000008f500000| Untracked 
| 246|0x000000008f600000, 0x000000008f600000, 0x000000008f700000|  0%| F|  |TAMS 0x000000008f600000, 0x000000008f600000| Untracked 
| 247|0x000000008f700000, 0x000000008f700000, 0x000000008f800000|  0%| F|  |TAMS 0x000000008f700000, 0x000000008f700000| Untracked 
| 248|0x000000008f800000, 0x000000008f800000, 0x000000008f900000|  0%| F|  |TAMS 0x000000008f800000, 0x000000008f800000| Untracked 
| 249|0x000000008f900000, 0x000000008f900000, 0x000000008fa00000|  0%| F|  |TAMS 0x000000008f900000, 0x000000008f900000| Untracked 
| 250|0x000000008fa00000, 0x000000008fa00000, 0x000000008fb00000|  0%| F|  |TAMS 0x000000008fa00000, 0x000000008fa00000| Untracked 
| 251|0x000000008fb00000, 0x000000008fb00000, 0x000000008fc00000|  0%| F|  |TAMS 0x000000008fb00000, 0x000000008fb00000| Untracked 
| 252|0x000000008fc00000, 0x000000008fc00000, 0x000000008fd00000|  0%| F|  |TAMS 0x000000008fc00000, 0x000000008fc00000| Untracked 
| 253|0x000000008fd00000, 0x000000008fd00000, 0x000000008fe00000|  0%| F|  |TAMS 0x000000008fd00000, 0x000000008fd00000| Untracked 
| 254|0x000000008fe00000, 0x000000008fe00000, 0x000000008ff00000|  0%| F|  |TAMS 0x000000008fe00000, 0x000000008fe00000| Untracked 
| 255|0x000000008ff00000, 0x000000008ff00000, 0x0000000090000000|  0%| F|  |TAMS 0x000000008ff00000, 0x000000008ff00000| Untracked 
| 256|0x0000000090000000, 0x0000000090000000, 0x0000000090100000|  0%| F|  |TAMS 0x0000000090000000, 0x0000000090000000| Untracked 
| 257|0x0000000090100000, 0x0000000090100000, 0x0000000090200000|  0%| F|  |TAMS 0x0000000090100000, 0x0000000090100000| Untracked 
| 258|0x0000000090200000, 0x0000000090200000, 0x0000000090300000|  0%| F|  |TAMS 0x0000000090200000, 0x0000000090200000| Untracked 
| 259|0x0000000090300000, 0x0000000090300000, 0x0000000090400000|  0%| F|  |TAMS 0x0000000090300000, 0x0000000090300000| Untracked 
| 260|0x0000000090400000, 0x0000000090400000, 0x0000000090500000|  0%| F|  |TAMS 0x0000000090400000, 0x0000000090400000| Untracked 
| 261|0x0000000090500000, 0x0000000090500000, 0x0000000090600000|  0%| F|  |TAMS 0x0000000090500000, 0x0000000090500000| Untracked 
| 262|0x0000000090600000, 0x0000000090600000, 0x0000000090700000|  0%| F|  |TAMS 0x0000000090600000, 0x0000000090600000| Untracked 
| 263|0x0000000090700000, 0x0000000090700000, 0x0000000090800000|  0%| F|  |TAMS 0x0000000090700000, 0x0000000090700000| Untracked 
| 264|0x0000000090800000, 0x0000000090800000, 0x0000000090900000|  0%| F|  |TAMS 0x0000000090800000, 0x0000000090800000| Untracked 
| 265|0x0000000090900000, 0x0000000090900000, 0x0000000090a00000|  0%| F|  |TAMS 0x0000000090900000, 0x0000000090900000| Untracked 
| 266|0x0000000090a00000, 0x0000000090a00000, 0x0000000090b00000|  0%| F|  |TAMS 0x0000000090a00000, 0x0000000090a00000| Untracked 
| 267|0x0000000090b00000, 0x0000000090b00000, 0x0000000090c00000|  0%| F|  |TAMS 0x0000000090b00000, 0x0000000090b00000| Untracked 
| 268|0x0000000090c00000, 0x0000000090c00000, 0x0000000090d00000|  0%| F|  |TAMS 0x0000000090c00000, 0x0000000090c00000| Untracked 
| 269|0x0000000090d00000, 0x0000000090d00000, 0x0000000090e00000|  0%| F|  |TAMS 0x0000000090d00000, 0x0000000090d00000| Untracked 
| 270|0x0000000090e00000, 0x0000000090e00000, 0x0000000090f00000|  0%| F|  |TAMS 0x0000000090e00000, 0x0000000090e00000| Untracked 
| 271|0x0000000090f00000, 0x0000000090f00000, 0x0000000091000000|  0%| F|  |TAMS 0x0000000090f00000, 0x0000000090f00000| Untracked 
| 272|0x0000000091000000, 0x0000000091000000, 0x0000000091100000|  0%| F|  |TAMS 0x0000000091000000, 0x0000000091000000| Untracked 
| 273|0x0000000091100000, 0x0000000091100000, 0x0000000091200000|  0%| F|  |TAMS 0x0000000091100000, 0x0000000091100000| Untracked 
| 274|0x0000000091200000, 0x0000000091200000, 0x0000000091300000|  0%| F|  |TAMS 0x0000000091200000, 0x0000000091200000| Untracked 
| 275|0x0000000091300000, 0x0000000091300000, 0x0000000091400000|  0%| F|  |TAMS 0x0000000091300000, 0x0000000091300000| Untracked 
| 276|0x0000000091400000, 0x0000000091400000, 0x0000000091500000|  0%| F|  |TAMS 0x0000000091400000, 0x0000000091400000| Untracked 
| 277|0x0000000091500000, 0x0000000091500000, 0x0000000091600000|  0%| F|  |TAMS 0x0000000091500000, 0x0000000091500000| Untracked 
| 278|0x0000000091600000, 0x0000000091600000, 0x0000000091700000|  0%| F|  |TAMS 0x0000000091600000, 0x0000000091600000| Untracked 

Card table byte_map: [0x0000020032ff0000,0x00000200333f0000] _byte_map_base: 0x0000020032bf0000

Marking Bits (Prev, Next): (CMBitMap*) 0x0000020020776e40, (CMBitMap*) 0x0000020020776e80
 Prev Bits: [0x00000200337f0000, 0x00000200357f0000)
 Next Bits: [0x00000200357f0000, 0x00000200377f0000)

Polling page: 0x000002001e600000

Metaspace:

Usage:
  Non-class:     90.16 MB used.
      Class:     13.59 MB used.
       Both:    103.76 MB used.

Virtual space:
  Non-class space:       96.00 MB reserved,      90.50 MB ( 94%) committed,  12 nodes.
      Class space:        1.00 GB reserved,      13.88 MB (  1%) committed,  1 nodes.
             Both:        1.09 GB reserved,     104.38 MB (  9%) committed. 

Chunk freelists:
   Non-Class:  1.41 MB
       Class:  2.00 MB
        Both:  3.41 MB

MaxMetaspaceSize: unlimited
CompressedClassSpaceSize: 1.00 GB
Initial GC threshold: 21.00 MB
Current GC threshold: 166.69 MB
CDS: off
MetaspaceReclaimPolicy: balanced
 - commit_granule_bytes: 65536.
 - commit_granule_words: 8192.
 - virtual_space_node_default_size: 1048576.
 - enlarge_chunks_in_place: 1.
 - new_chunks_are_fully_committed: 0.
 - uncommit_free_chunks: 1.
 - use_allocation_guard: 0.
 - handle_deallocations: 1.


Internal statistics:

num_allocs_failed_limit: 54.
num_arena_births: 1006.
num_arena_deaths: 4.
num_vsnodes_births: 13.
num_vsnodes_deaths: 0.
num_space_committed: 1669.
num_space_uncommitted: 0.
num_chunks_returned_to_freelist: 59.
num_chunks_taken_from_freelist: 4930.
num_chunk_merges: 49.
num_chunk_splits: 3311.
num_chunks_enlarged: 2198.
num_purges: 2.
num_inconsistent_stats: 0.

CodeHeap 'non-profiled nmethods': size=120000Kb used=8385Kb max_used=8385Kb free=111614Kb
 bounds [0x000002002b6c0000, 0x000002002bf00000, 0x0000020032bf0000]
CodeHeap 'profiled nmethods': size=120000Kb used=26798Kb max_used=26798Kb free=93201Kb
 bounds [0x0000020023bf0000, 0x0000020025620000, 0x000002002b120000]
CodeHeap 'non-nmethods': size=5760Kb used=2412Kb max_used=2451Kb free=3347Kb
 bounds [0x000002002b120000, 0x000002002b3a0000, 0x000002002b6c0000]
 total_blobs=14265 nmethods=13324 adapters=853
 compilation: enabled
              stopped_count=0, restarted_count=0
 full_count=0

Compilation events (20 events):
Event: 50.469 Thread 0x0000020039d0e490 nmethod 15818 0x000002002beea010 code [0x000002002beea1a0, 0x000002002beea278]
Event: 50.469 Thread 0x0000020039d0e490 15820       1       kotlin.Triple::getThird (5 bytes)
Event: 50.469 Thread 0x0000020039d0e490 nmethod 15820 0x000002002beea310 code [0x000002002beea4a0, 0x000002002beea578]
Event: 50.497 Thread 0x0000020039d0e490 15821       3       kotlin.reflect.jvm.internal.ReflectProperties::lazy (17 bytes)
Event: 50.497 Thread 0x0000020039d0e490 nmethod 15821 0x000002002561a110 code [0x000002002561a2e0, 0x000002002561a6f8]
Event: 50.539 Thread 0x0000020039d0e490 15822       3       kotlin.reflect.jvm.internal.impl.protobuf.CodedOutputStream::writeRawByte (7 bytes)
Event: 50.539 Thread 0x0000020039d0e490 nmethod 15822 0x000002002561a890 code [0x000002002561aa20, 0x000002002561ab68]
Event: 50.539 Thread 0x0000020039d0e490 15823       3       kotlin.reflect.jvm.internal.impl.protobuf.CodedOutputStream::writeRawByte (43 bytes)
Event: 50.539 Thread 0x0000020039d0e490 nmethod 15823 0x000002002561ac10 code [0x000002002561adc0, 0x000002002561af88]
Event: 50.539 Thread 0x0000020039d0e490 15824       3       kotlin.reflect.jvm.internal.impl.protobuf.CodedOutputStream::computeRawVarint32Size (39 bytes)
Event: 50.540 Thread 0x0000020039d0e490 nmethod 15824 0x000002002561b090 code [0x000002002561b240, 0x000002002561b4f8]
Event: 50.540 Thread 0x0000020039d0e490 15825       3       kotlin.reflect.jvm.internal.impl.protobuf.CodedOutputStream::writeRawVarint32 (33 bytes)
Event: 50.540 Thread 0x0000020039d0e490 nmethod 15825 0x000002002561b590 code [0x000002002561b760, 0x000002002561ba58]
Event: 50.542 Thread 0x0000020039d0d780 nmethod 15801 0x000002002beea610 code [0x000002002beea9e0, 0x000002002beed8c8]
Event: 50.542 Thread 0x0000020039d0d780 15804       4       java.lang.StringBuilder::append (6 bytes)
Event: 50.543 Thread 0x0000020039d0d780 nmethod 15804 0x000002002beefc90 code [0x000002002beefe20, 0x000002002beefec8]
Event: 50.543 Thread 0x0000020039d0d780 15808       4       com.google.common.collect.ImmutableAsList::size (8 bytes)
Event: 50.544 Thread 0x0000020039d0d780 nmethod 15808 0x000002002beeff90 code [0x000002002bef0120, 0x000002002bef0238]
Event: 50.548 Thread 0x0000020039d0d780 15826       4       kotlin.jvm.internal.Lambda::<init> (10 bytes)
Event: 50.549 Thread 0x0000020039d0d780 nmethod 15826 0x000002002bef0410 code [0x000002002bef0580, 0x000002002bef05f8]

GC Heap History (20 events):
Event: 27.362 GC heap after
{Heap after GC invocations=50 (full 0):
 garbage-first heap   total 222208K, used 96501K [0x0000000080000000, 0x0000000100000000)
  region size 1024K, 11 young (11264K), 11 survivors (11264K)
 Metaspace       used 89193K, committed 89792K, reserved 1130496K
  class space    used 12145K, committed 12416K, reserved 1048576K
}
Event: 33.876 GC heap before
{Heap before GC invocations=50 (full 0):
 garbage-first heap   total 222208K, used 175349K [0x0000000080000000, 0x0000000100000000)
  region size 1024K, 86 young (88064K), 11 survivors (11264K)
 Metaspace       used 93032K, committed 93696K, reserved 1130496K
  class space    used 12528K, committed 12864K, reserved 1048576K
}
Event: 33.943 GC heap after
{Heap after GC invocations=51 (full 0):
 garbage-first heap   total 222208K, used 117893K [0x0000000080000000, 0x0000000100000000)
  region size 1024K, 11 young (11264K), 11 survivors (11264K)
 Metaspace       used 93032K, committed 93696K, reserved 1130496K
  class space    used 12528K, committed 12864K, reserved 1048576K
}
Event: 37.457 GC heap before
{Heap before GC invocations=51 (full 0):
 garbage-first heap   total 222208K, used 176261K [0x0000000080000000, 0x0000000100000000)
  region size 1024K, 60 young (61440K), 11 survivors (11264K)
 Metaspace       used 94264K, committed 94976K, reserved 1138688K
  class space    used 12635K, committed 12992K, reserved 1048576K
}
Event: 37.490 GC heap after
{Heap after GC invocations=52 (full 0):
 garbage-first heap   total 222208K, used 126464K [0x0000000080000000, 0x0000000100000000)
  region size 1024K, 8 young (8192K), 8 survivors (8192K)
 Metaspace       used 94264K, committed 94976K, reserved 1138688K
  class space    used 12635K, committed 12992K, reserved 1048576K
}
Event: 39.425 GC heap before
{Heap before GC invocations=52 (full 0):
 garbage-first heap   total 222208K, used 188928K [0x0000000080000000, 0x0000000100000000)
  region size 1024K, 52 young (53248K), 8 survivors (8192K)
 Metaspace       used 97066K, committed 97728K, reserved 1138688K
  class space    used 12987K, committed 13312K, reserved 1048576K
}
Event: 39.446 GC heap after
{Heap after GC invocations=53 (full 0):
 garbage-first heap   total 222208K, used 129536K [0x0000000080000000, 0x0000000100000000)
  region size 1024K, 3 young (3072K), 3 survivors (3072K)
 Metaspace       used 97066K, committed 97728K, reserved 1138688K
  class space    used 12987K, committed 13312K, reserved 1048576K
}
Event: 39.903 GC heap before
{Heap before GC invocations=53 (full 0):
 garbage-first heap   total 222208K, used 166400K [0x0000000080000000, 0x0000000100000000)
  region size 1024K, 40 young (40960K), 3 survivors (3072K)
 Metaspace       used 98150K, committed 98816K, reserved 1138688K
  class space    used 13082K, committed 13376K, reserved 1048576K
}
Event: 40.036 GC heap after
{Heap after GC invocations=54 (full 0):
 garbage-first heap   total 222208K, used 137023K [0x0000000080000000, 0x0000000100000000)
  region size 1024K, 7 young (7168K), 7 survivors (7168K)
 Metaspace       used 98150K, committed 98816K, reserved 1138688K
  class space    used 13082K, committed 13376K, reserved 1048576K
}
Event: 40.538 GC heap before
{Heap before GC invocations=54 (full 0):
 garbage-first heap   total 222208K, used 176959K [0x0000000080000000, 0x0000000100000000)
  region size 1024K, 47 young (48128K), 7 survivors (7168K)
 Metaspace       used 101209K, committed 101888K, reserved 1138688K
  class space    used 13342K, committed 13696K, reserved 1048576K
}
Event: 40.550 GC heap after
{Heap after GC invocations=55 (full 0):
 garbage-first heap   total 222208K, used 143568K [0x0000000080000000, 0x0000000100000000)
  region size 1024K, 6 young (6144K), 6 survivors (6144K)
 Metaspace       used 101209K, committed 101888K, reserved 1138688K
  class space    used 13342K, committed 13696K, reserved 1048576K
}
Event: 41.041 GC heap before
{Heap before GC invocations=55 (full 0):
 garbage-first heap   total 222208K, used 179408K [0x0000000080000000, 0x0000000100000000)
  region size 1024K, 41 young (41984K), 6 survivors (6144K)
 Metaspace       used 101580K, committed 102272K, reserved 1138688K
  class space    used 13376K, committed 13696K, reserved 1048576K
}
Event: 41.047 GC heap after
{Heap after GC invocations=56 (full 0):
 garbage-first heap   total 222208K, used 143655K [0x0000000080000000, 0x0000000100000000)
  region size 1024K, 2 young (2048K), 2 survivors (2048K)
 Metaspace       used 101580K, committed 102272K, reserved 1138688K
  class space    used 13376K, committed 13696K, reserved 1048576K
}
Event: 42.739 GC heap before
{Heap before GC invocations=56 (full 0):
 garbage-first heap   total 285696K, used 182567K [0x0000000080000000, 0x0000000100000000)
  region size 1024K, 40 young (40960K), 2 survivors (2048K)
 Metaspace       used 102007K, committed 102720K, reserved 1138688K
  class space    used 13417K, committed 13760K, reserved 1048576K
}
Event: 42.771 GC heap after
{Heap after GC invocations=57 (full 0):
 garbage-first heap   total 285696K, used 144807K [0x0000000080000000, 0x0000000100000000)
  region size 1024K, 3 young (3072K), 3 survivors (3072K)
 Metaspace       used 102007K, committed 102720K, reserved 1138688K
  class space    used 13417K, committed 13760K, reserved 1048576K
}
Event: 46.954 GC heap before
{Heap before GC invocations=58 (full 0):
 garbage-first heap   total 285696K, used 226727K [0x0000000080000000, 0x0000000100000000)
  region size 1024K, 84 young (86016K), 3 survivors (3072K)
 Metaspace       used 102996K, committed 103680K, reserved 1138688K
  class space    used 13497K, committed 13824K, reserved 1048576K
}
Event: 46.982 GC heap after
{Heap after GC invocations=59 (full 0):
 garbage-first heap   total 285696K, used 147569K [0x0000000080000000, 0x0000000100000000)
  region size 1024K, 6 young (6144K), 6 survivors (6144K)
 Metaspace       used 102996K, committed 103680K, reserved 1138688K
  class space    used 13497K, committed 13824K, reserved 1048576K
}
Event: 47.142 GC heap before
{Heap before GC invocations=59 (full 0):
 garbage-first heap   total 285696K, used 153713K [0x0000000080000000, 0x0000000100000000)
  region size 1024K, 13 young (13312K), 6 survivors (6144K)
 Metaspace       used 103005K, committed 103680K, reserved 1138688K
  class space    used 13498K, committed 13824K, reserved 1048576K
}
Event: 47.303 GC heap after
{Heap after GC invocations=60 (full 0):
 garbage-first heap   total 285696K, used 138359K [0x0000000080000000, 0x0000000100000000)
  region size 1024K, 1 young (1024K), 1 survivors (1024K)
 Metaspace       used 103005K, committed 103680K, reserved 1138688K
  class space    used 13498K, committed 13824K, reserved 1048576K
}
Event: 50.552 GC heap before
{Heap before GC invocations=60 (full 0):
 garbage-first heap   total 285696K, used 231543K [0x0000000080000000, 0x0000000100000000)
  region size 1024K, 93 young (95232K), 1 survivors (1024K)
 Metaspace       used 106245K, committed 106880K, reserved 1146880K
  class space    used 13919K, committed 14208K, reserved 1048576K
}

Dll operation events (2 events):
Event: 0.144 Loaded shared library C:\Program Files\Android\Android Studio1\jbr\bin\java.dll
Event: 0.961 Loaded shared library C:\Program Files\Android\Android Studio1\jbr\bin\verify.dll

Deoptimization events (20 events):
Event: 49.595 Thread 0x000002003d6cf890 DEOPT PACKING pc=0x000002002bd146c4 sp=0x000000bbbedfaaf0
Event: 49.595 Thread 0x000002003d6cf890 DEOPT UNPACKING pc=0x000002002b17a1a3 sp=0x000000bbbedfaa98 mode 2
Event: 49.596 Thread 0x000002003d6cf890 Uncommon trap: trap_request=0xffffffde fr.pc=0x000002002bea3534 relative=0x0000000000000194
Event: 49.596 Thread 0x000002003d6cf890 Uncommon trap: reason=class_check action=maybe_recompile pc=0x000002002bea3534 method=org.gradle.internal.snapshot.AbstractIncompleteFileSystemNode$2.handleAsDescendantOfChild(Lorg/gradle/internal/snapshot/VfsRelativePath;Ljava/lang/Object;)Ljava/lang/Obj
Event: 49.596 Thread 0x000002003d6cf890 DEOPT PACKING pc=0x000002002bea3534 sp=0x000000bbbedfaaa0
Event: 49.596 Thread 0x000002003d6cf890 DEOPT UNPACKING pc=0x000002002b17a1a3 sp=0x000000bbbedfaa28 mode 2
Event: 49.910 Thread 0x000002003e9593c0 DEOPT PACKING pc=0x00000200242f9b4f sp=0x000000bbbcbfdd70
Event: 49.910 Thread 0x000002003e9593c0 DEOPT UNPACKING pc=0x000002002b17ace3 sp=0x000000bbbcbfd258 mode 0
Event: 50.147 Thread 0x000002003d6ce550 Uncommon trap: trap_request=0xffffff45 fr.pc=0x000002002bec0d90 relative=0x0000000000002a70
Event: 50.147 Thread 0x000002003d6ce550 Uncommon trap: reason=unstable_if action=reinterpret pc=0x000002002bec0d90 method=java.io.BufferedReader.readLine(Z[Z)Ljava/lang/String; @ 74 c2
Event: 50.147 Thread 0x000002003d6ce550 DEOPT PACKING pc=0x000002002bec0d90 sp=0x000000bbbf6f89d0
Event: 50.147 Thread 0x000002003d6ce550 DEOPT UNPACKING pc=0x000002002b17a1a3 sp=0x000000bbbf6f89a0 mode 2
Event: 50.267 Thread 0x000002003d6ce550 Uncommon trap: trap_request=0xffffff45 fr.pc=0x000002002b84dac4 relative=0x0000000000000be4
Event: 50.267 Thread 0x000002003d6ce550 Uncommon trap: reason=unstable_if action=reinterpret pc=0x000002002b84dac4 method=java.util.jar.JarFile.getVersionedEntry(Ljava/lang/String;Ljava/util/jar/JarEntry;)Ljava/util/jar/JarEntry; @ 26 c2
Event: 50.267 Thread 0x000002003d6ce550 DEOPT PACKING pc=0x000002002b84dac4 sp=0x000000bbbf6f8a70
Event: 50.267 Thread 0x000002003d6ce550 DEOPT UNPACKING pc=0x000002002b17a1a3 sp=0x000000bbbf6f8a30 mode 2
Event: 50.461 Thread 0x000002003d6ce550 Uncommon trap: trap_request=0xffffff45 fr.pc=0x000002002bee610c relative=0x00000000000001ec
Event: 50.461 Thread 0x000002003d6ce550 Uncommon trap: reason=unstable_if action=reinterpret pc=0x000002002bee610c method=kotlin.reflect.jvm.internal.impl.protobuf.CodedInputStream.readRawVarint32()I @ 69 c2
Event: 50.461 Thread 0x000002003d6ce550 DEOPT PACKING pc=0x000002002bee610c sp=0x000000bbbf6f83e0
Event: 50.462 Thread 0x000002003d6ce550 DEOPT UNPACKING pc=0x000002002b17a1a3 sp=0x000000bbbf6f8368 mode 2

Classes unloaded (2 events):
Event: 41.503 Thread 0x0000020039c494e0 Unloading class 0x0000000100c20800 'java/lang/invoke/LambdaForm$DMH+0x0000000100c20800'
Event: 41.504 Thread 0x0000020039c494e0 Unloading class 0x0000000100c20000 'java/lang/invoke/LambdaForm$DMH+0x0000000100c20000'

Classes redefined (0 events):
No events

Internal exceptions (20 events):
Event: 40.202 Thread 0x000002003d6d1a40 Exception <a 'sun/nio/fs/WindowsException'{0x000000008ce6e838}> (0x000000008ce6e838) 
thrown [s\src\hotspot\share\prims\jni.cpp, line 517]
Event: 40.202 Thread 0x000002003d6d1a40 Exception <a 'sun/nio/fs/WindowsException'{0x000000008ce6ecd8}> (0x000000008ce6ecd8) 
thrown [s\src\hotspot\share\prims\jni.cpp, line 517]
Event: 40.203 Thread 0x000002003d6d1a40 Exception <a 'sun/nio/fs/WindowsException'{0x000000008ce70988}> (0x000000008ce70988) 
thrown [s\src\hotspot\share\prims\jni.cpp, line 517]
Event: 40.203 Thread 0x000002003d6d1a40 Exception <a 'sun/nio/fs/WindowsException'{0x000000008ce70da8}> (0x000000008ce70da8) 
thrown [s\src\hotspot\share\prims\jni.cpp, line 517]
Event: 45.168 Thread 0x000002003d6cea20 Exception <a 'sun/nio/fs/WindowsException'{0x000000008f630490}> (0x000000008f630490) 
thrown [s\src\hotspot\share\prims\jni.cpp, line 517]
Event: 45.168 Thread 0x000002003d6cea20 Exception <a 'sun/nio/fs/WindowsException'{0x000000008f630838}> (0x000000008f630838) 
thrown [s\src\hotspot\share\prims\jni.cpp, line 517]
Event: 45.352 Thread 0x000002003d6cc870 Implicit null exception at 0x000002002b92a683 to 0x000002002b92a848
Event: 47.391 Thread 0x000002003d6d0700 Exception <a 'java/lang/NoSuchMethodError'{0x000000009164a450}: static Lcom/android/build/gradle/internal/scope/InternalArtifactType;.<clinit>()V> (0x000000009164a450) 
thrown [s\src\hotspot\share\prims\jni.cpp, line 1108]
Event: 47.396 Thread 0x000002003d6d0700 Exception <a 'java/lang/NoSuchMethodError'{0x000000009164bb90}: static Lcom/android/build/gradle/internal/scope/InternalArtifactType;.<clinit>()V> (0x000000009164bb90) 
thrown [s\src\hotspot\share\prims\jni.cpp, line 1108]
Event: 47.396 Thread 0x000002003d6d0700 Exception <a 'java/lang/NoSuchMethodError'{0x000000009164ed30}: static Lcom/android/build/api/artifact/Artifact$Single;.<clinit>()V> (0x000000009164ed30) 
thrown [s\src\hotspot\share\prims\jni.cpp, line 1108]
Event: 47.396 Thread 0x000002003d6d0700 Exception <a 'java/lang/NoSuchMethodError'{0x00000000916512c0}: static Ljava/lang/Object;.<clinit>()V> (0x00000000916512c0) 
thrown [s\src\hotspot\share\prims\jni.cpp, line 1108]
Event: 47.399 Thread 0x000002003d6d0700 Exception <a 'java/lang/NoSuchMethodError'{0x0000000091667448}: static Lcom/android/build/api/artifact/ArtifactKind;.<clinit>()V> (0x0000000091667448) 
thrown [s\src\hotspot\share\prims\jni.cpp, line 1108]
Event: 47.400 Thread 0x000002003d6d0700 Exception <a 'java/lang/NoSuchMethodError'{0x0000000091668608}: static Lcom/android/build/api/artifact/ArtifactKind;.<clinit>()V> (0x0000000091668608) 
thrown [s\src\hotspot\share\prims\jni.cpp, line 1108]
Event: 49.120 Thread 0x000002003d6d0700 Exception <a 'java/lang/NoSuchMethodError'{0x000000008fa8aa10}: static Lcom/android/builder/internal/aapt/AaptOptions;.<clinit>()V> (0x000000008fa8aa10) 
thrown [s\src\hotspot\share\prims\jni.cpp, line 1108]
Event: 49.128 Thread 0x000002003d6d0700 Exception <a 'java/lang/NoSuchMethodError'{0x000000008fa9df80}: static Ljava/lang/Object;.<clinit>()V> (0x000000008fa9df80) 
thrown [s\src\hotspot\share\prims\jni.cpp, line 1108]
Event: 49.134 Thread 0x000002003d6d0700 Exception <a 'java/lang/NoSuchMethodError'{0x000000008fac1580}: static Lcom/android/build/api/variant/impl/VariantOutputImpl$SerializedForm;.<clinit>()V> (0x000000008fac1580) 
thrown [s\src\hotspot\share\prims\jni.cpp, line 1108]
Event: 49.135 Thread 0x000002003d6d0700 Exception <a 'java/lang/NoSuchMethodError'{0x000000008fad3c20}: static Lcom/android/build/api/variant/impl/VariantOutputConfigurationImpl;.<clinit>()V> (0x000000008fad3c20) 
thrown [s\src\hotspot\share\prims\jni.cpp, line 1108]
Event: 49.252 Thread 0x000002003d6d1a40 Exception <a 'sun/nio/fs/WindowsException'{0x000000008f703298}> (0x000000008f703298) 
thrown [s\src\hotspot\share\prims\jni.cpp, line 517]
Event: 49.297 Thread 0x000002003d6d1a40 Exception <a 'java/lang/NoSuchMethodError'{0x000000008f729718}: 'int java.lang.invoke.DirectMethodHandle$Holder.invokeSpecial(java.lang.Object, java.lang.Object, java.lang.Object, java.lang.Object, java.lang.Object)'> (0x000000008f729718) 
thrown [s\src\hotspot\share\interpreter\linkResolver.cpp, line 771]
Event: 49.579 Thread 0x000002003d6cf890 Exception <a 'sun/nio/fs/WindowsException'{0x000000008eb9f058}> (0x000000008eb9f058) 
thrown [s\src\hotspot\share\prims\jni.cpp, line 517]

VM Operations (20 events):
Event: 47.314 Executing VM operation: G1CollectForAllocation done
Event: 47.518 Executing VM operation: HandshakeAllThreads
Event: 47.518 Executing VM operation: HandshakeAllThreads done
Event: 47.520 Executing VM operation: HandshakeAllThreads
Event: 47.520 Executing VM operation: HandshakeAllThreads done
Event: 48.523 Executing VM operation: Cleanup
Event: 48.523 Executing VM operation: Cleanup done
Event: 49.120 Executing VM operation: HandshakeAllThreads
Event: 49.124 Executing VM operation: HandshakeAllThreads done
Event: 49.216 Executing VM operation: HandshakeAllThreads
Event: 49.216 Executing VM operation: HandshakeAllThreads done
Event: 49.218 Executing VM operation: HandshakeAllThreads
Event: 49.230 Executing VM operation: HandshakeAllThreads done
Event: 49.275 Executing VM operation: HandshakeAllThreads
Event: 49.275 Executing VM operation: HandshakeAllThreads done
Event: 49.279 Executing VM operation: ICBufferFull
Event: 49.293 Executing VM operation: ICBufferFull done
Event: 50.294 Executing VM operation: Cleanup
Event: 50.298 Executing VM operation: Cleanup done
Event: 50.552 Executing VM operation: G1CollectForAllocation

Events (20 events):
Event: 47.378 loading class java/util/concurrent/ConcurrentSkipListMap$KeySet done
Event: 47.378 loading class java/util/concurrent/ConcurrentSkipListMap$KeyIterator
Event: 47.389 loading class java/util/concurrent/ConcurrentSkipListMap$KeyIterator done
Event: 49.144 Thread 0x0000020039d111a0 flushing nmethod 0x00000200248abe10
Event: 49.158 Thread 0x0000020039d111a0 flushing nmethod 0x0000020025271f90
Event: 49.158 Thread 0x0000020039d111a0 flushing nmethod 0x0000020025276790
Event: 49.158 Thread 0x0000020039d111a0 flushing nmethod 0x000002002527ef10
Event: 49.158 Thread 0x0000020039d111a0 flushing nmethod 0x0000020025286390
Event: 49.158 Thread 0x0000020039d111a0 flushing nmethod 0x000002002528a410
Event: 49.158 Thread 0x0000020039d111a0 flushing nmethod 0x000002002528b810
Event: 49.158 Thread 0x0000020039d111a0 flushing nmethod 0x0000020025291690
Event: 49.158 Thread 0x0000020039d111a0 flushing nmethod 0x0000020025293a90
Event: 49.158 Thread 0x0000020039d111a0 flushing nmethod 0x000002002529a690
Event: 49.158 Thread 0x0000020039d111a0 flushing nmethod 0x00000200252a0a90
Event: 49.158 Thread 0x0000020039d111a0 flushing nmethod 0x00000200252a9990
Event: 49.158 Thread 0x0000020039d111a0 flushing nmethod 0x00000200252aa210
Event: 49.159 Thread 0x0000020039d111a0 flushing nmethod 0x00000200252c7910
Event: 49.159 Thread 0x0000020039d111a0 flushing nmethod 0x00000200253bc110
Event: 49.159 Thread 0x0000020039d111a0 flushing nmethod 0x00000200253c0410
Event: 49.160 Thread 0x0000020039d111a0 flushing nmethod 0x000002002548bf90


Dynamic libraries:
0x00007ff6af880000 - 0x00007ff6af88a000 	C:\Program Files\Android\Android Studio1\jbr\bin\java.exe
0x00007ffb28a10000 - 0x00007ffb28c08000 	C:\WINDOWS\SYSTEM32\ntdll.dll
0x00007ffb26b00000 - 0x00007ffb26bbd000 	C:\WINDOWS\System32\KERNEL32.DLL
0x00007ffb264e0000 - 0x00007ffb267d6000 	C:\WINDOWS\System32\KERNELBASE.dll
0x00007ffb267e0000 - 0x00007ffb268e0000 	C:\WINDOWS\System32\ucrtbase.dll
0x00007ffb21bd0000 - 0x00007ffb21be7000 	C:\Program Files\Android\Android Studio1\jbr\bin\jli.dll
0x00007ffb1f810000 - 0x00007ffb1f82b000 	C:\Program Files\Android\Android Studio1\jbr\bin\VCRUNTIME140.dll
0x00007ffb26ca0000 - 0x00007ffb26e3e000 	C:\WINDOWS\System32\USER32.dll
0x00007ffb263b0000 - 0x00007ffb263d2000 	C:\WINDOWS\System32\win32u.dll
0x00007ffb27710000 - 0x00007ffb2773c000 	C:\WINDOWS\System32\GDI32.dll
0x00007ffb26950000 - 0x00007ffb26a6a000 	C:\WINDOWS\System32\gdi32full.dll
0x00007ffb0e420000 - 0x00007ffb0e6ba000 	C:\WINDOWS\WinSxS\amd64_microsoft.windows.common-controls_6595b64144ccf1df_6.0.19041.3636_none_60b6a03d71f818d5\COMCTL32.dll
0x00007ffb260f0000 - 0x00007ffb2618d000 	C:\WINDOWS\System32\msvcp_win.dll
0x00007ffb27f40000 - 0x00007ffb27fde000 	C:\WINDOWS\System32\msvcrt.dll
0x00007ffb27460000 - 0x00007ffb27490000 	C:\WINDOWS\System32\IMM32.DLL
0x00007ffb1f800000 - 0x00007ffb1f80c000 	C:\Program Files\Android\Android Studio1\jbr\bin\vcruntime140_1.dll
0x00007ffb1da80000 - 0x00007ffb1db0d000 	C:\Program Files\Android\Android Studio1\jbr\bin\msvcp140.dll
0x00007ffad9a00000 - 0x00007ffada66d000 	C:\Program Files\Android\Android Studio1\jbr\bin\server\jvm.dll
0x00007ffb284f0000 - 0x00007ffb2859f000 	C:\WINDOWS\System32\ADVAPI32.dll
0x00007ffb27750000 - 0x00007ffb277ec000 	C:\WINDOWS\System32\sechost.dll
0x00007ffb283c0000 - 0x00007ffb284e6000 	C:\WINDOWS\System32\RPCRT4.dll
0x00007ffaffb20000 - 0x00007ffaffb47000 	C:\WINDOWS\SYSTEM32\WINMM.dll
0x00007ffb14be0000 - 0x00007ffb14bea000 	C:\WINDOWS\SYSTEM32\VERSION.dll
0x00007ffb23720000 - 0x00007ffb23729000 	C:\WINDOWS\SYSTEM32\WSOCK32.dll
0x00007ffb27530000 - 0x00007ffb2759b000 	C:\WINDOWS\System32\ws2_32.DLL
0x00007ffb23f90000 - 0x00007ffb23fa2000 	C:\WINDOWS\SYSTEM32\kernel.appcore.dll
0x00007ffb21ab0000 - 0x00007ffb21aba000 	C:\Program Files\Android\Android Studio1\jbr\bin\jimage.dll
0x00007ffb0e910000 - 0x00007ffb0eaf4000 	C:\WINDOWS\SYSTEM32\DBGHELP.DLL
0x00007ffb0e7d0000 - 0x00007ffb0e804000 	C:\WINDOWS\SYSTEM32\dbgcore.DLL
0x00007ffb26190000 - 0x00007ffb26212000 	C:\WINDOWS\System32\bcryptPrimitives.dll
0x00007ffb11a60000 - 0x00007ffb11a85000 	C:\Program Files\Android\Android Studio1\jbr\bin\java.dll
0x00007ffb1e510000 - 0x00007ffb1e528000 	C:\Program Files\Android\Android Studio1\jbr\bin\zip.dll
0x00007ffb277f0000 - 0x00007ffb27f34000 	C:\WINDOWS\System32\SHELL32.dll
0x00007ffb241b0000 - 0x00007ffb2494b000 	C:\WINDOWS\SYSTEM32\windows.storage.dll
0x00007ffb28600000 - 0x00007ffb28954000 	C:\WINDOWS\System32\combase.dll
0x00007ffb25a40000 - 0x00007ffb25a6d000 	C:\WINDOWS\SYSTEM32\Wldp.dll
0x00007ffb275a0000 - 0x00007ffb2764d000 	C:\WINDOWS\System32\SHCORE.dll
0x00007ffb28960000 - 0x00007ffb289b5000 	C:\WINDOWS\System32\shlwapi.dll
0x00007ffb26020000 - 0x00007ffb26045000 	C:\WINDOWS\SYSTEM32\profapi.dll
0x00007ffb13370000 - 0x00007ffb13389000 	C:\Program Files\Android\Android Studio1\jbr\bin\net.dll
0x00007ffb20520000 - 0x00007ffb2062a000 	C:\WINDOWS\SYSTEM32\WINHTTP.dll
0x00007ffb257b0000 - 0x00007ffb2581a000 	C:\WINDOWS\system32\mswsock.dll
0x00007ffb13350000 - 0x00007ffb13366000 	C:\Program Files\Android\Android Studio1\jbr\bin\nio.dll
0x00007ffb13340000 - 0x00007ffb13350000 	C:\Program Files\Android\Android Studio1\jbr\bin\verify.dll
0x00007ffb222e0000 - 0x00007ffb22307000 	C:\Users\oals6\.gradle\native\68d5fa5c4cc2d200863cafc0d521ce42e7d3e7ee720ec0a83991735586a16f82\windows-amd64\native-platform.dll
0x00007ffb22190000 - 0x00007ffb222d4000 	C:\Users\oals6\.gradle\native\e376f236ea51e6404a007f0833ffe2c6e607c4080706a723a18a27aeea778392\windows-amd64\native-platform-file-events.dll
0x00007ffb13330000 - 0x00007ffb13339000 	C:\Program Files\Android\Android Studio1\jbr\bin\management.dll
0x00007ffb13320000 - 0x00007ffb1332b000 	C:\Program Files\Android\Android Studio1\jbr\bin\management_ext.dll
0x00007ffb27740000 - 0x00007ffb27748000 	C:\WINDOWS\System32\PSAPI.DLL
0x00007ffb259a0000 - 0x00007ffb259b8000 	C:\WINDOWS\SYSTEM32\CRYPTSP.dll
0x00007ffb250f0000 - 0x00007ffb25124000 	C:\WINDOWS\system32\rsaenh.dll
0x00007ffb26380000 - 0x00007ffb263a7000 	C:\WINDOWS\System32\bcrypt.dll
0x00007ffb25fe0000 - 0x00007ffb2600e000 	C:\WINDOWS\SYSTEM32\USERENV.dll
0x00007ffb25e60000 - 0x00007ffb25e6c000 	C:\WINDOWS\SYSTEM32\CRYPTBASE.dll
0x00007ffb254b0000 - 0x00007ffb254eb000 	C:\WINDOWS\SYSTEM32\IPHLPAPI.DLL
0x00007ffb289c0000 - 0x00007ffb289c8000 	C:\WINDOWS\System32\NSI.dll
0x00007ffb14ba0000 - 0x00007ffb14bb7000 	C:\WINDOWS\SYSTEM32\dhcpcsvc6.DLL
0x00007ffb14cb0000 - 0x00007ffb14ccd000 	C:\WINDOWS\SYSTEM32\dhcpcsvc.DLL
0x00007ffb254f0000 - 0x00007ffb255ba000 	C:\WINDOWS\SYSTEM32\DNSAPI.dll
0x00007ffb22460000 - 0x00007ffb22467000 	C:\WINDOWS\system32\wshunix.dll
0x00007ffb25210000 - 0x00007ffb25243000 	C:\WINDOWS\SYSTEM32\ntmarta.dll

dbghelp: loaded successfully - version: 4.0.5 - missing functions: none
symbol engine: initialized successfully - sym options: 0x614 - pdb path: .;C:\Program Files\Android\Android Studio1\jbr\bin;C:\WINDOWS\SYSTEM32;C:\WINDOWS\WinSxS\amd64_microsoft.windows.common-controls_6595b64144ccf1df_6.0.19041.3636_none_60b6a03d71f818d5;C:\Program Files\Android\Android Studio1\jbr\bin\server;C:\Users\oals6\.gradle\native\68d5fa5c4cc2d200863cafc0d521ce42e7d3e7ee720ec0a83991735586a16f82\windows-amd64;C:\Users\oals6\.gradle\native\e376f236ea51e6404a007f0833ffe2c6e607c4080706a723a18a27aeea778392\windows-amd64

VM Arguments:
jvm_args: --add-opens=java.base/java.util=ALL-UNNAMED --add-opens=java.base/java.lang=ALL-UNNAMED --add-opens=java.base/java.lang.invoke=ALL-UNNAMED --add-opens=java.prefs/java.util.prefs=ALL-UNNAMED --add-opens=java.base/java.nio.charset=ALL-UNNAMED --add-opens=java.base/java.net=ALL-UNNAMED --add-opens=java.base/java.util.concurrent.atomic=ALL-UNNAMED -Xmx2048m -Dfile.encoding=UTF-8 -Duser.country=KR -Duser.language=ko -Duser.variant 
java_command: org.gradle.launcher.daemon.bootstrap.GradleDaemon 8.0
java_class_path (initial): C:\Users\oals6\.gradle\wrapper\dists\gradle-8.0-bin\ca5e32bp14vu59qr306oxotwh\gradle-8.0\lib\gradle-launcher-8.0.jar
Launcher Type: SUN_STANDARD

[Global flags]
     intx CICompilerCount                          = 3                                         {product} {ergonomic}
     uint ConcGCThreads                            = 1                                         {product} {ergonomic}
     uint G1ConcRefinementThreads                  = 4                                         {product} {ergonomic}
   size_t G1HeapRegionSize                         = 1048576                                   {product} {ergonomic}
    uintx GCDrainStackTargetSize                   = 64                                        {product} {ergonomic}
   size_t InitialHeapSize                          = 60817408                                  {product} {ergonomic}
   size_t MarkStackSize                            = 4194304                                   {product} {ergonomic}
   size_t MaxHeapSize                              = 2147483648                                {product} {command line}
   size_t MaxNewSize                               = 1287651328                                {product} {ergonomic}
   size_t MinHeapDeltaBytes                        = 1048576                                   {product} {ergonomic}
   size_t MinHeapSize                              = 8388608                                   {product} {ergonomic}
    uintx NonNMethodCodeHeapSize                   = 5832780                                {pd product} {ergonomic}
    uintx NonProfiledCodeHeapSize                  = 122912730                              {pd product} {ergonomic}
    uintx ProfiledCodeHeapSize                     = 122912730                              {pd product} {ergonomic}
    uintx ReservedCodeCacheSize                    = 251658240                              {pd product} {ergonomic}
     bool SegmentedCodeCache                       = true                                      {product} {ergonomic}
   size_t SoftMaxHeapSize                          = 2147483648                             {manageable} {ergonomic}
     bool UseCompressedClassPointers               = true                           {product lp64_product} {ergonomic}
     bool UseCompressedOops                        = true                           {product lp64_product} {ergonomic}
     bool UseG1GC                                  = true                                      {product} {ergonomic}
     bool UseLargePagesIndividualAllocation        = false                                  {pd product} {ergonomic}

Logging:
Log output configuration:
 #0: stdout all=warning uptime,level,tags
 #1: stderr all=off uptime,level,tags

Environment Variables:
PATH=C:\oraclexe\app\oracle\product\11.2.0\server\bin;;C:\Program Files\Common Files\Oracle\Java\javapath;C:\WINDOWS\system32;C:\WINDOWS;C:\WINDOWS\System32\Wbem;C:\WINDOWS\System32\WindowsPowerShell\v1.0\;C:\WINDOWS\System32\OpenSSH\;C:\Program Files\Git\cmd;C:\Users\oals6\AppData\Local\Microsoft\WindowsApps;
USERNAME=oals6
OS=Windows_NT
PROCESSOR_IDENTIFIER=Intel64 Family 6 Model 126 Stepping 5, GenuineIntel
TMP=C:\Users\oals6\AppData\Local\Temp
TEMP=C:\Users\oals6\AppData\Local\Temp



---------------  S Y S T E M  ---------------

OS:
 Windows 10 , 64 bit Build 19041 (10.0.19041.3636)
OS uptime: 7 days 1:41 hours

CPU: total 4 (initial active 4) (4 cores per cpu, 2 threads per core) family 6 model 126 stepping 5 microcode 0xb0, cx8, cmov, fxsr, ht, mmx, 3dnowpref, sse, sse2, sse3, ssse3, sse4.1, sse4.2, popcnt, lzcnt, tsc, tscinvbit, avx, avx2, aes, erms, clmul, bmi1, bmi2, adx, avx512f, avx512dq, avx512cd, avx512bw, avx512vl, sha, fma, vzeroupper, avx512_vpopcntdq, avx512_vpclmulqdq, avx512_vaes, avx512_vnni, clflush, clflushopt, avx512_vbmi2, avx512_vbmi

Memory: 4k page, system-wide physical 3682M (236M free)
TotalPageFile size 11053M (AvailPageFile size 499M)
current process WorkingSet (physical memory assigned to process): 344M, peak: 363M
current process commit charge ("private bytes"): 579M, peak: 1137M

vm_info: OpenJDK 64-Bit Server VM (17.0.6+0-b2043.56-9586694) for windows-amd64 JRE (17.0.6+0-b2043.56-9586694), built on Feb  9 2023 20:06:20 by "androidbuild" with MS VC++ 16.10 / 16.11 (VS2019)

END.
