#
# There is insufficient memory for the Java Runtime Environment to continue.
# Native memory allocation (mmap) failed to map 12582912 bytes for G1 virtual space
# Possible reasons:
#   The system is out of physical RAM or swap space
#   The process is running with CompressedOops enabled, and the Java Heap may be blocking the growth of the native heap
# Possible solutions:
#   Reduce memory load on the system
#   Increase physical memory or swap space
#   Check if swap backing store is full
#   Decrease Java heap size (-Xmx/-Xms)
#   Decrease number of Java threads
#   Decrease Java thread stack sizes (-Xss)
#   Set larger code cache with -XX:ReservedCodeCacheSize=
#   JVM is running with Unscaled Compressed Oops mode in which the Java heap is
#     placed in the first 4GB address space. The Java Heap base address is the
#     maximum limit for the native heap growth. Please use -XX:HeapBaseMinAddress
#     to set the Java Heap base and to place the Java Heap above 4GB virtual address.
# This output file may be truncated or incomplete.
#
#  Out of Memory Error (os_windows.cpp:3769), pid=11084, tid=8052
#
# JRE version: OpenJDK Runtime Environment (17.0.6) (build 17.0.6+0-b2043.56-9586694)
# Java VM: OpenJDK 64-Bit Server VM (17.0.6+0-b2043.56-9586694, mixed mode, tiered, compressed oops, compressed class ptrs, g1 gc, windows-amd64)
# No core dump will be written. Minidumps are not enabled by default on client versions of Windows
#

---------------  S U M M A R Y ------------

Command Line: --add-opens=java.base/java.util=ALL-UNNAMED --add-opens=java.base/java.lang=ALL-UNNAMED --add-opens=java.base/java.lang.invoke=ALL-UNNAMED --add-opens=java.prefs/java.util.prefs=ALL-UNNAMED --add-opens=java.base/java.nio.charset=ALL-UNNAMED --add-opens=java.base/java.net=ALL-UNNAMED --add-opens=java.base/java.util.concurrent.atomic=ALL-UNNAMED -Xmx2048m -Dfile.encoding=UTF-8 -Duser.country=KR -Duser.language=ko -Duser.variant org.gradle.launcher.daemon.bootstrap.GradleDaemon 8.0

Host: Intel(R) Core(TM) i5-1035G1 CPU @ 1.00GHz, 4 cores, 3G,  Windows 10 , 64 bit Build 19041 (10.0.19041.3636)
Time: Sun Dec  3 15:21:01 2023  Windows 10 , 64 bit Build 19041 (10.0.19041.3636) elapsed time: 9.138716 seconds (0d 0h 0m 9s)

---------------  T H R E A D  ---------------

Current thread (0x0000020fd77e0450):  VMThread "VM Thread" [stack: 0x000000618ec00000,0x000000618ed00000] [id=8052]

Stack: [0x000000618ec00000,0x000000618ed00000]
Native frames: (J=compiled Java code, j=interpreted, Vv=VM code, C=native code)
V  [jvm.dll+0x683b4a]
V  [jvm.dll+0x842654]
V  [jvm.dll+0x843dfe]
V  [jvm.dll+0x844463]
V  [jvm.dll+0x249b75]
V  [jvm.dll+0x680a19]
V  [jvm.dll+0x674f0a]
V  [jvm.dll+0x309acb]
V  [jvm.dll+0x310f86]
V  [jvm.dll+0x3608ee]
V  [jvm.dll+0x360b1f]
V  [jvm.dll+0x2dfbf8]
V  [jvm.dll+0x2e2ce6]
V  [jvm.dll+0x2ed478]
V  [jvm.dll+0x322150]
V  [jvm.dll+0x84893b]
V  [jvm.dll+0x849674]
V  [jvm.dll+0x849b8d]
V  [jvm.dll+0x849f64]
V  [jvm.dll+0x84a030]
V  [jvm.dll+0x7f25fa]
V  [jvm.dll+0x682985]
C  [ucrtbase.dll+0x21bb2]
C  [KERNEL32.DLL+0x17344]
C  [ntdll.dll+0x526b1]

VM_Operation (0x000000618e8ff420): G1Concurrent, mode: safepoint, requested by thread 0x0000020fbc357de0


---------------  P R O C E S S  ---------------

Threads class SMR info:
_java_thread_list=0x0000020fd89aa810, length=31, elements={
0x0000020fbc2ea8a0, 0x0000020fd77e7000, 0x0000020fd781a910, 0x0000020fd7805b10,
0x0000020fd78064d0, 0x0000020fd7831f00, 0x0000020fd7807180, 0x0000020fd784d340,
0x0000020fd7851140, 0x0000020fd7853e50, 0x0000020fd858b570, 0x0000020fd8591e70,
0x0000020fd9af6030, 0x0000020fd9e9b960, 0x0000020fd98caad0, 0x0000020fd97c1360,
0x0000020fd97c1830, 0x0000020fda80c110, 0x0000020fda816b40, 0x0000020fda885a20,
0x0000020fda885ef0, 0x0000020fda8863c0, 0x0000020fda886d60, 0x0000020fda886890,
0x0000020fda883d40, 0x0000020fda883870, 0x0000020fda884210, 0x0000020fda8846e0,
0x0000020fda884bb0, 0x0000020fda885080, 0x0000020fda885550
}

Java Threads: ( => current thread )
  0x0000020fbc2ea8a0 JavaThread "main" [_thread_blocked, id=9372, stack(0x000000618e600000,0x000000618e700000)]
  0x0000020fd77e7000 JavaThread "Reference Handler" daemon [_thread_blocked, id=6528, stack(0x000000618ed00000,0x000000618ee00000)]
  0x0000020fd781a910 JavaThread "Finalizer" daemon [_thread_blocked, id=9628, stack(0x000000618ee00000,0x000000618ef00000)]
  0x0000020fd7805b10 JavaThread "Signal Dispatcher" daemon [_thread_blocked, id=10248, stack(0x000000618ef00000,0x000000618f000000)]
  0x0000020fd78064d0 JavaThread "Attach Listener" daemon [_thread_blocked, id=4592, stack(0x000000618f000000,0x000000618f100000)]
  0x0000020fd7831f00 JavaThread "Service Thread" daemon [_thread_blocked, id=1948, stack(0x000000618f100000,0x000000618f200000)]
  0x0000020fd7807180 JavaThread "Monitor Deflation Thread" daemon [_thread_blocked, id=1428, stack(0x000000618f200000,0x000000618f300000)]
  0x0000020fd784d340 JavaThread "C2 CompilerThread0" daemon [_thread_blocked, id=10768, stack(0x000000618f300000,0x000000618f400000)]
  0x0000020fd7851140 JavaThread "C1 CompilerThread0" daemon [_thread_blocked, id=6080, stack(0x000000618f400000,0x000000618f500000)]
  0x0000020fd7853e50 JavaThread "Sweeper thread" daemon [_thread_blocked, id=7540, stack(0x000000618f500000,0x000000618f600000)]
  0x0000020fd858b570 JavaThread "Common-Cleaner" daemon [_thread_blocked, id=1812, stack(0x000000618f600000,0x000000618f700000)]
  0x0000020fd8591e70 JavaThread "Notification Thread" daemon [_thread_blocked, id=11204, stack(0x000000618f700000,0x000000618f800000)]
  0x0000020fd9af6030 JavaThread "Daemon health stats" [_thread_blocked, id=9508, stack(0x000000618fc00000,0x000000618fd00000)]
  0x0000020fd9e9b960 JavaThread "Incoming local TCP Connector on port 53052" [_thread_in_native, id=8116, stack(0x000000618fd00000,0x000000618fe00000)]
  0x0000020fd98caad0 JavaThread "Daemon periodic checks" [_thread_blocked, id=1776, stack(0x000000618fe00000,0x000000618ff00000)]
  0x0000020fd97c1360 JavaThread "Daemon" [_thread_blocked, id=9380, stack(0x000000618ff00000,0x0000006190000000)]
  0x0000020fd97c1830 JavaThread "Handler for socket connection from /127.0.0.1:53052 to /127.0.0.1:53053" [_thread_in_native, id=1624, stack(0x0000006190000000,0x0000006190100000)]
  0x0000020fda80c110 JavaThread "Cancel handler" [_thread_blocked, id=9056, stack(0x0000006190100000,0x0000006190200000)]
  0x0000020fda816b40 JavaThread "Daemon worker" [_thread_blocked, id=5732, stack(0x0000006190200000,0x0000006190300000)]
  0x0000020fda885a20 JavaThread "Asynchronous log dispatcher for DefaultDaemonConnection: socket connection from /127.0.0.1:53052 to /127.0.0.1:53053" [_thread_blocked, id=952, stack(0x0000006190300000,0x0000006190400000)]
  0x0000020fda885ef0 JavaThread "Stdin handler" [_thread_blocked, id=5320, stack(0x0000006190400000,0x0000006190500000)]
  0x0000020fda8863c0 JavaThread "Daemon client event forwarder" [_thread_blocked, id=5816, stack(0x0000006190500000,0x0000006190600000)]
  0x0000020fda886d60 JavaThread "Cache worker for journal cache (C:\Users\oals6\.gradle\caches\journal-1)" [_thread_blocked, id=2460, stack(0x0000006190600000,0x0000006190700000)]
  0x0000020fda886890 JavaThread "File lock request listener" [_thread_in_native, id=5796, stack(0x0000006190700000,0x0000006190800000)]
  0x0000020fda883d40 JavaThread "Cache worker for file hash cache (C:\Users\oals6\.gradle\caches\8.0\fileHashes)" [_thread_blocked, id=5188, stack(0x0000006190800000,0x0000006190900000)]
  0x0000020fda883870 JavaThread "File watcher server" daemon [_thread_in_native, id=3992, stack(0x0000006190900000,0x0000006190a00000)]
  0x0000020fda884210 JavaThread "File watcher consumer" daemon [_thread_blocked, id=5752, stack(0x0000006190a00000,0x0000006190b00000)]
  0x0000020fda8846e0 JavaThread "jar transforms" [_thread_blocked, id=10572, stack(0x0000006190b00000,0x0000006190c00000)]
  0x0000020fda884bb0 JavaThread "jar transforms Thread 2" [_thread_blocked, id=7244, stack(0x0000006190c00000,0x0000006190d00000)]
  0x0000020fda885080 JavaThread "jar transforms Thread 3" [_thread_blocked, id=8256, stack(0x0000006190d00000,0x0000006190e00000)]
  0x0000020fda885550 JavaThread "jar transforms Thread 4" [_thread_blocked, id=4752, stack(0x0000006190e00000,0x0000006190f00000)]

Other Threads:
=>0x0000020fd77e0450 VMThread "VM Thread" [stack: 0x000000618ec00000,0x000000618ed00000] [id=8052]
  0x0000020fd8585230 WatcherThread [stack: 0x000000618f800000,0x000000618f900000] [id=2156]
  0x0000020fbc346f90 GCTaskThread "GC Thread#0" [stack: 0x000000618e700000,0x000000618e800000] [id=2688]
  0x0000020fd87b2070 GCTaskThread "GC Thread#1" [stack: 0x000000618f900000,0x000000618fa00000] [id=5232]
  0x0000020fd8d1eb20 GCTaskThread "GC Thread#2" [stack: 0x000000618fa00000,0x000000618fb00000] [id=8884]
  0x0000020fd9151bc0 GCTaskThread "GC Thread#3" [stack: 0x000000618fb00000,0x000000618fc00000] [id=6860]
  0x0000020fbc357de0 ConcurrentGCThread "G1 Main Marker" [stack: 0x000000618e800000,0x000000618e900000] [id=9964]
  0x0000020fbc358ea0 ConcurrentGCThread "G1 Conc#0" [stack: 0x000000618e900000,0x000000618ea00000] [id=10236]
  0x0000020fbc3981b0 ConcurrentGCThread "G1 Refine#0" [stack: 0x000000618ea00000,0x000000618eb00000] [id=10208]
  0x0000020fbc398ae0 ConcurrentGCThread "G1 Service" [stack: 0x000000618eb00000,0x000000618ec00000] [id=10820]

Threads with active compile tasks:

VM state: at safepoint (normal execution)

VM Mutex/Monitor currently owned by a thread:  ([mutex/lock_event])
[0x0000020fbc2e56e0] Threads_lock - owner thread: 0x0000020fd77e0450
[0x0000020fbc2e6220] Heap_lock - owner thread: 0x0000020fbc357de0

Heap address: 0x0000000080000000, size: 2048 MB, Compressed Oops mode: 32-bit

CDS archive(s) not mapped
Compressed class space mapped at: 0x0000000100000000-0x0000000140000000, reserved size: 1073741824
Narrow klass base: 0x0000000000000000, Narrow klass shift: 3, Narrow klass range: 0x140000000

GC Precious Log:
 CPUs: 4 total, 4 available
 Memory: 3682M
 Large Page Support: Disabled
 NUMA Support: Disabled
 Compressed Oops: Enabled (32-bit)
 Heap Region Size: 1M
 Heap Min Capacity: 8M
 Heap Initial Capacity: 58M
 Heap Max Capacity: 2G
 Pre-touch: Disabled
 Parallel Workers: 4
 Concurrent Workers: 1
 Concurrent Refinement Workers: 4
 Periodic GC: Disabled

Heap:
 garbage-first heap   total 81920K, used 54845K [0x0000000080000000, 0x0000000100000000)
  region size 1024K, 2 young (2048K), 1 survivors (1024K)
 Metaspace       used 29429K, committed 29824K, reserved 1081344K
  class space    used 3986K, committed 4160K, reserved 1048576K

Heap Regions: E=young(eden), S=young(survivor), O=old, HS=humongous(starts), HC=humongous(continues), CS=collection set, F=free, OA=open archive, CA=closed archive, TAMS=top-at-mark-start (previous, next)
|   0|0x0000000080000000, 0x0000000080100000, 0x0000000080100000|100%| O|  |TAMS 0x0000000080100000, 0x0000000080000000| Untracked 
|   1|0x0000000080100000, 0x0000000080200000, 0x0000000080200000|100%| O|  |TAMS 0x0000000080200000, 0x0000000080100000| Updating 
|   2|0x0000000080200000, 0x0000000080300000, 0x0000000080300000|100%|HS|  |TAMS 0x0000000080300000, 0x0000000080200000| Complete 
|   3|0x0000000080300000, 0x0000000080400000, 0x0000000080400000|100%|HC|  |TAMS 0x0000000080400000, 0x0000000080300000| Complete 
|   4|0x0000000080400000, 0x0000000080500000, 0x0000000080500000|100%|HC|  |TAMS 0x0000000080500000, 0x0000000080400000| Complete 
|   5|0x0000000080500000, 0x0000000080600000, 0x0000000080600000|100%|HC|  |TAMS 0x0000000080600000, 0x0000000080500000| Complete 
|   6|0x0000000080600000, 0x0000000080700000, 0x0000000080700000|100%| O|  |TAMS 0x0000000080700000, 0x0000000080600000| Untracked 
|   7|0x0000000080700000, 0x0000000080800000, 0x0000000080800000|100%| O|  |TAMS 0x0000000080800000, 0x0000000080700000| Untracked 
|   8|0x0000000080800000, 0x0000000080900000, 0x0000000080900000|100%| O|  |TAMS 0x0000000080900000, 0x0000000080800000| Untracked 
|   9|0x0000000080900000, 0x0000000080a00000, 0x0000000080a00000|100%| O|  |TAMS 0x0000000080a00000, 0x0000000080900000| Untracked 
|  10|0x0000000080a00000, 0x0000000080b00000, 0x0000000080b00000|100%| O|  |TAMS 0x0000000080b00000, 0x0000000080a00000| Updating 
|  11|0x0000000080b00000, 0x0000000080c00000, 0x0000000080c00000|100%| O|  |TAMS 0x0000000080c00000, 0x0000000080b00000| Untracked 
|  12|0x0000000080c00000, 0x0000000080d00000, 0x0000000080d00000|100%| O|  |TAMS 0x0000000080d00000, 0x0000000080c00000| Untracked 
|  13|0x0000000080d00000, 0x0000000080e00000, 0x0000000080e00000|100%| O|  |TAMS 0x0000000080e00000, 0x0000000080d00000| Untracked 
|  14|0x0000000080e00000, 0x0000000080f00000, 0x0000000080f00000|100%| O|  |TAMS 0x0000000080f00000, 0x0000000080e00000| Untracked 
|  15|0x0000000080f00000, 0x0000000081000000, 0x0000000081000000|100%| O|  |TAMS 0x0000000081000000, 0x0000000080f00000| Untracked 
|  16|0x0000000081000000, 0x0000000081100000, 0x0000000081100000|100%| O|  |TAMS 0x0000000081100000, 0x0000000081000000| Untracked 
|  17|0x0000000081100000, 0x0000000081200000, 0x0000000081200000|100%| O|  |TAMS 0x0000000081200000, 0x0000000081100000| Untracked 
|  18|0x0000000081200000, 0x0000000081300000, 0x0000000081300000|100%| O|  |TAMS 0x0000000081300000, 0x0000000081200000| Untracked 
|  19|0x0000000081300000, 0x0000000081400000, 0x0000000081400000|100%|HS|  |TAMS 0x0000000081400000, 0x0000000081300000| Complete 
|  20|0x0000000081400000, 0x0000000081500000, 0x0000000081500000|100%|HC|  |TAMS 0x0000000081500000, 0x0000000081400000| Complete 
|  21|0x0000000081500000, 0x0000000081600000, 0x0000000081600000|100%|HS|  |TAMS 0x0000000081600000, 0x0000000081500000| Complete 
|  22|0x0000000081600000, 0x0000000081700000, 0x0000000081700000|100%|HC|  |TAMS 0x0000000081700000, 0x0000000081600000| Complete 
|  23|0x0000000081700000, 0x0000000081800000, 0x0000000081800000|100%|HC|  |TAMS 0x0000000081800000, 0x0000000081700000| Complete 
|  24|0x0000000081800000, 0x0000000081900000, 0x0000000081900000|100%| O|  |TAMS 0x0000000081900000, 0x0000000081800000| Untracked 
|  25|0x0000000081900000, 0x0000000081a00000, 0x0000000081a00000|100%| O|  |TAMS 0x0000000081a00000, 0x0000000081900000| Untracked 
|  26|0x0000000081a00000, 0x0000000081b00000, 0x0000000081b00000|100%|HS|  |TAMS 0x0000000081b00000, 0x0000000081a00000| Complete 
|  27|0x0000000081b00000, 0x0000000081c00000, 0x0000000081c00000|100%|HC|  |TAMS 0x0000000081c00000, 0x0000000081b00000| Complete 
|  28|0x0000000081c00000, 0x0000000081d00000, 0x0000000081d00000|100%|HC|  |TAMS 0x0000000081d00000, 0x0000000081c00000| Complete 
|  29|0x0000000081d00000, 0x0000000081e00000, 0x0000000081e00000|100%| O|  |TAMS 0x0000000081e00000, 0x0000000081d00000| Untracked 
|  30|0x0000000081e00000, 0x0000000081f00000, 0x0000000081f00000|100%| O|  |TAMS 0x0000000081f00000, 0x0000000081e00000| Updating 
|  31|0x0000000081f00000, 0x0000000082000000, 0x0000000082000000|100%|HS|  |TAMS 0x0000000082000000, 0x0000000081f00000| Complete 
|  32|0x0000000082000000, 0x0000000082100000, 0x0000000082100000|100%|HC|  |TAMS 0x0000000082100000, 0x0000000082000000| Complete 
|  33|0x0000000082100000, 0x0000000082200000, 0x0000000082200000|100%|HS|  |TAMS 0x0000000082200000, 0x0000000082100000| Complete 
|  34|0x0000000082200000, 0x0000000082300000, 0x0000000082300000|100%|HC|  |TAMS 0x0000000082300000, 0x0000000082200000| Complete 
|  35|0x0000000082300000, 0x0000000082400000, 0x0000000082400000|100%|HC|  |TAMS 0x0000000082400000, 0x0000000082300000| Complete 
|  36|0x0000000082400000, 0x0000000082500000, 0x0000000082500000|100%|HC|  |TAMS 0x0000000082500000, 0x0000000082400000| Complete 
|  37|0x0000000082500000, 0x0000000082600000, 0x0000000082600000|100%|HC|  |TAMS 0x0000000082600000, 0x0000000082500000| Complete 
|  38|0x0000000082600000, 0x0000000082700000, 0x0000000082700000|100%|HC|  |TAMS 0x0000000082700000, 0x0000000082600000| Complete 
|  39|0x0000000082700000, 0x0000000082800000, 0x0000000082800000|100%|HC|  |TAMS 0x0000000082800000, 0x0000000082700000| Complete 
|  40|0x0000000082800000, 0x0000000082900000, 0x0000000082900000|100%|HC|  |TAMS 0x0000000082900000, 0x0000000082800000| Complete 
|  41|0x0000000082900000, 0x0000000082a00000, 0x0000000082a00000|100%|HC|  |TAMS 0x0000000082a00000, 0x0000000082900000| Complete 
|  42|0x0000000082a00000, 0x0000000082b00000, 0x0000000082b00000|100%|HC|  |TAMS 0x0000000082b00000, 0x0000000082a00000| Complete 
|  43|0x0000000082b00000, 0x0000000082ba2000, 0x0000000082c00000| 63%| O|  |TAMS 0x0000000082ba2000, 0x0000000082b00000| Updating 
|  44|0x0000000082c00000, 0x0000000082d00000, 0x0000000082d00000|100%|HS|  |TAMS 0x0000000082d00000, 0x0000000082c00000| Complete 
|  45|0x0000000082d00000, 0x0000000082e00000, 0x0000000082e00000|100%|HC|  |TAMS 0x0000000082e00000, 0x0000000082d00000| Complete 
|  46|0x0000000082e00000, 0x0000000082f00000, 0x0000000082f00000|100%|HS|  |TAMS 0x0000000082f00000, 0x0000000082e00000| Complete 
|  47|0x0000000082f00000, 0x0000000083000000, 0x0000000083000000|100%|HC|  |TAMS 0x0000000083000000, 0x0000000082f00000| Complete 
|  48|0x0000000083000000, 0x0000000083100000, 0x0000000083100000|100%|HC|  |TAMS 0x0000000083100000, 0x0000000083000000| Complete 
|  49|0x0000000083100000, 0x0000000083200000, 0x0000000083200000|100%|HC|  |TAMS 0x0000000083200000, 0x0000000083100000| Complete 
|  50|0x0000000083200000, 0x0000000083300000, 0x0000000083300000|100%|HC|  |TAMS 0x0000000083300000, 0x0000000083200000| Complete 
|  51|0x0000000083300000, 0x0000000083400000, 0x0000000083400000|100%|HC|  |TAMS 0x0000000083400000, 0x0000000083300000| Complete 
|  52|0x0000000083400000, 0x0000000083500000, 0x0000000083500000|100%|HS|  |TAMS 0x0000000083400000, 0x0000000083400000| Complete 
|  53|0x0000000083500000, 0x0000000083500000, 0x0000000083600000|  0%| F|  |TAMS 0x0000000083500000, 0x0000000083500000| Untracked 
|  54|0x0000000083600000, 0x0000000083600000, 0x0000000083700000|  0%| F|  |TAMS 0x0000000083600000, 0x0000000083600000| Untracked 
|  55|0x0000000083700000, 0x0000000083700000, 0x0000000083800000|  0%| F|  |TAMS 0x0000000083700000, 0x0000000083700000| Untracked 
|  56|0x0000000083800000, 0x0000000083800000, 0x0000000083900000|  0%| F|  |TAMS 0x0000000083800000, 0x0000000083800000| Untracked 
|  57|0x0000000083900000, 0x0000000083900000, 0x0000000083a00000|  0%| F|  |TAMS 0x0000000083900000, 0x0000000083900000| Untracked 
|  58|0x0000000083a00000, 0x0000000083a00000, 0x0000000083b00000|  0%| F|  |TAMS 0x0000000083a00000, 0x0000000083a00000| Untracked 
|  59|0x0000000083b00000, 0x0000000083b00000, 0x0000000083c00000|  0%| F|  |TAMS 0x0000000083b00000, 0x0000000083b00000| Untracked 
|  60|0x0000000083c00000, 0x0000000083c00000, 0x0000000083d00000|  0%| F|  |TAMS 0x0000000083c00000, 0x0000000083c00000| Untracked 
|  61|0x0000000083d00000, 0x0000000083d00000, 0x0000000083e00000|  0%| F|  |TAMS 0x0000000083d00000, 0x0000000083d00000| Untracked 
|  62|0x0000000083e00000, 0x0000000083e00000, 0x0000000083f00000|  0%| F|  |TAMS 0x0000000083e00000, 0x0000000083e00000| Untracked 
|  63|0x0000000083f00000, 0x0000000083f00000, 0x0000000084000000|  0%| F|  |TAMS 0x0000000083f00000, 0x0000000083f00000| Untracked 
|  64|0x0000000084000000, 0x0000000084000000, 0x0000000084100000|  0%| F|  |TAMS 0x0000000084000000, 0x0000000084000000| Untracked 
|  65|0x0000000084100000, 0x0000000084100000, 0x0000000084200000|  0%| F|  |TAMS 0x0000000084100000, 0x0000000084100000| Untracked 
|  66|0x0000000084200000, 0x0000000084200000, 0x0000000084300000|  0%| F|  |TAMS 0x0000000084200000, 0x0000000084200000| Untracked 
|  67|0x0000000084300000, 0x0000000084300000, 0x0000000084400000|  0%| F|  |TAMS 0x0000000084300000, 0x0000000084300000| Untracked 
|  68|0x0000000084400000, 0x0000000084400000, 0x0000000084500000|  0%| F|  |TAMS 0x0000000084400000, 0x0000000084400000| Untracked 
|  69|0x0000000084500000, 0x0000000084500000, 0x0000000084600000|  0%| F|  |TAMS 0x0000000084500000, 0x0000000084500000| Untracked 
|  70|0x0000000084600000, 0x0000000084600000, 0x0000000084700000|  0%| F|  |TAMS 0x0000000084600000, 0x0000000084600000| Untracked 
|  71|0x0000000084700000, 0x0000000084700000, 0x0000000084800000|  0%| F|  |TAMS 0x0000000084700000, 0x0000000084700000| Untracked 
|  72|0x0000000084800000, 0x0000000084800000, 0x0000000084900000|  0%| F|  |TAMS 0x0000000084800000, 0x0000000084800000| Untracked 
|  73|0x0000000084900000, 0x0000000084900000, 0x0000000084a00000|  0%| F|  |TAMS 0x0000000084900000, 0x0000000084900000| Untracked 
|  74|0x0000000084a00000, 0x0000000084a00000, 0x0000000084b00000|  0%| F|  |TAMS 0x0000000084a00000, 0x0000000084a00000| Untracked 
|  75|0x0000000084b00000, 0x0000000084b00000, 0x0000000084c00000|  0%| F|  |TAMS 0x0000000084b00000, 0x0000000084b00000| Untracked 
|  76|0x0000000084c00000, 0x0000000084c00000, 0x0000000084d00000|  0%| F|  |TAMS 0x0000000084c00000, 0x0000000084c00000| Untracked 
|  77|0x0000000084d00000, 0x0000000084d00000, 0x0000000084e00000|  0%| F|  |TAMS 0x0000000084d00000, 0x0000000084d00000| Untracked 
|  78|0x0000000084e00000, 0x0000000084e406a8, 0x0000000084f00000| 25%| E|  |TAMS 0x0000000084e00000, 0x0000000084e00000| Complete 
|  79|0x0000000084f00000, 0x0000000084fed568, 0x0000000085000000| 92%| S|CS|TAMS 0x0000000084f00000, 0x0000000084f00000| Complete 

Card table byte_map: [0x0000020fd09e0000,0x0000020fd0de0000] _byte_map_base: 0x0000020fd05e0000

Marking Bits (Prev, Next): (CMBitMap*) 0x0000020fbc3474f0, (CMBitMap*) 0x0000020fbc3474b0
 Prev Bits: [0x0000020fd31e0000, 0x0000020fd51e0000)
 Next Bits: [0x0000020fd11e0000, 0x0000020fd31e0000)

Polling page: 0x0000020fbc1a0000

Metaspace:

Usage:
  Non-class:     24.85 MB used.
      Class:      3.89 MB used.
       Both:     28.74 MB used.

Virtual space:
  Non-class space:       32.00 MB reserved,      25.06 MB ( 78%) committed,  4 nodes.
      Class space:        1.00 GB reserved,       4.06 MB ( <1%) committed,  1 nodes.
             Both:        1.03 GB reserved,      29.12 MB (  3%) committed. 

Chunk freelists:
   Non-Class:  2.81 MB
       Class:  3.85 MB
        Both:  6.66 MB

MaxMetaspaceSize: unlimited
CompressedClassSpaceSize: 1.00 GB
Initial GC threshold: 21.00 MB
Current GC threshold: 48.56 MB
CDS: off
MetaspaceReclaimPolicy: balanced
 - commit_granule_bytes: 65536.
 - commit_granule_words: 8192.
 - virtual_space_node_default_size: 1048576.
 - enlarge_chunks_in_place: 1.
 - new_chunks_are_fully_committed: 0.
 - uncommit_free_chunks: 1.
 - use_allocation_guard: 0.
 - handle_deallocations: 1.


Internal statistics:

num_allocs_failed_limit: 5.
num_arena_births: 298.
num_arena_deaths: 0.
num_vsnodes_births: 5.
num_vsnodes_deaths: 0.
num_space_committed: 466.
num_space_uncommitted: 0.
num_chunks_returned_to_freelist: 5.
num_chunks_taken_from_freelist: 1067.
num_chunk_merges: 5.
num_chunk_splits: 688.
num_chunks_enlarged: 477.
num_purges: 0.
num_inconsistent_stats: 0.

CodeHeap 'non-profiled nmethods': size=120000Kb used=1465Kb max_used=1465Kb free=118535Kb
 bounds [0x0000020fc8a80000, 0x0000020fc8cf0000, 0x0000020fcffb0000]
CodeHeap 'profiled nmethods': size=120000Kb used=5569Kb max_used=5569Kb free=114430Kb
 bounds [0x0000020fc0fb0000, 0x0000020fc1530000, 0x0000020fc84e0000]
CodeHeap 'non-nmethods': size=5760Kb used=1239Kb max_used=1283Kb free=4520Kb
 bounds [0x0000020fc84e0000, 0x0000020fc8750000, 0x0000020fc8a80000]
 total_blobs=3238 nmethods=2703 adapters=447
 compilation: enabled
              stopped_count=0, restarted_count=0
 full_count=0

Compilation events (20 events):
Event: 8.683 Thread 0x0000020fd784d340 2671       4       jdk.internal.reflect.ClassFileAssembler::emitShort (24 bytes)
Event: 8.685 Thread 0x0000020fd784d340 nmethod 2671 0x0000020fc8bed990 code [0x0000020fc8bedb40, 0x0000020fc8bedd98]
Event: 8.733 Thread 0x0000020fd7851140 2695       3       java.nio.file.Files::provider (10 bytes)
Event: 8.733 Thread 0x0000020fd7851140 nmethod 2695 0x0000020fc1514690 code [0x0000020fc1514840, 0x0000020fc1514a08]
Event: 8.752 Thread 0x0000020fd7851140 2696       3       sun.nio.fs.WindowsPath::checkRead (17 bytes)
Event: 8.752 Thread 0x0000020fd7851140 nmethod 2696 0x0000020fc1514b10 code [0x0000020fc1514cc0, 0x0000020fc1515048]
Event: 8.752 Thread 0x0000020fd7851140 2698   !   3       sun.nio.fs.WindowsPath::getPathForWin32Calls (135 bytes)
Event: 8.753 Thread 0x0000020fd7851140 nmethod 2698 0x0000020fc1515190 code [0x0000020fc1515420, 0x0000020fc15162b8]
Event: 8.753 Thread 0x0000020fd7851140 2697   !   3       sun.nio.fs.WindowsFileAttributes::get (236 bytes)
Event: 8.754 Thread 0x0000020fd7851140 nmethod 2697 0x0000020fc1516710 code [0x0000020fc1516b60, 0x0000020fc1518578]
Event: 8.895 Thread 0x0000020fd7851140 2699       3       java.util.zip.ZipFile$Source::initCEN (591 bytes)
Event: 8.897 Thread 0x0000020fd7851140 nmethod 2699 0x0000020fc1519390 code [0x0000020fc15198c0, 0x0000020fc151c978]
Event: 8.907 Thread 0x0000020fd7851140 2700       3       java.nio.file.Files::readAttributes (11 bytes)
Event: 8.907 Thread 0x0000020fd7851140 nmethod 2700 0x0000020fc151dd10 code [0x0000020fc151dec0, 0x0000020fc151e138]
Event: 8.907 Thread 0x0000020fd7851140 2701       3       sun.nio.fs.WindowsFileSystemProvider::readAttributes (63 bytes)
Event: 8.908 Thread 0x0000020fd7851140 nmethod 2701 0x0000020fc151e310 code [0x0000020fc151e580, 0x0000020fc151eff8]
Event: 8.908 Thread 0x0000020fd7851140 2702       3       sun.nio.fs.WindowsFileAttributeViews$Basic::readAttributes (5 bytes)
Event: 8.908 Thread 0x0000020fd7851140 nmethod 2702 0x0000020fc151f390 code [0x0000020fc151f580, 0x0000020fc151fb28]
Event: 8.908 Thread 0x0000020fd7851140 2703   !   3       sun.nio.fs.WindowsFileAttributeViews$Basic::readAttributes (30 bytes)
Event: 8.908 Thread 0x0000020fd7851140 nmethod 2703 0x0000020fc151fd10 code [0x0000020fc151ff00, 0x0000020fc1520448]

GC Heap History (20 events):
Event: 1.769 GC heap before
{Heap before GC invocations=2 (full 0):
 garbage-first heap   total 59392K, used 28001K [0x0000000080000000, 0x0000000100000000)
  region size 1024K, 20 young (20480K), 3 survivors (3072K)
 Metaspace       used 11179K, committed 11392K, reserved 1064960K
  class space    used 1164K, committed 1280K, reserved 1048576K
}
Event: 1.773 GC heap after
{Heap after GC invocations=3 (full 0):
 garbage-first heap   total 59392K, used 11287K [0x0000000080000000, 0x0000000100000000)
  region size 1024K, 1 young (1024K), 1 survivors (1024K)
 Metaspace       used 11179K, committed 11392K, reserved 1064960K
  class space    used 1164K, committed 1280K, reserved 1048576K
}
Event: 2.952 GC heap before
{Heap before GC invocations=3 (full 0):
 garbage-first heap   total 59392K, used 40983K [0x0000000080000000, 0x0000000100000000)
  region size 1024K, 29 young (29696K), 1 survivors (1024K)
 Metaspace       used 17901K, committed 18176K, reserved 1064960K
  class space    used 2069K, committed 2176K, reserved 1048576K
}
Event: 2.958 GC heap after
{Heap after GC invocations=4 (full 0):
 garbage-first heap   total 59392K, used 17866K [0x0000000080000000, 0x0000000100000000)
  region size 1024K, 4 young (4096K), 4 survivors (4096K)
 Metaspace       used 17901K, committed 18176K, reserved 1064960K
  class space    used 2069K, committed 2176K, reserved 1048576K
}
Event: 3.304 GC heap before
{Heap before GC invocations=4 (full 0):
 garbage-first heap   total 59392K, used 29130K [0x0000000080000000, 0x0000000100000000)
  region size 1024K, 17 young (17408K), 4 survivors (4096K)
 Metaspace       used 21274K, committed 21504K, reserved 1073152K
  class space    used 2566K, committed 2688K, reserved 1048576K
}
Event: 3.307 GC heap after
{Heap after GC invocations=5 (full 0):
 garbage-first heap   total 59392K, used 18972K [0x0000000080000000, 0x0000000100000000)
  region size 1024K, 1 young (1024K), 1 survivors (1024K)
 Metaspace       used 21274K, committed 21504K, reserved 1073152K
  class space    used 2566K, committed 2688K, reserved 1048576K
}
Event: 6.459 GC heap before
{Heap before GC invocations=6 (full 0):
 garbage-first heap   total 59392K, used 39452K [0x0000000080000000, 0x0000000100000000)
  region size 1024K, 22 young (22528K), 1 survivors (1024K)
 Metaspace       used 25036K, committed 25344K, reserved 1073152K
  class space    used 3217K, committed 3392K, reserved 1048576K
}
Event: 6.461 GC heap after
{Heap after GC invocations=7 (full 0):
 garbage-first heap   total 59392K, used 20130K [0x0000000080000000, 0x0000000100000000)
  region size 1024K, 3 young (3072K), 3 survivors (3072K)
 Metaspace       used 25036K, committed 25344K, reserved 1073152K
  class space    used 3217K, committed 3392K, reserved 1048576K
}
Event: 7.497 GC heap before
{Heap before GC invocations=7 (full 0):
 garbage-first heap   total 59392K, used 40610K [0x0000000080000000, 0x0000000100000000)
  region size 1024K, 24 young (24576K), 3 survivors (3072K)
 Metaspace       used 28138K, committed 28416K, reserved 1081344K
  class space    used 3762K, committed 3904K, reserved 1048576K
}
Event: 7.500 GC heap after
{Heap after GC invocations=8 (full 0):
 garbage-first heap   total 59392K, used 21750K [0x0000000080000000, 0x0000000100000000)
  region size 1024K, 3 young (3072K), 3 survivors (3072K)
 Metaspace       used 28138K, committed 28416K, reserved 1081344K
  class space    used 3762K, committed 3904K, reserved 1048576K
}
Event: 8.507 GC heap before
{Heap before GC invocations=8 (full 0):
 garbage-first heap   total 59392K, used 35062K [0x0000000080000000, 0x0000000100000000)
  region size 1024K, 12 young (12288K), 3 survivors (3072K)
 Metaspace       used 29328K, committed 29760K, reserved 1081344K
  class space    used 3969K, committed 4160K, reserved 1048576K
}
Event: 8.511 GC heap after
{Heap after GC invocations=9 (full 0):
 garbage-first heap   total 59392K, used 28704K [0x0000000080000000, 0x0000000100000000)
  region size 1024K, 3 young (3072K), 3 survivors (3072K)
 Metaspace       used 29328K, committed 29760K, reserved 1081344K
  class space    used 3969K, committed 4160K, reserved 1048576K
}
Event: 8.693 GC heap before
{Heap before GC invocations=9 (full 0):
 garbage-first heap   total 59392K, used 32800K [0x0000000080000000, 0x0000000100000000)
  region size 1024K, 5 young (5120K), 3 survivors (3072K)
 Metaspace       used 29420K, committed 29824K, reserved 1081344K
  class space    used 3985K, committed 4160K, reserved 1048576K
}
Event: 8.696 GC heap after
{Heap after GC invocations=10 (full 0):
 garbage-first heap   total 59392K, used 32524K [0x0000000080000000, 0x0000000100000000)
  region size 1024K, 1 young (1024K), 1 survivors (1024K)
 Metaspace       used 29420K, committed 29824K, reserved 1081344K
  class space    used 3985K, committed 4160K, reserved 1048576K
}
Event: 8.755 GC heap before
{Heap before GC invocations=11 (full 0):
 garbage-first heap   total 60416K, used 34572K [0x0000000080000000, 0x0000000100000000)
  region size 1024K, 2 young (2048K), 1 survivors (1024K)
 Metaspace       used 29424K, committed 29824K, reserved 1081344K
  class space    used 3985K, committed 4160K, reserved 1048576K
}
Event: 8.756 GC heap after
{Heap after GC invocations=12 (full 0):
 garbage-first heap   total 60416K, used 35329K [0x0000000080000000, 0x0000000100000000)
  region size 1024K, 2 young (2048K), 2 survivors (2048K)
 Metaspace       used 29424K, committed 29824K, reserved 1081344K
  class space    used 3985K, committed 4160K, reserved 1048576K
}
Event: 8.892 GC heap before
{Heap before GC invocations=13 (full 0):
 garbage-first heap   total 78848K, used 45569K [0x0000000080000000, 0x0000000100000000)
  region size 1024K, 3 young (3072K), 2 survivors (2048K)
 Metaspace       used 29424K, committed 29824K, reserved 1081344K
  class space    used 3985K, committed 4160K, reserved 1048576K
}
Event: 8.894 GC heap after
{Heap after GC invocations=14 (full 0):
 garbage-first heap   total 78848K, used 45460K [0x0000000080000000, 0x0000000100000000)
  region size 1024K, 1 young (1024K), 1 survivors (1024K)
 Metaspace       used 29424K, committed 29824K, reserved 1081344K
  class space    used 3985K, committed 4160K, reserved 1048576K
}
Event: 9.046 GC heap before
{Heap before GC invocations=15 (full 0):
 garbage-first heap   total 81920K, used 53652K [0x0000000080000000, 0x0000000100000000)
  region size 1024K, 2 young (2048K), 1 survivors (1024K)
 Metaspace       used 29424K, committed 29824K, reserved 1081344K
  class space    used 3985K, committed 4160K, reserved 1048576K
}
Event: 9.047 GC heap after
{Heap after GC invocations=16 (full 0):
 garbage-first heap   total 81920K, used 53821K [0x0000000080000000, 0x0000000100000000)
  region size 1024K, 1 young (1024K), 1 survivors (1024K)
 Metaspace       used 29424K, committed 29824K, reserved 1081344K
  class space    used 3985K, committed 4160K, reserved 1048576K
}

Dll operation events (2 events):
Event: 0.103 Loaded shared library C:\Program Files\Android\Android Studio1\jbr\bin\java.dll
Event: 0.772 Loaded shared library C:\Program Files\Android\Android Studio1\jbr\bin\verify.dll

Deoptimization events (20 events):
Event: 8.203 Thread 0x0000020fda816b40 Uncommon trap: trap_request=0xffffff45 fr.pc=0x0000020fc8ba000c relative=0x00000000000060ac
Event: 8.203 Thread 0x0000020fda816b40 Uncommon trap: reason=unstable_if action=reinterpret pc=0x0000020fc8ba000c method=java.net.URLClassLoader.getAndVerifyPackage(Ljava/lang/String;Ljava/util/jar/Manifest;Ljava/net/URL;)Ljava/lang/Package; @ 62 c2
Event: 8.203 Thread 0x0000020fda816b40 DEOPT PACKING pc=0x0000020fc8ba000c sp=0x00000061902fb8b0
Event: 8.203 Thread 0x0000020fda816b40 DEOPT UNPACKING pc=0x0000020fc853a1a3 sp=0x00000061902fb638 mode 2
Event: 8.208 Thread 0x0000020fda816b40 Uncommon trap: trap_request=0xffffff45 fr.pc=0x0000020fc8bb0c84 relative=0x0000000000005b44
Event: 8.208 Thread 0x0000020fda816b40 Uncommon trap: reason=unstable_if action=reinterpret pc=0x0000020fc8bb0c84 method=java.net.URLClassLoader.getAndVerifyPackage(Ljava/lang/String;Ljava/util/jar/Manifest;Ljava/net/URL;)Ljava/lang/Package; @ 62 c2
Event: 8.208 Thread 0x0000020fda816b40 DEOPT PACKING pc=0x0000020fc8bb0c84 sp=0x00000061902fb1b0
Event: 8.208 Thread 0x0000020fda816b40 DEOPT UNPACKING pc=0x0000020fc853a1a3 sp=0x00000061902fb060 mode 2
Event: 8.420 Thread 0x0000020fda816b40 DEOPT PACKING pc=0x0000020fc107a03d sp=0x00000061902faae0
Event: 8.420 Thread 0x0000020fda816b40 DEOPT UNPACKING pc=0x0000020fc853ace3 sp=0x00000061902f9f78 mode 0
Event: 8.505 Thread 0x0000020fda816b40 DEOPT PACKING pc=0x0000020fc131c654 sp=0x00000061902f8810
Event: 8.505 Thread 0x0000020fda816b40 DEOPT UNPACKING pc=0x0000020fc853ace3 sp=0x00000061902f7d68 mode 0
Event: 8.599 Thread 0x0000020fda816b40 DEOPT PACKING pc=0x0000020fc14f5f69 sp=0x00000061902f89d0
Event: 8.599 Thread 0x0000020fda816b40 DEOPT UNPACKING pc=0x0000020fc853ace3 sp=0x00000061902f7f50 mode 0
Event: 8.895 Thread 0x0000020fda816b40 Uncommon trap: trap_request=0xffffff45 fr.pc=0x0000020fc8bea6f8 relative=0x0000000000003378
Event: 8.895 Thread 0x0000020fda816b40 Uncommon trap: reason=unstable_if action=reinterpret pc=0x0000020fc8bea6f8 method=java.util.zip.ZipFile$Source.getMetaVersion(II)I @ 53 c2
Event: 8.895 Thread 0x0000020fda816b40 DEOPT PACKING pc=0x0000020fc8bea6f8 sp=0x00000061902f9ac0
Event: 8.895 Thread 0x0000020fda816b40 DEOPT UNPACKING pc=0x0000020fc853a1a3 sp=0x00000061902f9a20 mode 2
Event: 9.048 Thread 0x0000020fda816b40 DEOPT PACKING pc=0x0000020fc151c3e9 sp=0x00000061902f9a30
Event: 9.048 Thread 0x0000020fda816b40 DEOPT UNPACKING pc=0x0000020fc853ace3 sp=0x00000061902f8fb0 mode 0

Classes unloaded (0 events):
No events

Classes redefined (0 events):
No events

Internal exceptions (20 events):
Event: 7.830 Thread 0x0000020fda816b40 Exception <a 'java/lang/NoSuchMethodError'{0x00000000837f2340}: 'int java.lang.invoke.DirectMethodHandle$Holder.invokeStaticInit(java.lang.Object, java.lang.Object, java.lang.Object)'> (0x00000000837f2340) 
thrown [s\src\hotspot\share\interpreter\linkResolver.cpp, line 771]
Event: 7.831 Thread 0x0000020fda816b40 Exception <a 'java/lang/NoSuchMethodError'{0x0000000083607078}: 'java.lang.Object java.lang.invoke.DirectMethodHandle$Holder.newInvokeSpecial(java.lang.Object, java.lang.Object, long)'> (0x0000000083607078) 
thrown [s\src\hotspot\share\interpreter\linkResolver.cpp, line 771]
Event: 7.831 Thread 0x0000020fda816b40 Exception <a 'java/lang/NoSuchMethodError'{0x000000008360b3e0}: 'java.lang.Object java.lang.invoke.Invokers$Holder.linkToTargetMethod(java.lang.Object, long, java.lang.Object)'> (0x000000008360b3e0) 
thrown [s\src\hotspot\share\interpreter\linkResolver.cpp, line 771]
Event: 7.868 Thread 0x0000020fda816b40 Exception <a 'java/lang/NoSuchMethodError'{0x000000008354cab0}: 'int java.lang.invoke.DirectMethodHandle$Holder.invokeInterface(java.lang.Object, java.lang.Object)'> (0x000000008354cab0) 
thrown [s\src\hotspot\share\interpreter\linkResolver.cpp, line 771]
Event: 7.873 Thread 0x0000020fda816b40 Exception <a 'java/lang/NoSuchMethodError'{0x000000008357a538}: 'java.lang.Object java.lang.invoke.DirectMethodHandle$Holder.invokeStatic(java.lang.Object, java.lang.Object, int, java.lang.Object)'> (0x000000008357a538) 
thrown [s\src\hotspot\share\interpreter\linkResolver.cpp, line 771]
Event: 7.874 Thread 0x0000020fda816b40 Exception <a 'java/lang/NoSuchMethodError'{0x0000000083581ba0}: 'java.lang.Object java.lang.invoke.DirectMethodHandle$Holder.newInvokeSpecial(java.lang.Object, java.lang.Object, int, java.lang.Object)'> (0x0000000083581ba0) 
thrown [s\src\hotspot\share\interpreter\linkResolver.cpp, line 771]
Event: 7.875 Thread 0x0000020fda816b40 Exception <a 'java/lang/NoSuchMethodError'{0x0000000083585f38}: 'java.lang.Object java.lang.invoke.DirectMethodHandle$Holder.invokeSpecial(java.lang.Object, java.lang.Object, java.lang.Object, int, java.lang.Object)'> (0x0000000083585f38) 
thrown [s\src\hotspot\share\interpreter\linkResolver.cpp, line 771]
Event: 8.202 Thread 0x0000020fda816b40 Exception <a 'java/lang/NoSuchMethodError'{0x000000008320ff98}: static Lorg/gradle/tooling/internal/consumer/connection/InternalPhasedActionAdapter;.<clinit>()V> (0x000000008320ff98) 
thrown [s\src\hotspot\share\prims\jni.cpp, line 1108]
Event: 8.218 Thread 0x0000020fda816b40 Exception <a 'java/lang/NoSuchMethodError'{0x00000000832396a0}: static Lorg/gradle/tooling/internal/consumer/connection/InternalBuildActionAdapter;.<clinit>()V> (0x00000000832396a0) 
thrown [s\src\hotspot\share\prims\jni.cpp, line 1108]
Event: 8.486 Thread 0x0000020fda816b40 Exception <a 'java/lang/NoSuchMethodError'{0x00000000832fec08}: static Ljava/lang/Object;.<clinit>()V> (0x00000000832fec08) 
thrown [s\src\hotspot\share\prims\jni.cpp, line 1108]
Event: 8.487 Thread 0x0000020fda816b40 Exception <a 'java/lang/NoSuchMethodError'{0x0000000083106060}: static Lorg/jetbrains/plugins/gradle/model/ProjectImportActionWithCustomSerializer;.<clinit>()V> (0x0000000083106060) 
thrown [s\src\hotspot\share\prims\jni.cpp, line 1108]
Event: 8.500 Thread 0x0000020fda816b40 Exception <a 'java/lang/NoSuchMethodError'{0x000000008312cc18}: static Lorg/jetbrains/plugins/gradle/model/ClassSetProjectImportModelProvider;.<clinit>()V> (0x000000008312cc18) 
thrown [s\src\hotspot\share\prims\jni.cpp, line 1108]
Event: 8.618 Thread 0x0000020fda816b40 Exception <a 'java/lang/NoSuchMethodError'{0x00000000839a5298}: static Lorg/jetbrains/kotlin/idea/gradleTooling/model/noarg/NoArgModel;.<clinit>()V> (0x00000000839a5298) 
thrown [s\src\hotspot\share\prims\jni.cpp, line 1108]
Event: 8.618 Thread 0x0000020fda816b40 Exception <a 'java/lang/NoSuchMethodError'{0x00000000839ad9d0}: static Lorg/jetbrains/kotlin/idea/gradleTooling/model/annotation/AnnotationBasedPluginModel;.<clinit>()V> (0x00000000839ad9d0) 
thrown [s\src\hotspot\share\prims\jni.cpp, line 1108]
Event: 8.628 Thread 0x0000020fda816b40 Exception <a 'java/lang/NoSuchMethodError'{0x00000000839cc5a0}: static Ljava/lang/Object;.<clinit>()V> (0x00000000839cc5a0) 
thrown [s\src\hotspot\share\prims\jni.cpp, line 1108]
Event: 8.665 Thread 0x0000020fda816b40 Exception <a 'java/lang/NoSuchMethodError'{0x000000008380e288}: static Lorg/jetbrains/kotlin/idea/gradleTooling/model/allopen/AllOpenModel;.<clinit>()V> (0x000000008380e288) 
thrown [s\src\hotspot\share\prims\jni.cpp, line 1108]
Event: 8.666 Thread 0x0000020fda816b40 Exception <a 'java/lang/NoSuchMethodError'{0x000000008381aec0}: static Lorg/jetbrains/plugins/gradle/model/RepositoriesModel;.<clinit>()V> (0x000000008381aec0) 
thrown [s\src\hotspot\share\prims\jni.cpp, line 1108]
Event: 8.668 Thread 0x0000020fda816b40 Exception <a 'java/lang/NoSuchMethodError'{0x000000008382b758}: static Lorg/jetbrains/kotlin/idea/gradleTooling/KotlinDslScriptModelProvider;.<clinit>()V> (0x000000008382b758) 
thrown [s\src\hotspot\share\prims\jni.cpp, line 1108]
Event: 8.677 Thread 0x0000020fda816b40 Exception <a 'java/lang/NoSuchMethodError'{0x0000000083843fb8}: static Ljava/lang/Object;.<clinit>()V> (0x0000000083843fb8) 
thrown [s\src\hotspot\share\prims\jni.cpp, line 1108]
Event: 8.679 Thread 0x0000020fda816b40 Exception <a 'java/lang/NoSuchMethodError'{0x0000000083850e10}: static Lorg/jetbrains/kotlin/idea/gradleTooling/KotlinGradleModel;.<clinit>()V> (0x0000000083850e10) 
thrown [s\src\hotspot\share\prims\jni.cpp, line 1108]

VM Operations (20 events):
Event: 8.696 Executing VM operation: G1TryInitiateConcMark done
Event: 8.712 Executing VM operation: G1Concurrent
Event: 8.713 Executing VM operation: G1Concurrent done
Event: 8.722 Executing VM operation: G1Concurrent
Event: 8.722 Executing VM operation: G1Concurrent done
Event: 8.755 Executing VM operation: G1TryInitiateConcMark
Event: 8.756 Executing VM operation: G1TryInitiateConcMark done
Event: 8.773 Executing VM operation: G1Concurrent
Event: 8.774 Executing VM operation: G1Concurrent done
Event: 8.782 Executing VM operation: G1Concurrent
Event: 8.782 Executing VM operation: G1Concurrent done
Event: 8.892 Executing VM operation: G1TryInitiateConcMark
Event: 8.894 Executing VM operation: G1TryInitiateConcMark done
Event: 8.913 Executing VM operation: G1Concurrent
Event: 8.915 Executing VM operation: G1Concurrent done
Event: 8.923 Executing VM operation: G1Concurrent
Event: 8.923 Executing VM operation: G1Concurrent done
Event: 9.045 Executing VM operation: G1TryInitiateConcMark
Event: 9.047 Executing VM operation: G1TryInitiateConcMark done
Event: 9.063 Executing VM operation: G1Concurrent

Events (20 events):
Event: 7.558 Thread 0x0000020fda883870 Thread added: 0x0000020fda883870
Event: 7.558 loading class java/util/concurrent/locks/AbstractQueuedSynchronizer$SharedNode
Event: 7.558 loading class java/util/concurrent/locks/AbstractQueuedSynchronizer$SharedNode done
Event: 7.561 loading class java/io/InterruptedIOException
Event: 7.561 loading class java/io/InterruptedIOException done
Event: 7.563 Thread 0x0000020fda884210 Thread added: 0x0000020fda884210
Event: 7.566 loading class java/util/ArrayDeque$DeqSpliterator
Event: 7.566 loading class java/util/ArrayDeque$DeqSpliterator done
Event: 7.730 loading class java/nio/charset/CharacterCodingException
Event: 7.730 loading class java/nio/charset/CharacterCodingException done
Event: 7.731 loading class java/lang/Short$ShortCache
Event: 7.731 loading class java/lang/Short$ShortCache done
Event: 8.014 Thread 0x0000020fda8846e0 Thread added: 0x0000020fda8846e0
Event: 8.014 Thread 0x0000020fda884bb0 Thread added: 0x0000020fda884bb0
Event: 8.014 Thread 0x0000020fda885080 Thread added: 0x0000020fda885080
Event: 8.014 Thread 0x0000020fda885550 Thread added: 0x0000020fda885550
Event: 8.030 loading class sun/nio/fs/WindowsPath$1
Event: 8.030 loading class sun/nio/fs/WindowsPath$1 done
Event: 8.618 loading class java/io/ObjectStreamClass$ExceptionInfo
Event: 8.618 loading class java/io/ObjectStreamClass$ExceptionInfo done


Dynamic libraries:
0x00007ff6bd400000 - 0x00007ff6bd40a000 	C:\Program Files\Android\Android Studio1\jbr\bin\java.exe
0x00007ffca4470000 - 0x00007ffca4668000 	C:\WINDOWS\SYSTEM32\ntdll.dll
0x00007ffca3420000 - 0x00007ffca34dd000 	C:\WINDOWS\System32\KERNEL32.DLL
0x00007ffca2020000 - 0x00007ffca2316000 	C:\WINDOWS\System32\KERNELBASE.dll
0x00007ffca1d20000 - 0x00007ffca1e20000 	C:\WINDOWS\System32\ucrtbase.dll
0x00007ffc9f920000 - 0x00007ffc9f937000 	C:\Program Files\Android\Android Studio1\jbr\bin\jli.dll
0x00007ffc90330000 - 0x00007ffc9034b000 	C:\Program Files\Android\Android Studio1\jbr\bin\VCRUNTIME140.dll
0x00007ffca2c80000 - 0x00007ffca2e1e000 	C:\WINDOWS\System32\USER32.dll
0x00007ffca1f50000 - 0x00007ffca1f72000 	C:\WINDOWS\System32\win32u.dll
0x00007ffca3120000 - 0x00007ffca314c000 	C:\WINDOWS\System32\GDI32.dll
0x00007ffca2320000 - 0x00007ffca243a000 	C:\WINDOWS\System32\gdi32full.dll
0x00007ffc8c3a0000 - 0x00007ffc8c63a000 	C:\WINDOWS\WinSxS\amd64_microsoft.windows.common-controls_6595b64144ccf1df_6.0.19041.3636_none_60b6a03d71f818d5\COMCTL32.dll
0x00007ffca1f80000 - 0x00007ffca201d000 	C:\WINDOWS\System32\msvcp_win.dll
0x00007ffca34e0000 - 0x00007ffca357e000 	C:\WINDOWS\System32\msvcrt.dll
0x00007ffca3c90000 - 0x00007ffca3cc0000 	C:\WINDOWS\System32\IMM32.DLL
0x00007ffc90360000 - 0x00007ffc9036c000 	C:\Program Files\Android\Android Studio1\jbr\bin\vcruntime140_1.dll
0x00007ffc8cca0000 - 0x00007ffc8cd2d000 	C:\Program Files\Android\Android Studio1\jbr\bin\msvcp140.dll
0x00007ffc4a020000 - 0x00007ffc4ac8d000 	C:\Program Files\Android\Android Studio1\jbr\bin\server\jvm.dll
0x00007ffca3370000 - 0x00007ffca341f000 	C:\WINDOWS\System32\ADVAPI32.dll
0x00007ffca29c0000 - 0x00007ffca2a5c000 	C:\WINDOWS\System32\sechost.dll
0x00007ffca3150000 - 0x00007ffca3276000 	C:\WINDOWS\System32\RPCRT4.dll
0x00007ffc9fad0000 - 0x00007ffc9fada000 	C:\WINDOWS\SYSTEM32\VERSION.dll
0x00007ffc8f690000 - 0x00007ffc8f699000 	C:\WINDOWS\SYSTEM32\WSOCK32.dll
0x00007ffca3280000 - 0x00007ffca32eb000 	C:\WINDOWS\System32\WS2_32.dll
0x00007ffc9ec90000 - 0x00007ffc9ecb7000 	C:\WINDOWS\SYSTEM32\WINMM.dll
0x00007ffca03a0000 - 0x00007ffca03b2000 	C:\WINDOWS\SYSTEM32\kernel.appcore.dll
0x00007ffc9d1c0000 - 0x00007ffc9d1ca000 	C:\Program Files\Android\Android Studio1\jbr\bin\jimage.dll
0x00007ffc8aaf0000 - 0x00007ffc8acd4000 	C:\WINDOWS\SYSTEM32\DBGHELP.DLL
0x00007ffc8a7a0000 - 0x00007ffc8a7d4000 	C:\WINDOWS\SYSTEM32\dbgcore.DLL
0x00007ffca2440000 - 0x00007ffca24c2000 	C:\WINDOWS\System32\bcryptPrimitives.dll
0x00007ffc902d0000 - 0x00007ffc902f5000 	C:\Program Files\Android\Android Studio1\jbr\bin\java.dll
0x00007ffc9a7d0000 - 0x00007ffc9a7e8000 	C:\Program Files\Android\Android Studio1\jbr\bin\zip.dll
0x00007ffca3cc0000 - 0x00007ffca4404000 	C:\WINDOWS\System32\SHELL32.dll
0x00007ffc9fbf0000 - 0x00007ffca038b000 	C:\WINDOWS\SYSTEM32\windows.storage.dll
0x00007ffca24d0000 - 0x00007ffca2824000 	C:\WINDOWS\System32\combase.dll
0x00007ffca14c0000 - 0x00007ffca14ed000 	C:\WINDOWS\SYSTEM32\Wldp.dll
0x00007ffca2a60000 - 0x00007ffca2b0d000 	C:\WINDOWS\System32\SHCORE.dll
0x00007ffca2b10000 - 0x00007ffca2b65000 	C:\WINDOWS\System32\shlwapi.dll
0x00007ffca1a80000 - 0x00007ffca1aa5000 	C:\WINDOWS\SYSTEM32\profapi.dll
0x00007ffc98ef0000 - 0x00007ffc98f09000 	C:\Program Files\Android\Android Studio1\jbr\bin\net.dll
0x00007ffc9c030000 - 0x00007ffc9c13a000 	C:\WINDOWS\SYSTEM32\WINHTTP.dll
0x00007ffca1220000 - 0x00007ffca128a000 	C:\WINDOWS\system32\mswsock.dll
0x00007ffc91110000 - 0x00007ffc91126000 	C:\Program Files\Android\Android Studio1\jbr\bin\nio.dll
0x00007ffc902c0000 - 0x00007ffc902d0000 	C:\Program Files\Android\Android Studio1\jbr\bin\verify.dll
0x00007ffc90130000 - 0x00007ffc90157000 	C:\Users\oals6\.gradle\native\68d5fa5c4cc2d200863cafc0d521ce42e7d3e7ee720ec0a83991735586a16f82\windows-amd64\native-platform.dll
0x00007ffc72bc0000 - 0x00007ffc72d04000 	C:\Users\oals6\.gradle\native\e376f236ea51e6404a007f0833ffe2c6e607c4080706a723a18a27aeea778392\windows-amd64\native-platform-file-events.dll
0x00007ffc9d1b0000 - 0x00007ffc9d1b9000 	C:\Program Files\Android\Android Studio1\jbr\bin\management.dll
0x00007ffc9a320000 - 0x00007ffc9a32b000 	C:\Program Files\Android\Android Studio1\jbr\bin\management_ext.dll
0x00007ffca2e20000 - 0x00007ffca2e28000 	C:\WINDOWS\System32\PSAPI.DLL
0x00007ffca1420000 - 0x00007ffca1438000 	C:\WINDOWS\SYSTEM32\CRYPTSP.dll
0x00007ffca0b50000 - 0x00007ffca0b84000 	C:\WINDOWS\system32\rsaenh.dll
0x00007ffca1e20000 - 0x00007ffca1e47000 	C:\WINDOWS\System32\bcrypt.dll
0x00007ffca1a00000 - 0x00007ffca1a2e000 	C:\WINDOWS\SYSTEM32\USERENV.dll
0x00007ffca1410000 - 0x00007ffca141c000 	C:\WINDOWS\SYSTEM32\CRYPTBASE.dll
0x00007ffca0f10000 - 0x00007ffca0f4b000 	C:\WINDOWS\SYSTEM32\IPHLPAPI.DLL
0x00007ffca3730000 - 0x00007ffca3738000 	C:\WINDOWS\System32\NSI.dll
0x00007ffc92f80000 - 0x00007ffc92f97000 	C:\WINDOWS\SYSTEM32\dhcpcsvc6.DLL
0x00007ffc93140000 - 0x00007ffc9315d000 	C:\WINDOWS\SYSTEM32\dhcpcsvc.DLL
0x00007ffca0f50000 - 0x00007ffca101a000 	C:\WINDOWS\SYSTEM32\DNSAPI.dll
0x00007ffc91100000 - 0x00007ffc91107000 	C:\WINDOWS\system32\wshunix.dll

dbghelp: loaded successfully - version: 4.0.5 - missing functions: none
symbol engine: initialized successfully - sym options: 0x614 - pdb path: .;C:\Program Files\Android\Android Studio1\jbr\bin;C:\WINDOWS\SYSTEM32;C:\WINDOWS\WinSxS\amd64_microsoft.windows.common-controls_6595b64144ccf1df_6.0.19041.3636_none_60b6a03d71f818d5;C:\Program Files\Android\Android Studio1\jbr\bin\server;C:\Users\oals6\.gradle\native\68d5fa5c4cc2d200863cafc0d521ce42e7d3e7ee720ec0a83991735586a16f82\windows-amd64;C:\Users\oals6\.gradle\native\e376f236ea51e6404a007f0833ffe2c6e607c4080706a723a18a27aeea778392\windows-amd64

VM Arguments:
jvm_args: --add-opens=java.base/java.util=ALL-UNNAMED --add-opens=java.base/java.lang=ALL-UNNAMED --add-opens=java.base/java.lang.invoke=ALL-UNNAMED --add-opens=java.prefs/java.util.prefs=ALL-UNNAMED --add-opens=java.base/java.nio.charset=ALL-UNNAMED --add-opens=java.base/java.net=ALL-UNNAMED --add-opens=java.base/java.util.concurrent.atomic=ALL-UNNAMED -Xmx2048m -Dfile.encoding=UTF-8 -Duser.country=KR -Duser.language=ko -Duser.variant 
java_command: org.gradle.launcher.daemon.bootstrap.GradleDaemon 8.0
java_class_path (initial): C:\Users\oals6\.gradle\wrapper\dists\gradle-8.0-bin\ca5e32bp14vu59qr306oxotwh\gradle-8.0\lib\gradle-launcher-8.0.jar
Launcher Type: SUN_STANDARD

[Global flags]
     intx CICompilerCount                          = 3                                         {product} {ergonomic}
     uint ConcGCThreads                            = 1                                         {product} {ergonomic}
     uint G1ConcRefinementThreads                  = 4                                         {product} {ergonomic}
   size_t G1HeapRegionSize                         = 1048576                                   {product} {ergonomic}
    uintx GCDrainStackTargetSize                   = 64                                        {product} {ergonomic}
   size_t InitialHeapSize                          = 60817408                                  {product} {ergonomic}
   size_t MarkStackSize                            = 4194304                                   {product} {ergonomic}
   size_t MaxHeapSize                              = 2147483648                                {product} {command line}
   size_t MaxNewSize                               = 1287651328                                {product} {ergonomic}
   size_t MinHeapDeltaBytes                        = 1048576                                   {product} {ergonomic}
   size_t MinHeapSize                              = 8388608                                   {product} {ergonomic}
    uintx NonNMethodCodeHeapSize                   = 5832780                                {pd product} {ergonomic}
    uintx NonProfiledCodeHeapSize                  = 122912730                              {pd product} {ergonomic}
    uintx ProfiledCodeHeapSize                     = 122912730                              {pd product} {ergonomic}
    uintx ReservedCodeCacheSize                    = 251658240                              {pd product} {ergonomic}
     bool SegmentedCodeCache                       = true                                      {product} {ergonomic}
   size_t SoftMaxHeapSize                          = 2147483648                             {manageable} {ergonomic}
     bool UseCompressedClassPointers               = true                           {product lp64_product} {ergonomic}
     bool UseCompressedOops                        = true                           {product lp64_product} {ergonomic}
     bool UseG1GC                                  = true                                      {product} {ergonomic}
     bool UseLargePagesIndividualAllocation        = false                                  {pd product} {ergonomic}

Logging:
Log output configuration:
 #0: stdout all=warning uptime,level,tags
 #1: stderr all=off uptime,level,tags

Environment Variables:
PATH=C:\Program Files\Common Files\Oracle\Java\javapath;C:\WINDOWS\system32;C:\WINDOWS;C:\WINDOWS\System32\Wbem;C:\WINDOWS\System32\WindowsPowerShell\v1.0\;C:\WINDOWS\System32\OpenSSH\;C:\Program Files\Git\cmd;C:\Users\oals6\AppData\Local\Microsoft\WindowsApps;
USERNAME=oals6
OS=Windows_NT
PROCESSOR_IDENTIFIER=Intel64 Family 6 Model 126 Stepping 5, GenuineIntel
TMP=C:\Users\oals6\AppData\Local\Temp
TEMP=C:\Users\oals6\AppData\Local\Temp



---------------  S Y S T E M  ---------------

OS:
 Windows 10 , 64 bit Build 19041 (10.0.19041.3636)
OS uptime: 0 days 23:59 hours

CPU: total 4 (initial active 4) (4 cores per cpu, 2 threads per core) family 6 model 126 stepping 5 microcode 0xb0, cx8, cmov, fxsr, ht, mmx, 3dnowpref, sse, sse2, sse3, ssse3, sse4.1, sse4.2, popcnt, lzcnt, tsc, tscinvbit, avx, avx2, aes, erms, clmul, bmi1, bmi2, adx, avx512f, avx512dq, avx512cd, avx512bw, avx512vl, sha, fma, vzeroupper, avx512_vpopcntdq, avx512_vpclmulqdq, avx512_vaes, avx512_vnni, clflush, clflushopt, avx512_vbmi2, avx512_vbmi

Memory: 4k page, system-wide physical 3682M (167M free)
TotalPageFile size 11052M (AvailPageFile size 12M)
current process WorkingSet (physical memory assigned to process): 170M, peak: 170M
current process commit charge ("private bytes"): 219M, peak: 231M

vm_info: OpenJDK 64-Bit Server VM (17.0.6+0-b2043.56-9586694) for windows-amd64 JRE (17.0.6+0-b2043.56-9586694), built on Feb  9 2023 20:06:20 by "androidbuild" with MS VC++ 16.10 / 16.11 (VS2019)

END.
