#
# There is insufficient memory for the Java Runtime Environment to continue.
# Native memory allocation (mmap) failed to map 382730240 bytes for G1 virtual space
# Possible reasons:
#   The system is out of physical RAM or swap space
#   The process is running with CompressedOops enabled, and the Java Heap may be blocking the growth of the native heap
# Possible solutions:
#   Reduce memory load on the system
#   Increase physical memory or swap space
#   Check if swap backing store is full
#   Decrease Java heap size (-Xmx/-Xms)
#   Decrease number of Java threads
#   Decrease Java thread stack sizes (-Xss)
#   Set larger code cache with -XX:ReservedCodeCacheSize=
#   JVM is running with Unscaled Compressed Oops mode in which the Java heap is
#     placed in the first 4GB address space. The Java Heap base address is the
#     maximum limit for the native heap growth. Please use -XX:HeapBaseMinAddress
#     to set the Java Heap base and to place the Java Heap above 4GB virtual address.
# This output file may be truncated or incomplete.
#
#  Out of Memory Error (os_windows.cpp:3769), pid=6956, tid=9196
#
# JRE version: OpenJDK Runtime Environment (17.0.6) (build 17.0.6+0-b2043.56-9586694)
# Java VM: OpenJDK 64-Bit Server VM (17.0.6+0-b2043.56-9586694, mixed mode, tiered, compressed oops, compressed class ptrs, g1 gc, windows-amd64)
# No core dump will be written. Minidumps are not enabled by default on client versions of Windows
#

---------------  S U M M A R Y ------------

Command Line: --add-opens=java.base/java.util=ALL-UNNAMED --add-opens=java.base/java.lang=ALL-UNNAMED --add-opens=java.base/java.lang.invoke=ALL-UNNAMED --add-opens=java.prefs/java.util.prefs=ALL-UNNAMED --add-opens=java.base/java.nio.charset=ALL-UNNAMED --add-opens=java.base/java.net=ALL-UNNAMED --add-opens=java.base/java.util.concurrent.atomic=ALL-UNNAMED -Xmx2048m -Dfile.encoding=UTF-8 -Duser.country=KR -Duser.language=ko -Duser.variant org.gradle.launcher.daemon.bootstrap.GradleDaemon 8.0

Host: Intel(R) Core(TM) i5-1035G1 CPU @ 1.00GHz, 4 cores, 3G,  Windows 10 , 64 bit Build 19041 (10.0.19041.3636)
Time: Sun Dec  3 15:51:50 2023  Windows 10 , 64 bit Build 19041 (10.0.19041.3636) elapsed time: 49.268606 seconds (0d 0h 0m 49s)

---------------  T H R E A D  ---------------

Current thread (0x000001ddee849c30):  VMThread "VM Thread" [stack: 0x0000005736a00000,0x0000005736b00000] [id=9196]

Stack: [0x0000005736a00000,0x0000005736b00000]
Native frames: (J=compiled Java code, j=interpreted, Vv=VM code, C=native code)
V  [jvm.dll+0x683b4a]
V  [jvm.dll+0x842654]
V  [jvm.dll+0x843dfe]
V  [jvm.dll+0x844463]
V  [jvm.dll+0x249b75]
V  [jvm.dll+0x680a19]
V  [jvm.dll+0x674f0a]
V  [jvm.dll+0x309acb]
V  [jvm.dll+0x310f86]
V  [jvm.dll+0x3608ee]
V  [jvm.dll+0x360b1f]
V  [jvm.dll+0x2dfbf8]
V  [jvm.dll+0x2ddec4]
V  [jvm.dll+0x2dd4cc]
V  [jvm.dll+0x321f3b]
V  [jvm.dll+0x84893b]
V  [jvm.dll+0x849674]
V  [jvm.dll+0x849b8d]
V  [jvm.dll+0x849f64]
V  [jvm.dll+0x84a030]
V  [jvm.dll+0x7f25fa]
V  [jvm.dll+0x682985]
C  [ucrtbase.dll+0x21bb2]
C  [KERNEL32.DLL+0x17344]
C  [ntdll.dll+0x526b1]

VM_Operation (0x000000573ccfde80): G1CollectForAllocation, mode: safepoint, requested by thread 0x000001ddf8f9fc10


---------------  P R O C E S S  ---------------

Threads class SMR info:
_java_thread_list=0x000001ddf8ff0d30, length=95, elements={
0x000001ddd324d760, 0x000001ddee835a90, 0x000001ddee84a110, 0x000001ddee8aa710,
0x000001ddee8ab0d0, 0x000001ddee8ab990, 0x000001ddef413020, 0x000001ddef43f130,
0x000001ddef442e00, 0x000001ddef448e60, 0x000001ddef5bc090, 0x000001ddef5d32c0,
0x000001ddf0bf31e0, 0x000001ddf0a105a0, 0x000001ddf0a10a70, 0x000001ddf0ea7600,
0x000001ddf01a5e60, 0x000001ddf01a6330, 0x000001ddf0bf0040, 0x000001ddf0bf0510,
0x000001ddf0f74480, 0x000001ddf0f727a0, 0x000001ddf0f71930, 0x000001ddf0f70f90,
0x000001ddf0f74950, 0x000001ddf0f72c70, 0x000001ddf0f71e00, 0x000001ddf0f73140,
0x000001ddf0f73fb0, 0x000001ddf0f71460, 0x000001ddf0f722d0, 0x000001ddf0f73610,
0x000001ddf0f73ae0, 0x000001ddf1a15090, 0x000001ddf1a15a30, 0x000001ddf1a16d70,
0x000001ddf1a168a0, 0x000001ddf1a17be0, 0x000001ddf1a13880, 0x000001ddf1a12ee0,
0x000001ddf1a13d50, 0x000001ddf1a18f20, 0x000001ddf1a146f0, 0x000001ddf1a14bc0,
0x000001ddf1a18580, 0x000001ddf1a15560, 0x000001ddf1a15f00, 0x000001ddf1a163d0,
0x000001ddf1a133b0, 0x000001ddf1a193f0, 0x000001ddf1a17240, 0x000001ddf1a198c0,
0x000001ddf1a17710, 0x000001ddf1a12070, 0x000001ddf1f192c0, 0x000001ddf1f19c60,
0x000001ddf1f1b940, 0x000001ddf1f1f300, 0x000001ddf1f1a130, 0x000001ddf1f1b470,
0x000001ddf1f1f7d0, 0x000001ddf1f1c7b0, 0x000001ddf1f18df0, 0x000001ddf1f1e960,
0x000001ddf1f1ee30, 0x000001ddf1f1fca0, 0x000001ddf1f1dfc0, 0x000001ddf1f20170,
0x000001ddf1f1afa0, 0x000001ddf1f1cc80, 0x000001ddf1f1d620, 0x000001ddf1f19790,
0x000001ddf1f1be10, 0x000001ddf1f1e490, 0x000001ddf1f20640, 0x000001ddf1f1a600,
0x000001ddf1f1c2e0, 0x000001ddf1f1d150, 0x000001ddf1f1daf0, 0x000001ddf3c65ef0,
0x000001ddf3c6c8d0, 0x000001ddf3c66d60, 0x000001ddf3c6b590, 0x000001ddf3c663c0,
0x000001ddf3c680a0, 0x000001ddf3c67bd0, 0x000001ddf3c67230, 0x000001ddf3c65a20,
0x000001ddf3c6abf0, 0x000001ddf3c6b0c0, 0x000001ddf3c6ba60, 0x000001ddf8f9fc10,
0x000001ddf8fa05b0, 0x000001ddf8fa2c30, 0x000001ddf8fa2760
}

Java Threads: ( => current thread )
  0x000001ddd324d760 JavaThread "main" [_thread_blocked, id=6884, stack(0x0000005736400000,0x0000005736500000)]
  0x000001ddee835a90 JavaThread "Reference Handler" daemon [_thread_blocked, id=5288, stack(0x0000005736b00000,0x0000005736c00000)]
  0x000001ddee84a110 JavaThread "Finalizer" daemon [_thread_blocked, id=1612, stack(0x0000005736c00000,0x0000005736d00000)]
  0x000001ddee8aa710 JavaThread "Signal Dispatcher" daemon [_thread_blocked, id=6012, stack(0x0000005736d00000,0x0000005736e00000)]
  0x000001ddee8ab0d0 JavaThread "Attach Listener" daemon [_thread_blocked, id=2700, stack(0x0000005736e00000,0x0000005736f00000)]
  0x000001ddee8ab990 JavaThread "Service Thread" daemon [_thread_blocked, id=2420, stack(0x0000005736f00000,0x0000005737000000)]
  0x000001ddef413020 JavaThread "Monitor Deflation Thread" daemon [_thread_blocked, id=10452, stack(0x0000005737000000,0x0000005737100000)]
  0x000001ddef43f130 JavaThread "C2 CompilerThread0" daemon [_thread_blocked, id=9604, stack(0x0000005737100000,0x0000005737200000)]
  0x000001ddef442e00 JavaThread "C1 CompilerThread0" daemon [_thread_blocked, id=1604, stack(0x0000005737200000,0x0000005737300000)]
  0x000001ddef448e60 JavaThread "Sweeper thread" daemon [_thread_blocked, id=10244, stack(0x0000005737300000,0x0000005737400000)]
  0x000001ddef5bc090 JavaThread "Common-Cleaner" daemon [_thread_blocked, id=10096, stack(0x0000005737400000,0x0000005737500000)]
  0x000001ddef5d32c0 JavaThread "Notification Thread" daemon [_thread_blocked, id=2468, stack(0x0000005737500000,0x0000005737600000)]
  0x000001ddf0bf31e0 JavaThread "Daemon health stats" [_thread_blocked, id=8048, stack(0x0000005737a00000,0x0000005737b00000)]
  0x000001ddf0a105a0 JavaThread "Incoming local TCP Connector on port 55043" [_thread_in_native, id=10444, stack(0x0000005737b00000,0x0000005737c00000)]
  0x000001ddf0a10a70 JavaThread "Daemon periodic checks" [_thread_blocked, id=11104, stack(0x0000005737c00000,0x0000005737d00000)]
  0x000001ddf0ea7600 JavaThread "Daemon" [_thread_blocked, id=9052, stack(0x0000005737d00000,0x0000005737e00000)]
  0x000001ddf01a5e60 JavaThread "Handler for socket connection from /127.0.0.1:55043 to /127.0.0.1:55044" [_thread_in_native, id=6000, stack(0x0000005737e00000,0x0000005737f00000)]
  0x000001ddf01a6330 JavaThread "Cancel handler" [_thread_blocked, id=2300, stack(0x0000005737f00000,0x0000005738000000)]
  0x000001ddf0bf0040 JavaThread "Daemon worker" [_thread_blocked, id=1444, stack(0x0000005738000000,0x0000005738100000)]
  0x000001ddf0bf0510 JavaThread "Asynchronous log dispatcher for DefaultDaemonConnection: socket connection from /127.0.0.1:55043 to /127.0.0.1:55044" [_thread_blocked, id=9352, stack(0x0000005738100000,0x0000005738200000)]
  0x000001ddf0f74480 JavaThread "Stdin handler" [_thread_blocked, id=3692, stack(0x0000005738200000,0x0000005738300000)]
  0x000001ddf0f727a0 JavaThread "Daemon client event forwarder" [_thread_blocked, id=7120, stack(0x0000005738300000,0x0000005738400000)]
  0x000001ddf0f71930 JavaThread "Cache worker for journal cache (C:\Users\oals6\.gradle\caches\journal-1)" [_thread_blocked, id=3260, stack(0x0000005738400000,0x0000005738500000)]
  0x000001ddf0f70f90 JavaThread "File lock request listener" [_thread_in_native, id=8204, stack(0x0000005738500000,0x0000005738600000)]
  0x000001ddf0f74950 JavaThread "Cache worker for file hash cache (C:\Users\oals6\.gradle\caches\8.0\fileHashes)" [_thread_blocked, id=5828, stack(0x0000005738600000,0x0000005738700000)]
  0x000001ddf0f72c70 JavaThread "File watcher server" daemon [_thread_blocked, id=1512, stack(0x0000005738700000,0x0000005738800000)]
  0x000001ddf0f71e00 JavaThread "File watcher consumer" daemon [_thread_blocked, id=5204, stack(0x0000005738800000,0x0000005738900000)]
  0x000001ddf0f73140 JavaThread "Cache worker for checksums cache (C:\Users\oals6\AndroidStudioProjects\MyDB\.gradle\8.0\checksums)" [_thread_blocked, id=10072, stack(0x0000005738900000,0x0000005738a00000)]
  0x000001ddf0f73fb0 JavaThread "Cache worker for cache directory md-rule (C:\Users\oals6\.gradle\caches\8.0\md-rule)" [_thread_blocked, id=7928, stack(0x0000005738a00000,0x0000005738b00000)]
  0x000001ddf0f71460 JavaThread "Cache worker for file content cache (C:\Users\oals6\.gradle\caches\8.0\fileContent)" [_thread_blocked, id=9840, stack(0x0000005738b00000,0x0000005738c00000)]
  0x000001ddf0f722d0 JavaThread "Cache worker for file hash cache (C:\Users\oals6\AndroidStudioProjects\MyDB\.gradle\8.0\fileHashes)" [_thread_blocked, id=7952, stack(0x0000005738c00000,0x0000005738d00000)]
  0x000001ddf0f73610 JavaThread "Cache worker for cache directory md-supplier (C:\Users\oals6\.gradle\caches\8.0\md-supplier)" [_thread_blocked, id=9536, stack(0x0000005738d00000,0x0000005738e00000)]
  0x000001ddf0f73ae0 JavaThread "Cache worker for execution history cache (C:\Users\oals6\.gradle\caches\8.0\executionHistory)" [_thread_blocked, id=9804, stack(0x0000005738e00000,0x0000005738f00000)]
  0x000001ddf1a15090 JavaThread "jar transforms" [_thread_blocked, id=11084, stack(0x0000005738f00000,0x0000005739000000)]
  0x000001ddf1a15a30 JavaThread "jar transforms Thread 2" [_thread_blocked, id=9860, stack(0x0000005739000000,0x0000005739100000)]
  0x000001ddf1a16d70 JavaThread "jar transforms Thread 3" [_thread_blocked, id=11004, stack(0x0000005739100000,0x0000005739200000)]
  0x000001ddf1a168a0 JavaThread "jar transforms Thread 4" [_thread_blocked, id=9916, stack(0x0000005739200000,0x0000005739300000)]
  0x000001ddf1a17be0 JavaThread "Cache worker for dependencies-accessors (C:\Users\oals6\AndroidStudioProjects\MyDB\.gradle\8.0\dependencies-accessors)" [_thread_blocked, id=6080, stack(0x0000005739300000,0x0000005739400000)]
  0x000001ddf1a13880 JavaThread "Cache worker for Build Output Cleanup Cache (C:\Users\oals6\AndroidStudioProjects\MyDB\.gradle\buildOutputCleanup)" [_thread_blocked, id=7264, stack(0x0000005739400000,0x0000005739500000)]
  0x000001ddf1a12ee0 JavaThread "Unconstrained build operations" [_thread_blocked, id=5872, stack(0x0000005739500000,0x0000005739600000)]
  0x000001ddf1a13d50 JavaThread "Unconstrained build operations Thread 2" [_thread_blocked, id=9564, stack(0x0000005739600000,0x0000005739700000)]
  0x000001ddf1a18f20 JavaThread "Unconstrained build operations Thread 3" [_thread_blocked, id=6584, stack(0x0000005739700000,0x0000005739800000)]
  0x000001ddf1a146f0 JavaThread "Unconstrained build operations Thread 4" [_thread_blocked, id=10320, stack(0x0000005739800000,0x0000005739900000)]
  0x000001ddf1a14bc0 JavaThread "Unconstrained build operations Thread 5" [_thread_blocked, id=9828, stack(0x0000005739900000,0x0000005739a00000)]
  0x000001ddf1a18580 JavaThread "Unconstrained build operations Thread 6" [_thread_blocked, id=9924, stack(0x0000005739a00000,0x0000005739b00000)]
  0x000001ddf1a15560 JavaThread "Unconstrained build operations Thread 7" [_thread_blocked, id=7412, stack(0x0000005739b00000,0x0000005739c00000)]
  0x000001ddf1a15f00 JavaThread "Unconstrained build operations Thread 8" [_thread_blocked, id=9560, stack(0x0000005739c00000,0x0000005739d00000)]
  0x000001ddf1a163d0 JavaThread "Unconstrained build operations Thread 9" [_thread_blocked, id=11120, stack(0x0000005739d00000,0x0000005739e00000)]
  0x000001ddf1a133b0 JavaThread "Unconstrained build operations Thread 10" [_thread_blocked, id=3932, stack(0x0000005739e00000,0x0000005739f00000)]
  0x000001ddf1a193f0 JavaThread "Unconstrained build operations Thread 11" [_thread_blocked, id=11124, stack(0x0000005739f00000,0x000000573a000000)]
  0x000001ddf1a17240 JavaThread "Unconstrained build operations Thread 12" [_thread_blocked, id=9968, stack(0x000000573a000000,0x000000573a100000)]
  0x000001ddf1a198c0 JavaThread "Unconstrained build operations Thread 13" [_thread_blocked, id=4520, stack(0x000000573a100000,0x000000573a200000)]
  0x000001ddf1a17710 JavaThread "Unconstrained build operations Thread 14" [_thread_blocked, id=9224, stack(0x000000573a200000,0x000000573a300000)]
  0x000001ddf1a12070 JavaThread "Unconstrained build operations Thread 15" [_thread_blocked, id=9372, stack(0x000000573a300000,0x000000573a400000)]
  0x000001ddf1f192c0 JavaThread "Unconstrained build operations Thread 16" [_thread_blocked, id=6524, stack(0x000000573a400000,0x000000573a500000)]
  0x000001ddf1f19c60 JavaThread "Unconstrained build operations Thread 17" [_thread_blocked, id=9520, stack(0x000000573a500000,0x000000573a600000)]
  0x000001ddf1f1b940 JavaThread "Unconstrained build operations Thread 18" [_thread_blocked, id=10184, stack(0x000000573a600000,0x000000573a700000)]
  0x000001ddf1f1f300 JavaThread "Unconstrained build operations Thread 19" [_thread_blocked, id=9348, stack(0x000000573a700000,0x000000573a800000)]
  0x000001ddf1f1a130 JavaThread "Unconstrained build operations Thread 20" [_thread_blocked, id=10324, stack(0x000000573a800000,0x000000573a900000)]
  0x000001ddf1f1b470 JavaThread "Unconstrained build operations Thread 21" [_thread_blocked, id=8628, stack(0x000000573a900000,0x000000573aa00000)]
  0x000001ddf1f1f7d0 JavaThread "Unconstrained build operations Thread 22" [_thread_blocked, id=3268, stack(0x000000573aa00000,0x000000573ab00000)]
  0x000001ddf1f1c7b0 JavaThread "Unconstrained build operations Thread 23" [_thread_blocked, id=4620, stack(0x000000573ab00000,0x000000573ac00000)]
  0x000001ddf1f18df0 JavaThread "Unconstrained build operations Thread 24" [_thread_blocked, id=3028, stack(0x000000573ac00000,0x000000573ad00000)]
  0x000001ddf1f1e960 JavaThread "Unconstrained build operations Thread 25" [_thread_blocked, id=6712, stack(0x000000573ad00000,0x000000573ae00000)]
  0x000001ddf1f1ee30 JavaThread "Unconstrained build operations Thread 26" [_thread_blocked, id=5752, stack(0x000000573ae00000,0x000000573af00000)]
  0x000001ddf1f1fca0 JavaThread "Unconstrained build operations Thread 27" [_thread_blocked, id=8828, stack(0x000000573af00000,0x000000573b000000)]
  0x000001ddf1f1dfc0 JavaThread "Unconstrained build operations Thread 28" [_thread_blocked, id=9388, stack(0x000000573b000000,0x000000573b100000)]
  0x000001ddf1f20170 JavaThread "Unconstrained build operations Thread 29" [_thread_blocked, id=1720, stack(0x000000573b100000,0x000000573b200000)]
  0x000001ddf1f1afa0 JavaThread "Unconstrained build operations Thread 30" [_thread_blocked, id=10580, stack(0x000000573b200000,0x000000573b300000)]
  0x000001ddf1f1cc80 JavaThread "Unconstrained build operations Thread 31" [_thread_blocked, id=6336, stack(0x000000573b300000,0x000000573b400000)]
  0x000001ddf1f1d620 JavaThread "Unconstrained build operations Thread 32" [_thread_blocked, id=10092, stack(0x000000573b400000,0x000000573b500000)]
  0x000001ddf1f19790 JavaThread "Unconstrained build operations Thread 33" [_thread_blocked, id=11100, stack(0x000000573b500000,0x000000573b600000)]
  0x000001ddf1f1be10 JavaThread "Unconstrained build operations Thread 34" [_thread_blocked, id=10936, stack(0x000000573b600000,0x000000573b700000)]
  0x000001ddf1f1e490 JavaThread "Unconstrained build operations Thread 35" [_thread_blocked, id=7612, stack(0x000000573b700000,0x000000573b800000)]
  0x000001ddf1f20640 JavaThread "Unconstrained build operations Thread 36" [_thread_blocked, id=1524, stack(0x000000573b800000,0x000000573b900000)]
  0x000001ddf1f1a600 JavaThread "Unconstrained build operations Thread 37" [_thread_blocked, id=4948, stack(0x000000573b900000,0x000000573ba00000)]
  0x000001ddf1f1c2e0 JavaThread "Unconstrained build operations Thread 38" [_thread_blocked, id=5240, stack(0x000000573ba00000,0x000000573bb00000)]
  0x000001ddf1f1d150 JavaThread "Unconstrained build operations Thread 39" [_thread_blocked, id=6300, stack(0x000000573bb00000,0x000000573bc00000)]
  0x000001ddf1f1daf0 JavaThread "Unconstrained build operations Thread 40" [_thread_blocked, id=1308, stack(0x000000573bc00000,0x000000573bd00000)]
  0x000001ddf3c65ef0 JavaThread "build event listener" [_thread_blocked, id=10428, stack(0x000000573bd00000,0x000000573be00000)]
  0x000001ddf3c6c8d0 JavaThread "Memory manager" [_thread_blocked, id=3208, stack(0x000000573be00000,0x000000573bf00000)]
  0x000001ddf3c66d60 JavaThread "included builds" [_thread_blocked, id=8400, stack(0x000000573c100000,0x000000573c200000)]
  0x000001ddf3c6b590 JavaThread "Execution worker" [_thread_blocked, id=8352, stack(0x000000573c200000,0x000000573c300000)]
  0x000001ddf3c663c0 JavaThread "Execution worker Thread 2" [_thread_blocked, id=2536, stack(0x000000573c300000,0x000000573c400000)]
  0x000001ddf3c680a0 JavaThread "Execution worker Thread 3" [_thread_blocked, id=11060, stack(0x000000573c400000,0x000000573c500000)]
  0x000001ddf3c67bd0 JavaThread "Cache worker for execution history cache (C:\Users\oals6\AndroidStudioProjects\MyDB\.gradle\8.0\executionHistory)" [_thread_blocked, id=7072, stack(0x000000573c500000,0x000000573c600000)]
  0x000001ddf3c67230 JavaThread "WorkerExecutor Queue" [_thread_in_native, id=8184, stack(0x000000573c600000,0x000000573c700000)]
  0x000001ddf3c65a20 JavaThread "WorkerExecutor Queue Thread 2" [_thread_blocked, id=3768, stack(0x000000573c700000,0x000000573c800000)]
  0x000001ddf3c6abf0 JavaThread "WorkerExecutor Queue Thread 3" [_thread_blocked, id=7428, stack(0x000000573c800000,0x000000573c900000)]
  0x000001ddf3c6b0c0 JavaThread "WorkerExecutor Queue Thread 4" [_thread_blocked, id=8256, stack(0x000000573c900000,0x000000573ca00000)]
  0x000001ddf3c6ba60 JavaThread "pool-3-thread-1" [_thread_blocked, id=3992, stack(0x000000573ca00000,0x000000573cb00000)]
  0x000001ddf8f9fc10 JavaThread "ForkJoinPool-1-worker-1" daemon [_thread_blocked, id=10248, stack(0x000000573cc00000,0x000000573cd00000)]
  0x000001ddf8fa05b0 JavaThread "ForkJoinPool-1-worker-2" daemon [_thread_blocked, id=4088, stack(0x000000573cd00000,0x000000573ce00000)]
  0x000001ddf8fa2c30 JavaThread "ForkJoinPool-1-worker-3" daemon [_thread_blocked, id=10764, stack(0x000000573ce00000,0x000000573cf00000)]
  0x000001ddf8fa2760 JavaThread "ForkJoinPool-1-worker-4" daemon [_thread_blocked, id=9308, stack(0x000000573cf00000,0x000000573d000000)]

Other Threads:
=>0x000001ddee849c30 VMThread "VM Thread" [stack: 0x0000005736a00000,0x0000005736b00000] [id=9196]
  0x000001ddef5d3790 WatcherThread [stack: 0x0000005737600000,0x0000005737700000] [id=7820]
  0x000001ddd33a5a00 GCTaskThread "GC Thread#0" [stack: 0x0000005736500000,0x0000005736600000] [id=4828]
  0x000001ddef7c5000 GCTaskThread "GC Thread#1" [stack: 0x0000005737700000,0x0000005737800000] [id=2268]
  0x000001ddeffb7b30 GCTaskThread "GC Thread#2" [stack: 0x0000005737800000,0x0000005737900000] [id=8408]
  0x000001ddf02ab850 GCTaskThread "GC Thread#3" [stack: 0x0000005737900000,0x0000005737a00000] [id=8448]
  0x000001ddd33b6850 ConcurrentGCThread "G1 Main Marker" [stack: 0x0000005736600000,0x0000005736700000] [id=2316]
  0x000001ddd33b7170 ConcurrentGCThread "G1 Conc#0" [stack: 0x0000005736700000,0x0000005736800000] [id=1280]
  0x000001ddd33f7170 ConcurrentGCThread "G1 Refine#0" [stack: 0x0000005736800000,0x0000005736900000] [id=10424]
  0x000001ddf3f28bd0 ConcurrentGCThread "G1 Refine#1" [stack: 0x000000573cb00000,0x000000573cc00000] [id=9088]
  0x000001ddf3f28eb0 ConcurrentGCThread "G1 Refine#2" [stack: 0x000000573d000000,0x000000573d100000] [id=6352]
  0x000001ddf3f2ae50 ConcurrentGCThread "G1 Refine#3" [stack: 0x000000573d100000,0x000000573d200000] [id=7240]
  0x000001ddd33f7aa0 ConcurrentGCThread "G1 Service" [stack: 0x0000005736900000,0x0000005736a00000] [id=10700]

Threads with active compile tasks:
C2 CompilerThread0    49975 13275 %     4       com.android.tools.r8.dex.B::a @ 316 (1030 bytes)

VM state: at safepoint (normal execution)

VM Mutex/Monitor currently owned by a thread:  ([mutex/lock_event])
[0x000001ddd334a150] Threads_lock - owner thread: 0x000001ddee849c30
[0x000001ddd3349c40] Heap_lock - owner thread: 0x000001ddf8f9fc10

Heap address: 0x0000000080000000, size: 2048 MB, Compressed Oops mode: 32-bit

CDS archive(s) not mapped
Compressed class space mapped at: 0x0000000100000000-0x0000000140000000, reserved size: 1073741824
Narrow klass base: 0x0000000000000000, Narrow klass shift: 3, Narrow klass range: 0x140000000

GC Precious Log:
 CPUs: 4 total, 4 available
 Memory: 3682M
 Large Page Support: Disabled
 NUMA Support: Disabled
 Compressed Oops: Enabled (32-bit)
 Heap Region Size: 1M
 Heap Min Capacity: 8M
 Heap Initial Capacity: 58M
 Heap Max Capacity: 2G
 Pre-touch: Disabled
 Parallel Workers: 4
 Concurrent Workers: 1
 Concurrent Refinement Workers: 4
 Periodic GC: Disabled

Heap:
 garbage-first heap   total 331776K, used 257536K [0x0000000080000000, 0x0000000100000000)
  region size 1024K, 4 young (4096K), 4 survivors (4096K)
 Metaspace       used 101848K, committed 102528K, reserved 1138688K
  class space    used 13943K, committed 14272K, reserved 1048576K

Heap Regions: E=young(eden), S=young(survivor), O=old, HS=humongous(starts), HC=humongous(continues), CS=collection set, F=free, OA=open archive, CA=closed archive, TAMS=top-at-mark-start (previous, next)
|   0|0x0000000080000000, 0x0000000080100000, 0x0000000080100000|100%| O|  |TAMS 0x0000000080100000, 0x0000000080000000| Untracked 
|   1|0x0000000080100000, 0x0000000080200000, 0x0000000080200000|100%| O|  |TAMS 0x0000000080200000, 0x0000000080100000| Untracked 
|   2|0x0000000080200000, 0x0000000080300000, 0x0000000080300000|100%|HS|  |TAMS 0x0000000080300000, 0x0000000080200000| Complete 
|   3|0x0000000080300000, 0x0000000080400000, 0x0000000080400000|100%|HC|  |TAMS 0x0000000080400000, 0x0000000080300000| Complete 
|   4|0x0000000080400000, 0x0000000080500000, 0x0000000080500000|100%|HC|  |TAMS 0x0000000080500000, 0x0000000080400000| Complete 
|   5|0x0000000080500000, 0x0000000080600000, 0x0000000080600000|100%|HC|  |TAMS 0x0000000080600000, 0x0000000080500000| Complete 
|   6|0x0000000080600000, 0x0000000080700000, 0x0000000080700000|100%| O|  |TAMS 0x0000000080700000, 0x0000000080600000| Untracked 
|   7|0x0000000080700000, 0x0000000080800000, 0x0000000080800000|100%| O|  |TAMS 0x0000000080800000, 0x0000000080700000| Untracked 
|   8|0x0000000080800000, 0x0000000080900000, 0x0000000080900000|100%| O|  |TAMS 0x0000000080900000, 0x0000000080800000| Untracked 
|   9|0x0000000080900000, 0x0000000080a00000, 0x0000000080a00000|100%| O|  |TAMS 0x0000000080a00000, 0x0000000080900000| Untracked 
|  10|0x0000000080a00000, 0x0000000080b00000, 0x0000000080b00000|100%| O|  |TAMS 0x0000000080b00000, 0x0000000080a00000| Untracked 
|  11|0x0000000080b00000, 0x0000000080c00000, 0x0000000080c00000|100%| O|  |TAMS 0x0000000080c00000, 0x0000000080b00000| Untracked 
|  12|0x0000000080c00000, 0x0000000080d00000, 0x0000000080d00000|100%| O|  |TAMS 0x0000000080d00000, 0x0000000080c00000| Untracked 
|  13|0x0000000080d00000, 0x0000000080e00000, 0x0000000080e00000|100%| O|  |TAMS 0x0000000080e00000, 0x0000000080d00000| Untracked 
|  14|0x0000000080e00000, 0x0000000080f00000, 0x0000000080f00000|100%| O|  |TAMS 0x0000000080f00000, 0x0000000080e00000| Untracked 
|  15|0x0000000080f00000, 0x0000000081000000, 0x0000000081000000|100%| O|  |TAMS 0x0000000081000000, 0x0000000080f00000| Untracked 
|  16|0x0000000081000000, 0x0000000081100000, 0x0000000081100000|100%| O|  |TAMS 0x0000000081100000, 0x0000000081000000| Untracked 
|  17|0x0000000081100000, 0x0000000081200000, 0x0000000081200000|100%| O|  |TAMS 0x0000000081200000, 0x0000000081100000| Untracked 
|  18|0x0000000081200000, 0x0000000081300000, 0x0000000081300000|100%| O|  |TAMS 0x0000000081300000, 0x0000000081200000| Untracked 
|  19|0x0000000081300000, 0x0000000081400000, 0x0000000081400000|100%| O|  |TAMS 0x0000000081400000, 0x0000000081300000| Untracked 
|  20|0x0000000081400000, 0x0000000081500000, 0x0000000081500000|100%| O|  |TAMS 0x0000000081500000, 0x0000000081400000| Untracked 
|  21|0x0000000081500000, 0x0000000081600000, 0x0000000081600000|100%| O|  |TAMS 0x0000000081600000, 0x0000000081500000| Untracked 
|  22|0x0000000081600000, 0x0000000081700000, 0x0000000081700000|100%| O|  |TAMS 0x0000000081700000, 0x0000000081600000| Untracked 
|  23|0x0000000081700000, 0x0000000081800000, 0x0000000081800000|100%| O|  |TAMS 0x0000000081800000, 0x0000000081700000| Untracked 
|  24|0x0000000081800000, 0x0000000081900000, 0x0000000081900000|100%| O|  |TAMS 0x0000000081900000, 0x0000000081800000| Untracked 
|  25|0x0000000081900000, 0x0000000081a00000, 0x0000000081a00000|100%| O|  |TAMS 0x0000000081a00000, 0x0000000081900000| Untracked 
|  26|0x0000000081a00000, 0x0000000081b00000, 0x0000000081b00000|100%| O|  |TAMS 0x0000000081b00000, 0x0000000081a00000| Untracked 
|  27|0x0000000081b00000, 0x0000000081c00000, 0x0000000081c00000|100%| O|  |TAMS 0x0000000081c00000, 0x0000000081b00000| Untracked 
|  28|0x0000000081c00000, 0x0000000081d00000, 0x0000000081d00000|100%| O|  |TAMS 0x0000000081d00000, 0x0000000081c00000| Untracked 
|  29|0x0000000081d00000, 0x0000000081e00000, 0x0000000081e00000|100%| O|  |TAMS 0x0000000081e00000, 0x0000000081d00000| Untracked 
|  30|0x0000000081e00000, 0x0000000081f00000, 0x0000000081f00000|100%| O|  |TAMS 0x0000000081f00000, 0x0000000081e00000| Untracked 
|  31|0x0000000081f00000, 0x0000000082000000, 0x0000000082000000|100%| O|  |TAMS 0x0000000082000000, 0x0000000081f00000| Untracked 
|  32|0x0000000082000000, 0x0000000082100000, 0x0000000082100000|100%| O|  |TAMS 0x0000000082100000, 0x0000000082000000| Untracked 
|  33|0x0000000082100000, 0x0000000082200000, 0x0000000082200000|100%| O|  |TAMS 0x0000000082200000, 0x0000000082100000| Untracked 
|  34|0x0000000082200000, 0x0000000082300000, 0x0000000082300000|100%| O|  |TAMS 0x0000000082300000, 0x0000000082200000| Untracked 
|  35|0x0000000082300000, 0x0000000082400000, 0x0000000082400000|100%| O|  |TAMS 0x0000000082400000, 0x0000000082300000| Untracked 
|  36|0x0000000082400000, 0x0000000082500000, 0x0000000082500000|100%|HS|  |TAMS 0x0000000082500000, 0x0000000082400000| Complete 
|  37|0x0000000082500000, 0x0000000082600000, 0x0000000082600000|100%| O|  |TAMS 0x0000000082500000, 0x0000000082500000| Untracked 
|  38|0x0000000082600000, 0x0000000082700000, 0x0000000082700000|100%| O|  |TAMS 0x0000000082600000, 0x0000000082600000| Untracked 
|  39|0x0000000082700000, 0x0000000082800000, 0x0000000082800000|100%| O|  |TAMS 0x0000000082800000, 0x0000000082700000| Untracked 
|  40|0x0000000082800000, 0x0000000082900000, 0x0000000082900000|100%|HS|  |TAMS 0x0000000082900000, 0x0000000082800000| Complete 
|  41|0x0000000082900000, 0x0000000082a00000, 0x0000000082a00000|100%|HS|  |TAMS 0x0000000082a00000, 0x0000000082900000| Complete 
|  42|0x0000000082a00000, 0x0000000082b00000, 0x0000000082b00000|100%| O|  |TAMS 0x0000000082b00000, 0x0000000082a00000| Untracked 
|  43|0x0000000082b00000, 0x0000000082c00000, 0x0000000082c00000|100%|HS|  |TAMS 0x0000000082c00000, 0x0000000082b00000| Complete 
|  44|0x0000000082c00000, 0x0000000082d00000, 0x0000000082d00000|100%|HC|  |TAMS 0x0000000082d00000, 0x0000000082c00000| Complete 
|  45|0x0000000082d00000, 0x0000000082e00000, 0x0000000082e00000|100%|HC|  |TAMS 0x0000000082e00000, 0x0000000082d00000| Complete 
|  46|0x0000000082e00000, 0x0000000082f00000, 0x0000000082f00000|100%|HC|  |TAMS 0x0000000082f00000, 0x0000000082e00000| Complete 
|  47|0x0000000082f00000, 0x0000000083000000, 0x0000000083000000|100%| O|  |TAMS 0x0000000083000000, 0x0000000082f00000| Untracked 
|  48|0x0000000083000000, 0x0000000083100000, 0x0000000083100000|100%| O|  |TAMS 0x0000000083100000, 0x0000000083000000| Untracked 
|  49|0x0000000083100000, 0x0000000083200000, 0x0000000083200000|100%| O|  |TAMS 0x0000000083200000, 0x0000000083100000| Untracked 
|  50|0x0000000083200000, 0x0000000083300000, 0x0000000083300000|100%| O|  |TAMS 0x0000000083300000, 0x0000000083200000| Untracked 
|  51|0x0000000083300000, 0x0000000083400000, 0x0000000083400000|100%| O|  |TAMS 0x0000000083400000, 0x0000000083300000| Untracked 
|  52|0x0000000083400000, 0x0000000083500000, 0x0000000083500000|100%| O|  |TAMS 0x0000000083500000, 0x0000000083400000| Untracked 
|  53|0x0000000083500000, 0x0000000083600000, 0x0000000083600000|100%| O|  |TAMS 0x0000000083600000, 0x0000000083500000| Untracked 
|  54|0x0000000083600000, 0x0000000083700000, 0x0000000083700000|100%| O|  |TAMS 0x0000000083700000, 0x0000000083600000| Untracked 
|  55|0x0000000083700000, 0x0000000083800000, 0x0000000083800000|100%| O|  |TAMS 0x0000000083800000, 0x0000000083700000| Untracked 
|  56|0x0000000083800000, 0x0000000083900000, 0x0000000083900000|100%| O|  |TAMS 0x0000000083900000, 0x0000000083800000| Untracked 
|  57|0x0000000083900000, 0x0000000083a00000, 0x0000000083a00000|100%| O|  |TAMS 0x0000000083a00000, 0x0000000083900000| Untracked 
|  58|0x0000000083a00000, 0x0000000083b00000, 0x0000000083b00000|100%| O|  |TAMS 0x0000000083b00000, 0x0000000083a00000| Untracked 
|  59|0x0000000083b00000, 0x0000000083c00000, 0x0000000083c00000|100%| O|  |TAMS 0x0000000083c00000, 0x0000000083b00000| Untracked 
|  60|0x0000000083c00000, 0x0000000083d00000, 0x0000000083d00000|100%| O|  |TAMS 0x0000000083d00000, 0x0000000083c00000| Untracked 
|  61|0x0000000083d00000, 0x0000000083e00000, 0x0000000083e00000|100%| O|  |TAMS 0x0000000083e00000, 0x0000000083d00000| Untracked 
|  62|0x0000000083e00000, 0x0000000083f00000, 0x0000000083f00000|100%| O|  |TAMS 0x0000000083f00000, 0x0000000083e00000| Untracked 
|  63|0x0000000083f00000, 0x0000000084000000, 0x0000000084000000|100%| O|  |TAMS 0x0000000084000000, 0x0000000083f00000| Untracked 
|  64|0x0000000084000000, 0x0000000084100000, 0x0000000084100000|100%| O|  |TAMS 0x0000000084100000, 0x0000000084000000| Untracked 
|  65|0x0000000084100000, 0x0000000084200000, 0x0000000084200000|100%| O|  |TAMS 0x0000000084200000, 0x0000000084100000| Untracked 
|  66|0x0000000084200000, 0x0000000084300000, 0x0000000084300000|100%|HS|  |TAMS 0x0000000084300000, 0x0000000084200000| Complete 
|  67|0x0000000084300000, 0x0000000084400000, 0x0000000084400000|100%| O|  |TAMS 0x0000000084400000, 0x0000000084300000| Untracked 
|  68|0x0000000084400000, 0x0000000084500000, 0x0000000084500000|100%| O|  |TAMS 0x0000000084500000, 0x0000000084400000| Untracked 
|  69|0x0000000084500000, 0x0000000084600000, 0x0000000084600000|100%| O|  |TAMS 0x0000000084600000, 0x0000000084500000| Untracked 
|  70|0x0000000084600000, 0x0000000084700000, 0x0000000084700000|100%| O|  |TAMS 0x0000000084700000, 0x0000000084600000| Untracked 
|  71|0x0000000084700000, 0x0000000084800000, 0x0000000084800000|100%| O|  |TAMS 0x0000000084800000, 0x0000000084700000| Untracked 
|  72|0x0000000084800000, 0x0000000084900000, 0x0000000084900000|100%| O|  |TAMS 0x0000000084900000, 0x0000000084800000| Untracked 
|  73|0x0000000084900000, 0x0000000084a00000, 0x0000000084a00000|100%| O|  |TAMS 0x0000000084a00000, 0x0000000084900000| Untracked 
|  74|0x0000000084a00000, 0x0000000084b00000, 0x0000000084b00000|100%| O|  |TAMS 0x0000000084b00000, 0x0000000084a00000| Untracked 
|  75|0x0000000084b00000, 0x0000000084c00000, 0x0000000084c00000|100%| O|  |TAMS 0x0000000084c00000, 0x0000000084b00000| Untracked 
|  76|0x0000000084c00000, 0x0000000084d00000, 0x0000000084d00000|100%| O|  |TAMS 0x0000000084d00000, 0x0000000084c00000| Untracked 
|  77|0x0000000084d00000, 0x0000000084e00000, 0x0000000084e00000|100%| O|  |TAMS 0x0000000084e00000, 0x0000000084d00000| Untracked 
|  78|0x0000000084e00000, 0x0000000084f00000, 0x0000000084f00000|100%| O|  |TAMS 0x0000000084f00000, 0x0000000084e00000| Untracked 
|  79|0x0000000084f00000, 0x0000000085000000, 0x0000000085000000|100%| O|  |TAMS 0x0000000085000000, 0x0000000084f00000| Untracked 
|  80|0x0000000085000000, 0x0000000085100000, 0x0000000085100000|100%| O|  |TAMS 0x0000000085100000, 0x0000000085000000| Untracked 
|  81|0x0000000085100000, 0x0000000085200000, 0x0000000085200000|100%| O|  |TAMS 0x0000000085200000, 0x0000000085100000| Untracked 
|  82|0x0000000085200000, 0x0000000085300000, 0x0000000085300000|100%| O|  |TAMS 0x0000000085300000, 0x0000000085200000| Untracked 
|  83|0x0000000085300000, 0x0000000085400000, 0x0000000085400000|100%| O|  |TAMS 0x0000000085400000, 0x0000000085300000| Untracked 
|  84|0x0000000085400000, 0x0000000085500000, 0x0000000085500000|100%| O|  |TAMS 0x0000000085500000, 0x0000000085400000| Untracked 
|  85|0x0000000085500000, 0x0000000085600000, 0x0000000085600000|100%| O|  |TAMS 0x0000000085600000, 0x0000000085500000| Untracked 
|  86|0x0000000085600000, 0x0000000085700000, 0x0000000085700000|100%| O|  |TAMS 0x0000000085700000, 0x0000000085600000| Untracked 
|  87|0x0000000085700000, 0x0000000085800000, 0x0000000085800000|100%| O|  |TAMS 0x0000000085800000, 0x0000000085700000| Untracked 
|  88|0x0000000085800000, 0x0000000085900000, 0x0000000085900000|100%| O|  |TAMS 0x0000000085900000, 0x0000000085800000| Untracked 
|  89|0x0000000085900000, 0x0000000085a00000, 0x0000000085a00000|100%| O|  |TAMS 0x0000000085a00000, 0x0000000085900000| Untracked 
|  90|0x0000000085a00000, 0x0000000085b00000, 0x0000000085b00000|100%| O|  |TAMS 0x0000000085b00000, 0x0000000085a00000| Untracked 
|  91|0x0000000085b00000, 0x0000000085c00000, 0x0000000085c00000|100%| O|  |TAMS 0x0000000085c00000, 0x0000000085b00000| Untracked 
|  92|0x0000000085c00000, 0x0000000085d00000, 0x0000000085d00000|100%| O|  |TAMS 0x0000000085d00000, 0x0000000085c00000| Untracked 
|  93|0x0000000085d00000, 0x0000000085e00000, 0x0000000085e00000|100%| O|  |TAMS 0x0000000085e00000, 0x0000000085d00000| Untracked 
|  94|0x0000000085e00000, 0x0000000085f00000, 0x0000000085f00000|100%| O|  |TAMS 0x0000000085f00000, 0x0000000085e00000| Untracked 
|  95|0x0000000085f00000, 0x0000000086000000, 0x0000000086000000|100%| O|  |TAMS 0x0000000085f13200, 0x0000000085f00000| Untracked 
|  96|0x0000000086000000, 0x0000000086100000, 0x0000000086100000|100%|HS|  |TAMS 0x0000000086100000, 0x0000000086000000| Complete 
|  97|0x0000000086100000, 0x0000000086200000, 0x0000000086200000|100%|HC|  |TAMS 0x0000000086200000, 0x0000000086100000| Complete 
|  98|0x0000000086200000, 0x0000000086300000, 0x0000000086300000|100%|HS|  |TAMS 0x0000000086300000, 0x0000000086200000| Complete 
|  99|0x0000000086300000, 0x0000000086400000, 0x0000000086400000|100%|HC|  |TAMS 0x0000000086400000, 0x0000000086300000| Complete 
| 100|0x0000000086400000, 0x0000000086500000, 0x0000000086500000|100%|HS|  |TAMS 0x0000000086500000, 0x0000000086400000| Complete 
| 101|0x0000000086500000, 0x0000000086600000, 0x0000000086600000|100%|HC|  |TAMS 0x0000000086600000, 0x0000000086500000| Complete 
| 102|0x0000000086600000, 0x0000000086700000, 0x0000000086700000|100%|HS|  |TAMS 0x0000000086700000, 0x0000000086600000| Complete 
| 103|0x0000000086700000, 0x0000000086800000, 0x0000000086800000|100%|HC|  |TAMS 0x0000000086800000, 0x0000000086700000| Complete 
| 104|0x0000000086800000, 0x0000000086900000, 0x0000000086900000|100%|HS|  |TAMS 0x0000000086900000, 0x0000000086800000| Complete 
| 105|0x0000000086900000, 0x0000000086a00000, 0x0000000086a00000|100%|HS|  |TAMS 0x0000000086a00000, 0x0000000086900000| Complete 
| 106|0x0000000086a00000, 0x0000000086b00000, 0x0000000086b00000|100%|HC|  |TAMS 0x0000000086b00000, 0x0000000086a00000| Complete 
| 107|0x0000000086b00000, 0x0000000086c00000, 0x0000000086c00000|100%|HS|  |TAMS 0x0000000086c00000, 0x0000000086b00000| Complete 
| 108|0x0000000086c00000, 0x0000000086d00000, 0x0000000086d00000|100%|HC|  |TAMS 0x0000000086d00000, 0x0000000086c00000| Complete 
| 109|0x0000000086d00000, 0x0000000086e00000, 0x0000000086e00000|100%|HS|  |TAMS 0x0000000086e00000, 0x0000000086d00000| Complete 
| 110|0x0000000086e00000, 0x0000000086f00000, 0x0000000086f00000|100%|HS|  |TAMS 0x0000000086f00000, 0x0000000086e00000| Complete 
| 111|0x0000000086f00000, 0x0000000087000000, 0x0000000087000000|100%|HS|  |TAMS 0x0000000087000000, 0x0000000086f00000| Complete 
| 112|0x0000000087000000, 0x0000000087100000, 0x0000000087100000|100%|HC|  |TAMS 0x0000000087100000, 0x0000000087000000| Complete 
| 113|0x0000000087100000, 0x0000000087200000, 0x0000000087200000|100%|HS|  |TAMS 0x0000000087200000, 0x0000000087100000| Complete 
| 114|0x0000000087200000, 0x0000000087300000, 0x0000000087300000|100%|HC|  |TAMS 0x0000000087300000, 0x0000000087200000| Complete 
| 115|0x0000000087300000, 0x0000000087400000, 0x0000000087400000|100%|HS|  |TAMS 0x0000000087400000, 0x0000000087300000| Complete 
| 116|0x0000000087400000, 0x0000000087500000, 0x0000000087500000|100%|HC|  |TAMS 0x0000000087500000, 0x0000000087400000| Complete 
| 117|0x0000000087500000, 0x0000000087600000, 0x0000000087600000|100%|HC|  |TAMS 0x0000000087600000, 0x0000000087500000| Complete 
| 118|0x0000000087600000, 0x0000000087700000, 0x0000000087700000|100%|HS|  |TAMS 0x0000000087600000, 0x0000000087600000| Complete 
| 119|0x0000000087700000, 0x0000000087800000, 0x0000000087800000|100%|HC|  |TAMS 0x0000000087700000, 0x0000000087700000| Complete 
| 120|0x0000000087800000, 0x0000000087900000, 0x0000000087900000|100%| O|  |TAMS 0x0000000087800000, 0x0000000087800000| Untracked 
| 121|0x0000000087900000, 0x0000000087a00000, 0x0000000087a00000|100%|HS|  |TAMS 0x0000000087a00000, 0x0000000087900000| Complete 
| 122|0x0000000087a00000, 0x0000000087b00000, 0x0000000087b00000|100%|HC|  |TAMS 0x0000000087b00000, 0x0000000087a00000| Complete 
| 123|0x0000000087b00000, 0x0000000087c00000, 0x0000000087c00000|100%|HS|  |TAMS 0x0000000087b00000, 0x0000000087b00000| Complete 
| 124|0x0000000087c00000, 0x0000000087d00000, 0x0000000087d00000|100%|HC|  |TAMS 0x0000000087c00000, 0x0000000087c00000| Complete 
| 125|0x0000000087d00000, 0x0000000087e00000, 0x0000000087e00000|100%|HS|  |TAMS 0x0000000087d00000, 0x0000000087d00000| Complete 
| 126|0x0000000087e00000, 0x0000000087f00000, 0x0000000087f00000|100%|HS|  |TAMS 0x0000000087f00000, 0x0000000087e00000| Complete 
| 127|0x0000000087f00000, 0x0000000088000000, 0x0000000088000000|100%|HC|  |TAMS 0x0000000088000000, 0x0000000087f00000| Complete 
| 128|0x0000000088000000, 0x0000000088100000, 0x0000000088100000|100%| O|  |TAMS 0x0000000088000000, 0x0000000088000000| Untracked 
| 129|0x0000000088100000, 0x0000000088200000, 0x0000000088200000|100%| O|  |TAMS 0x0000000088100000, 0x0000000088100000| Untracked 
| 130|0x0000000088200000, 0x0000000088300000, 0x0000000088300000|100%| O|  |TAMS 0x0000000088200000, 0x0000000088200000| Untracked 
| 131|0x0000000088300000, 0x0000000088400000, 0x0000000088400000|100%| O|  |TAMS 0x0000000088300000, 0x0000000088300000| Untracked 
| 132|0x0000000088400000, 0x0000000088500000, 0x0000000088500000|100%| O|  |TAMS 0x0000000088400000, 0x0000000088400000| Untracked 
| 133|0x0000000088500000, 0x0000000088600000, 0x0000000088600000|100%| O|  |TAMS 0x0000000088500000, 0x0000000088500000| Untracked 
| 134|0x0000000088600000, 0x0000000088700000, 0x0000000088700000|100%| O|  |TAMS 0x0000000088600000, 0x0000000088600000| Untracked 
| 135|0x0000000088700000, 0x0000000088800000, 0x0000000088800000|100%| O|  |TAMS 0x0000000088700000, 0x0000000088700000| Untracked 
| 136|0x0000000088800000, 0x0000000088900000, 0x0000000088900000|100%| O|  |TAMS 0x0000000088800000, 0x0000000088800000| Untracked 
| 137|0x0000000088900000, 0x0000000088a00000, 0x0000000088a00000|100%| O|  |TAMS 0x0000000088900000, 0x0000000088900000| Untracked 
| 138|0x0000000088a00000, 0x0000000088b00000, 0x0000000088b00000|100%| O|  |TAMS 0x0000000088a00000, 0x0000000088a00000| Untracked 
| 139|0x0000000088b00000, 0x0000000088c00000, 0x0000000088c00000|100%| O|  |TAMS 0x0000000088b00000, 0x0000000088b00000| Untracked 
| 140|0x0000000088c00000, 0x0000000088d00000, 0x0000000088d00000|100%|HS|  |TAMS 0x0000000088c00000, 0x0000000088c00000| Complete 
| 141|0x0000000088d00000, 0x0000000088e00000, 0x0000000088e00000|100%|HC|  |TAMS 0x0000000088d00000, 0x0000000088d00000| Complete 
| 142|0x0000000088e00000, 0x0000000088f00000, 0x0000000088f00000|100%| O|  |TAMS 0x0000000088e00000, 0x0000000088e00000| Untracked 
| 143|0x0000000088f00000, 0x0000000089000000, 0x0000000089000000|100%|HS|  |TAMS 0x0000000088f00000, 0x0000000088f00000| Complete 
| 144|0x0000000089000000, 0x0000000089100000, 0x0000000089100000|100%| O|  |TAMS 0x0000000089000000, 0x0000000089000000| Untracked 
| 145|0x0000000089100000, 0x0000000089200000, 0x0000000089200000|100%| O|  |TAMS 0x0000000089100000, 0x0000000089100000| Untracked 
| 146|0x0000000089200000, 0x0000000089300000, 0x0000000089300000|100%| O|  |TAMS 0x0000000089200000, 0x0000000089200000| Untracked 
| 147|0x0000000089300000, 0x0000000089400000, 0x0000000089400000|100%|HS|  |TAMS 0x0000000089300000, 0x0000000089300000| Complete 
| 148|0x0000000089400000, 0x0000000089500000, 0x0000000089500000|100%|HC|  |TAMS 0x0000000089400000, 0x0000000089400000| Complete 
| 149|0x0000000089500000, 0x0000000089600000, 0x0000000089600000|100%| O|  |TAMS 0x0000000089500000, 0x0000000089500000| Untracked 
| 150|0x0000000089600000, 0x0000000089700000, 0x0000000089700000|100%| O|  |TAMS 0x0000000089600000, 0x0000000089600000| Untracked 
| 151|0x0000000089700000, 0x0000000089800000, 0x0000000089800000|100%| O|  |TAMS 0x0000000089700000, 0x0000000089700000| Untracked 
| 152|0x0000000089800000, 0x0000000089900000, 0x0000000089900000|100%|HS|  |TAMS 0x0000000089800000, 0x0000000089800000| Complete 
| 153|0x0000000089900000, 0x0000000089a00000, 0x0000000089a00000|100%|HC|  |TAMS 0x0000000089900000, 0x0000000089900000| Complete 
| 154|0x0000000089a00000, 0x0000000089b00000, 0x0000000089b00000|100%| O|  |TAMS 0x0000000089a00000, 0x0000000089a00000| Untracked 
| 155|0x0000000089b00000, 0x0000000089c00000, 0x0000000089c00000|100%|HS|  |TAMS 0x0000000089b00000, 0x0000000089b00000| Complete 
| 156|0x0000000089c00000, 0x0000000089d00000, 0x0000000089d00000|100%| O|  |TAMS 0x0000000089c00000, 0x0000000089c00000| Untracked 
| 157|0x0000000089d00000, 0x0000000089e00000, 0x0000000089e00000|100%|HS|  |TAMS 0x0000000089d00000, 0x0000000089d00000| Complete 
| 158|0x0000000089e00000, 0x0000000089f00000, 0x0000000089f00000|100%| O|  |TAMS 0x0000000089e00000, 0x0000000089e00000| Untracked 
| 159|0x0000000089f00000, 0x000000008a000000, 0x000000008a000000|100%| O|  |TAMS 0x0000000089f00000, 0x0000000089f00000| Untracked 
| 160|0x000000008a000000, 0x000000008a100000, 0x000000008a100000|100%| O|  |TAMS 0x000000008a000000, 0x000000008a000000| Untracked 
| 161|0x000000008a100000, 0x000000008a200000, 0x000000008a200000|100%|HS|  |TAMS 0x000000008a100000, 0x000000008a100000| Complete 
| 162|0x000000008a200000, 0x000000008a300000, 0x000000008a300000|100%|HC|  |TAMS 0x000000008a200000, 0x000000008a200000| Complete 
| 163|0x000000008a300000, 0x000000008a400000, 0x000000008a400000|100%| O|  |TAMS 0x000000008a300000, 0x000000008a300000| Untracked 
| 164|0x000000008a400000, 0x000000008a500000, 0x000000008a500000|100%| O|  |TAMS 0x000000008a400000, 0x000000008a400000| Untracked 
| 165|0x000000008a500000, 0x000000008a600000, 0x000000008a600000|100%| O|  |TAMS 0x000000008a500000, 0x000000008a500000| Untracked 
| 166|0x000000008a600000, 0x000000008a700000, 0x000000008a700000|100%|HS|  |TAMS 0x000000008a600000, 0x000000008a600000| Complete 
| 167|0x000000008a700000, 0x000000008a800000, 0x000000008a800000|100%|HC|  |TAMS 0x000000008a700000, 0x000000008a700000| Complete 
| 168|0x000000008a800000, 0x000000008a900000, 0x000000008a900000|100%| O|  |TAMS 0x000000008a800000, 0x000000008a800000| Untracked 
| 169|0x000000008a900000, 0x000000008aa00000, 0x000000008aa00000|100%| O|  |TAMS 0x000000008a900000, 0x000000008a900000| Untracked 
| 170|0x000000008aa00000, 0x000000008ab00000, 0x000000008ab00000|100%| O|  |TAMS 0x000000008aa00000, 0x000000008aa00000| Untracked 
| 171|0x000000008ab00000, 0x000000008ac00000, 0x000000008ac00000|100%| O|  |TAMS 0x000000008ab00000, 0x000000008ab00000| Untracked 
| 172|0x000000008ac00000, 0x000000008ad00000, 0x000000008ad00000|100%| O|  |TAMS 0x000000008ac00000, 0x000000008ac00000| Untracked 
| 173|0x000000008ad00000, 0x000000008ae00000, 0x000000008ae00000|100%| O|  |TAMS 0x000000008ad00000, 0x000000008ad00000| Untracked 
| 174|0x000000008ae00000, 0x000000008af00000, 0x000000008af00000|100%|HS|  |TAMS 0x000000008ae00000, 0x000000008ae00000| Complete 
| 175|0x000000008af00000, 0x000000008b000000, 0x000000008b000000|100%|HC|  |TAMS 0x000000008af00000, 0x000000008af00000| Complete 
| 176|0x000000008b000000, 0x000000008b100000, 0x000000008b100000|100%|HC|  |TAMS 0x000000008b000000, 0x000000008b000000| Complete 
| 177|0x000000008b100000, 0x000000008b200000, 0x000000008b200000|100%|HS|  |TAMS 0x000000008b100000, 0x000000008b100000| Complete 
| 178|0x000000008b200000, 0x000000008b300000, 0x000000008b300000|100%|HS|  |TAMS 0x000000008b200000, 0x000000008b200000| Complete 
| 179|0x000000008b300000, 0x000000008b400000, 0x000000008b400000|100%| O|  |TAMS 0x000000008b300000, 0x000000008b300000| Untracked 
| 180|0x000000008b400000, 0x000000008b500000, 0x000000008b500000|100%| O|  |TAMS 0x000000008b400000, 0x000000008b400000| Untracked 
| 181|0x000000008b500000, 0x000000008b600000, 0x000000008b600000|100%| O|  |TAMS 0x000000008b500000, 0x000000008b500000| Untracked 
| 182|0x000000008b600000, 0x000000008b700000, 0x000000008b700000|100%| O|  |TAMS 0x000000008b600000, 0x000000008b600000| Untracked 
| 183|0x000000008b700000, 0x000000008b800000, 0x000000008b800000|100%| O|  |TAMS 0x000000008b700000, 0x000000008b700000| Untracked 
| 184|0x000000008b800000, 0x000000008b900000, 0x000000008b900000|100%| O|  |TAMS 0x000000008b800000, 0x000000008b800000| Untracked 
| 185|0x000000008b900000, 0x000000008ba00000, 0x000000008ba00000|100%| O|  |TAMS 0x000000008b900000, 0x000000008b900000| Untracked 
| 186|0x000000008ba00000, 0x000000008bb00000, 0x000000008bb00000|100%| O|  |TAMS 0x000000008ba00000, 0x000000008ba00000| Untracked 
| 187|0x000000008bb00000, 0x000000008bc00000, 0x000000008bc00000|100%| O|  |TAMS 0x000000008bb00000, 0x000000008bb00000| Untracked 
| 188|0x000000008bc00000, 0x000000008bd00000, 0x000000008bd00000|100%| O|  |TAMS 0x000000008bc00000, 0x000000008bc00000| Untracked 
| 189|0x000000008bd00000, 0x000000008be00000, 0x000000008be00000|100%| O|  |TAMS 0x000000008bd00000, 0x000000008bd00000| Untracked 
| 190|0x000000008be00000, 0x000000008bf00000, 0x000000008bf00000|100%| O|  |TAMS 0x000000008be00000, 0x000000008be00000| Untracked 
| 191|0x000000008bf00000, 0x000000008c000000, 0x000000008c000000|100%| O|  |TAMS 0x000000008bf00000, 0x000000008bf00000| Untracked 
| 192|0x000000008c000000, 0x000000008c100000, 0x000000008c100000|100%| O|  |TAMS 0x000000008c000000, 0x000000008c000000| Untracked 
| 193|0x000000008c100000, 0x000000008c200000, 0x000000008c200000|100%| O|  |TAMS 0x000000008c100000, 0x000000008c100000| Untracked 
| 194|0x000000008c200000, 0x000000008c300000, 0x000000008c300000|100%| O|  |TAMS 0x000000008c200000, 0x000000008c200000| Untracked 
| 195|0x000000008c300000, 0x000000008c400000, 0x000000008c400000|100%| O|  |TAMS 0x000000008c300000, 0x000000008c300000| Untracked 
| 196|0x000000008c400000, 0x000000008c500000, 0x000000008c500000|100%| O|  |TAMS 0x000000008c400000, 0x000000008c400000| Untracked 
| 197|0x000000008c500000, 0x000000008c600000, 0x000000008c600000|100%| O|  |TAMS 0x000000008c500000, 0x000000008c500000| Untracked 
| 198|0x000000008c600000, 0x000000008c700000, 0x000000008c700000|100%| O|  |TAMS 0x000000008c600000, 0x000000008c600000| Untracked 
| 199|0x000000008c700000, 0x000000008c800000, 0x000000008c800000|100%| O|  |TAMS 0x000000008c700000, 0x000000008c700000| Untracked 
| 200|0x000000008c800000, 0x000000008c900000, 0x000000008c900000|100%| O|  |TAMS 0x000000008c800000, 0x000000008c800000| Untracked 
| 201|0x000000008c900000, 0x000000008ca00000, 0x000000008ca00000|100%| O|  |TAMS 0x000000008c900000, 0x000000008c900000| Untracked 
| 202|0x000000008ca00000, 0x000000008cb00000, 0x000000008cb00000|100%| O|  |TAMS 0x000000008ca00000, 0x000000008ca00000| Untracked 
| 203|0x000000008cb00000, 0x000000008cc00000, 0x000000008cc00000|100%| O|  |TAMS 0x000000008cb00000, 0x000000008cb00000| Untracked 
| 204|0x000000008cc00000, 0x000000008cd00000, 0x000000008cd00000|100%| O|  |TAMS 0x000000008cc00000, 0x000000008cc00000| Untracked 
| 205|0x000000008cd00000, 0x000000008ce00000, 0x000000008ce00000|100%| O|  |TAMS 0x000000008cd00000, 0x000000008cd00000| Untracked 
| 206|0x000000008ce00000, 0x000000008cf00000, 0x000000008cf00000|100%| O|  |TAMS 0x000000008ce00000, 0x000000008ce00000| Untracked 
| 207|0x000000008cf00000, 0x000000008d000000, 0x000000008d000000|100%| O|  |TAMS 0x000000008cf00000, 0x000000008cf00000| Untracked 
| 208|0x000000008d000000, 0x000000008d100000, 0x000000008d100000|100%| O|  |TAMS 0x000000008d000000, 0x000000008d000000| Untracked 
| 209|0x000000008d100000, 0x000000008d200000, 0x000000008d200000|100%| O|  |TAMS 0x000000008d100000, 0x000000008d100000| Untracked 
| 210|0x000000008d200000, 0x000000008d300000, 0x000000008d300000|100%| O|  |TAMS 0x000000008d200000, 0x000000008d200000| Untracked 
| 211|0x000000008d300000, 0x000000008d400000, 0x000000008d400000|100%| O|  |TAMS 0x000000008d300000, 0x000000008d300000| Untracked 
| 212|0x000000008d400000, 0x000000008d500000, 0x000000008d500000|100%| O|  |TAMS 0x000000008d400000, 0x000000008d400000| Untracked 
| 213|0x000000008d500000, 0x000000008d600000, 0x000000008d600000|100%| O|  |TAMS 0x000000008d500000, 0x000000008d500000| Untracked 
| 214|0x000000008d600000, 0x000000008d700000, 0x000000008d700000|100%| O|  |TAMS 0x000000008d600000, 0x000000008d600000| Untracked 
| 215|0x000000008d700000, 0x000000008d800000, 0x000000008d800000|100%| O|  |TAMS 0x000000008d700000, 0x000000008d700000| Untracked 
| 216|0x000000008d800000, 0x000000008d900000, 0x000000008d900000|100%| O|  |TAMS 0x000000008d800000, 0x000000008d800000| Untracked 
| 217|0x000000008d900000, 0x000000008da00000, 0x000000008da00000|100%| O|  |TAMS 0x000000008d900000, 0x000000008d900000| Untracked 
| 218|0x000000008da00000, 0x000000008db00000, 0x000000008db00000|100%| O|  |TAMS 0x000000008da00000, 0x000000008da00000| Untracked 
| 219|0x000000008db00000, 0x000000008dc00000, 0x000000008dc00000|100%| O|  |TAMS 0x000000008db00000, 0x000000008db00000| Untracked 
| 220|0x000000008dc00000, 0x000000008dd00000, 0x000000008dd00000|100%| O|  |TAMS 0x000000008dc00000, 0x000000008dc00000| Untracked 
| 221|0x000000008dd00000, 0x000000008de00000, 0x000000008de00000|100%| O|  |TAMS 0x000000008dd00000, 0x000000008dd00000| Untracked 
| 222|0x000000008de00000, 0x000000008df00000, 0x000000008df00000|100%| O|  |TAMS 0x000000008de00000, 0x000000008de00000| Untracked 
| 223|0x000000008df00000, 0x000000008e000000, 0x000000008e000000|100%| O|  |TAMS 0x000000008df00000, 0x000000008df00000| Untracked 
| 224|0x000000008e000000, 0x000000008e100000, 0x000000008e100000|100%| O|  |TAMS 0x000000008e000000, 0x000000008e000000| Untracked 
| 225|0x000000008e100000, 0x000000008e200000, 0x000000008e200000|100%| O|  |TAMS 0x000000008e100000, 0x000000008e100000| Untracked 
| 226|0x000000008e200000, 0x000000008e300000, 0x000000008e300000|100%| O|  |TAMS 0x000000008e200000, 0x000000008e200000| Untracked 
| 227|0x000000008e300000, 0x000000008e400000, 0x000000008e400000|100%| O|  |TAMS 0x000000008e300000, 0x000000008e300000| Untracked 
| 228|0x000000008e400000, 0x000000008e500000, 0x000000008e500000|100%| O|  |TAMS 0x000000008e400000, 0x000000008e400000| Untracked 
| 229|0x000000008e500000, 0x000000008e600000, 0x000000008e600000|100%| O|  |TAMS 0x000000008e500000, 0x000000008e500000| Untracked 
| 230|0x000000008e600000, 0x000000008e700000, 0x000000008e700000|100%| O|  |TAMS 0x000000008e600000, 0x000000008e600000| Untracked 
| 231|0x000000008e700000, 0x000000008e800000, 0x000000008e800000|100%| O|  |TAMS 0x000000008e700000, 0x000000008e700000| Untracked 
| 232|0x000000008e800000, 0x000000008e900000, 0x000000008e900000|100%| O|  |TAMS 0x000000008e800000, 0x000000008e800000| Untracked 
| 233|0x000000008e900000, 0x000000008ea00000, 0x000000008ea00000|100%| O|  |TAMS 0x000000008e900000, 0x000000008e900000| Untracked 
| 234|0x000000008ea00000, 0x000000008eb00000, 0x000000008eb00000|100%| O|  |TAMS 0x000000008ea00000, 0x000000008ea00000| Untracked 
| 235|0x000000008eb00000, 0x000000008ec00000, 0x000000008ec00000|100%| O|  |TAMS 0x000000008eb00000, 0x000000008eb00000| Untracked 
| 236|0x000000008ec00000, 0x000000008ec80000, 0x000000008ed00000| 50%| O|  |TAMS 0x000000008ec00000, 0x000000008ec00000| Untracked 
| 237|0x000000008ed00000, 0x000000008ed00000, 0x000000008ee00000|  0%| F|  |TAMS 0x000000008ed00000, 0x000000008ed00000| Untracked 
| 238|0x000000008ee00000, 0x000000008ee00000, 0x000000008ef00000|  0%| F|  |TAMS 0x000000008ee00000, 0x000000008ee00000| Untracked 
| 239|0x000000008ef00000, 0x000000008ef00000, 0x000000008f000000|  0%| F|  |TAMS 0x000000008ef00000, 0x000000008ef00000| Untracked 
| 240|0x000000008f000000, 0x000000008f000000, 0x000000008f100000|  0%| F|  |TAMS 0x000000008f000000, 0x000000008f000000| Untracked 
| 241|0x000000008f100000, 0x000000008f100000, 0x000000008f200000|  0%| F|  |TAMS 0x000000008f100000, 0x000000008f100000| Untracked 
| 242|0x000000008f200000, 0x000000008f200000, 0x000000008f300000|  0%| F|  |TAMS 0x000000008f200000, 0x000000008f200000| Untracked 
| 243|0x000000008f300000, 0x000000008f300000, 0x000000008f400000|  0%| F|  |TAMS 0x000000008f300000, 0x000000008f300000| Untracked 
| 244|0x000000008f400000, 0x000000008f400000, 0x000000008f500000|  0%| F|  |TAMS 0x000000008f400000, 0x000000008f400000| Untracked 
| 245|0x000000008f500000, 0x000000008f500000, 0x000000008f600000|  0%| F|  |TAMS 0x000000008f500000, 0x000000008f500000| Untracked 
| 246|0x000000008f600000, 0x000000008f600000, 0x000000008f700000|  0%| F|  |TAMS 0x000000008f600000, 0x000000008f600000| Untracked 
| 247|0x000000008f700000, 0x000000008f700000, 0x000000008f800000|  0%| F|  |TAMS 0x000000008f700000, 0x000000008f700000| Untracked 
| 248|0x000000008f800000, 0x000000008f800000, 0x000000008f900000|  0%| F|  |TAMS 0x000000008f800000, 0x000000008f800000| Untracked 
| 249|0x000000008f900000, 0x000000008f900000, 0x000000008fa00000|  0%| F|  |TAMS 0x000000008f900000, 0x000000008f900000| Untracked 
| 250|0x000000008fa00000, 0x000000008fa00000, 0x000000008fb00000|  0%| F|  |TAMS 0x000000008fa00000, 0x000000008fa00000| Untracked 
| 251|0x000000008fb00000, 0x000000008fb00000, 0x000000008fc00000|  0%| F|  |TAMS 0x000000008fb00000, 0x000000008fb00000| Untracked 
| 252|0x000000008fc00000, 0x000000008fc00000, 0x000000008fd00000|  0%| F|  |TAMS 0x000000008fc00000, 0x000000008fc00000| Untracked 
| 253|0x000000008fd00000, 0x000000008fd00000, 0x000000008fe00000|  0%| F|  |TAMS 0x000000008fd00000, 0x000000008fd00000| Untracked 
| 254|0x000000008fe00000, 0x000000008fe00000, 0x000000008ff00000|  0%| F|  |TAMS 0x000000008fe00000, 0x000000008fe00000| Untracked 
| 255|0x000000008ff00000, 0x000000008ff00000, 0x0000000090000000|  0%| F|  |TAMS 0x000000008ff00000, 0x000000008ff00000| Untracked 
| 256|0x0000000090000000, 0x0000000090000000, 0x0000000090100000|  0%| F|  |TAMS 0x0000000090000000, 0x0000000090000000| Untracked 
| 257|0x0000000090100000, 0x0000000090100000, 0x0000000090200000|  0%| F|  |TAMS 0x0000000090100000, 0x0000000090100000| Untracked 
| 258|0x0000000090200000, 0x0000000090200000, 0x0000000090300000|  0%| F|  |TAMS 0x0000000090200000, 0x0000000090200000| Untracked 
| 259|0x0000000090300000, 0x0000000090300000, 0x0000000090400000|  0%| F|  |TAMS 0x0000000090300000, 0x0000000090300000| Untracked 
| 260|0x0000000090400000, 0x0000000090400000, 0x0000000090500000|  0%| F|  |TAMS 0x0000000090400000, 0x0000000090400000| Untracked 
| 261|0x0000000090500000, 0x0000000090500000, 0x0000000090600000|  0%| F|  |TAMS 0x0000000090500000, 0x0000000090500000| Untracked 
| 262|0x0000000090600000, 0x0000000090600000, 0x0000000090700000|  0%| F|  |TAMS 0x0000000090600000, 0x0000000090600000| Untracked 
| 263|0x0000000090700000, 0x0000000090700000, 0x0000000090800000|  0%| F|  |TAMS 0x0000000090700000, 0x0000000090700000| Untracked 
| 264|0x0000000090800000, 0x0000000090800000, 0x0000000090900000|  0%| F|  |TAMS 0x0000000090800000, 0x0000000090800000| Untracked 
| 265|0x0000000090900000, 0x0000000090900000, 0x0000000090a00000|  0%| F|  |TAMS 0x0000000090900000, 0x0000000090900000| Untracked 
| 266|0x0000000090a00000, 0x0000000090a00000, 0x0000000090b00000|  0%| F|  |TAMS 0x0000000090a00000, 0x0000000090a00000| Untracked 
| 267|0x0000000090b00000, 0x0000000090b00000, 0x0000000090c00000|  0%| F|  |TAMS 0x0000000090b00000, 0x0000000090b00000| Untracked 
| 268|0x0000000090c00000, 0x0000000090c00000, 0x0000000090d00000|  0%| F|  |TAMS 0x0000000090c00000, 0x0000000090c00000| Untracked 
| 269|0x0000000090d00000, 0x0000000090d00000, 0x0000000090e00000|  0%| F|  |TAMS 0x0000000090d00000, 0x0000000090d00000| Untracked 
| 270|0x0000000090e00000, 0x0000000090e00000, 0x0000000090f00000|  0%| F|  |TAMS 0x0000000090e00000, 0x0000000090e00000| Untracked 
| 271|0x0000000090f00000, 0x0000000090f00000, 0x0000000091000000|  0%| F|  |TAMS 0x0000000090f00000, 0x0000000090f00000| Untracked 
| 272|0x0000000091000000, 0x0000000091000000, 0x0000000091100000|  0%| F|  |TAMS 0x0000000091000000, 0x0000000091000000| Untracked 
| 273|0x0000000091100000, 0x0000000091100000, 0x0000000091200000|  0%| F|  |TAMS 0x0000000091100000, 0x0000000091100000| Untracked 
| 274|0x0000000091200000, 0x0000000091200000, 0x0000000091300000|  0%| F|  |TAMS 0x0000000091200000, 0x0000000091200000| Untracked 
| 275|0x0000000091300000, 0x0000000091300000, 0x0000000091400000|  0%| F|  |TAMS 0x0000000091300000, 0x0000000091300000| Untracked 
| 276|0x0000000091400000, 0x0000000091400000, 0x0000000091500000|  0%| F|  |TAMS 0x0000000091400000, 0x0000000091400000| Untracked 
| 277|0x0000000091500000, 0x0000000091500000, 0x0000000091600000|  0%| F|  |TAMS 0x0000000091500000, 0x0000000091500000| Untracked 
| 278|0x0000000091600000, 0x0000000091600000, 0x0000000091700000|  0%| F|  |TAMS 0x0000000091600000, 0x0000000091600000| Untracked 
| 279|0x0000000091700000, 0x0000000091700000, 0x0000000091800000|  0%| F|  |TAMS 0x0000000091700000, 0x0000000091700000| Untracked 
| 280|0x0000000091800000, 0x0000000091800000, 0x0000000091900000|  0%| F|  |TAMS 0x0000000091800000, 0x0000000091800000| Untracked 
| 281|0x0000000091900000, 0x0000000091900000, 0x0000000091a00000|  0%| F|  |TAMS 0x0000000091900000, 0x0000000091900000| Untracked 
| 282|0x0000000091a00000, 0x0000000091a00000, 0x0000000091b00000|  0%| F|  |TAMS 0x0000000091a00000, 0x0000000091a00000| Untracked 
| 283|0x0000000091b00000, 0x0000000091c00000, 0x0000000091c00000|100%| S|CS|TAMS 0x0000000091b00000, 0x0000000091b00000| Complete 
| 284|0x0000000091c00000, 0x0000000091d00000, 0x0000000091d00000|100%| S|CS|TAMS 0x0000000091c00000, 0x0000000091c00000| Complete 
| 285|0x0000000091d00000, 0x0000000091e00000, 0x0000000091e00000|100%| S|CS|TAMS 0x0000000091d00000, 0x0000000091d00000| Complete 
| 286|0x0000000091e00000, 0x0000000091f00000, 0x0000000091f00000|100%| S|CS|TAMS 0x0000000091e00000, 0x0000000091e00000| Complete 
| 287|0x0000000091f00000, 0x0000000091f00000, 0x0000000092000000|  0%| F|  |TAMS 0x0000000091f00000, 0x0000000091f00000| Untracked 
| 288|0x0000000092000000, 0x0000000092000000, 0x0000000092100000|  0%| F|  |TAMS 0x0000000092000000, 0x0000000092000000| Untracked 
| 289|0x0000000092100000, 0x0000000092100000, 0x0000000092200000|  0%| F|  |TAMS 0x0000000092100000, 0x0000000092100000| Untracked 
| 290|0x0000000092200000, 0x0000000092200000, 0x0000000092300000|  0%| F|  |TAMS 0x0000000092200000, 0x0000000092200000| Untracked 
| 291|0x0000000092300000, 0x0000000092300000, 0x0000000092400000|  0%| F|  |TAMS 0x0000000092300000, 0x0000000092300000| Untracked 
| 292|0x0000000092400000, 0x0000000092400000, 0x0000000092500000|  0%| F|  |TAMS 0x0000000092400000, 0x0000000092400000| Untracked 
| 293|0x0000000092500000, 0x0000000092500000, 0x0000000092600000|  0%| F|  |TAMS 0x0000000092500000, 0x0000000092500000| Untracked 
| 294|0x0000000092600000, 0x0000000092600000, 0x0000000092700000|  0%| F|  |TAMS 0x0000000092600000, 0x0000000092600000| Untracked 
| 295|0x0000000092700000, 0x0000000092700000, 0x0000000092800000|  0%| F|  |TAMS 0x0000000092700000, 0x0000000092700000| Untracked 
| 296|0x0000000092800000, 0x0000000092800000, 0x0000000092900000|  0%| F|  |TAMS 0x0000000092800000, 0x0000000092800000| Untracked 
| 297|0x0000000092900000, 0x0000000092900000, 0x0000000092a00000|  0%| F|  |TAMS 0x0000000092900000, 0x0000000092900000| Untracked 
| 298|0x0000000092a00000, 0x0000000092a00000, 0x0000000092b00000|  0%| F|  |TAMS 0x0000000092a00000, 0x0000000092a00000| Untracked 
| 299|0x0000000092b00000, 0x0000000092b00000, 0x0000000092c00000|  0%| F|  |TAMS 0x0000000092b00000, 0x0000000092b00000| Untracked 
| 300|0x0000000092c00000, 0x0000000092c00000, 0x0000000092d00000|  0%| F|  |TAMS 0x0000000092c00000, 0x0000000092c00000| Untracked 
| 301|0x0000000092d00000, 0x0000000092d00000, 0x0000000092e00000|  0%| F|  |TAMS 0x0000000092d00000, 0x0000000092d00000| Untracked 
| 302|0x0000000092e00000, 0x0000000092e00000, 0x0000000092f00000|  0%| F|  |TAMS 0x0000000092e00000, 0x0000000092e00000| Untracked 
| 303|0x0000000092f00000, 0x0000000092f00000, 0x0000000093000000|  0%| F|  |TAMS 0x0000000092f00000, 0x0000000092f00000| Untracked 
| 304|0x0000000093000000, 0x0000000093000000, 0x0000000093100000|  0%| F|  |TAMS 0x0000000093000000, 0x0000000093000000| Untracked 
| 305|0x0000000093100000, 0x0000000093100000, 0x0000000093200000|  0%| F|  |TAMS 0x0000000093100000, 0x0000000093100000| Untracked 
| 306|0x0000000093200000, 0x0000000093200000, 0x0000000093300000|  0%| F|  |TAMS 0x0000000093200000, 0x0000000093200000| Untracked 
| 307|0x0000000093300000, 0x0000000093300000, 0x0000000093400000|  0%| F|  |TAMS 0x0000000093300000, 0x0000000093300000| Untracked 
| 308|0x0000000093400000, 0x0000000093400000, 0x0000000093500000|  0%| F|  |TAMS 0x0000000093400000, 0x0000000093400000| Untracked 
| 309|0x0000000093500000, 0x0000000093500000, 0x0000000093600000|  0%| F|  |TAMS 0x0000000093500000, 0x0000000093500000| Untracked 
| 310|0x0000000093600000, 0x0000000093600000, 0x0000000093700000|  0%| F|  |TAMS 0x0000000093600000, 0x0000000093600000| Untracked 
| 311|0x0000000093700000, 0x0000000093700000, 0x0000000093800000|  0%| F|  |TAMS 0x0000000093700000, 0x0000000093700000| Untracked 
| 312|0x0000000093800000, 0x0000000093800000, 0x0000000093900000|  0%| F|  |TAMS 0x0000000093800000, 0x0000000093800000| Untracked 
|2037|0x00000000ff500000, 0x00000000ff600000, 0x00000000ff600000|100%| O|  |TAMS 0x00000000ff500000, 0x00000000ff500000| Untracked 
|2038|0x00000000ff600000, 0x00000000ff700000, 0x00000000ff700000|100%| O|  |TAMS 0x00000000ff600000, 0x00000000ff600000| Untracked 
|2039|0x00000000ff700000, 0x00000000ff800000, 0x00000000ff800000|100%| O|  |TAMS 0x00000000ff700000, 0x00000000ff700000| Untracked 
|2040|0x00000000ff800000, 0x00000000ff900000, 0x00000000ff900000|100%| O|  |TAMS 0x00000000ff800000, 0x00000000ff800000| Untracked 
|2041|0x00000000ff900000, 0x00000000ffa00000, 0x00000000ffa00000|100%| O|  |TAMS 0x00000000ff900000, 0x00000000ff900000| Untracked 
|2042|0x00000000ffa00000, 0x00000000ffb00000, 0x00000000ffb00000|100%| O|  |TAMS 0x00000000ffa00000, 0x00000000ffa00000| Untracked 
|2043|0x00000000ffb00000, 0x00000000ffc00000, 0x00000000ffc00000|100%| O|  |TAMS 0x00000000ffb00000, 0x00000000ffb00000| Untracked 
|2044|0x00000000ffc00000, 0x00000000ffd00000, 0x00000000ffd00000|100%| O|  |TAMS 0x00000000ffc00000, 0x00000000ffc00000| Untracked 
|2045|0x00000000ffd00000, 0x00000000ffe00000, 0x00000000ffe00000|100%| O|  |TAMS 0x00000000ffd00000, 0x00000000ffd00000| Untracked 
|2046|0x00000000ffe00000, 0x00000000fff00000, 0x00000000fff00000|100%| O|  |TAMS 0x00000000ffe00000, 0x00000000ffe00000| Untracked 
|2047|0x00000000fff00000, 0x0000000100000000, 0x0000000100000000|100%| O|  |TAMS 0x00000000fff00000, 0x00000000fff00000| Untracked 

Card table byte_map: [0x000001dde7a30000,0x000001dde7e30000] _byte_map_base: 0x000001dde7630000

Marking Bits (Prev, Next): (CMBitMap*) 0x000001ddd33a5f20, (CMBitMap*) 0x000001ddd33a5f60
 Prev Bits: [0x000001dde8230000, 0x000001ddea230000)
 Next Bits: [0x000001ddea230000, 0x000001ddec230000)

Polling page: 0x000001ddd3130000

Metaspace:

Usage:
  Non-class:     85.84 MB used.
      Class:     13.62 MB used.
       Both:     99.46 MB used.

Virtual space:
  Non-class space:       88.00 MB reserved,      86.19 MB ( 98%) committed,  11 nodes.
      Class space:        1.00 GB reserved,      13.94 MB (  1%) committed,  1 nodes.
             Both:        1.09 GB reserved,     100.12 MB (  9%) committed. 

Chunk freelists:
   Non-Class:  1.70 MB
       Class:  2.06 MB
        Both:  3.77 MB

MaxMetaspaceSize: unlimited
CompressedClassSpaceSize: 1.00 GB
Initial GC threshold: 21.00 MB
Current GC threshold: 162.81 MB
CDS: off
MetaspaceReclaimPolicy: balanced
 - commit_granule_bytes: 65536.
 - commit_granule_words: 8192.
 - virtual_space_node_default_size: 1048576.
 - enlarge_chunks_in_place: 1.
 - new_chunks_are_fully_committed: 0.
 - uncommit_free_chunks: 1.
 - use_allocation_guard: 0.
 - handle_deallocations: 1.


Internal statistics:

num_allocs_failed_limit: 6.
num_arena_births: 948.
num_arena_deaths: 0.
num_vsnodes_births: 12.
num_vsnodes_deaths: 0.
num_space_committed: 1602.
num_space_uncommitted: 0.
num_chunks_returned_to_freelist: 6.
num_chunks_taken_from_freelist: 4706.
num_chunk_merges: 6.
num_chunk_splits: 3151.
num_chunks_enlarged: 2134.
num_purges: 0.
num_inconsistent_stats: 0.

CodeHeap 'non-profiled nmethods': size=120000Kb used=7049Kb max_used=7049Kb free=112950Kb
 bounds [0x000001dddfae0000, 0x000001dde01d0000, 0x000001dde7010000]
CodeHeap 'profiled nmethods': size=120000Kb used=23050Kb max_used=23050Kb free=96949Kb
 bounds [0x000001ddd8010000, 0x000001ddd96a0000, 0x000001dddf540000]
CodeHeap 'non-nmethods': size=5760Kb used=2417Kb max_used=2453Kb free=3342Kb
 bounds [0x000001dddf540000, 0x000001dddf7b0000, 0x000001dddfae0000]
 total_blobs=12619 nmethods=11678 adapters=853
 compilation: enabled
              stopped_count=0, restarted_count=0
 full_count=0

Compilation events (20 events):
Event: 47.193 Thread 0x000001ddef442e00 13400       2       com.android.tools.r8.internal.u8::p (6 bytes)
Event: 47.193 Thread 0x000001ddef442e00 nmethod 13400 0x000001ddd9687490 code [0x000001ddd9687620, 0x000001ddd9687738]
Event: 47.195 Thread 0x000001ddef442e00 13402       2       com.android.tools.r8.graph.H4::g (64 bytes)
Event: 47.196 Thread 0x000001ddef442e00 nmethod 13402 0x000001ddd9687810 code [0x000001ddd9687a00, 0x000001ddd9687d18]
Event: 47.204 Thread 0x000001ddef442e00 13405       2       com.android.tools.r8.internal.S0::entrySet (32 bytes)
Event: 47.204 Thread 0x000001ddef442e00 nmethod 13405 0x000001ddd9687f10 code [0x000001ddd96880c0, 0x000001ddd9688318]
Event: 47.204 Thread 0x000001ddef442e00 13406       2       com.android.tools.r8.internal.DF::<init> (6 bytes)
Event: 47.204 Thread 0x000001ddef442e00 nmethod 13406 0x000001ddd9688410 code [0x000001ddd96885a0, 0x000001ddd96886f8]
Event: 47.222 Thread 0x000001ddef442e00 13408       2       com.android.tools.r8.graph.v0$b$$Lambda$1318/0x0000000100de6cf8::apply (8 bytes)
Event: 47.222 Thread 0x000001ddef442e00 nmethod 13408 0x000001ddd9688790 code [0x000001ddd9688920, 0x000001ddd9688a58]
Event: 47.223 Thread 0x000001ddef442e00 13409       2       com.android.tools.r8.utils.structural.l::b (42 bytes)
Event: 47.223 Thread 0x000001ddef442e00 nmethod 13409 0x000001ddd9688b90 code [0x000001ddd9688d60, 0x000001ddd9688fd8]
Event: 47.224 Thread 0x000001ddef442e00 13410       2       com.android.tools.r8.graph.H4::b (157 bytes)
Event: 47.225 Thread 0x000001ddef442e00 nmethod 13410 0x000001ddd9689110 code [0x000001ddd9689360, 0x000001ddd9689af8]
Event: 47.225 Thread 0x000001ddef442e00 13411       3       com.android.tools.r8.dex.z::<init> (832 bytes)
Event: 47.229 Thread 0x000001ddef442e00 nmethod 13411 0x000001ddd9689f90 code [0x000001ddd968a780, 0x000001ddd968fd48]
Event: 47.231 Thread 0x000001ddef442e00 13413       2       com.android.tools.r8.internal.u8$$Lambda$1252/0x0000000100d75eb0::a (5 bytes)
Event: 47.231 Thread 0x000001ddef442e00 nmethod 13413 0x000001ddd9691890 code [0x000001ddd9691a40, 0x000001ddd9691bb8]
Event: 47.232 Thread 0x000001ddef442e00 13414       2       com.android.tools.r8.graph.H4::a (160 bytes)
Event: 47.233 Thread 0x000001ddef442e00 nmethod 13414 0x000001ddd9691c90 code [0x000001ddd9691ee0, 0x000001ddd9692678]

GC Heap History (20 events):
Event: 33.212 GC heap after
{Heap after GC invocations=60 (full 0):
 garbage-first heap   total 150528K, used 84491K [0x0000000080000000, 0x0000000100000000)
  region size 1024K, 1 young (1024K), 1 survivors (1024K)
 Metaspace       used 86210K, committed 86784K, reserved 1130496K
  class space    used 11691K, committed 11968K, reserved 1048576K
}
Event: 35.001 GC heap before
{Heap before GC invocations=60 (full 0):
 garbage-first heap   total 150528K, used 119307K [0x0000000080000000, 0x0000000100000000)
  region size 1024K, 36 young (36864K), 1 survivors (1024K)
 Metaspace       used 88355K, committed 88960K, reserved 1130496K
  class space    used 12062K, committed 12352K, reserved 1048576K
}
Event: 35.009 GC heap after
{Heap after GC invocations=61 (full 0):
 garbage-first heap   total 301056K, used 88499K [0x0000000080000000, 0x0000000100000000)
  region size 1024K, 5 young (5120K), 5 survivors (5120K)
 Metaspace       used 88355K, committed 88960K, reserved 1130496K
  class space    used 12062K, committed 12352K, reserved 1048576K
}
Event: 38.919 GC heap before
{Heap before GC invocations=62 (full 0):
 garbage-first heap   total 301056K, used 189875K [0x0000000080000000, 0x0000000100000000)
  region size 1024K, 105 young (107520K), 5 survivors (5120K)
 Metaspace       used 89493K, committed 90176K, reserved 1130496K
  class space    used 12153K, committed 12480K, reserved 1048576K
}
Event: 38.932 GC heap after
{Heap after GC invocations=63 (full 0):
 garbage-first heap   total 301056K, used 97260K [0x0000000080000000, 0x0000000100000000)
  region size 1024K, 14 young (14336K), 14 survivors (14336K)
 Metaspace       used 89493K, committed 90176K, reserved 1130496K
  class space    used 12153K, committed 12480K, reserved 1048576K
}
Event: 39.114 GC heap before
{Heap before GC invocations=63 (full 0):
 garbage-first heap   total 301056K, used 98284K [0x0000000080000000, 0x0000000100000000)
  region size 1024K, 15 young (15360K), 14 survivors (14336K)
 Metaspace       used 89493K, committed 90176K, reserved 1130496K
  class space    used 12153K, committed 12480K, reserved 1048576K
}
Event: 39.141 GC heap after
{Heap after GC invocations=64 (full 0):
 garbage-first heap   total 301056K, used 98380K [0x0000000080000000, 0x0000000100000000)
  region size 1024K, 2 young (2048K), 2 survivors (2048K)
 Metaspace       used 89493K, committed 90176K, reserved 1130496K
  class space    used 12153K, committed 12480K, reserved 1048576K
}
Event: 41.940 GC heap before
{Heap before GC invocations=64 (full 0):
 garbage-first heap   total 301056K, used 228428K [0x0000000080000000, 0x0000000100000000)
  region size 1024K, 130 young (133120K), 2 survivors (2048K)
 Metaspace       used 93384K, committed 94016K, reserved 1130496K
  class space    used 12640K, committed 12928K, reserved 1048576K
}
Event: 41.975 GC heap after
{Heap after GC invocations=65 (full 0):
 garbage-first heap   total 301056K, used 106105K [0x0000000080000000, 0x0000000100000000)
  region size 1024K, 10 young (10240K), 10 survivors (10240K)
 Metaspace       used 93384K, committed 94016K, reserved 1130496K
  class space    used 12640K, committed 12928K, reserved 1048576K
}
Event: 44.958 GC heap before
{Heap before GC invocations=65 (full 0):
 garbage-first heap   total 301056K, used 214649K [0x0000000080000000, 0x0000000100000000)
  region size 1024K, 84 young (86016K), 10 survivors (10240K)
 Metaspace       used 98930K, committed 99648K, reserved 1138688K
  class space    used 13393K, committed 13760K, reserved 1048576K
}
Event: 44.979 GC heap after
{Heap after GC invocations=66 (full 0):
 garbage-first heap   total 301056K, used 146941K [0x0000000080000000, 0x0000000100000000)
  region size 1024K, 13 young (13312K), 13 survivors (13312K)
 Metaspace       used 98930K, committed 99648K, reserved 1138688K
  class space    used 13393K, committed 13760K, reserved 1048576K
}
Event: 45.625 GC heap before
{Heap before GC invocations=66 (full 0):
 garbage-first heap   total 301056K, used 270845K [0x0000000080000000, 0x0000000100000000)
  region size 1024K, 88 young (90112K), 13 survivors (13312K)
 Metaspace       used 99295K, committed 100032K, reserved 1138688K
  class space    used 13441K, committed 13824K, reserved 1048576K
}
Event: 45.712 GC heap after
{Heap after GC invocations=67 (full 0):
 garbage-first heap   total 312320K, used 193196K [0x0000000080000000, 0x0000000100000000)
  region size 1024K, 13 young (13312K), 13 survivors (13312K)
 Metaspace       used 99295K, committed 100032K, reserved 1138688K
  class space    used 13441K, committed 13824K, reserved 1048576K
}
Event: 46.837 GC heap before
{Heap before GC invocations=68 (full 0):
 garbage-first heap   total 331776K, used 248492K [0x0000000080000000, 0x0000000100000000)
  region size 1024K, 65 young (66560K), 13 survivors (13312K)
 Metaspace       used 101767K, committed 102464K, reserved 1138688K
  class space    used 13939K, committed 14272K, reserved 1048576K
}
Event: 46.921 GC heap after
{Heap after GC invocations=69 (full 0):
 garbage-first heap   total 331776K, used 215552K [0x0000000080000000, 0x0000000100000000)
  region size 1024K, 9 young (9216K), 9 survivors (9216K)
 Metaspace       used 101767K, committed 102464K, reserved 1138688K
  class space    used 13939K, committed 14272K, reserved 1048576K
}
Event: 46.983 GC heap before
{Heap before GC invocations=69 (full 0):
 garbage-first heap   total 331776K, used 221696K [0x0000000080000000, 0x0000000100000000)
  region size 1024K, 16 young (16384K), 9 survivors (9216K)
 Metaspace       used 101777K, committed 102464K, reserved 1138688K
  class space    used 13939K, committed 14272K, reserved 1048576K
}
Event: 47.002 GC heap after
{Heap after GC invocations=70 (full 0):
 garbage-first heap   total 331776K, used 218624K [0x0000000080000000, 0x0000000100000000)
  region size 1024K, 2 young (2048K), 2 survivors (2048K)
 Metaspace       used 101777K, committed 102464K, reserved 1138688K
  class space    used 13939K, committed 14272K, reserved 1048576K
}
Event: 47.147 GC heap before
{Heap before GC invocations=70 (full 0):
 garbage-first heap   total 331776K, used 262656K [0x0000000080000000, 0x0000000100000000)
  region size 1024K, 45 young (46080K), 2 survivors (2048K)
 Metaspace       used 101831K, committed 102528K, reserved 1138688K
  class space    used 13943K, committed 14272K, reserved 1048576K
}
Event: 47.177 GC heap after
{Heap after GC invocations=71 (full 0):
 garbage-first heap   total 331776K, used 242688K [0x0000000080000000, 0x0000000100000000)
  region size 1024K, 6 young (6144K), 6 survivors (6144K)
 Metaspace       used 101831K, committed 102528K, reserved 1138688K
  class space    used 13943K, committed 14272K, reserved 1048576K
}
Event: 47.238 GC heap before
{Heap before GC invocations=71 (full 0):
 garbage-first heap   total 331776K, used 268288K [0x0000000080000000, 0x0000000100000000)
  region size 1024K, 32 young (32768K), 6 survivors (6144K)
 Metaspace       used 101848K, committed 102528K, reserved 1138688K
  class space    used 13943K, committed 14272K, reserved 1048576K
}

Dll operation events (2 events):
Event: 0.258 Loaded shared library C:\Program Files\Android\Android Studio1\jbr\bin\java.dll
Event: 1.087 Loaded shared library C:\Program Files\Android\Android Studio1\jbr\bin\verify.dll

Deoptimization events (20 events):
Event: 45.935 Thread 0x000001ddf3c6b0c0 DEOPT PACKING pc=0x000001ddd9533abd sp=0x000000573c9fd340
Event: 45.935 Thread 0x000001ddf3c6b0c0 DEOPT UNPACKING pc=0x000001dddf59ace3 sp=0x000000573c9fc9a0 mode 0
Event: 46.049 Thread 0x000001ddf8fa05b0 Uncommon trap: trap_request=0xffffff45 fr.pc=0x000001dde0188d38 relative=0x0000000000000f78
Event: 46.049 Thread 0x000001ddf8fa05b0 Uncommon trap: reason=unstable_if action=reinterpret pc=0x000001dde0188d38 method=java.util.concurrent.ConcurrentHashMap.putVal(Ljava/lang/Object;Ljava/lang/Object;Z)Ljava/lang/Object; @ 97 c2
Event: 46.049 Thread 0x000001ddf8fa05b0 DEOPT PACKING pc=0x000001dde0188d38 sp=0x000000573cdfe1e0
Event: 46.049 Thread 0x000001ddf8fa05b0 DEOPT UNPACKING pc=0x000001dddf59a1a3 sp=0x000000573cdfe178 mode 2
Event: 46.729 Thread 0x000001ddf8fa2c30 DEOPT PACKING pc=0x000001ddd95e6daf sp=0x000000573cefe980
Event: 46.729 Thread 0x000001ddf8fa2c30 DEOPT UNPACKING pc=0x000001dddf59ace3 sp=0x000000573cefdec0 mode 0
Event: 46.761 Thread 0x000001ddf8fa2c30 DEOPT PACKING pc=0x000001ddd95ce091 sp=0x000000573cefec30
Event: 46.761 Thread 0x000001ddf8fa2c30 DEOPT UNPACKING pc=0x000001dddf59ace3 sp=0x000000573cefe210 mode 0
Event: 46.800 Thread 0x000001ddf8fa05b0 Uncommon trap: trap_request=0xffffff45 fr.pc=0x000001dde01b835c relative=0x000000000000591c
Event: 46.801 Thread 0x000001ddf8fa05b0 Uncommon trap: reason=unstable_if action=reinterpret pc=0x000001dde01b835c method=com.android.tools.r8.dex.code.O.a(IILcom/android/tools/r8/dex/code/a;Lcom/android/tools/r8/graph/p5;)Lcom/android/tools/r8/dex/code/B1; @ 1 c2
Event: 46.801 Thread 0x000001ddf8fa05b0 DEOPT PACKING pc=0x000001dde01b835c sp=0x000000573cdfee30
Event: 46.801 Thread 0x000001ddf8fa05b0 DEOPT UNPACKING pc=0x000001dddf59a1a3 sp=0x000000573cdfede0 mode 2
Event: 46.952 Thread 0x000001ddf8fa2760 DEOPT PACKING pc=0x000001ddd956ca87 sp=0x000000573cffe8a0
Event: 46.952 Thread 0x000001ddf8fa2760 DEOPT UNPACKING pc=0x000001dddf59ace3 sp=0x000000573cffddb8 mode 0
Event: 47.089 Thread 0x000001ddf8fa05b0 Uncommon trap: trap_request=0xffffff45 fr.pc=0x000001dde0031c2c relative=0x000000000000038c
Event: 47.089 Thread 0x000001ddf8fa05b0 Uncommon trap: reason=unstable_if action=reinterpret pc=0x000001dde0031c2c method=java.util.concurrent.ConcurrentLinkedQueue.offer(Ljava/lang/Object;)Z @ 96 c2
Event: 47.089 Thread 0x000001ddf8fa05b0 DEOPT PACKING pc=0x000001dde0031c2c sp=0x000000573cdff0a0
Event: 47.089 Thread 0x000001ddf8fa05b0 DEOPT UNPACKING pc=0x000001dddf59a1a3 sp=0x000000573cdff038 mode 2

Classes unloaded (0 events):
No events

Classes redefined (0 events):
No events

Internal exceptions (20 events):
Event: 40.786 Thread 0x000001ddf3c663c0 Exception <a 'sun/nio/fs/WindowsException'{0x000000008e9f3eb8}> (0x000000008e9f3eb8) 
thrown [s\src\hotspot\share\prims\jni.cpp, line 517]
Event: 40.786 Thread 0x000001ddf3c663c0 Exception <a 'sun/nio/fs/WindowsException'{0x000000008e9f3f28}> (0x000000008e9f3f28) 
thrown [s\src\hotspot\share\prims\jni.cpp, line 517]
Event: 40.786 Thread 0x000001ddf3c663c0 Exception <a 'sun/nio/fs/WindowsException'{0x000000008e9f42a8}> (0x000000008e9f42a8) 
thrown [s\src\hotspot\share\prims\jni.cpp, line 517]
Event: 40.786 Thread 0x000001ddf3c663c0 Exception <a 'sun/nio/fs/WindowsException'{0x000000008e9f6080}> (0x000000008e9f6080) 
thrown [s\src\hotspot\share\prims\jni.cpp, line 517]
Event: 40.816 Thread 0x000001ddf3c663c0 Exception <a 'java/lang/NoSuchMethodError'{0x000000008e75db70}: static Lcom/android/builder/internal/aapt/AaptOptions;.<clinit>()V> (0x000000008e75db70) 
thrown [s\src\hotspot\share\prims\jni.cpp, line 1108]
Event: 40.820 Thread 0x000001ddf3c663c0 Exception <a 'java/lang/NoSuchMethodError'{0x000000008e791b80}: static [Ljava/lang/Object;.<clinit>()V> (0x000000008e791b80) 
thrown [s\src\hotspot\share\prims\jni.cpp, line 1108]
Event: 40.821 Thread 0x000001ddf3c663c0 Exception <a 'java/lang/NoSuchMethodError'{0x000000008e7a26d0}: static Ljava/lang/Object;.<clinit>()V> (0x000000008e7a26d0) 
thrown [s\src\hotspot\share\prims\jni.cpp, line 1108]
Event: 40.824 Thread 0x000001ddf3c663c0 Exception <a 'java/lang/NoSuchMethodError'{0x000000008e7c3f98}: static Lcom/android/build/api/variant/impl/VariantOutputImpl$SerializedForm;.<clinit>()V> (0x000000008e7c3f98) 
thrown [s\src\hotspot\share\prims\jni.cpp, line 1108]
Event: 40.826 Thread 0x000001ddf3c663c0 Exception <a 'java/lang/NoSuchMethodError'{0x000000008e7d6588}: static Lcom/android/build/api/variant/impl/VariantOutputConfigurationImpl;.<clinit>()V> (0x000000008e7d6588) 
thrown [s\src\hotspot\share\prims\jni.cpp, line 1108]
Event: 40.896 Thread 0x000001ddf3c6b590 Exception <a 'sun/nio/fs/WindowsException'{0x00000000921fc520}> (0x00000000921fc520) 
thrown [s\src\hotspot\share\prims\jni.cpp, line 517]
Event: 40.904 Thread 0x000001ddf3c6b590 Exception <a 'java/lang/NoSuchMethodError'{0x000000008e5adaf0}: 'int java.lang.invoke.DirectMethodHandle$Holder.invokeSpecial(java.lang.Object, java.lang.Object, java.lang.Object, java.lang.Object, java.lang.Object)'> (0x000000008e5adaf0) 
thrown [s\src\hotspot\share\interpreter\linkResolver.cpp, line 771]
Event: 41.094 Thread 0x000001ddf3c6b590 Exception <a 'sun/nio/fs/WindowsException'{0x000000008dae4950}> (0x000000008dae4950) 
thrown [s\src\hotspot\share\prims\jni.cpp, line 517]
Event: 42.834 Thread 0x000001ddf3c680a0 Exception <a 'sun/nio/fs/WindowsException'{0x0000000091db0390}> (0x0000000091db0390) 
thrown [s\src\hotspot\share\prims\jni.cpp, line 517]
Event: 43.180 Thread 0x000001ddf3c680a0 Exception <a 'sun/nio/fs/WindowsException'{0x000000008fbb3808}> (0x000000008fbb3808) 
thrown [s\src\hotspot\share\prims\jni.cpp, line 517]
Event: 43.869 Thread 0x000001ddf3c6b0c0 Exception <a 'sun/nio/fs/WindowsException'{0x000000008e662a18}> (0x000000008e662a18) 
thrown [s\src\hotspot\share\prims\jni.cpp, line 517]
Event: 44.913 Thread 0x000001ddf3c6b0c0 Exception <a 'java/lang/NoSuchMethodError'{0x000000008de65a38}: 'java.lang.Object java.lang.invoke.DirectMethodHandle$Holder.invokeStaticInit(java.lang.Object, java.lang.Object, java.lang.Object, java.lang.Object, java.lang.Object, java.lang.Object, java.lang.Object, java.lang.Object, java.lang.Object, java.lang.Object, java.lang.Object, java.lang.Object, java.lang.Object, java.lang.Object, java.lang.Object, java.lang.Object, java.lang.Object, java.lang.Object, java.lang.Object, int, java.lang.Object, java
Event: 46.056 Thread 0x000001ddf8f9fc10 Exception <a 'java/lang/IncompatibleClassChangeError'{0x0000000091a87bb8}: Found class java.lang.Object, but interface was expected> (0x0000000091a87bb8) 
thrown [s\src\hotspot\share\interpreter\linkResolver.cpp, line 838]
Event: 46.160 Thread 0x000001ddf8fa2760 Exception <a 'java/lang/IncompatibleClassChangeError'{0x00000000919ff108}: Found class java.lang.Object, but interface was expected> (0x00000000919ff108) 
thrown [s\src\hotspot\share\interpreter\linkResolver.cpp, line 838]
Event: 46.166 Thread 0x000001ddf8f9fc10 Exception <a 'java/lang/NoSuchMethodError'{0x0000000091819918}: 'long java.lang.invoke.DirectMethodHandle$Holder.invokeStatic(java.lang.Object, java.lang.Object, java.lang.Object)'> (0x0000000091819918) 
thrown [s\src\hotspot\share\interpreter\linkResolver.cpp, line 771]
Event: 46.168 Thread 0x000001ddf8fa05b0 Exception <a 'java/lang/IncompatibleClassChangeError'{0x0000000091807c60}: Found class java.lang.Object, but interface was expected> (0x0000000091807c60) 
thrown [s\src\hotspot\share\interpreter\linkResolver.cpp, line 838]

VM Operations (20 events):
Event: 44.099 Executing VM operation: HandshakeAllThreads done
Event: 44.099 Executing VM operation: Cleanup
Event: 44.099 Executing VM operation: Cleanup done
Event: 44.957 Executing VM operation: G1TryInitiateConcMark
Event: 44.979 Executing VM operation: G1TryInitiateConcMark done
Event: 45.625 Executing VM operation: G1CollectForAllocation
Event: 45.717 Executing VM operation: G1CollectForAllocation done
Event: 45.743 Executing VM operation: G1Concurrent
Event: 45.773 Executing VM operation: G1Concurrent done
Event: 46.242 Executing VM operation: G1Concurrent
Event: 46.249 Executing VM operation: G1Concurrent done
Event: 46.595 Executing VM operation: HandshakeAllThreads
Event: 46.598 Executing VM operation: HandshakeAllThreads done
Event: 46.824 Executing VM operation: G1CollectForAllocation
Event: 46.929 Executing VM operation: G1CollectForAllocation done
Event: 46.982 Executing VM operation: G1CollectForAllocation
Event: 47.002 Executing VM operation: G1CollectForAllocation done
Event: 47.147 Executing VM operation: G1CollectForAllocation
Event: 47.177 Executing VM operation: G1CollectForAllocation done
Event: 47.238 Executing VM operation: G1CollectForAllocation

Events (20 events):
Event: 45.980 loading class java/util/concurrent/ForkJoinTask$Aux
Event: 45.985 loading class java/util/concurrent/ForkJoinTask$Aux done
Event: 46.001 loading class java/util/concurrent/ForkJoinPool$DefaultForkJoinWorkerThreadFactory$1
Event: 46.006 loading class java/util/concurrent/ForkJoinPool$DefaultForkJoinWorkerThreadFactory$1 done
Event: 46.013 Thread 0x000001ddf8f9fc10 Thread added: 0x000001ddf8f9fc10
Event: 46.045 Thread 0x000001ddf8fa05b0 Thread added: 0x000001ddf8fa05b0
Event: 46.046 Thread 0x000001ddf8fa2c30 Thread added: 0x000001ddf8fa2c30
Event: 46.046 Thread 0x000001ddf8fa2760 Thread added: 0x000001ddf8fa2760
Event: 46.098 loading class java/lang/reflect/GenericSignatureFormatError
Event: 46.103 loading class java/lang/reflect/GenericSignatureFormatError done
Event: 46.460 loading class java/nio/ShortBuffer
Event: 46.464 loading class java/nio/ShortBuffer done
Event: 46.464 loading class java/nio/HeapShortBuffer
Event: 46.469 loading class java/nio/HeapShortBuffer done
Event: 46.514 loading class java/util/AbstractList$RandomAccessSubList
Event: 46.525 loading class java/util/AbstractList$SubList
Event: 46.525 loading class java/util/AbstractList$SubList done
Event: 46.525 loading class java/util/AbstractList$RandomAccessSubList done
Event: 46.527 loading class java/util/AbstractList$SubList$1
Event: 46.528 loading class java/util/AbstractList$SubList$1 done


Dynamic libraries:
0x00007ff7fd9c0000 - 0x00007ff7fd9ca000 	C:\Program Files\Android\Android Studio1\jbr\bin\java.exe
0x00007ffca4470000 - 0x00007ffca4668000 	C:\WINDOWS\SYSTEM32\ntdll.dll
0x00007ffca3420000 - 0x00007ffca34dd000 	C:\WINDOWS\System32\KERNEL32.DLL
0x00007ffca2020000 - 0x00007ffca2316000 	C:\WINDOWS\System32\KERNELBASE.dll
0x00007ffc8f720000 - 0x00007ffc8f73b000 	C:\Program Files\Android\Android Studio1\jbr\bin\VCRUNTIME140.dll
0x00007ffc9a8d0000 - 0x00007ffc9a8e7000 	C:\Program Files\Android\Android Studio1\jbr\bin\jli.dll
0x00007ffca1d20000 - 0x00007ffca1e20000 	C:\WINDOWS\System32\ucrtbase.dll
0x00007ffca2c80000 - 0x00007ffca2e1e000 	C:\WINDOWS\System32\USER32.dll
0x00007ffca1f50000 - 0x00007ffca1f72000 	C:\WINDOWS\System32\win32u.dll
0x00007ffca3120000 - 0x00007ffca314c000 	C:\WINDOWS\System32\GDI32.dll
0x00007ffca2320000 - 0x00007ffca243a000 	C:\WINDOWS\System32\gdi32full.dll
0x00007ffca1f80000 - 0x00007ffca201d000 	C:\WINDOWS\System32\msvcp_win.dll
0x00007ffc8c3a0000 - 0x00007ffc8c63a000 	C:\WINDOWS\WinSxS\amd64_microsoft.windows.common-controls_6595b64144ccf1df_6.0.19041.3636_none_60b6a03d71f818d5\COMCTL32.dll
0x00007ffca34e0000 - 0x00007ffca357e000 	C:\WINDOWS\System32\msvcrt.dll
0x00007ffca3c90000 - 0x00007ffca3cc0000 	C:\WINDOWS\System32\IMM32.DLL
0x00007ffc9a8f0000 - 0x00007ffc9a8fc000 	C:\Program Files\Android\Android Studio1\jbr\bin\vcruntime140_1.dll
0x00007ffc8ed30000 - 0x00007ffc8edbd000 	C:\Program Files\Android\Android Studio1\jbr\bin\msvcp140.dll
0x00007ffc4a020000 - 0x00007ffc4ac8d000 	C:\Program Files\Android\Android Studio1\jbr\bin\server\jvm.dll
0x00007ffca3370000 - 0x00007ffca341f000 	C:\WINDOWS\System32\ADVAPI32.dll
0x00007ffca29c0000 - 0x00007ffca2a5c000 	C:\WINDOWS\System32\sechost.dll
0x00007ffca3150000 - 0x00007ffca3276000 	C:\WINDOWS\System32\RPCRT4.dll
0x00007ffc9fad0000 - 0x00007ffc9fada000 	C:\WINDOWS\SYSTEM32\VERSION.dll
0x00007ffc9ec90000 - 0x00007ffc9ecb7000 	C:\WINDOWS\SYSTEM32\WINMM.dll
0x00007ffc8f690000 - 0x00007ffc8f699000 	C:\WINDOWS\SYSTEM32\WSOCK32.dll
0x00007ffca3280000 - 0x00007ffca32eb000 	C:\WINDOWS\System32\WS2_32.dll
0x00007ffca03a0000 - 0x00007ffca03b2000 	C:\WINDOWS\SYSTEM32\kernel.appcore.dll
0x00007ffc9d1c0000 - 0x00007ffc9d1ca000 	C:\Program Files\Android\Android Studio1\jbr\bin\jimage.dll
0x00007ffc8aaf0000 - 0x00007ffc8acd4000 	C:\WINDOWS\SYSTEM32\DBGHELP.DLL
0x00007ffc8a7a0000 - 0x00007ffc8a7d4000 	C:\WINDOWS\SYSTEM32\dbgcore.DLL
0x00007ffca2440000 - 0x00007ffca24c2000 	C:\WINDOWS\System32\bcryptPrimitives.dll
0x00007ffc902d0000 - 0x00007ffc902f5000 	C:\Program Files\Android\Android Studio1\jbr\bin\java.dll
0x00007ffc9a7d0000 - 0x00007ffc9a7e8000 	C:\Program Files\Android\Android Studio1\jbr\bin\zip.dll
0x00007ffca3cc0000 - 0x00007ffca4404000 	C:\WINDOWS\System32\SHELL32.dll
0x00007ffc9fbf0000 - 0x00007ffca038b000 	C:\WINDOWS\SYSTEM32\windows.storage.dll
0x00007ffca24d0000 - 0x00007ffca2824000 	C:\WINDOWS\System32\combase.dll
0x00007ffca14c0000 - 0x00007ffca14ed000 	C:\WINDOWS\SYSTEM32\Wldp.dll
0x00007ffca2a60000 - 0x00007ffca2b0d000 	C:\WINDOWS\System32\SHCORE.dll
0x00007ffca2b10000 - 0x00007ffca2b65000 	C:\WINDOWS\System32\shlwapi.dll
0x00007ffca1a80000 - 0x00007ffca1aa5000 	C:\WINDOWS\SYSTEM32\profapi.dll
0x00007ffc98ef0000 - 0x00007ffc98f09000 	C:\Program Files\Android\Android Studio1\jbr\bin\net.dll
0x00007ffc9c030000 - 0x00007ffc9c13a000 	C:\WINDOWS\SYSTEM32\WINHTTP.dll
0x00007ffca1220000 - 0x00007ffca128a000 	C:\WINDOWS\system32\mswsock.dll
0x00007ffc91110000 - 0x00007ffc91126000 	C:\Program Files\Android\Android Studio1\jbr\bin\nio.dll
0x00007ffc902c0000 - 0x00007ffc902d0000 	C:\Program Files\Android\Android Studio1\jbr\bin\verify.dll
0x00007ffc90130000 - 0x00007ffc90157000 	C:\Users\oals6\.gradle\native\68d5fa5c4cc2d200863cafc0d521ce42e7d3e7ee720ec0a83991735586a16f82\windows-amd64\native-platform.dll
0x00007ffc73be0000 - 0x00007ffc73d24000 	C:\Users\oals6\.gradle\native\e376f236ea51e6404a007f0833ffe2c6e607c4080706a723a18a27aeea778392\windows-amd64\native-platform-file-events.dll
0x00007ffc9d1b0000 - 0x00007ffc9d1b9000 	C:\Program Files\Android\Android Studio1\jbr\bin\management.dll
0x00007ffc9a320000 - 0x00007ffc9a32b000 	C:\Program Files\Android\Android Studio1\jbr\bin\management_ext.dll
0x00007ffca2e20000 - 0x00007ffca2e28000 	C:\WINDOWS\System32\PSAPI.DLL
0x00007ffca1420000 - 0x00007ffca1438000 	C:\WINDOWS\SYSTEM32\CRYPTSP.dll
0x00007ffca0b50000 - 0x00007ffca0b84000 	C:\WINDOWS\system32\rsaenh.dll
0x00007ffca1e20000 - 0x00007ffca1e47000 	C:\WINDOWS\System32\bcrypt.dll
0x00007ffca1a00000 - 0x00007ffca1a2e000 	C:\WINDOWS\SYSTEM32\USERENV.dll
0x00007ffca1410000 - 0x00007ffca141c000 	C:\WINDOWS\SYSTEM32\CRYPTBASE.dll
0x00007ffca0f10000 - 0x00007ffca0f4b000 	C:\WINDOWS\SYSTEM32\IPHLPAPI.DLL
0x00007ffca3730000 - 0x00007ffca3738000 	C:\WINDOWS\System32\NSI.dll
0x00007ffc92f80000 - 0x00007ffc92f97000 	C:\WINDOWS\SYSTEM32\dhcpcsvc6.DLL
0x00007ffc93140000 - 0x00007ffc9315d000 	C:\WINDOWS\SYSTEM32\dhcpcsvc.DLL
0x00007ffca0f50000 - 0x00007ffca101a000 	C:\WINDOWS\SYSTEM32\DNSAPI.dll
0x00007ffc91100000 - 0x00007ffc91107000 	C:\WINDOWS\system32\wshunix.dll

dbghelp: loaded successfully - version: 4.0.5 - missing functions: none
symbol engine: initialized successfully - sym options: 0x614 - pdb path: .;C:\Program Files\Android\Android Studio1\jbr\bin;C:\WINDOWS\SYSTEM32;C:\WINDOWS\WinSxS\amd64_microsoft.windows.common-controls_6595b64144ccf1df_6.0.19041.3636_none_60b6a03d71f818d5;C:\Program Files\Android\Android Studio1\jbr\bin\server;C:\Users\oals6\.gradle\native\68d5fa5c4cc2d200863cafc0d521ce42e7d3e7ee720ec0a83991735586a16f82\windows-amd64;C:\Users\oals6\.gradle\native\e376f236ea51e6404a007f0833ffe2c6e607c4080706a723a18a27aeea778392\windows-amd64

VM Arguments:
jvm_args: --add-opens=java.base/java.util=ALL-UNNAMED --add-opens=java.base/java.lang=ALL-UNNAMED --add-opens=java.base/java.lang.invoke=ALL-UNNAMED --add-opens=java.prefs/java.util.prefs=ALL-UNNAMED --add-opens=java.base/java.nio.charset=ALL-UNNAMED --add-opens=java.base/java.net=ALL-UNNAMED --add-opens=java.base/java.util.concurrent.atomic=ALL-UNNAMED -Xmx2048m -Dfile.encoding=UTF-8 -Duser.country=KR -Duser.language=ko -Duser.variant 
java_command: org.gradle.launcher.daemon.bootstrap.GradleDaemon 8.0
java_class_path (initial): C:\Users\oals6\.gradle\wrapper\dists\gradle-8.0-bin\ca5e32bp14vu59qr306oxotwh\gradle-8.0\lib\gradle-launcher-8.0.jar
Launcher Type: SUN_STANDARD

[Global flags]
     intx CICompilerCount                          = 3                                         {product} {ergonomic}
     uint ConcGCThreads                            = 1                                         {product} {ergonomic}
     uint G1ConcRefinementThreads                  = 4                                         {product} {ergonomic}
   size_t G1HeapRegionSize                         = 1048576                                   {product} {ergonomic}
    uintx GCDrainStackTargetSize                   = 64                                        {product} {ergonomic}
   size_t InitialHeapSize                          = 60817408                                  {product} {ergonomic}
   size_t MarkStackSize                            = 4194304                                   {product} {ergonomic}
   size_t MaxHeapSize                              = 2147483648                                {product} {command line}
   size_t MaxNewSize                               = 1287651328                                {product} {ergonomic}
   size_t MinHeapDeltaBytes                        = 1048576                                   {product} {ergonomic}
   size_t MinHeapSize                              = 8388608                                   {product} {ergonomic}
    uintx NonNMethodCodeHeapSize                   = 5832780                                {pd product} {ergonomic}
    uintx NonProfiledCodeHeapSize                  = 122912730                              {pd product} {ergonomic}
    uintx ProfiledCodeHeapSize                     = 122912730                              {pd product} {ergonomic}
    uintx ReservedCodeCacheSize                    = 251658240                              {pd product} {ergonomic}
     bool SegmentedCodeCache                       = true                                      {product} {ergonomic}
   size_t SoftMaxHeapSize                          = 2147483648                             {manageable} {ergonomic}
     bool UseCompressedClassPointers               = true                           {product lp64_product} {ergonomic}
     bool UseCompressedOops                        = true                           {product lp64_product} {ergonomic}
     bool UseG1GC                                  = true                                      {product} {ergonomic}
     bool UseLargePagesIndividualAllocation        = false                                  {pd product} {ergonomic}

Logging:
Log output configuration:
 #0: stdout all=warning uptime,level,tags
 #1: stderr all=off uptime,level,tags

Environment Variables:
PATH=C:\Program Files\Common Files\Oracle\Java\javapath;C:\WINDOWS\system32;C:\WINDOWS;C:\WINDOWS\System32\Wbem;C:\WINDOWS\System32\WindowsPowerShell\v1.0\;C:\WINDOWS\System32\OpenSSH\;C:\Program Files\Git\cmd;C:\Users\oals6\AppData\Local\Microsoft\WindowsApps;
USERNAME=oals6
OS=Windows_NT
PROCESSOR_IDENTIFIER=Intel64 Family 6 Model 126 Stepping 5, GenuineIntel
TMP=C:\Users\oals6\AppData\Local\Temp
TEMP=C:\Users\oals6\AppData\Local\Temp



---------------  S Y S T E M  ---------------

OS:
 Windows 10 , 64 bit Build 19041 (10.0.19041.3636)
OS uptime: 1 days 0:30 hours

CPU: total 4 (initial active 4) (4 cores per cpu, 2 threads per core) family 6 model 126 stepping 5 microcode 0xb0, cx8, cmov, fxsr, ht, mmx, 3dnowpref, sse, sse2, sse3, ssse3, sse4.1, sse4.2, popcnt, lzcnt, tsc, tscinvbit, avx, avx2, aes, erms, clmul, bmi1, bmi2, adx, avx512f, avx512dq, avx512cd, avx512bw, avx512vl, sha, fma, vzeroupper, avx512_vpopcntdq, avx512_vpclmulqdq, avx512_vaes, avx512_vnni, clflush, clflushopt, avx512_vbmi2, avx512_vbmi

Memory: 4k page, system-wide physical 3682M (245M free)
TotalPageFile size 11053M (AvailPageFile size 227M)
current process WorkingSet (physical memory assigned to process): 367M, peak: 381M
current process commit charge ("private bytes"): 633M, peak: 998M

vm_info: OpenJDK 64-Bit Server VM (17.0.6+0-b2043.56-9586694) for windows-amd64 JRE (17.0.6+0-b2043.56-9586694), built on Feb  9 2023 20:06:20 by "androidbuild" with MS VC++ 16.10 / 16.11 (VS2019)

END.
