#
# There is insufficient memory for the Java Runtime Environment to continue.
# Native memory allocation (mmap) failed to map 673185792 bytes for G1 virtual space
# Possible reasons:
#   The system is out of physical RAM or swap space
#   The process is running with CompressedOops enabled, and the Java Heap may be blocking the growth of the native heap
# Possible solutions:
#   Reduce memory load on the system
#   Increase physical memory or swap space
#   Check if swap backing store is full
#   Decrease Java heap size (-Xmx/-Xms)
#   Decrease number of Java threads
#   Decrease Java thread stack sizes (-Xss)
#   Set larger code cache with -XX:ReservedCodeCacheSize=
#   JVM is running with Unscaled Compressed Oops mode in which the Java heap is
#     placed in the first 4GB address space. The Java Heap base address is the
#     maximum limit for the native heap growth. Please use -XX:HeapBaseMinAddress
#     to set the Java Heap base and to place the Java Heap above 4GB virtual address.
# This output file may be truncated or incomplete.
#
#  Out of Memory Error (os_windows.cpp:3769), pid=10504, tid=440
#
# JRE version: OpenJDK Runtime Environment (17.0.6) (build 17.0.6+0-b2043.56-9586694)
# Java VM: OpenJDK 64-Bit Server VM (17.0.6+0-b2043.56-9586694, mixed mode, tiered, compressed oops, compressed class ptrs, g1 gc, windows-amd64)
# No core dump will be written. Minidumps are not enabled by default on client versions of Windows
#

---------------  S U M M A R Y ------------

Command Line: --add-opens=java.base/java.util=ALL-UNNAMED --add-opens=java.base/java.lang=ALL-UNNAMED --add-opens=java.base/java.lang.invoke=ALL-UNNAMED --add-opens=java.prefs/java.util.prefs=ALL-UNNAMED --add-opens=java.base/java.nio.charset=ALL-UNNAMED --add-opens=java.base/java.net=ALL-UNNAMED --add-opens=java.base/java.util.concurrent.atomic=ALL-UNNAMED -Xmx2048m -Dfile.encoding=UTF-8 -Duser.country=KR -Duser.language=ko -Duser.variant org.gradle.launcher.daemon.bootstrap.GradleDaemon 8.0

Host: Intel(R) Core(TM) i5-1035G1 CPU @ 1.00GHz, 4 cores, 3G,  Windows 10 , 64 bit Build 19041 (10.0.19041.3636)
Time: Wed Dec 20 11:27:42 2023  Windows 10 , 64 bit Build 19041 (10.0.19041.3636) elapsed time: 528.761799 seconds (0d 0h 8m 48s)

---------------  T H R E A D  ---------------

Current thread (0x0000019889f4ea90):  VMThread "VM Thread" [stack: 0x0000007290600000,0x0000007290700000] [id=440]

Stack: [0x0000007290600000,0x0000007290700000]
Native frames: (J=compiled Java code, j=interpreted, Vv=VM code, C=native code)
V  [jvm.dll+0x683b4a]
V  [jvm.dll+0x842654]
V  [jvm.dll+0x843dfe]
V  [jvm.dll+0x844463]
V  [jvm.dll+0x249b75]
V  [jvm.dll+0x680a19]
V  [jvm.dll+0x674f0a]
V  [jvm.dll+0x309acb]
V  [jvm.dll+0x310f86]
V  [jvm.dll+0x3608ee]
V  [jvm.dll+0x360b1f]
V  [jvm.dll+0x2dfbf8]
V  [jvm.dll+0x2ddec4]
V  [jvm.dll+0x2dd4cc]
V  [jvm.dll+0x321f3b]
V  [jvm.dll+0x84893b]
V  [jvm.dll+0x849674]
V  [jvm.dll+0x849b8d]
V  [jvm.dll+0x849f64]
V  [jvm.dll+0x84a030]
V  [jvm.dll+0x7f25fa]
V  [jvm.dll+0x682985]
C  [ucrtbase.dll+0x21bb2]
C  [KERNEL32.DLL+0x17344]
C  [ntdll.dll+0x526b1]

VM_Operation (0x00000072920fe880): G1CollectForAllocation, mode: safepoint, requested by thread 0x00000198a69aa3b0


---------------  P R O C E S S  ---------------

Threads class SMR info:
_java_thread_list=0x00000198afd2ab60, length=87, elements={
0x0000019889e782e0, 0x00000198a3429150, 0x00000198a342aa20, 0x00000198a346a600,
0x00000198a34564a0, 0x00000198a3456d60, 0x00000198a400a080, 0x00000198a400c290,
0x00000198a400cfa0, 0x00000198a400fec0, 0x00000198a41a9380, 0x00000198a41aa060,
0x00000198a6af7a40, 0x00000198a66d1c30, 0x00000198a4f20b40, 0x00000198a69aa3b0,
0x00000198a69aad50, 0x00000198a69aca30, 0x00000198a69aa880, 0x00000198a69ab220,
0x00000198a69a9540, 0x00000198a69ac560, 0x00000198a69a9ee0, 0x00000198a7876bf0,
0x00000198a7877590, 0x00000198a7877a60, 0x00000198a4e9a690, 0x00000198afe70280,
0x00000198afe6f410, 0x00000198afe715c0, 0x00000198afe72430, 0x00000198afe70c20,
0x00000198afe71a90, 0x00000198afceb150, 0x00000198a7a9ad90, 0x00000198a7a978a0,
0x00000198a7a973d0, 0x00000198a7a9d410, 0x00000198a7a9cf40, 0x00000198a7a9d8e0,
0x00000198a7a9bc00, 0x00000198afe6d4e0, 0x00000198afe6ae60, 0x00000198afe6d9b0,
0x00000198afe6de80, 0x00000198afceac80, 0x00000198afe6c670, 0x00000198afe6cb40,
0x00000198afe6bcd0, 0x00000198afe6b800, 0x00000198afe6c1a0, 0x00000198afe6e350,
0x00000198afe6e820, 0x00000198a7aa2f20, 0x00000198a7aa33f0, 0x00000198a7aa50d0,
0x00000198a7aa38c0, 0x00000198a7aa3d90, 0x00000198a7aa2580, 0x00000198a7aa4260,
0x00000198a7aa4730, 0x00000198a7aa2a50, 0x00000198a7aa55a0, 0x00000198a7aa5a70,
0x00000198a7a97d70, 0x00000198a7a96090, 0x00000198a7a98240, 0x00000198a7a99f20,
0x00000198a7a98710, 0x00000198a7a98be0, 0x00000198a7a9a3f0, 0x00000198a7a990b0,
0x00000198a7a99580, 0x00000198a7aa20b0, 0x00000198a4333e30, 0x00000198a4334300,
0x00000198ad290100, 0x00000198ad2905d0, 0x00000198ad28edc0, 0x00000198ad28f290,
0x00000198ad28f760, 0x00000198ad28fc30, 0x00000198a8265dd0, 0x00000198a8262db0,
0x00000198a8263c20, 0x00000198a82628e0, 0x00000198a8262410
}

Java Threads: ( => current thread )
  0x0000019889e782e0 JavaThread "main" [_thread_blocked, id=13192, stack(0x0000007290000000,0x0000007290100000)]
  0x00000198a3429150 JavaThread "Reference Handler" daemon [_thread_blocked, id=10232, stack(0x0000007290700000,0x0000007290800000)]
  0x00000198a342aa20 JavaThread "Finalizer" daemon [_thread_blocked, id=10176, stack(0x0000007290800000,0x0000007290900000)]
  0x00000198a346a600 JavaThread "Signal Dispatcher" daemon [_thread_blocked, id=7236, stack(0x0000007290900000,0x0000007290a00000)]
  0x00000198a34564a0 JavaThread "Attach Listener" daemon [_thread_blocked, id=5452, stack(0x0000007290a00000,0x0000007290b00000)]
  0x00000198a3456d60 JavaThread "Service Thread" daemon [_thread_blocked, id=12984, stack(0x0000007290b00000,0x0000007290c00000)]
  0x00000198a400a080 JavaThread "Monitor Deflation Thread" daemon [_thread_blocked, id=10264, stack(0x0000007290c00000,0x0000007290d00000)]
  0x00000198a400c290 JavaThread "C2 CompilerThread0" daemon [_thread_blocked, id=12300, stack(0x0000007290d00000,0x0000007290e00000)]
  0x00000198a400cfa0 JavaThread "C1 CompilerThread0" daemon [_thread_blocked, id=1492, stack(0x0000007290e00000,0x0000007290f00000)]
  0x00000198a400fec0 JavaThread "Sweeper thread" daemon [_thread_blocked, id=6880, stack(0x0000007290f00000,0x0000007291000000)]
  0x00000198a41a9380 JavaThread "Common-Cleaner" daemon [_thread_blocked, id=6440, stack(0x0000007291000000,0x0000007291100000)]
  0x00000198a41aa060 JavaThread "Notification Thread" daemon [_thread_blocked, id=4984, stack(0x0000007291100000,0x0000007291200000)]
  0x00000198a6af7a40 JavaThread "Daemon health stats" [_thread_blocked, id=13132, stack(0x0000007291600000,0x0000007291700000)]
  0x00000198a66d1c30 JavaThread "Incoming local TCP Connector on port 53383" [_thread_in_native, id=1288, stack(0x0000007291700000,0x0000007291800000)]
  0x00000198a4f20b40 JavaThread "Daemon periodic checks" [_thread_blocked, id=9120, stack(0x0000007291800000,0x0000007291900000)]
  0x00000198a69aa3b0 JavaThread "Cache worker for journal cache (C:\Users\oals6\.gradle\caches\journal-1)" [_thread_blocked, id=6756, stack(0x0000007292000000,0x0000007292100000)]
  0x00000198a69aad50 JavaThread "File lock request listener" [_thread_in_native, id=4488, stack(0x0000007292100000,0x0000007292200000)]
  0x00000198a69aca30 JavaThread "Cache worker for file hash cache (C:\Users\oals6\.gradle\caches\8.0\fileHashes)" [_thread_blocked, id=9464, stack(0x0000007292200000,0x0000007292300000)]
  0x00000198a69aa880 JavaThread "File watcher server" daemon [_thread_blocked, id=12400, stack(0x0000007292300000,0x0000007292400000)]
  0x00000198a69ab220 JavaThread "File watcher consumer" daemon [_thread_blocked, id=7348, stack(0x0000007292400000,0x0000007292500000)]
  0x00000198a69a9540 JavaThread "Cache worker for file content cache (C:\Users\oals6\.gradle\caches\8.0\fileContent)" [_thread_blocked, id=7568, stack(0x0000007292700000,0x0000007292800000)]
  0x00000198a69ac560 JavaThread "Cache worker for execution history cache (C:\Users\oals6\.gradle\caches\8.0\executionHistory)" [_thread_blocked, id=980, stack(0x0000007292a00000,0x0000007292b00000)]
  0x00000198a69a9ee0 JavaThread "jar transforms" [_thread_blocked, id=11196, stack(0x0000007292b00000,0x0000007292c00000)]
  0x00000198a7876bf0 JavaThread "jar transforms Thread 2" [_thread_blocked, id=9204, stack(0x0000007292c00000,0x0000007292d00000)]
  0x00000198a7877590 JavaThread "jar transforms Thread 3" [_thread_blocked, id=1044, stack(0x0000007292d00000,0x0000007292e00000)]
  0x00000198a7877a60 JavaThread "jar transforms Thread 4" [_thread_blocked, id=2740, stack(0x0000007292e00000,0x0000007292f00000)]
  0x00000198a4e9a690 JavaThread "Memory manager" [_thread_blocked, id=3168, stack(0x0000007295a00000,0x0000007295b00000)]
  0x00000198afe70280 JavaThread "RMI Scheduler(0)" daemon [_thread_blocked, id=12036, stack(0x0000007295e00000,0x0000007295f00000)]
  0x00000198afe6f410 JavaThread "RMI RenewClean-[127.0.0.1:17717,org.jetbrains.kotlin.daemon.common.LoopbackNetworkInterface$ClientLoopbackSocketFactory@34da7b1d]" daemon [_thread_blocked, id=11752, stack(0x0000007295f00000,0x0000007296000000)]
  0x00000198afe715c0 JavaThread "RMI GC Daemon" daemon [_thread_blocked, id=7176, stack(0x0000007296000000,0x0000007296100000)]
  0x00000198afe72430 JavaThread "RMI TCP Accept-0" daemon [_thread_in_native, id=4408, stack(0x0000007296100000,0x0000007296200000)]
  0x00000198afe70c20 JavaThread "RMI Reaper" [_thread_blocked, id=12716, stack(0x0000007296200000,0x0000007296300000)]
  0x00000198afe71a90 JavaThread "Cache worker for Java compile cache (C:\Users\oals6\.gradle\caches\8.0\javaCompile)" [_thread_blocked, id=68, stack(0x0000007296400000,0x0000007296500000)]
  0x00000198afceb150 JavaThread "RMI TCP Connection(idle)" daemon [_thread_blocked, id=6392, stack(0x000000728fd00000,0x000000728fe00000)]
  0x00000198a7a9ad90 JavaThread "Daemon Thread 3" [_thread_blocked, id=12896, stack(0x000000728fe00000,0x000000728ff00000)]
  0x00000198a7a978a0 JavaThread "Handler for socket connection from /127.0.0.1:53383 to /127.0.0.1:53753" [_thread_in_native, id=11616, stack(0x000000728ff00000,0x0000007290000000)]
  0x00000198a7a973d0 JavaThread "Cancel handler" [_thread_blocked, id=10992, stack(0x0000007291900000,0x0000007291a00000)]
  0x00000198a7a9d410 JavaThread "Daemon worker Thread 3" [_thread_blocked, id=10628, stack(0x0000007291a00000,0x0000007291b00000)]
  0x00000198a7a9cf40 JavaThread "Asynchronous log dispatcher for DefaultDaemonConnection: socket connection from /127.0.0.1:53383 to /127.0.0.1:53753" [_thread_blocked, id=8024, stack(0x0000007291b00000,0x0000007291c00000)]
  0x00000198a7a9d8e0 JavaThread "Stdin handler" [_thread_blocked, id=7960, stack(0x0000007291c00000,0x0000007291d00000)]
  0x00000198a7a9bc00 JavaThread "Daemon client event forwarder" [_thread_blocked, id=9508, stack(0x0000007291d00000,0x0000007291e00000)]
  0x00000198afe6d4e0 JavaThread "Cache worker for checksums cache (C:\Users\oals6\AndroidStudioProjects\MyDB\.gradle\8.0\checksums)" [_thread_blocked, id=8904, stack(0x0000007291e00000,0x0000007291f00000)]
  0x00000198afe6ae60 JavaThread "Cache worker for cache directory md-rule (C:\Users\oals6\.gradle\caches\8.0\md-rule)" [_thread_blocked, id=12624, stack(0x0000007291f00000,0x0000007292000000)]
  0x00000198afe6d9b0 JavaThread "Cache worker for file hash cache (C:\Users\oals6\AndroidStudioProjects\MyDB\.gradle\8.0\fileHashes)" [_thread_blocked, id=6116, stack(0x0000007292500000,0x0000007292600000)]
  0x00000198afe6de80 JavaThread "Cache worker for cache directory md-supplier (C:\Users\oals6\.gradle\caches\8.0\md-supplier)" [_thread_blocked, id=3576, stack(0x0000007292600000,0x0000007292700000)]
  0x00000198afceac80 JavaThread "Cache worker for dependencies-accessors (C:\Users\oals6\AndroidStudioProjects\MyDB\.gradle\8.0\dependencies-accessors)" [_thread_blocked, id=9444, stack(0x0000007292800000,0x0000007292900000)]
  0x00000198afe6c670 JavaThread "Cache worker for Build Output Cleanup Cache (C:\Users\oals6\AndroidStudioProjects\MyDB\.gradle\buildOutputCleanup)" [_thread_blocked, id=9276, stack(0x0000007292900000,0x0000007292a00000)]
  0x00000198afe6cb40 JavaThread "Unconstrained build operations" [_thread_blocked, id=11840, stack(0x0000007292f00000,0x0000007293000000)]
  0x00000198afe6bcd0 JavaThread "Unconstrained build operations Thread 2" [_thread_blocked, id=8564, stack(0x0000007293000000,0x0000007293100000)]
  0x00000198afe6b800 JavaThread "Unconstrained build operations Thread 3" [_thread_blocked, id=7772, stack(0x0000007293100000,0x0000007293200000)]
  0x00000198afe6c1a0 JavaThread "Unconstrained build operations Thread 4" [_thread_blocked, id=11816, stack(0x0000007293200000,0x0000007293300000)]
  0x00000198afe6e350 JavaThread "Unconstrained build operations Thread 5" [_thread_blocked, id=12416, stack(0x0000007293300000,0x0000007293400000)]
  0x00000198afe6e820 JavaThread "Unconstrained build operations Thread 6" [_thread_blocked, id=10852, stack(0x0000007293400000,0x0000007293500000)]
  0x00000198a7aa2f20 JavaThread "Unconstrained build operations Thread 7" [_thread_blocked, id=2952, stack(0x0000007293500000,0x0000007293600000)]
  0x00000198a7aa33f0 JavaThread "Unconstrained build operations Thread 8" [_thread_blocked, id=2444, stack(0x0000007293600000,0x0000007293700000)]
  0x00000198a7aa50d0 JavaThread "Unconstrained build operations Thread 9" [_thread_blocked, id=4952, stack(0x0000007293700000,0x0000007293800000)]
  0x00000198a7aa38c0 JavaThread "Unconstrained build operations Thread 10" [_thread_blocked, id=8768, stack(0x0000007293800000,0x0000007293900000)]
  0x00000198a7aa3d90 JavaThread "Unconstrained build operations Thread 11" [_thread_blocked, id=12480, stack(0x0000007293900000,0x0000007293a00000)]
  0x00000198a7aa2580 JavaThread "Unconstrained build operations Thread 12" [_thread_blocked, id=5884, stack(0x0000007293a00000,0x0000007293b00000)]
  0x00000198a7aa4260 JavaThread "Unconstrained build operations Thread 13" [_thread_blocked, id=10020, stack(0x0000007293b00000,0x0000007293c00000)]
  0x00000198a7aa4730 JavaThread "Unconstrained build operations Thread 14" [_thread_blocked, id=10140, stack(0x0000007293c00000,0x0000007293d00000)]
  0x00000198a7aa2a50 JavaThread "Unconstrained build operations Thread 15" [_thread_blocked, id=764, stack(0x0000007293d00000,0x0000007293e00000)]
  0x00000198a7aa55a0 JavaThread "Unconstrained build operations Thread 16" [_thread_blocked, id=9976, stack(0x0000007293e00000,0x0000007293f00000)]
  0x00000198a7aa5a70 JavaThread "Unconstrained build operations Thread 17" [_thread_blocked, id=8132, stack(0x0000007293f00000,0x0000007294000000)]
  0x00000198a7a97d70 JavaThread "Unconstrained build operations Thread 18" [_thread_blocked, id=11312, stack(0x0000007294000000,0x0000007294100000)]
  0x00000198a7a96090 JavaThread "Unconstrained build operations Thread 19" [_thread_blocked, id=6888, stack(0x0000007294100000,0x0000007294200000)]
  0x00000198a7a98240 JavaThread "Unconstrained build operations Thread 20" [_thread_blocked, id=432, stack(0x0000007294200000,0x0000007294300000)]
  0x00000198a7a99f20 JavaThread "Unconstrained build operations Thread 21" [_thread_blocked, id=8200, stack(0x0000007294300000,0x0000007294400000)]
  0x00000198a7a98710 JavaThread "Unconstrained build operations Thread 22" [_thread_blocked, id=1844, stack(0x0000007294400000,0x0000007294500000)]
  0x00000198a7a98be0 JavaThread "Unconstrained build operations Thread 23" [_thread_blocked, id=10000, stack(0x0000007294500000,0x0000007294600000)]
  0x00000198a7a9a3f0 JavaThread "Unconstrained build operations Thread 24" [_thread_blocked, id=11796, stack(0x0000007294600000,0x0000007294700000)]
  0x00000198a7a990b0 JavaThread "Unconstrained build operations Thread 25" [_thread_blocked, id=9880, stack(0x0000007294700000,0x0000007294800000)]
  0x00000198a7a99580 JavaThread "Unconstrained build operations Thread 26" [_thread_blocked, id=8152, stack(0x0000007294800000,0x0000007294900000)]
  0x00000198a7aa20b0 JavaThread "Unconstrained build operations Thread 27" [_thread_blocked, id=11488, stack(0x0000007294900000,0x0000007294a00000)]
  0x00000198a4333e30 JavaThread "Unconstrained build operations Thread 28" [_thread_blocked, id=7212, stack(0x0000007294a00000,0x0000007294b00000)]
  0x00000198a4334300 JavaThread "Unconstrained build operations Thread 29" [_thread_blocked, id=5852, stack(0x0000007294b00000,0x0000007294c00000)]
  0x00000198ad290100 JavaThread "Unconstrained build operations Thread 30" [_thread_blocked, id=10508, stack(0x0000007294c00000,0x0000007294d00000)]
  0x00000198ad2905d0 JavaThread "Unconstrained build operations Thread 31" [_thread_blocked, id=12184, stack(0x0000007294d00000,0x0000007294e00000)]
  0x00000198ad28edc0 JavaThread "Unconstrained build operations Thread 32" [_thread_blocked, id=5524, stack(0x0000007294e00000,0x0000007294f00000)]
  0x00000198ad28f290 JavaThread "Unconstrained build operations Thread 33" [_thread_blocked, id=10120, stack(0x0000007294f00000,0x0000007295000000)]
  0x00000198ad28f760 JavaThread "Unconstrained build operations Thread 34" [_thread_blocked, id=4528, stack(0x0000007295000000,0x0000007295100000)]
  0x00000198ad28fc30 JavaThread "Unconstrained build operations Thread 35" [_thread_blocked, id=12336, stack(0x0000007295100000,0x0000007295200000)]
  0x00000198a8265dd0 JavaThread "Unconstrained build operations Thread 36" [_thread_blocked, id=4060, stack(0x0000007295200000,0x0000007295300000)]
  0x00000198a8262db0 JavaThread "Unconstrained build operations Thread 37" [_thread_blocked, id=9172, stack(0x0000007295300000,0x0000007295400000)]
  0x00000198a8263c20 JavaThread "Unconstrained build operations Thread 38" [_thread_blocked, id=10768, stack(0x0000007295400000,0x0000007295500000)]
  0x00000198a82628e0 JavaThread "Unconstrained build operations Thread 39" [_thread_blocked, id=7232, stack(0x0000007295500000,0x0000007295600000)]
  0x00000198a8262410 JavaThread "Unconstrained build operations Thread 40" [_thread_blocked, id=10388, stack(0x0000007295600000,0x0000007295700000)]

Other Threads:
=>0x0000019889f4ea90 VMThread "VM Thread" [stack: 0x0000007290600000,0x0000007290700000] [id=440]
  0x0000019889ef6e30 WatcherThread [stack: 0x0000007291200000,0x0000007291300000] [id=9912]
  0x0000019889ed69e0 GCTaskThread "GC Thread#0" [stack: 0x0000007290100000,0x0000007290200000] [id=1880]
  0x00000198a4541ab0 GCTaskThread "GC Thread#1" [stack: 0x0000007291400000,0x0000007291500000] [id=3012]
  0x00000198a48293a0 GCTaskThread "GC Thread#2" [stack: 0x0000007291500000,0x0000007291600000] [id=8536]
  0x00000198a4800010 GCTaskThread "GC Thread#3" [stack: 0x0000007291300000,0x0000007291400000] [id=12160]
  0x0000019889ee7830 ConcurrentGCThread "G1 Main Marker" [stack: 0x0000007290200000,0x0000007290300000] [id=10592]
  0x0000019889ee8150 ConcurrentGCThread "G1 Conc#0" [stack: 0x0000007290300000,0x0000007290400000] [id=10532]
  0x0000019889f293a0 ConcurrentGCThread "G1 Refine#0" [stack: 0x0000007290400000,0x0000007290500000] [id=10824]
  0x0000019889f29cd0 ConcurrentGCThread "G1 Service" [stack: 0x0000007290500000,0x0000007290600000] [id=2832]

Threads with active compile tasks:
C1 CompilerThread0   528920 21309       3       org.gradle.internal.classpath.DefaultCachedClasspathTransformer::transformFile (29 bytes)

VM state: at safepoint (normal execution)

VM Mutex/Monitor currently owned by a thread:  ([mutex/lock_event])
[0x0000019889e73cf0] Threads_lock - owner thread: 0x0000019889f4ea90
[0x0000019889e73ea0] Heap_lock - owner thread: 0x00000198a69aa3b0

Heap address: 0x0000000080000000, size: 2048 MB, Compressed Oops mode: 32-bit

CDS archive(s) not mapped
Compressed class space mapped at: 0x0000000100000000-0x0000000140000000, reserved size: 1073741824
Narrow klass base: 0x0000000000000000, Narrow klass shift: 3, Narrow klass range: 0x140000000

GC Precious Log:
 CPUs: 4 total, 4 available
 Memory: 3682M
 Large Page Support: Disabled
 NUMA Support: Disabled
 Compressed Oops: Enabled (32-bit)
 Heap Region Size: 1M
 Heap Min Capacity: 8M
 Heap Initial Capacity: 58M
 Heap Max Capacity: 2G
 Pre-touch: Disabled
 Parallel Workers: 4
 Concurrent Workers: 1
 Concurrent Refinement Workers: 4
 Periodic GC: Disabled

Heap:
 garbage-first heap   total 328704K, used 179796K [0x0000000080000000, 0x0000000100000000)
  region size 1024K, 5 young (5120K), 5 survivors (5120K)
 Metaspace       used 124640K, committed 125504K, reserved 1163264K
  class space    used 17010K, committed 17408K, reserved 1048576K

Heap Regions: E=young(eden), S=young(survivor), O=old, HS=humongous(starts), HC=humongous(continues), CS=collection set, F=free, OA=open archive, CA=closed archive, TAMS=top-at-mark-start (previous, next)
|   0|0x0000000080000000, 0x0000000080100000, 0x0000000080100000|100%| O|  |TAMS 0x0000000080100000, 0x0000000080000000| Untracked 
|   1|0x0000000080100000, 0x0000000080200000, 0x0000000080200000|100%| O|  |TAMS 0x0000000080200000, 0x0000000080100000| Untracked 
|   2|0x0000000080200000, 0x0000000080300000, 0x0000000080300000|100%|HS|  |TAMS 0x0000000080300000, 0x0000000080200000| Complete 
|   3|0x0000000080300000, 0x0000000080400000, 0x0000000080400000|100%|HC|  |TAMS 0x0000000080400000, 0x0000000080300000| Complete 
|   4|0x0000000080400000, 0x0000000080500000, 0x0000000080500000|100%|HC|  |TAMS 0x0000000080500000, 0x0000000080400000| Complete 
|   5|0x0000000080500000, 0x0000000080600000, 0x0000000080600000|100%|HC|  |TAMS 0x0000000080600000, 0x0000000080500000| Complete 
|   6|0x0000000080600000, 0x0000000080700000, 0x0000000080700000|100%| O|  |TAMS 0x0000000080700000, 0x0000000080600000| Untracked 
|   7|0x0000000080700000, 0x0000000080800000, 0x0000000080800000|100%| O|  |TAMS 0x0000000080800000, 0x0000000080700000| Untracked 
|   8|0x0000000080800000, 0x0000000080900000, 0x0000000080900000|100%| O|  |TAMS 0x0000000080900000, 0x0000000080800000| Untracked 
|   9|0x0000000080900000, 0x0000000080a00000, 0x0000000080a00000|100%| O|  |TAMS 0x0000000080a00000, 0x0000000080900000| Untracked 
|  10|0x0000000080a00000, 0x0000000080b00000, 0x0000000080b00000|100%| O|  |TAMS 0x0000000080b00000, 0x0000000080a00000| Untracked 
|  11|0x0000000080b00000, 0x0000000080c00000, 0x0000000080c00000|100%| O|  |TAMS 0x0000000080c00000, 0x0000000080b00000| Untracked 
|  12|0x0000000080c00000, 0x0000000080d00000, 0x0000000080d00000|100%| O|  |TAMS 0x0000000080d00000, 0x0000000080c00000| Untracked 
|  13|0x0000000080d00000, 0x0000000080e00000, 0x0000000080e00000|100%| O|  |TAMS 0x0000000080e00000, 0x0000000080d00000| Untracked 
|  14|0x0000000080e00000, 0x0000000080f00000, 0x0000000080f00000|100%| O|  |TAMS 0x0000000080f00000, 0x0000000080e00000| Untracked 
|  15|0x0000000080f00000, 0x0000000081000000, 0x0000000081000000|100%| O|  |TAMS 0x0000000081000000, 0x0000000080f00000| Untracked 
|  16|0x0000000081000000, 0x0000000081100000, 0x0000000081100000|100%| O|  |TAMS 0x0000000081100000, 0x0000000081000000| Untracked 
|  17|0x0000000081100000, 0x0000000081200000, 0x0000000081200000|100%| O|  |TAMS 0x0000000081200000, 0x0000000081100000| Untracked 
|  18|0x0000000081200000, 0x0000000081300000, 0x0000000081300000|100%| O|  |TAMS 0x0000000081300000, 0x0000000081200000| Untracked 
|  19|0x0000000081300000, 0x0000000081400000, 0x0000000081400000|100%| O|  |TAMS 0x0000000081400000, 0x0000000081300000| Untracked 
|  20|0x0000000081400000, 0x0000000081500000, 0x0000000081500000|100%| O|  |TAMS 0x0000000081500000, 0x0000000081400000| Untracked 
|  21|0x0000000081500000, 0x0000000081600000, 0x0000000081600000|100%| O|  |TAMS 0x0000000081600000, 0x0000000081500000| Untracked 
|  22|0x0000000081600000, 0x0000000081700000, 0x0000000081700000|100%| O|  |TAMS 0x0000000081700000, 0x0000000081600000| Untracked 
|  23|0x0000000081700000, 0x0000000081800000, 0x0000000081800000|100%| O|  |TAMS 0x0000000081800000, 0x0000000081700000| Untracked 
|  24|0x0000000081800000, 0x0000000081900000, 0x0000000081900000|100%| O|  |TAMS 0x0000000081900000, 0x0000000081800000| Untracked 
|  25|0x0000000081900000, 0x0000000081a00000, 0x0000000081a00000|100%| O|  |TAMS 0x0000000081a00000, 0x0000000081900000| Untracked 
|  26|0x0000000081a00000, 0x0000000081b00000, 0x0000000081b00000|100%| O|  |TAMS 0x0000000081b00000, 0x0000000081a00000| Untracked 
|  27|0x0000000081b00000, 0x0000000081c00000, 0x0000000081c00000|100%| O|  |TAMS 0x0000000081c00000, 0x0000000081b00000| Untracked 
|  28|0x0000000081c00000, 0x0000000081d00000, 0x0000000081d00000|100%| O|  |TAMS 0x0000000081d00000, 0x0000000081c00000| Untracked 
|  29|0x0000000081d00000, 0x0000000081e00000, 0x0000000081e00000|100%| O|  |TAMS 0x0000000081e00000, 0x0000000081d00000| Untracked 
|  30|0x0000000081e00000, 0x0000000081f00000, 0x0000000081f00000|100%| O|  |TAMS 0x0000000081f00000, 0x0000000081e00000| Untracked 
|  31|0x0000000081f00000, 0x0000000082000000, 0x0000000082000000|100%| O|  |TAMS 0x0000000082000000, 0x0000000081f00000| Untracked 
|  32|0x0000000082000000, 0x0000000082100000, 0x0000000082100000|100%| O|  |TAMS 0x0000000082100000, 0x0000000082000000| Untracked 
|  33|0x0000000082100000, 0x0000000082200000, 0x0000000082200000|100%| O|  |TAMS 0x0000000082200000, 0x0000000082100000| Untracked 
|  34|0x0000000082200000, 0x0000000082300000, 0x0000000082300000|100%| O|  |TAMS 0x0000000082300000, 0x0000000082200000| Untracked 
|  35|0x0000000082300000, 0x0000000082400000, 0x0000000082400000|100%| O|  |TAMS 0x0000000082400000, 0x0000000082300000| Untracked 
|  36|0x0000000082400000, 0x0000000082500000, 0x0000000082500000|100%|HS|  |TAMS 0x0000000082500000, 0x0000000082400000| Complete 
|  37|0x0000000082500000, 0x0000000082600000, 0x0000000082600000|100%|HS|  |TAMS 0x0000000082600000, 0x0000000082500000| Complete 
|  38|0x0000000082600000, 0x0000000082700000, 0x0000000082700000|100%| O|  |TAMS 0x0000000082700000, 0x0000000082600000| Untracked 
|  39|0x0000000082700000, 0x0000000082800000, 0x0000000082800000|100%| O|  |TAMS 0x0000000082700000, 0x0000000082700000| Untracked 
|  40|0x0000000082800000, 0x0000000082900000, 0x0000000082900000|100%| O|  |TAMS 0x0000000082800000, 0x0000000082800000| Untracked 
|  41|0x0000000082900000, 0x0000000082a00000, 0x0000000082a00000|100%| O|  |TAMS 0x0000000082a00000, 0x0000000082900000| Untracked 
|  42|0x0000000082a00000, 0x0000000082b00000, 0x0000000082b00000|100%|HS|  |TAMS 0x0000000082b00000, 0x0000000082a00000| Complete 
|  43|0x0000000082b00000, 0x0000000082c00000, 0x0000000082c00000|100%| O|  |TAMS 0x0000000082c00000, 0x0000000082b00000| Untracked 
|  44|0x0000000082c00000, 0x0000000082d00000, 0x0000000082d00000|100%|HS|  |TAMS 0x0000000082d00000, 0x0000000082c00000| Complete 
|  45|0x0000000082d00000, 0x0000000082e00000, 0x0000000082e00000|100%|HC|  |TAMS 0x0000000082e00000, 0x0000000082d00000| Complete 
|  46|0x0000000082e00000, 0x0000000082f00000, 0x0000000082f00000|100%|HC|  |TAMS 0x0000000082f00000, 0x0000000082e00000| Complete 
|  47|0x0000000082f00000, 0x0000000083000000, 0x0000000083000000|100%|HC|  |TAMS 0x0000000083000000, 0x0000000082f00000| Complete 
|  48|0x0000000083000000, 0x0000000083100000, 0x0000000083100000|100%| O|  |TAMS 0x0000000083100000, 0x0000000083000000| Untracked 
|  49|0x0000000083100000, 0x0000000083200000, 0x0000000083200000|100%| O|  |TAMS 0x0000000083200000, 0x0000000083100000| Untracked 
|  50|0x0000000083200000, 0x0000000083300000, 0x0000000083300000|100%| O|  |TAMS 0x0000000083300000, 0x0000000083200000| Untracked 
|  51|0x0000000083300000, 0x0000000083400000, 0x0000000083400000|100%| O|  |TAMS 0x0000000083400000, 0x0000000083300000| Untracked 
|  52|0x0000000083400000, 0x0000000083500000, 0x0000000083500000|100%| O|  |TAMS 0x0000000083500000, 0x0000000083400000| Untracked 
|  53|0x0000000083500000, 0x0000000083600000, 0x0000000083600000|100%| O|  |TAMS 0x0000000083600000, 0x0000000083500000| Untracked 
|  54|0x0000000083600000, 0x0000000083700000, 0x0000000083700000|100%| O|  |TAMS 0x0000000083700000, 0x0000000083600000| Untracked 
|  55|0x0000000083700000, 0x0000000083800000, 0x0000000083800000|100%| O|  |TAMS 0x0000000083800000, 0x0000000083700000| Untracked 
|  56|0x0000000083800000, 0x0000000083900000, 0x0000000083900000|100%| O|  |TAMS 0x0000000083900000, 0x0000000083800000| Untracked 
|  57|0x0000000083900000, 0x0000000083a00000, 0x0000000083a00000|100%| O|  |TAMS 0x0000000083a00000, 0x0000000083900000| Untracked 
|  58|0x0000000083a00000, 0x0000000083b00000, 0x0000000083b00000|100%| O|  |TAMS 0x0000000083b00000, 0x0000000083a00000| Untracked 
|  59|0x0000000083b00000, 0x0000000083c00000, 0x0000000083c00000|100%| O|  |TAMS 0x0000000083c00000, 0x0000000083b00000| Untracked 
|  60|0x0000000083c00000, 0x0000000083d00000, 0x0000000083d00000|100%| O|  |TAMS 0x0000000083d00000, 0x0000000083c00000| Untracked 
|  61|0x0000000083d00000, 0x0000000083e00000, 0x0000000083e00000|100%| O|  |TAMS 0x0000000083e00000, 0x0000000083d00000| Untracked 
|  62|0x0000000083e00000, 0x0000000083f00000, 0x0000000083f00000|100%| O|  |TAMS 0x0000000083f00000, 0x0000000083e00000| Untracked 
|  63|0x0000000083f00000, 0x0000000084000000, 0x0000000084000000|100%| O|  |TAMS 0x0000000084000000, 0x0000000083f00000| Untracked 
|  64|0x0000000084000000, 0x0000000084100000, 0x0000000084100000|100%| O|  |TAMS 0x0000000084100000, 0x0000000084000000| Untracked 
|  65|0x0000000084100000, 0x0000000084200000, 0x0000000084200000|100%| O|  |TAMS 0x0000000084200000, 0x0000000084100000| Untracked 
|  66|0x0000000084200000, 0x0000000084300000, 0x0000000084300000|100%| O|  |TAMS 0x0000000084300000, 0x0000000084200000| Untracked 
|  67|0x0000000084300000, 0x0000000084400000, 0x0000000084400000|100%| O|  |TAMS 0x0000000084400000, 0x0000000084300000| Untracked 
|  68|0x0000000084400000, 0x0000000084500000, 0x0000000084500000|100%| O|  |TAMS 0x0000000084500000, 0x0000000084400000| Untracked 
|  69|0x0000000084500000, 0x0000000084600000, 0x0000000084600000|100%| O|  |TAMS 0x0000000084600000, 0x0000000084500000| Untracked 
|  70|0x0000000084600000, 0x0000000084700000, 0x0000000084700000|100%| O|  |TAMS 0x0000000084700000, 0x0000000084600000| Untracked 
|  71|0x0000000084700000, 0x0000000084800000, 0x0000000084800000|100%| O|  |TAMS 0x0000000084800000, 0x0000000084700000| Untracked 
|  72|0x0000000084800000, 0x0000000084900000, 0x0000000084900000|100%| O|  |TAMS 0x0000000084900000, 0x0000000084800000| Untracked 
|  73|0x0000000084900000, 0x0000000084a00000, 0x0000000084a00000|100%| O|  |TAMS 0x0000000084a00000, 0x0000000084900000| Untracked 
|  74|0x0000000084a00000, 0x0000000084b00000, 0x0000000084b00000|100%| O|  |TAMS 0x0000000084b00000, 0x0000000084a00000| Untracked 
|  75|0x0000000084b00000, 0x0000000084c00000, 0x0000000084c00000|100%| O|  |TAMS 0x0000000084c00000, 0x0000000084b00000| Untracked 
|  76|0x0000000084c00000, 0x0000000084d00000, 0x0000000084d00000|100%| O|  |TAMS 0x0000000084d00000, 0x0000000084c00000| Untracked 
|  77|0x0000000084d00000, 0x0000000084e00000, 0x0000000084e00000|100%| O|  |TAMS 0x0000000084e00000, 0x0000000084d00000| Untracked 
|  78|0x0000000084e00000, 0x0000000084f00000, 0x0000000084f00000|100%| O|  |TAMS 0x0000000084f00000, 0x0000000084e00000| Untracked 
|  79|0x0000000084f00000, 0x0000000085000000, 0x0000000085000000|100%| O|  |TAMS 0x0000000085000000, 0x0000000084f00000| Untracked 
|  80|0x0000000085000000, 0x0000000085100000, 0x0000000085100000|100%| O|  |TAMS 0x0000000085100000, 0x0000000085000000| Untracked 
|  81|0x0000000085100000, 0x0000000085200000, 0x0000000085200000|100%| O|  |TAMS 0x0000000085200000, 0x0000000085100000| Untracked 
|  82|0x0000000085200000, 0x0000000085300000, 0x0000000085300000|100%| O|  |TAMS 0x0000000085300000, 0x0000000085200000| Untracked 
|  83|0x0000000085300000, 0x0000000085400000, 0x0000000085400000|100%| O|  |TAMS 0x0000000085400000, 0x0000000085300000| Untracked 
|  84|0x0000000085400000, 0x0000000085500000, 0x0000000085500000|100%| O|  |TAMS 0x0000000085500000, 0x0000000085400000| Untracked 
|  85|0x0000000085500000, 0x0000000085600000, 0x0000000085600000|100%| O|  |TAMS 0x0000000085600000, 0x0000000085500000| Untracked 
|  86|0x0000000085600000, 0x0000000085700000, 0x0000000085700000|100%| O|  |TAMS 0x0000000085700000, 0x0000000085600000| Untracked 
|  87|0x0000000085700000, 0x0000000085800000, 0x0000000085800000|100%| O|  |TAMS 0x0000000085800000, 0x0000000085700000| Untracked 
|  88|0x0000000085800000, 0x0000000085900000, 0x0000000085900000|100%| O|  |TAMS 0x0000000085900000, 0x0000000085800000| Untracked 
|  89|0x0000000085900000, 0x0000000085a00000, 0x0000000085a00000|100%| O|  |TAMS 0x0000000085a00000, 0x0000000085900000| Untracked 
|  90|0x0000000085a00000, 0x0000000085b00000, 0x0000000085b00000|100%| O|  |TAMS 0x0000000085b00000, 0x0000000085a00000| Untracked 
|  91|0x0000000085b00000, 0x0000000085c00000, 0x0000000085c00000|100%| O|  |TAMS 0x0000000085c00000, 0x0000000085b00000| Untracked 
|  92|0x0000000085c00000, 0x0000000085d00000, 0x0000000085d00000|100%| O|  |TAMS 0x0000000085d00000, 0x0000000085c00000| Untracked 
|  93|0x0000000085d00000, 0x0000000085e00000, 0x0000000085e00000|100%| O|  |TAMS 0x0000000085e00000, 0x0000000085d00000| Untracked 
|  94|0x0000000085e00000, 0x0000000085f00000, 0x0000000085f00000|100%| O|  |TAMS 0x0000000085e00000, 0x0000000085e00000| Untracked 
|  95|0x0000000085f00000, 0x0000000086000000, 0x0000000086000000|100%| O|  |TAMS 0x0000000086000000, 0x0000000085f00000| Untracked 
|  96|0x0000000086000000, 0x0000000086100000, 0x0000000086100000|100%| O|  |TAMS 0x0000000086100000, 0x0000000086000000| Untracked 
|  97|0x0000000086100000, 0x0000000086200000, 0x0000000086200000|100%| O|  |TAMS 0x0000000086200000, 0x0000000086100000| Untracked 
|  98|0x0000000086200000, 0x0000000086300000, 0x0000000086300000|100%| O|  |TAMS 0x0000000086300000, 0x0000000086200000| Untracked 
|  99|0x0000000086300000, 0x0000000086400000, 0x0000000086400000|100%| O|  |TAMS 0x0000000086400000, 0x0000000086300000| Untracked 
| 100|0x0000000086400000, 0x0000000086500000, 0x0000000086500000|100%| O|  |TAMS 0x0000000086500000, 0x0000000086400000| Untracked 
| 101|0x0000000086500000, 0x0000000086600000, 0x0000000086600000|100%| O|  |TAMS 0x0000000086600000, 0x0000000086500000| Untracked 
| 102|0x0000000086600000, 0x0000000086700000, 0x0000000086700000|100%| O|  |TAMS 0x0000000086700000, 0x0000000086600000| Untracked 
| 103|0x0000000086700000, 0x0000000086800000, 0x0000000086800000|100%| O|  |TAMS 0x0000000086700000, 0x0000000086700000| Untracked 
| 104|0x0000000086800000, 0x0000000086900000, 0x0000000086900000|100%| O|  |TAMS 0x0000000086800000, 0x0000000086800000| Untracked 
| 105|0x0000000086900000, 0x0000000086a00000, 0x0000000086a00000|100%| O|  |TAMS 0x0000000086a00000, 0x0000000086900000| Untracked 
| 106|0x0000000086a00000, 0x0000000086b00000, 0x0000000086b00000|100%| O|  |TAMS 0x0000000086b00000, 0x0000000086a00000| Untracked 
| 107|0x0000000086b00000, 0x0000000086c00000, 0x0000000086c00000|100%| O|  |TAMS 0x0000000086c00000, 0x0000000086b00000| Untracked 
| 108|0x0000000086c00000, 0x0000000086d00000, 0x0000000086d00000|100%| O|  |TAMS 0x0000000086d00000, 0x0000000086c00000| Untracked 
| 109|0x0000000086d00000, 0x0000000086e00000, 0x0000000086e00000|100%| O|  |TAMS 0x0000000086e00000, 0x0000000086d00000| Untracked 
| 110|0x0000000086e00000, 0x0000000086f00000, 0x0000000086f00000|100%| O|  |TAMS 0x0000000086f00000, 0x0000000086e00000| Untracked 
| 111|0x0000000086f00000, 0x0000000087000000, 0x0000000087000000|100%| O|  |TAMS 0x0000000087000000, 0x0000000086f00000| Untracked 
| 112|0x0000000087000000, 0x0000000087100000, 0x0000000087100000|100%| O|  |TAMS 0x0000000087100000, 0x0000000087000000| Untracked 
| 113|0x0000000087100000, 0x0000000087200000, 0x0000000087200000|100%| O|  |TAMS 0x0000000087200000, 0x0000000087100000| Untracked 
| 114|0x0000000087200000, 0x0000000087300000, 0x0000000087300000|100%| O|  |TAMS 0x0000000087300000, 0x0000000087200000| Untracked 
| 115|0x0000000087300000, 0x0000000087400000, 0x0000000087400000|100%| O|  |TAMS 0x0000000087400000, 0x0000000087300000| Untracked 
| 116|0x0000000087400000, 0x0000000087500000, 0x0000000087500000|100%| O|  |TAMS 0x0000000087500000, 0x0000000087400000| Untracked 
| 117|0x0000000087500000, 0x0000000087600000, 0x0000000087600000|100%| O|  |TAMS 0x0000000087600000, 0x0000000087500000| Untracked 
| 118|0x0000000087600000, 0x0000000087700000, 0x0000000087700000|100%| O|  |TAMS 0x0000000087700000, 0x0000000087600000| Untracked 
| 119|0x0000000087700000, 0x0000000087800000, 0x0000000087800000|100%| O|  |TAMS 0x0000000087800000, 0x0000000087700000| Untracked 
| 120|0x0000000087800000, 0x0000000087900000, 0x0000000087900000|100%| O|  |TAMS 0x0000000087900000, 0x0000000087800000| Untracked 
| 121|0x0000000087900000, 0x0000000087a00000, 0x0000000087a00000|100%| O|  |TAMS 0x0000000087a00000, 0x0000000087900000| Untracked 
| 122|0x0000000087a00000, 0x0000000087b00000, 0x0000000087b00000|100%| O|  |TAMS 0x0000000087b00000, 0x0000000087a00000| Untracked 
| 123|0x0000000087b00000, 0x0000000087c00000, 0x0000000087c00000|100%| O|  |TAMS 0x0000000087c00000, 0x0000000087b00000| Untracked 
| 124|0x0000000087c00000, 0x0000000087d00000, 0x0000000087d00000|100%| O|  |TAMS 0x0000000087d00000, 0x0000000087c00000| Untracked 
| 125|0x0000000087d00000, 0x0000000087e00000, 0x0000000087e00000|100%| O|  |TAMS 0x0000000087d60000, 0x0000000087d00000| Untracked 
| 126|0x0000000087e00000, 0x0000000087f00000, 0x0000000087f00000|100%| O|  |TAMS 0x0000000087e00000, 0x0000000087e00000| Untracked 
| 127|0x0000000087f00000, 0x0000000088000000, 0x0000000088000000|100%| O|  |TAMS 0x0000000087f00000, 0x0000000087f00000| Untracked 
| 128|0x0000000088000000, 0x0000000088100000, 0x0000000088100000|100%| O|  |TAMS 0x0000000088000000, 0x0000000088000000| Untracked 
| 129|0x0000000088100000, 0x0000000088200000, 0x0000000088200000|100%| O|  |TAMS 0x0000000088100000, 0x0000000088100000| Untracked 
| 130|0x0000000088200000, 0x0000000088300000, 0x0000000088300000|100%| O|  |TAMS 0x0000000088200000, 0x0000000088200000| Untracked 
| 131|0x0000000088300000, 0x0000000088400000, 0x0000000088400000|100%|HS|  |TAMS 0x0000000088400000, 0x0000000088300000| Complete 
| 132|0x0000000088400000, 0x0000000088500000, 0x0000000088500000|100%|HC|  |TAMS 0x0000000088500000, 0x0000000088400000| Complete 
| 133|0x0000000088500000, 0x0000000088600000, 0x0000000088600000|100%|HC|  |TAMS 0x0000000088600000, 0x0000000088500000| Complete 
| 134|0x0000000088600000, 0x0000000088700000, 0x0000000088700000|100%|HC|  |TAMS 0x0000000088700000, 0x0000000088600000| Complete 
| 135|0x0000000088700000, 0x0000000088800000, 0x0000000088800000|100%|HC|  |TAMS 0x0000000088800000, 0x0000000088700000| Complete 
| 136|0x0000000088800000, 0x0000000088900000, 0x0000000088900000|100%|HC|  |TAMS 0x0000000088900000, 0x0000000088800000| Complete 
| 137|0x0000000088900000, 0x0000000088a00000, 0x0000000088a00000|100%| O|  |TAMS 0x0000000088a00000, 0x0000000088900000| Untracked 
| 138|0x0000000088a00000, 0x0000000088b00000, 0x0000000088b00000|100%| O|  |TAMS 0x0000000088b00000, 0x0000000088a00000| Untracked 
| 139|0x0000000088b00000, 0x0000000088c00000, 0x0000000088c00000|100%| O|  |TAMS 0x0000000088c00000, 0x0000000088b00000| Untracked 
| 140|0x0000000088c00000, 0x0000000088d00000, 0x0000000088d00000|100%| O|  |TAMS 0x0000000088d00000, 0x0000000088c00000| Untracked 
| 141|0x0000000088d00000, 0x0000000088e00000, 0x0000000088e00000|100%| O|  |TAMS 0x0000000088e00000, 0x0000000088d00000| Untracked 
| 142|0x0000000088e00000, 0x0000000088f00000, 0x0000000088f00000|100%| O|  |TAMS 0x0000000088f00000, 0x0000000088e00000| Untracked 
| 143|0x0000000088f00000, 0x0000000089000000, 0x0000000089000000|100%| O|  |TAMS 0x0000000089000000, 0x0000000088f00000| Untracked 
| 144|0x0000000089000000, 0x0000000089100000, 0x0000000089100000|100%| O|  |TAMS 0x0000000089100000, 0x0000000089000000| Untracked 
| 145|0x0000000089100000, 0x0000000089200000, 0x0000000089200000|100%| O|  |TAMS 0x0000000089100000, 0x0000000089100000| Untracked 
| 146|0x0000000089200000, 0x0000000089300000, 0x0000000089300000|100%| O|  |TAMS 0x0000000089200000, 0x0000000089200000| Untracked 
| 147|0x0000000089300000, 0x0000000089400000, 0x0000000089400000|100%| O|  |TAMS 0x0000000089300000, 0x0000000089300000| Untracked 
| 148|0x0000000089400000, 0x0000000089500000, 0x0000000089500000|100%| O|  |TAMS 0x0000000089400000, 0x0000000089400000| Untracked 
| 149|0x0000000089500000, 0x0000000089600000, 0x0000000089600000|100%| O|  |TAMS 0x0000000089500000, 0x0000000089500000| Untracked 
| 150|0x0000000089600000, 0x0000000089700000, 0x0000000089700000|100%| O|  |TAMS 0x0000000089600000, 0x0000000089600000| Untracked 
| 151|0x0000000089700000, 0x0000000089800000, 0x0000000089800000|100%| O|  |TAMS 0x0000000089700000, 0x0000000089700000| Untracked 
| 152|0x0000000089800000, 0x0000000089900000, 0x0000000089900000|100%| O|  |TAMS 0x0000000089800000, 0x0000000089800000| Untracked 
| 153|0x0000000089900000, 0x0000000089a00000, 0x0000000089a00000|100%| O|  |TAMS 0x0000000089900000, 0x0000000089900000| Untracked 
| 154|0x0000000089a00000, 0x0000000089b00000, 0x0000000089b00000|100%| O|  |TAMS 0x0000000089a00000, 0x0000000089a00000| Untracked 
| 155|0x0000000089b00000, 0x0000000089c00000, 0x0000000089c00000|100%| O|  |TAMS 0x0000000089b00000, 0x0000000089b00000| Untracked 
| 156|0x0000000089c00000, 0x0000000089c00000, 0x0000000089d00000|  0%| F|  |TAMS 0x0000000089c00000, 0x0000000089c00000| Untracked 
| 157|0x0000000089d00000, 0x0000000089d00000, 0x0000000089e00000|  0%| F|  |TAMS 0x0000000089d00000, 0x0000000089d00000| Untracked 
| 158|0x0000000089e00000, 0x0000000089f00000, 0x0000000089f00000|100%| O|  |TAMS 0x0000000089e00000, 0x0000000089e00000| Untracked 
| 159|0x0000000089f00000, 0x000000008a000000, 0x000000008a000000|100%| O|  |TAMS 0x0000000089f00000, 0x0000000089f00000| Untracked 
| 160|0x000000008a000000, 0x000000008a100000, 0x000000008a100000|100%| O|  |TAMS 0x000000008a000000, 0x000000008a000000| Untracked 
| 161|0x000000008a100000, 0x000000008a200000, 0x000000008a200000|100%| O|  |TAMS 0x000000008a100000, 0x000000008a100000| Untracked 
| 162|0x000000008a200000, 0x000000008a300000, 0x000000008a300000|100%| O|  |TAMS 0x000000008a200000, 0x000000008a200000| Untracked 
| 163|0x000000008a300000, 0x000000008a400000, 0x000000008a400000|100%| O|  |TAMS 0x000000008a300000, 0x000000008a300000| Untracked 
| 164|0x000000008a400000, 0x000000008a500000, 0x000000008a500000|100%| O|  |TAMS 0x000000008a400000, 0x000000008a400000| Untracked 
| 165|0x000000008a500000, 0x000000008a600000, 0x000000008a600000|100%| O|  |TAMS 0x000000008a500000, 0x000000008a500000| Untracked 
| 166|0x000000008a600000, 0x000000008a700000, 0x000000008a700000|100%| O|  |TAMS 0x000000008a600000, 0x000000008a600000| Untracked 
| 167|0x000000008a700000, 0x000000008a800000, 0x000000008a800000|100%| O|  |TAMS 0x000000008a700000, 0x000000008a700000| Untracked 
| 168|0x000000008a800000, 0x000000008a900000, 0x000000008a900000|100%| O|  |TAMS 0x000000008a800000, 0x000000008a800000| Untracked 
| 169|0x000000008a900000, 0x000000008aa00000, 0x000000008aa00000|100%| O|  |TAMS 0x000000008a900000, 0x000000008a900000| Untracked 
| 170|0x000000008aa00000, 0x000000008ab00000, 0x000000008ab00000|100%| O|  |TAMS 0x000000008aa00000, 0x000000008aa00000| Untracked 
| 171|0x000000008ab00000, 0x000000008ac00000, 0x000000008ac00000|100%| O|  |TAMS 0x000000008ab00000, 0x000000008ab00000| Untracked 
| 172|0x000000008ac00000, 0x000000008acc8e00, 0x000000008ad00000| 78%| O|  |TAMS 0x000000008ac00000, 0x000000008ac00000| Untracked 
| 173|0x000000008ad00000, 0x000000008ad00000, 0x000000008ae00000|  0%| F|  |TAMS 0x000000008ad00000, 0x000000008ad00000| Untracked 
| 174|0x000000008ae00000, 0x000000008ae00000, 0x000000008af00000|  0%| F|  |TAMS 0x000000008ae00000, 0x000000008ae00000| Untracked 
| 175|0x000000008af00000, 0x000000008af00000, 0x000000008b000000|  0%| F|  |TAMS 0x000000008af00000, 0x000000008af00000| Untracked 
| 176|0x000000008b000000, 0x000000008b000000, 0x000000008b100000|  0%| F|  |TAMS 0x000000008b000000, 0x000000008b000000| Untracked 
| 177|0x000000008b100000, 0x000000008b100000, 0x000000008b200000|  0%| F|  |TAMS 0x000000008b100000, 0x000000008b100000| Untracked 
| 178|0x000000008b200000, 0x000000008b200000, 0x000000008b300000|  0%| F|  |TAMS 0x000000008b200000, 0x000000008b200000| Untracked 
| 179|0x000000008b300000, 0x000000008b300000, 0x000000008b400000|  0%| F|  |TAMS 0x000000008b300000, 0x000000008b300000| Untracked 
| 180|0x000000008b400000, 0x000000008b400000, 0x000000008b500000|  0%| F|  |TAMS 0x000000008b400000, 0x000000008b400000| Untracked 
| 181|0x000000008b500000, 0x000000008b500000, 0x000000008b600000|  0%| F|  |TAMS 0x000000008b500000, 0x000000008b500000| Untracked 
| 182|0x000000008b600000, 0x000000008b600000, 0x000000008b700000|  0%| F|  |TAMS 0x000000008b600000, 0x000000008b600000| Untracked 
| 183|0x000000008b700000, 0x000000008b700000, 0x000000008b800000|  0%| F|  |TAMS 0x000000008b700000, 0x000000008b700000| Untracked 
| 184|0x000000008b800000, 0x000000008b800000, 0x000000008b900000|  0%| F|  |TAMS 0x000000008b800000, 0x000000008b800000| Untracked 
| 185|0x000000008b900000, 0x000000008b900000, 0x000000008ba00000|  0%| F|  |TAMS 0x000000008b900000, 0x000000008b900000| Untracked 
| 186|0x000000008ba00000, 0x000000008ba00000, 0x000000008bb00000|  0%| F|  |TAMS 0x000000008ba00000, 0x000000008ba00000| Untracked 
| 187|0x000000008bb00000, 0x000000008bb00000, 0x000000008bc00000|  0%| F|  |TAMS 0x000000008bb00000, 0x000000008bb00000| Untracked 
| 188|0x000000008bc00000, 0x000000008bc00000, 0x000000008bd00000|  0%| F|  |TAMS 0x000000008bc00000, 0x000000008bc00000| Untracked 
| 189|0x000000008bd00000, 0x000000008bd00000, 0x000000008be00000|  0%| F|  |TAMS 0x000000008bd00000, 0x000000008bd00000| Untracked 
| 190|0x000000008be00000, 0x000000008be00000, 0x000000008bf00000|  0%| F|  |TAMS 0x000000008be00000, 0x000000008be00000| Untracked 
| 191|0x000000008bf00000, 0x000000008bf00000, 0x000000008c000000|  0%| F|  |TAMS 0x000000008bf00000, 0x000000008bf00000| Untracked 
| 192|0x000000008c000000, 0x000000008c000000, 0x000000008c100000|  0%| F|  |TAMS 0x000000008c000000, 0x000000008c000000| Untracked 
| 193|0x000000008c100000, 0x000000008c100000, 0x000000008c200000|  0%| F|  |TAMS 0x000000008c100000, 0x000000008c100000| Untracked 
| 194|0x000000008c200000, 0x000000008c200000, 0x000000008c300000|  0%| F|  |TAMS 0x000000008c200000, 0x000000008c200000| Untracked 
| 195|0x000000008c300000, 0x000000008c300000, 0x000000008c400000|  0%| F|  |TAMS 0x000000008c300000, 0x000000008c300000| Untracked 
| 196|0x000000008c400000, 0x000000008c400000, 0x000000008c500000|  0%| F|  |TAMS 0x000000008c400000, 0x000000008c400000| Untracked 
| 197|0x000000008c500000, 0x000000008c500000, 0x000000008c600000|  0%| F|  |TAMS 0x000000008c500000, 0x000000008c500000| Untracked 
| 198|0x000000008c600000, 0x000000008c600000, 0x000000008c700000|  0%| F|  |TAMS 0x000000008c600000, 0x000000008c600000| Untracked 
| 199|0x000000008c700000, 0x000000008c700000, 0x000000008c800000|  0%| F|  |TAMS 0x000000008c700000, 0x000000008c700000| Untracked 
| 200|0x000000008c800000, 0x000000008c800000, 0x000000008c900000|  0%| F|  |TAMS 0x000000008c800000, 0x000000008c800000| Untracked 
| 201|0x000000008c900000, 0x000000008c900000, 0x000000008ca00000|  0%| F|  |TAMS 0x000000008c900000, 0x000000008c900000| Untracked 
| 202|0x000000008ca00000, 0x000000008ca00000, 0x000000008cb00000|  0%| F|  |TAMS 0x000000008ca00000, 0x000000008ca00000| Untracked 
| 203|0x000000008cb00000, 0x000000008cb00000, 0x000000008cc00000|  0%| F|  |TAMS 0x000000008cb00000, 0x000000008cb00000| Untracked 
| 204|0x000000008cc00000, 0x000000008cc00000, 0x000000008cd00000|  0%| F|  |TAMS 0x000000008cc00000, 0x000000008cc00000| Untracked 
| 205|0x000000008cd00000, 0x000000008cd00000, 0x000000008ce00000|  0%| F|  |TAMS 0x000000008cd00000, 0x000000008cd00000| Untracked 
| 206|0x000000008ce00000, 0x000000008ce00000, 0x000000008cf00000|  0%| F|  |TAMS 0x000000008ce00000, 0x000000008ce00000| Untracked 
| 207|0x000000008cf00000, 0x000000008cf00000, 0x000000008d000000|  0%| F|  |TAMS 0x000000008cf00000, 0x000000008cf00000| Untracked 
| 208|0x000000008d000000, 0x000000008d000000, 0x000000008d100000|  0%| F|  |TAMS 0x000000008d000000, 0x000000008d000000| Untracked 
| 209|0x000000008d100000, 0x000000008d100000, 0x000000008d200000|  0%| F|  |TAMS 0x000000008d100000, 0x000000008d100000| Untracked 
| 210|0x000000008d200000, 0x000000008d200000, 0x000000008d300000|  0%| F|  |TAMS 0x000000008d200000, 0x000000008d200000| Untracked 
| 211|0x000000008d300000, 0x000000008d300000, 0x000000008d400000|  0%| F|  |TAMS 0x000000008d300000, 0x000000008d300000| Untracked 
| 212|0x000000008d400000, 0x000000008d400000, 0x000000008d500000|  0%| F|  |TAMS 0x000000008d400000, 0x000000008d400000| Untracked 
| 213|0x000000008d500000, 0x000000008d500000, 0x000000008d600000|  0%| F|  |TAMS 0x000000008d500000, 0x000000008d500000| Untracked 
| 214|0x000000008d600000, 0x000000008d600000, 0x000000008d700000|  0%| F|  |TAMS 0x000000008d600000, 0x000000008d600000| Untracked 
| 215|0x000000008d700000, 0x000000008d700000, 0x000000008d800000|  0%| F|  |TAMS 0x000000008d700000, 0x000000008d700000| Untracked 
| 216|0x000000008d800000, 0x000000008d800000, 0x000000008d900000|  0%| F|  |TAMS 0x000000008d800000, 0x000000008d800000| Untracked 
| 217|0x000000008d900000, 0x000000008d900000, 0x000000008da00000|  0%| F|  |TAMS 0x000000008d900000, 0x000000008d900000| Untracked 
| 218|0x000000008da00000, 0x000000008da00000, 0x000000008db00000|  0%| F|  |TAMS 0x000000008da00000, 0x000000008da00000| Untracked 
| 219|0x000000008db00000, 0x000000008db00000, 0x000000008dc00000|  0%| F|  |TAMS 0x000000008db00000, 0x000000008db00000| Untracked 
| 220|0x000000008dc00000, 0x000000008dc00000, 0x000000008dd00000|  0%| F|  |TAMS 0x000000008dc00000, 0x000000008dc00000| Untracked 
| 221|0x000000008dd00000, 0x000000008dd00000, 0x000000008de00000|  0%| F|  |TAMS 0x000000008dd00000, 0x000000008dd00000| Untracked 
| 222|0x000000008de00000, 0x000000008de00000, 0x000000008df00000|  0%| F|  |TAMS 0x000000008de00000, 0x000000008de00000| Untracked 
| 223|0x000000008df00000, 0x000000008df00000, 0x000000008e000000|  0%| F|  |TAMS 0x000000008df00000, 0x000000008df00000| Untracked 
| 224|0x000000008e000000, 0x000000008e000000, 0x000000008e100000|  0%| F|  |TAMS 0x000000008e000000, 0x000000008e000000| Untracked 
| 225|0x000000008e100000, 0x000000008e100000, 0x000000008e200000|  0%| F|  |TAMS 0x000000008e100000, 0x000000008e100000| Untracked 
| 226|0x000000008e200000, 0x000000008e200000, 0x000000008e300000|  0%| F|  |TAMS 0x000000008e200000, 0x000000008e200000| Untracked 
| 227|0x000000008e300000, 0x000000008e300000, 0x000000008e400000|  0%| F|  |TAMS 0x000000008e300000, 0x000000008e300000| Untracked 
| 228|0x000000008e400000, 0x000000008e400000, 0x000000008e500000|  0%| F|  |TAMS 0x000000008e400000, 0x000000008e400000| Untracked 
| 229|0x000000008e500000, 0x000000008e500000, 0x000000008e600000|  0%| F|  |TAMS 0x000000008e500000, 0x000000008e500000| Untracked 
| 230|0x000000008e600000, 0x000000008e600000, 0x000000008e700000|  0%| F|  |TAMS 0x000000008e600000, 0x000000008e600000| Untracked 
| 231|0x000000008e700000, 0x000000008e700000, 0x000000008e800000|  0%| F|  |TAMS 0x000000008e700000, 0x000000008e700000| Untracked 
| 232|0x000000008e800000, 0x000000008e800000, 0x000000008e900000|  0%| F|  |TAMS 0x000000008e800000, 0x000000008e800000| Untracked 
| 233|0x000000008e900000, 0x000000008e900000, 0x000000008ea00000|  0%| F|  |TAMS 0x000000008e900000, 0x000000008e900000| Untracked 
| 234|0x000000008ea00000, 0x000000008ea00000, 0x000000008eb00000|  0%| F|  |TAMS 0x000000008ea00000, 0x000000008ea00000| Untracked 
| 235|0x000000008eb00000, 0x000000008eb00000, 0x000000008ec00000|  0%| F|  |TAMS 0x000000008eb00000, 0x000000008eb00000| Untracked 
| 236|0x000000008ec00000, 0x000000008ec00000, 0x000000008ed00000|  0%| F|  |TAMS 0x000000008ec00000, 0x000000008ec00000| Untracked 
| 237|0x000000008ed00000, 0x000000008ed00000, 0x000000008ee00000|  0%| F|  |TAMS 0x000000008ed00000, 0x000000008ed00000| Untracked 
| 238|0x000000008ee00000, 0x000000008ee00000, 0x000000008ef00000|  0%| F|  |TAMS 0x000000008ee00000, 0x000000008ee00000| Untracked 
| 239|0x000000008ef00000, 0x000000008ef00000, 0x000000008f000000|  0%| F|  |TAMS 0x000000008ef00000, 0x000000008ef00000| Untracked 
| 240|0x000000008f000000, 0x000000008f000000, 0x000000008f100000|  0%| F|  |TAMS 0x000000008f000000, 0x000000008f000000| Untracked 
| 241|0x000000008f100000, 0x000000008f100000, 0x000000008f200000|  0%| F|  |TAMS 0x000000008f100000, 0x000000008f100000| Untracked 
| 242|0x000000008f200000, 0x000000008f200000, 0x000000008f300000|  0%| F|  |TAMS 0x000000008f200000, 0x000000008f200000| Untracked 
| 243|0x000000008f300000, 0x000000008f300000, 0x000000008f400000|  0%| F|  |TAMS 0x000000008f300000, 0x000000008f300000| Untracked 
| 244|0x000000008f400000, 0x000000008f4cc330, 0x000000008f500000| 79%| S|CS|TAMS 0x000000008f400000, 0x000000008f400000| Complete 
| 245|0x000000008f500000, 0x000000008f600000, 0x000000008f600000|100%| S|CS|TAMS 0x000000008f500000, 0x000000008f500000| Complete 
| 246|0x000000008f600000, 0x000000008f700000, 0x000000008f700000|100%| S|CS|TAMS 0x000000008f600000, 0x000000008f600000| Complete 
| 247|0x000000008f700000, 0x000000008f800000, 0x000000008f800000|100%| S|CS|TAMS 0x000000008f700000, 0x000000008f700000| Complete 
| 248|0x000000008f800000, 0x000000008f900000, 0x000000008f900000|100%| S|CS|TAMS 0x000000008f800000, 0x000000008f800000| Complete 
| 249|0x000000008f900000, 0x000000008f900000, 0x000000008fa00000|  0%| F|  |TAMS 0x000000008f900000, 0x000000008f900000| Untracked 
| 250|0x000000008fa00000, 0x000000008fa00000, 0x000000008fb00000|  0%| F|  |TAMS 0x000000008fa00000, 0x000000008fa00000| Untracked 
| 251|0x000000008fb00000, 0x000000008fb00000, 0x000000008fc00000|  0%| F|  |TAMS 0x000000008fb00000, 0x000000008fb00000| Untracked 
| 252|0x000000008fc00000, 0x000000008fc00000, 0x000000008fd00000|  0%| F|  |TAMS 0x000000008fc00000, 0x000000008fc00000| Untracked 
| 253|0x000000008fd00000, 0x000000008fd00000, 0x000000008fe00000|  0%| F|  |TAMS 0x000000008fd00000, 0x000000008fd00000| Untracked 
| 254|0x000000008fe00000, 0x000000008fe00000, 0x000000008ff00000|  0%| F|  |TAMS 0x000000008fe00000, 0x000000008fe00000| Untracked 
| 255|0x000000008ff00000, 0x000000008ff00000, 0x0000000090000000|  0%| F|  |TAMS 0x000000008ff00000, 0x000000008ff00000| Untracked 
| 256|0x0000000090000000, 0x0000000090000000, 0x0000000090100000|  0%| F|  |TAMS 0x0000000090000000, 0x0000000090000000| Untracked 
| 257|0x0000000090100000, 0x0000000090100000, 0x0000000090200000|  0%| F|  |TAMS 0x0000000090100000, 0x0000000090100000| Untracked 
| 258|0x0000000090200000, 0x0000000090200000, 0x0000000090300000|  0%| F|  |TAMS 0x0000000090200000, 0x0000000090200000| Untracked 
| 259|0x0000000090300000, 0x0000000090300000, 0x0000000090400000|  0%| F|  |TAMS 0x0000000090300000, 0x0000000090300000| Untracked 
| 260|0x0000000090400000, 0x0000000090400000, 0x0000000090500000|  0%| F|  |TAMS 0x0000000090400000, 0x0000000090400000| Untracked 
| 261|0x0000000090500000, 0x0000000090500000, 0x0000000090600000|  0%| F|  |TAMS 0x0000000090500000, 0x0000000090500000| Untracked 
| 262|0x0000000090600000, 0x0000000090600000, 0x0000000090700000|  0%| F|  |TAMS 0x0000000090600000, 0x0000000090600000| Untracked 
| 263|0x0000000090700000, 0x0000000090700000, 0x0000000090800000|  0%| F|  |TAMS 0x0000000090700000, 0x0000000090700000| Untracked 
| 264|0x0000000090800000, 0x0000000090800000, 0x0000000090900000|  0%| F|  |TAMS 0x0000000090800000, 0x0000000090800000| Untracked 
| 265|0x0000000090900000, 0x0000000090900000, 0x0000000090a00000|  0%| F|  |TAMS 0x0000000090900000, 0x0000000090900000| Untracked 
| 266|0x0000000090a00000, 0x0000000090a00000, 0x0000000090b00000|  0%| F|  |TAMS 0x0000000090a00000, 0x0000000090a00000| Untracked 
| 267|0x0000000090b00000, 0x0000000090b00000, 0x0000000090c00000|  0%| F|  |TAMS 0x0000000090b00000, 0x0000000090b00000| Untracked 
| 268|0x0000000090c00000, 0x0000000090c00000, 0x0000000090d00000|  0%| F|  |TAMS 0x0000000090c00000, 0x0000000090c00000| Untracked 
| 269|0x0000000090d00000, 0x0000000090d00000, 0x0000000090e00000|  0%| F|  |TAMS 0x0000000090d00000, 0x0000000090d00000| Untracked 
| 270|0x0000000090e00000, 0x0000000090e00000, 0x0000000090f00000|  0%| F|  |TAMS 0x0000000090e00000, 0x0000000090e00000| Untracked 
| 271|0x0000000090f00000, 0x0000000090f00000, 0x0000000091000000|  0%| F|  |TAMS 0x0000000090f00000, 0x0000000090f00000| Untracked 
| 272|0x0000000091000000, 0x0000000091000000, 0x0000000091100000|  0%| F|  |TAMS 0x0000000091000000, 0x0000000091000000| Untracked 
| 273|0x0000000091100000, 0x0000000091100000, 0x0000000091200000|  0%| F|  |TAMS 0x0000000091100000, 0x0000000091100000| Untracked 
| 274|0x0000000091200000, 0x0000000091200000, 0x0000000091300000|  0%| F|  |TAMS 0x0000000091200000, 0x0000000091200000| Untracked 
| 275|0x0000000091300000, 0x0000000091300000, 0x0000000091400000|  0%| F|  |TAMS 0x0000000091300000, 0x0000000091300000| Untracked 
| 276|0x0000000091400000, 0x0000000091400000, 0x0000000091500000|  0%| F|  |TAMS 0x0000000091400000, 0x0000000091400000| Untracked 
| 277|0x0000000091500000, 0x0000000091500000, 0x0000000091600000|  0%| F|  |TAMS 0x0000000091500000, 0x0000000091500000| Untracked 
| 278|0x0000000091600000, 0x0000000091600000, 0x0000000091700000|  0%| F|  |TAMS 0x0000000091600000, 0x0000000091600000| Untracked 
| 279|0x0000000091700000, 0x0000000091700000, 0x0000000091800000|  0%| F|  |TAMS 0x0000000091700000, 0x0000000091700000| Untracked 
| 280|0x0000000091800000, 0x0000000091800000, 0x0000000091900000|  0%| F|  |TAMS 0x0000000091800000, 0x0000000091800000| Untracked 
| 281|0x0000000091900000, 0x0000000091900000, 0x0000000091a00000|  0%| F|  |TAMS 0x0000000091900000, 0x0000000091900000| Untracked 
| 282|0x0000000091a00000, 0x0000000091a00000, 0x0000000091b00000|  0%| F|  |TAMS 0x0000000091a00000, 0x0000000091a00000| Untracked 
| 283|0x0000000091b00000, 0x0000000091b00000, 0x0000000091c00000|  0%| F|  |TAMS 0x0000000091b00000, 0x0000000091b00000| Untracked 
| 284|0x0000000091c00000, 0x0000000091c00000, 0x0000000091d00000|  0%| F|  |TAMS 0x0000000091c00000, 0x0000000091c00000| Untracked 
| 285|0x0000000091d00000, 0x0000000091d00000, 0x0000000091e00000|  0%| F|  |TAMS 0x0000000091d00000, 0x0000000091d00000| Untracked 
| 286|0x0000000091e00000, 0x0000000091e00000, 0x0000000091f00000|  0%| F|  |TAMS 0x0000000091e00000, 0x0000000091e00000| Untracked 
| 287|0x0000000091f00000, 0x0000000091f00000, 0x0000000092000000|  0%| F|  |TAMS 0x0000000091f00000, 0x0000000091f00000| Untracked 
| 288|0x0000000092000000, 0x0000000092000000, 0x0000000092100000|  0%| F|  |TAMS 0x0000000092000000, 0x0000000092000000| Untracked 
| 289|0x0000000092100000, 0x0000000092100000, 0x0000000092200000|  0%| F|  |TAMS 0x0000000092100000, 0x0000000092100000| Untracked 
| 290|0x0000000092200000, 0x0000000092200000, 0x0000000092300000|  0%| F|  |TAMS 0x0000000092200000, 0x0000000092200000| Untracked 
| 291|0x0000000092300000, 0x0000000092300000, 0x0000000092400000|  0%| F|  |TAMS 0x0000000092300000, 0x0000000092300000| Untracked 
| 292|0x0000000092400000, 0x0000000092400000, 0x0000000092500000|  0%| F|  |TAMS 0x0000000092400000, 0x0000000092400000| Untracked 
| 293|0x0000000092500000, 0x0000000092500000, 0x0000000092600000|  0%| F|  |TAMS 0x0000000092500000, 0x0000000092500000| Untracked 
| 294|0x0000000092600000, 0x0000000092600000, 0x0000000092700000|  0%| F|  |TAMS 0x0000000092600000, 0x0000000092600000| Untracked 
| 295|0x0000000092700000, 0x0000000092700000, 0x0000000092800000|  0%| F|  |TAMS 0x0000000092700000, 0x0000000092700000| Untracked 
| 296|0x0000000092800000, 0x0000000092800000, 0x0000000092900000|  0%| F|  |TAMS 0x0000000092800000, 0x0000000092800000| Untracked 
| 297|0x0000000092900000, 0x0000000092900000, 0x0000000092a00000|  0%| F|  |TAMS 0x0000000092900000, 0x0000000092900000| Untracked 
| 298|0x0000000092a00000, 0x0000000092a00000, 0x0000000092b00000|  0%| F|  |TAMS 0x0000000092a00000, 0x0000000092a00000| Untracked 
| 299|0x0000000092b00000, 0x0000000092b00000, 0x0000000092c00000|  0%| F|  |TAMS 0x0000000092b00000, 0x0000000092b00000| Untracked 
| 300|0x0000000092c00000, 0x0000000092c00000, 0x0000000092d00000|  0%| F|  |TAMS 0x0000000092c00000, 0x0000000092c00000| Untracked 
| 301|0x0000000092d00000, 0x0000000092d00000, 0x0000000092e00000|  0%| F|  |TAMS 0x0000000092d00000, 0x0000000092d00000| Untracked 
| 302|0x0000000092e00000, 0x0000000092e00000, 0x0000000092f00000|  0%| F|  |TAMS 0x0000000092e00000, 0x0000000092e00000| Untracked 
| 303|0x0000000092f00000, 0x0000000092f00000, 0x0000000093000000|  0%| F|  |TAMS 0x0000000092f00000, 0x0000000092f00000| Untracked 
| 304|0x0000000093000000, 0x0000000093000000, 0x0000000093100000|  0%| F|  |TAMS 0x0000000093000000, 0x0000000093000000| Untracked 
| 305|0x0000000093100000, 0x0000000093100000, 0x0000000093200000|  0%| F|  |TAMS 0x0000000093100000, 0x0000000093100000| Untracked 
| 306|0x0000000093200000, 0x0000000093200000, 0x0000000093300000|  0%| F|  |TAMS 0x0000000093200000, 0x0000000093200000| Untracked 
| 307|0x0000000093300000, 0x0000000093300000, 0x0000000093400000|  0%| F|  |TAMS 0x0000000093300000, 0x0000000093300000| Untracked 
| 308|0x0000000093400000, 0x0000000093400000, 0x0000000093500000|  0%| F|  |TAMS 0x0000000093400000, 0x0000000093400000| Untracked 
| 309|0x0000000093500000, 0x0000000093500000, 0x0000000093600000|  0%| F|  |TAMS 0x0000000093500000, 0x0000000093500000| Untracked 
| 310|0x0000000093600000, 0x0000000093600000, 0x0000000093700000|  0%| F|  |TAMS 0x0000000093600000, 0x0000000093600000| Untracked 
| 311|0x0000000093700000, 0x0000000093700000, 0x0000000093800000|  0%| F|  |TAMS 0x0000000093700000, 0x0000000093700000| Untracked 
| 312|0x0000000093800000, 0x0000000093800000, 0x0000000093900000|  0%| F|  |TAMS 0x0000000093800000, 0x0000000093800000| Untracked 
| 313|0x0000000093900000, 0x0000000093900000, 0x0000000093a00000|  0%| F|  |TAMS 0x0000000093900000, 0x0000000093900000| Untracked 
| 314|0x0000000093a00000, 0x0000000093a00000, 0x0000000093b00000|  0%| F|  |TAMS 0x0000000093a00000, 0x0000000093a00000| Untracked 
| 315|0x0000000093b00000, 0x0000000093b00000, 0x0000000093c00000|  0%| F|  |TAMS 0x0000000093b00000, 0x0000000093b00000| Untracked 
| 316|0x0000000093c00000, 0x0000000093c00000, 0x0000000093d00000|  0%| F|  |TAMS 0x0000000093c00000, 0x0000000093c00000| Untracked 
| 317|0x0000000093d00000, 0x0000000093d00000, 0x0000000093e00000|  0%| F|  |TAMS 0x0000000093d00000, 0x0000000093d00000| Untracked 
| 318|0x0000000093e00000, 0x0000000093e00000, 0x0000000093f00000|  0%| F|  |TAMS 0x0000000093e00000, 0x0000000093e00000| Untracked 
| 319|0x0000000093f00000, 0x0000000093f00000, 0x0000000094000000|  0%| F|  |TAMS 0x0000000093f00000, 0x0000000093f00000| Untracked 
| 320|0x0000000094000000, 0x0000000094000000, 0x0000000094100000|  0%| F|  |TAMS 0x0000000094000000, 0x0000000094000000| Untracked 

Card table byte_map: [0x000001989c750000,0x000001989cb50000] _byte_map_base: 0x000001989c350000

Marking Bits (Prev, Next): (CMBitMap*) 0x0000019889ed6f00, (CMBitMap*) 0x0000019889ed6f40
 Prev Bits: [0x000001989cf50000, 0x000001989ef50000)
 Next Bits: [0x000001989ef50000, 0x00000198a0f50000)

Polling page: 0x0000019889650000

Metaspace:

Usage:
  Non-class:    105.11 MB used.
      Class:     16.61 MB used.
       Both:    121.72 MB used.

Virtual space:
  Non-class space:      112.00 MB reserved,     105.56 MB ( 94%) committed,  14 nodes.
      Class space:        1.00 GB reserved,      17.00 MB (  2%) committed,  1 nodes.
             Both:        1.11 GB reserved,     122.56 MB ( 11%) committed. 

Chunk freelists:
   Non-Class:  1.72 MB
       Class:  2.95 MB
        Both:  4.67 MB

MaxMetaspaceSize: unlimited
CompressedClassSpaceSize: 1.00 GB
Initial GC threshold: 21.00 MB
Current GC threshold: 189.38 MB
CDS: off
MetaspaceReclaimPolicy: balanced
 - commit_granule_bytes: 65536.
 - commit_granule_words: 8192.
 - virtual_space_node_default_size: 1048576.
 - enlarge_chunks_in_place: 1.
 - new_chunks_are_fully_committed: 0.
 - uncommit_free_chunks: 1.
 - use_allocation_guard: 0.
 - handle_deallocations: 1.


Internal statistics:

num_allocs_failed_limit: 19.
num_arena_births: 1442.
num_arena_deaths: 48.
num_vsnodes_births: 15.
num_vsnodes_deaths: 0.
num_space_committed: 1961.
num_space_uncommitted: 0.
num_chunks_returned_to_freelist: 85.
num_chunks_taken_from_freelist: 6323.
num_chunk_merges: 37.
num_chunk_splits: 4126.
num_chunks_enlarged: 2688.
num_purges: 4.
num_inconsistent_stats: 0.

CodeHeap 'non-profiled nmethods': size=120000Kb used=10697Kb max_used=10697Kb free=109302Kb
 bounds [0x0000019894e20000, 0x00000198958a0000, 0x000001989c350000]
CodeHeap 'profiled nmethods': size=120000Kb used=35680Kb max_used=35680Kb free=84319Kb
 bounds [0x000001988d350000, 0x000001988f630000, 0x0000019894880000]
CodeHeap 'non-nmethods': size=5760Kb used=2468Kb max_used=2533Kb free=3292Kb
 bounds [0x0000019894880000, 0x0000019894b10000, 0x0000019894e20000]
 total_blobs=18649 nmethods=17648 adapters=912
 compilation: enabled
              stopped_count=0, restarted_count=0
 full_count=0

Compilation events (20 events):
Event: 527.816 Thread 0x00000198a400c290 nmethod 21297 0x000001989588f210 code [0x000001989588f440, 0x0000019895890840]
Event: 527.816 Thread 0x00000198a400c290 21300       4       org.gradle.internal.component.model.ImmutableModuleSources::getSource (50 bytes)
Event: 527.826 Thread 0x00000198a400c290 nmethod 21300 0x0000019895891210 code [0x00000198958913c0, 0x00000198958916e8]
Event: 527.844 Thread 0x00000198a400cfa0 21301       3       org.gradle.internal.classpath.DefaultCachedClasspathTransformer$$Lambda$339/0x00000001004bc810::apply (17 bytes)
Event: 527.844 Thread 0x00000198a400c290 21306   !   4       java.io.File::toPath (54 bytes)
Event: 527.851 Thread 0x00000198a400cfa0 nmethod 21301 0x000001988f623990 code [0x000001988f623b40, 0x000001988f623dc8]
Event: 527.851 Thread 0x00000198a400cfa0 21302       3       org.gradle.internal.classpath.DefaultCachedClasspathTransformer::lambda$transformFiles$1 (8 bytes)
Event: 527.851 Thread 0x00000198a400cfa0 nmethod 21302 0x000001988f623f10 code [0x000001988f6240a0, 0x000001988f6241e8]
Event: 527.851 Thread 0x00000198a400cfa0 21303       3       org.gradle.internal.classpath.DefaultCachedClasspathTransformer::cachedFile (81 bytes)
Event: 527.857 Thread 0x00000198a400cfa0 nmethod 21303 0x000001988f624290 code [0x000001988f6246c0, 0x000001988f626658]
Event: 527.858 Thread 0x00000198a400cfa0 21304       3       org.gradle.internal.classpath.DefaultCachedClasspathTransformer::snapshotOf (14 bytes)
Event: 527.860 Thread 0x00000198a400cfa0 nmethod 21304 0x000001988f627110 code [0x000001988f627380, 0x000001988f627e28]
Event: 527.860 Thread 0x00000198a400cfa0 21305       3       org.gradle.internal.classpath.DefaultCachedClasspathTransformer::shouldUseFromCache (30 bytes)
Event: 527.860 Thread 0x00000198a400cfa0 nmethod 21305 0x000001988f628290 code [0x000001988f628460, 0x000001988f6287f8]
Event: 527.860 Thread 0x00000198a400cfa0 21307       3       org.gradle.internal.classpath.DefaultCachedClasspathTransformer$$Lambda$367/0x00000001004c8970::<init> (26 bytes)
Event: 527.860 Thread 0x00000198a400cfa0 nmethod 21307 0x000001988f628990 code [0x000001988f628b40, 0x000001988f628e18]
Event: 527.878 Thread 0x00000198a400c290 nmethod 21306 0x0000019895891910 code [0x0000019895891aa0, 0x00000198958922a8]
Event: 527.886 Thread 0x00000198a400cfa0 21308       3       java.util.concurrent.FutureTask::isDone (13 bytes)
Event: 527.886 Thread 0x00000198a400cfa0 nmethod 21308 0x000001988f628f10 code [0x000001988f6290a0, 0x000001988f629218]
Event: 527.891 Thread 0x00000198a400cfa0 21309       3       org.gradle.internal.classpath.DefaultCachedClasspathTransformer::transformFile (29 bytes)

GC Heap History (20 events):
Event: 23.648 GC heap after
{Heap after GC invocations=53 (full 0):
 garbage-first heap   total 235520K, used 142269K [0x0000000080000000, 0x0000000100000000)
  region size 1024K, 3 young (3072K), 3 survivors (3072K)
 Metaspace       used 110295K, committed 111040K, reserved 1146880K
  class space    used 15149K, committed 15552K, reserved 1048576K
}
Event: 24.278 GC heap before
{Heap before GC invocations=54 (full 0):
 garbage-first heap   total 273408K, used 191421K [0x0000000080000000, 0x0000000100000000)
  region size 1024K, 51 young (52224K), 3 survivors (3072K)
 Metaspace       used 112351K, committed 113152K, reserved 1146880K
  class space    used 15399K, committed 15808K, reserved 1048576K
}
Event: 24.288 GC heap after
{Heap after GC invocations=55 (full 0):
 garbage-first heap   total 273408K, used 144774K [0x0000000080000000, 0x0000000100000000)
  region size 1024K, 6 young (6144K), 6 survivors (6144K)
 Metaspace       used 112351K, committed 113152K, reserved 1146880K
  class space    used 15399K, committed 15808K, reserved 1048576K
}
Event: 24.466 GC heap before
{Heap before GC invocations=55 (full 0):
 garbage-first heap   total 273408K, used 151942K [0x0000000080000000, 0x0000000100000000)
  region size 1024K, 13 young (13312K), 6 survivors (6144K)
 Metaspace       used 112881K, committed 113664K, reserved 1146880K
  class space    used 15465K, committed 15808K, reserved 1048576K
}
Event: 24.472 GC heap after
{Heap after GC invocations=56 (full 0):
 garbage-first heap   total 328704K, used 144527K [0x0000000080000000, 0x0000000100000000)
  region size 1024K, 2 young (2048K), 2 survivors (2048K)
 Metaspace       used 112881K, committed 113664K, reserved 1146880K
  class space    used 15465K, committed 15808K, reserved 1048576K
}
Event: 25.649 GC heap before
{Heap before GC invocations=56 (full 0):
 garbage-first heap   total 328704K, used 260239K [0x0000000080000000, 0x0000000100000000)
  region size 1024K, 114 young (116736K), 2 survivors (2048K)
 Metaspace       used 114869K, committed 115648K, reserved 1155072K
  class space    used 15694K, committed 16064K, reserved 1048576K
}
Event: 25.657 GC heap after
{Heap after GC invocations=57 (full 0):
 garbage-first heap   total 328704K, used 148966K [0x0000000080000000, 0x0000000100000000)
  region size 1024K, 7 young (7168K), 7 survivors (7168K)
 Metaspace       used 114869K, committed 115648K, reserved 1155072K
  class space    used 15694K, committed 16064K, reserved 1048576K
}
Event: 28.274 GC heap before
{Heap before GC invocations=58 (full 0):
 garbage-first heap   total 328704K, used 261606K [0x0000000080000000, 0x0000000100000000)
  region size 1024K, 118 young (120832K), 7 survivors (7168K)
 Metaspace       used 119155K, committed 119872K, reserved 1155072K
  class space    used 16356K, committed 16704K, reserved 1048576K
}
Event: 28.289 GC heap after
{Heap after GC invocations=59 (full 0):
 garbage-first heap   total 328704K, used 152496K [0x0000000080000000, 0x0000000100000000)
  region size 1024K, 12 young (12288K), 12 survivors (12288K)
 Metaspace       used 119155K, committed 119872K, reserved 1155072K
  class space    used 16356K, committed 16704K, reserved 1048576K
}
Event: 28.325 GC heap before
{Heap before GC invocations=59 (full 0):
 garbage-first heap   total 328704K, used 156592K [0x0000000080000000, 0x0000000100000000)
  region size 1024K, 16 young (16384K), 12 survivors (12288K)
 Metaspace       used 119423K, committed 120192K, reserved 1155072K
  class space    used 16391K, committed 16768K, reserved 1048576K
}
Event: 28.346 GC heap after
{Heap after GC invocations=60 (full 0):
 garbage-first heap   total 328704K, used 150795K [0x0000000080000000, 0x0000000100000000)
  region size 1024K, 2 young (2048K), 2 survivors (2048K)
 Metaspace       used 119423K, committed 120192K, reserved 1155072K
  class space    used 16391K, committed 16768K, reserved 1048576K
}
Event: 197.792 GC heap before
{Heap before GC invocations=60 (full 0):
 garbage-first heap   total 328704K, used 265483K [0x0000000080000000, 0x0000000100000000)
  region size 1024K, 115 young (117760K), 2 survivors (2048K)
 Metaspace       used 122120K, committed 122944K, reserved 1155072K
  class space    used 16681K, committed 17088K, reserved 1048576K
}
Event: 198.513 GC heap after
{Heap after GC invocations=61 (full 0):
 garbage-first heap   total 328704K, used 159868K [0x0000000080000000, 0x0000000100000000)
  region size 1024K, 11 young (11264K), 11 survivors (11264K)
 Metaspace       used 122120K, committed 122944K, reserved 1155072K
  class space    used 16681K, committed 17088K, reserved 1048576K
}
Event: 198.679 GC heap before
{Heap before GC invocations=61 (full 0):
 garbage-first heap   total 328704K, used 164988K [0x0000000080000000, 0x0000000100000000)
  region size 1024K, 16 young (16384K), 11 survivors (11264K)
 Metaspace       used 122276K, committed 123072K, reserved 1155072K
  class space    used 16699K, committed 17088K, reserved 1048576K
}
Event: 198.802 GC heap after
{Heap after GC invocations=62 (full 0):
 garbage-first heap   total 328704K, used 161127K [0x0000000080000000, 0x0000000100000000)
  region size 1024K, 2 young (2048K), 2 survivors (2048K)
 Metaspace       used 122276K, committed 123072K, reserved 1155072K
  class space    used 16699K, committed 17088K, reserved 1048576K
}
Event: 221.022 GC heap before
{Heap before GC invocations=62 (full 0):
 garbage-first heap   total 328704K, used 246119K [0x0000000080000000, 0x0000000100000000)
  region size 1024K, 84 young (86016K), 2 survivors (2048K)
 Metaspace       used 124221K, committed 125056K, reserved 1163264K
  class space    used 16982K, committed 17408K, reserved 1048576K
}
Event: 221.532 GC heap after
{Heap after GC invocations=63 (full 0):
 garbage-first heap   total 328704K, used 176534K [0x0000000080000000, 0x0000000100000000)
  region size 1024K, 11 young (11264K), 11 survivors (11264K)
 Metaspace       used 124221K, committed 125056K, reserved 1163264K
  class space    used 16982K, committed 17408K, reserved 1048576K
}
Event: 221.665 GC heap before
{Heap before GC invocations=63 (full 0):
 garbage-first heap   total 328704K, used 183702K [0x0000000080000000, 0x0000000100000000)
  region size 1024K, 19 young (19456K), 11 survivors (11264K)
 Metaspace       used 124231K, committed 125056K, reserved 1163264K
  class space    used 16982K, committed 17408K, reserved 1048576K
}
Event: 221.780 GC heap after
{Heap after GC invocations=64 (full 0):
 garbage-first heap   total 328704K, used 178354K [0x0000000080000000, 0x0000000100000000)
  region size 1024K, 2 young (2048K), 2 survivors (2048K)
 Metaspace       used 124231K, committed 125056K, reserved 1163264K
  class space    used 16982K, committed 17408K, reserved 1048576K
}
Event: 527.895 GC heap before
{Heap before GC invocations=64 (full 0):
 garbage-first heap   total 328704K, used 249010K [0x0000000080000000, 0x0000000100000000)
  region size 1024K, 72 young (73728K), 2 survivors (2048K)
 Metaspace       used 124640K, committed 125504K, reserved 1163264K
  class space    used 17010K, committed 17408K, reserved 1048576K
}

Dll operation events (2 events):
Event: 0.030 Loaded shared library C:\Program Files\Android\Android Studio1\jbr\bin\java.dll
Event: 0.565 Loaded shared library C:\Program Files\Android\Android Studio1\jbr\bin\verify.dll

Deoptimization events (20 events):
Event: 525.915 Thread 0x00000198a7a9d410 Uncommon trap: trap_request=0xffffffc6 fr.pc=0x00000198956277d0 relative=0x0000000000000a50
Event: 525.915 Thread 0x00000198a7a9d410 Uncommon trap: reason=bimorphic_or_optimized_type_check action=maybe_recompile pc=0x00000198956277d0 method=org.gradle.internal.operations.DefaultBuildOperationListenerManager$ProgressShieldingBuildOperationListener.finished(Lorg/gradle/internal/operation
Event: 525.915 Thread 0x00000198a7a9d410 DEOPT PACKING pc=0x00000198956277d0 sp=0x0000007291afaee0
Event: 525.915 Thread 0x00000198a7a9d410 DEOPT UNPACKING pc=0x00000198948da1a3 sp=0x0000007291afae38 mode 2
Event: 525.930 Thread 0x00000198a7a9d410 Uncommon trap: trap_request=0xffffffc6 fr.pc=0x00000198956170d8 relative=0x00000000000007f8
Event: 525.930 Thread 0x00000198a7a9d410 Uncommon trap: reason=bimorphic_or_optimized_type_check action=maybe_recompile pc=0x00000198956170d8 method=org.gradle.internal.operations.DefaultBuildOperationListenerManager$ProgressShieldingBuildOperationListener.finished(Lorg/gradle/internal/operation
Event: 525.930 Thread 0x00000198a7a9d410 DEOPT PACKING pc=0x00000198956170d8 sp=0x0000007291afa050
Event: 525.930 Thread 0x00000198a7a9d410 DEOPT UNPACKING pc=0x00000198948da1a3 sp=0x0000007291afa030 mode 2
Event: 525.945 Thread 0x00000198a7a9d410 Uncommon trap: trap_request=0xffffffde fr.pc=0x0000019895322eac relative=0x0000000000000c6c
Event: 525.946 Thread 0x00000198a7a9d410 Uncommon trap: reason=class_check action=maybe_recompile pc=0x0000019895322eac method=com.google.common.cache.LocalCache$Segment.setValue(Lcom/google/common/cache/ReferenceEntry;Ljava/lang/Object;Ljava/lang/Object;J)V @ 51 c2
Event: 525.946 Thread 0x00000198a7a9d410 DEOPT PACKING pc=0x0000019895322eac sp=0x0000007291afb030
Event: 525.947 Thread 0x00000198a7a9d410 DEOPT UNPACKING pc=0x00000198948da1a3 sp=0x0000007291afafd8 mode 2
Event: 526.616 Thread 0x00000198a7a9d410 Uncommon trap: trap_request=0xffffffde fr.pc=0x000001989538b814 relative=0x0000000000000654
Event: 526.617 Thread 0x00000198a7a9d410 Uncommon trap: reason=class_check action=maybe_recompile pc=0x000001989538b814 method=org.gradle.cache.internal.LockOnDemandCrossProcessCacheAccess.incrementLockCount()V @ 97 c2
Event: 526.617 Thread 0x00000198a7a9d410 DEOPT PACKING pc=0x000001989538b814 sp=0x0000007291af7390
Event: 526.619 Thread 0x00000198a7a9d410 DEOPT UNPACKING pc=0x00000198948da1a3 sp=0x0000007291af7340 mode 2
Event: 526.732 Thread 0x00000198a7a9d410 Uncommon trap: trap_request=0xffffff45 fr.pc=0x0000019895382c04 relative=0x0000000000001164
Event: 526.733 Thread 0x00000198a7a9d410 Uncommon trap: reason=unstable_if action=reinterpret pc=0x0000019895382c04 method=org.gradle.api.internal.attributes.DefaultCompatibilityRuleChain.doesSomething()Z @ 9 c2
Event: 526.733 Thread 0x00000198a7a9d410 DEOPT PACKING pc=0x0000019895382c04 sp=0x0000007291af8be0
Event: 526.734 Thread 0x00000198a7a9d410 DEOPT UNPACKING pc=0x00000198948da1a3 sp=0x0000007291af8b80 mode 2

Classes unloaded (20 events):
Event: 25.953 Thread 0x0000019889f4ea90 Unloading class 0x0000000100f41400 'java/lang/invoke/LambdaForm$DMH+0x0000000100f41400'
Event: 25.953 Thread 0x0000019889f4ea90 Unloading class 0x0000000100f10000 'java/lang/invoke/LambdaForm$DMH+0x0000000100f10000'
Event: 25.953 Thread 0x0000019889f4ea90 Unloading class 0x0000000100efd400 'java/lang/invoke/LambdaForm$DMH+0x0000000100efd400'
Event: 25.953 Thread 0x0000019889f4ea90 Unloading class 0x0000000100efc800 'java/lang/invoke/LambdaForm$DMH+0x0000000100efc800'
Event: 25.953 Thread 0x0000019889f4ea90 Unloading class 0x0000000100efd000 'java/lang/invoke/LambdaForm$DMH+0x0000000100efd000'
Event: 25.953 Thread 0x0000019889f4ea90 Unloading class 0x0000000100efc400 'java/lang/invoke/LambdaForm$DMH+0x0000000100efc400'
Event: 25.953 Thread 0x0000019889f4ea90 Unloading class 0x0000000100e84c00 'java/lang/invoke/LambdaForm$DMH+0x0000000100e84c00'
Event: 25.953 Thread 0x0000019889f4ea90 Unloading class 0x0000000100e84800 'java/lang/invoke/LambdaForm$DMH+0x0000000100e84800'
Event: 25.953 Thread 0x0000019889f4ea90 Unloading class 0x0000000100e84400 'java/lang/invoke/LambdaForm$DMH+0x0000000100e84400'
Event: 25.953 Thread 0x0000019889f4ea90 Unloading class 0x0000000100e68800 'java/lang/invoke/LambdaForm$DMH+0x0000000100e68800'
Event: 25.953 Thread 0x0000019889f4ea90 Unloading class 0x0000000100e68400 'java/lang/invoke/LambdaForm$DMH+0x0000000100e68400'
Event: 25.953 Thread 0x0000019889f4ea90 Unloading class 0x0000000100e68000 'java/lang/invoke/LambdaForm$DMH+0x0000000100e68000'
Event: 25.953 Thread 0x0000019889f4ea90 Unloading class 0x0000000100e08c00 'java/lang/invoke/LambdaForm$DMH+0x0000000100e08c00'
Event: 25.953 Thread 0x0000019889f4ea90 Unloading class 0x0000000100e08800 'java/lang/invoke/LambdaForm$DMH+0x0000000100e08800'
Event: 25.953 Thread 0x0000019889f4ea90 Unloading class 0x0000000100e08400 'java/lang/invoke/LambdaForm$DMH+0x0000000100e08400'
Event: 25.953 Thread 0x0000019889f4ea90 Unloading class 0x0000000100dc4c00 'java/lang/invoke/LambdaForm$DMH+0x0000000100dc4c00'
Event: 25.953 Thread 0x0000019889f4ea90 Unloading class 0x0000000100dc4800 'java/lang/invoke/LambdaForm$DMH+0x0000000100dc4800'
Event: 25.953 Thread 0x0000019889f4ea90 Unloading class 0x0000000100dc4000 'java/lang/invoke/LambdaForm$DMH+0x0000000100dc4000'
Event: 25.953 Thread 0x0000019889f4ea90 Unloading class 0x0000000100db5000 'java/lang/invoke/LambdaForm$DMH+0x0000000100db5000'
Event: 25.953 Thread 0x0000019889f4ea90 Unloading class 0x0000000100db4400 'java/lang/invoke/LambdaForm$DMH+0x0000000100db4400'

Classes redefined (0 events):
No events

Internal exceptions (20 events):
Event: 200.266 Thread 0x00000198a7a99a50 Exception <a 'java/lang/NoSuchMethodError'{0x00000000937f4868}: static Lorg/jetbrains/kotlin/daemon/common/DaemonJVMOptions;.<clinit>()V> (0x00000000937f4868) 
thrown [s\src\hotspot\share\prims\jni.cpp, line 1108]
Event: 200.289 Thread 0x00000198a7a99a50 Exception <a 'java/lang/NoSuchMethodError'{0x000000009361cc60}: static Lorg/jetbrains/kotlin/daemon/common/CompileService$CallResult$Ok;.<clinit>()V> (0x000000009361cc60) 
thrown [s\src\hotspot\share\prims\jni.cpp, line 1108]
Event: 200.391 Thread 0x00000198a7a99a50 Exception <a 'java/lang/NoSuchMethodError'{0x0000000093526b00}: static [Ljava/lang/Integer;.<clinit>()V> (0x0000000093526b00) 
thrown [s\src\hotspot\share\prims\jni.cpp, line 1108]
Event: 215.676 Thread 0x00000198a6e09a00 Implicit null exception at 0x0000019894e7b1c5 to 0x0000019894e7befc
Event: 218.376 Thread 0x00000198a6e09a00 Exception <a 'sun/nio/fs/WindowsException'{0x000000009137a8d8}> (0x000000009137a8d8) 
thrown [s\src\hotspot\share\prims\jni.cpp, line 517]
Event: 218.394 Thread 0x00000198a6e09a00 Exception <a 'sun/nio/fs/WindowsException'{0x00000000913898a0}> (0x00000000913898a0) 
thrown [s\src\hotspot\share\prims\jni.cpp, line 517]
Event: 218.395 Thread 0x00000198a6e09a00 Exception <a 'java/lang/IncompatibleClassChangeError'{0x000000009138b9a0}: Found class java.lang.Object, but interface was expected> (0x000000009138b9a0) 
thrown [s\src\hotspot\share\interpreter\linkResolver.cpp, line 838]
Event: 218.490 Thread 0x00000198afcebaf0 Exception <a 'java/lang/NoSuchMethodError'{0x00000000912765f8}: static Lorg/gradle/internal/build/event/types/DefaultJavaCompileTaskSuccessResult;.<clinit>()V> (0x00000000912765f8) 
thrown [s\src\hotspot\share\prims\jni.cpp, line 1108]
Event: 220.001 Thread 0x00000198a7a99a50 Exception <a 'sun/nio/fs/WindowsException'{0x000000008ff6bae8}> (0x000000008ff6bae8) 
thrown [s\src\hotspot\share\prims\jni.cpp, line 517]
Event: 220.001 Thread 0x00000198a7a9b260 Exception <a 'sun/nio/fs/WindowsException'{0x000000008ff2c020}> (0x000000008ff2c020) 
thrown [s\src\hotspot\share\prims\jni.cpp, line 517]
Event: 222.010 Thread 0x00000198a7a9b260 Exception <a 'sun/nio/fs/WindowsException'{0x00000000939e4080}> (0x00000000939e4080) 
thrown [s\src\hotspot\share\prims\jni.cpp, line 517]
Event: 222.486 Thread 0x00000198a7a99a50 Exception <a 'sun/nio/fs/WindowsException'{0x0000000092b1a508}> (0x0000000092b1a508) 
thrown [s\src\hotspot\share\prims\jni.cpp, line 517]
Event: 222.501 Thread 0x00000198a7a99a50 Exception <a 'sun/nio/fs/WindowsException'{0x0000000092bc5f18}> (0x0000000092bc5f18) 
thrown [s\src\hotspot\share\prims\jni.cpp, line 517]
Event: 223.122 Thread 0x00000198a7a96090 Exception <a 'sun/nio/fs/WindowsException'{0x0000000092991ec8}> (0x0000000092991ec8) 
thrown [s\src\hotspot\share\prims\jni.cpp, line 517]
Event: 223.123 Thread 0x00000198a7a96090 Exception <a 'sun/nio/fs/WindowsException'{0x0000000092992288}> (0x0000000092992288) 
thrown [s\src\hotspot\share\prims\jni.cpp, line 517]
Event: 223.254 Thread 0x00000198a7a9b730 Exception <a 'sun/nio/fs/WindowsException'{0x00000000929c1970}> (0x00000000929c1970) 
thrown [s\src\hotspot\share\prims\jni.cpp, line 517]
Event: 223.306 Thread 0x00000198a7a9b730 Exception <a 'sun/nio/fs/WindowsException'{0x00000000925525a8}> (0x00000000925525a8) 
thrown [s\src\hotspot\share\prims\jni.cpp, line 517]
Event: 223.872 Thread 0x00000198a7a9d410 Exception <a 'sun/nio/fs/WindowsException'{0x0000000093f61728}> (0x0000000093f61728) 
thrown [s\src\hotspot\share\prims\jni.cpp, line 517]
Event: 223.872 Thread 0x00000198a7a9d410 Exception <a 'sun/nio/fs/WindowsException'{0x0000000093f61ae0}> (0x0000000093f61ae0) 
thrown [s\src\hotspot\share\prims\jni.cpp, line 517]
Event: 223.873 Thread 0x00000198a7a9d410 Exception <a 'sun/nio/fs/WindowsException'{0x0000000093f63990}> (0x0000000093f63990) 
thrown [s\src\hotspot\share\prims\jni.cpp, line 517]

VM Operations (20 events):
Event: 500.584 Executing VM operation: Cleanup done
Event: 502.583 Executing VM operation: Cleanup
Event: 502.585 Executing VM operation: Cleanup done
Event: 507.588 Executing VM operation: Cleanup
Event: 507.588 Executing VM operation: Cleanup done
Event: 518.593 Executing VM operation: Cleanup
Event: 518.685 Executing VM operation: Cleanup done
Event: 520.685 Executing VM operation: Cleanup
Event: 520.694 Executing VM operation: Cleanup done
Event: 521.695 Executing VM operation: Cleanup
Event: 521.708 Executing VM operation: Cleanup done
Event: 522.708 Executing VM operation: Cleanup
Event: 522.711 Executing VM operation: Cleanup done
Event: 523.711 Executing VM operation: Cleanup
Event: 523.715 Executing VM operation: Cleanup done
Event: 524.715 Executing VM operation: Cleanup
Event: 524.715 Executing VM operation: Cleanup done
Event: 526.715 Executing VM operation: Cleanup
Event: 526.716 Executing VM operation: Cleanup done
Event: 527.892 Executing VM operation: G1CollectForAllocation

Events (20 events):
Event: 527.610 Thread 0x00000198a7a99f20 Thread added: 0x00000198a7a99f20
Event: 527.610 Thread 0x00000198a7a98710 Thread added: 0x00000198a7a98710
Event: 527.610 Thread 0x00000198a7a98be0 Thread added: 0x00000198a7a98be0
Event: 527.610 Thread 0x00000198a7a9a3f0 Thread added: 0x00000198a7a9a3f0
Event: 527.610 Thread 0x00000198a7a990b0 Thread added: 0x00000198a7a990b0
Event: 527.611 Thread 0x00000198a7a99580 Thread added: 0x00000198a7a99580
Event: 527.612 Thread 0x00000198a7aa20b0 Thread added: 0x00000198a7aa20b0
Event: 527.612 Thread 0x00000198a4333e30 Thread added: 0x00000198a4333e30
Event: 527.614 Thread 0x00000198a4334300 Thread added: 0x00000198a4334300
Event: 527.614 Thread 0x00000198ad290100 Thread added: 0x00000198ad290100
Event: 527.614 Thread 0x00000198ad2905d0 Thread added: 0x00000198ad2905d0
Event: 527.615 Thread 0x00000198ad28edc0 Thread added: 0x00000198ad28edc0
Event: 527.616 Thread 0x00000198ad28f290 Thread added: 0x00000198ad28f290
Event: 527.617 Thread 0x00000198ad28f760 Thread added: 0x00000198ad28f760
Event: 527.617 Thread 0x00000198ad28fc30 Thread added: 0x00000198ad28fc30
Event: 527.617 Thread 0x00000198a8265dd0 Thread added: 0x00000198a8265dd0
Event: 527.617 Thread 0x00000198a8262db0 Thread added: 0x00000198a8262db0
Event: 527.617 Thread 0x00000198a8263c20 Thread added: 0x00000198a8263c20
Event: 527.617 Thread 0x00000198a82628e0 Thread added: 0x00000198a82628e0
Event: 527.617 Thread 0x00000198a8262410 Thread added: 0x00000198a8262410


Dynamic libraries:
0x00007ff6ded40000 - 0x00007ff6ded4a000 	C:\Program Files\Android\Android Studio1\jbr\bin\java.exe
0x00007ffb28a10000 - 0x00007ffb28c08000 	C:\WINDOWS\SYSTEM32\ntdll.dll
0x00007ffb26b00000 - 0x00007ffb26bbd000 	C:\WINDOWS\System32\KERNEL32.DLL
0x00007ffb264e0000 - 0x00007ffb267d6000 	C:\WINDOWS\System32\KERNELBASE.dll
0x00007ffb267e0000 - 0x00007ffb268e0000 	C:\WINDOWS\System32\ucrtbase.dll
0x00007ffb23780000 - 0x00007ffb23797000 	C:\Program Files\Android\Android Studio1\jbr\bin\jli.dll
0x00007ffb1daf0000 - 0x00007ffb1db0b000 	C:\Program Files\Android\Android Studio1\jbr\bin\VCRUNTIME140.dll
0x00007ffb26ca0000 - 0x00007ffb26e3e000 	C:\WINDOWS\System32\USER32.dll
0x00007ffb0e420000 - 0x00007ffb0e6ba000 	C:\WINDOWS\WinSxS\amd64_microsoft.windows.common-controls_6595b64144ccf1df_6.0.19041.3636_none_60b6a03d71f818d5\COMCTL32.dll
0x00007ffb263b0000 - 0x00007ffb263d2000 	C:\WINDOWS\System32\win32u.dll
0x00007ffb27f40000 - 0x00007ffb27fde000 	C:\WINDOWS\System32\msvcrt.dll
0x00007ffb27710000 - 0x00007ffb2773c000 	C:\WINDOWS\System32\GDI32.dll
0x00007ffb26950000 - 0x00007ffb26a6a000 	C:\WINDOWS\System32\gdi32full.dll
0x00007ffb260f0000 - 0x00007ffb2618d000 	C:\WINDOWS\System32\msvcp_win.dll
0x00007ffb27460000 - 0x00007ffb27490000 	C:\WINDOWS\System32\IMM32.DLL
0x00007ffb23770000 - 0x00007ffb2377c000 	C:\Program Files\Android\Android Studio1\jbr\bin\vcruntime140_1.dll
0x00007ffb1da60000 - 0x00007ffb1daed000 	C:\Program Files\Android\Android Studio1\jbr\bin\msvcp140.dll
0x00007ffae3700000 - 0x00007ffae436d000 	C:\Program Files\Android\Android Studio1\jbr\bin\server\jvm.dll
0x00007ffb284f0000 - 0x00007ffb2859f000 	C:\WINDOWS\System32\ADVAPI32.dll
0x00007ffb27750000 - 0x00007ffb277ec000 	C:\WINDOWS\System32\sechost.dll
0x00007ffb283c0000 - 0x00007ffb284e6000 	C:\WINDOWS\System32\RPCRT4.dll
0x00007ffb14be0000 - 0x00007ffb14bea000 	C:\WINDOWS\SYSTEM32\VERSION.dll
0x00007ffaffb20000 - 0x00007ffaffb47000 	C:\WINDOWS\SYSTEM32\WINMM.dll
0x00007ffb23720000 - 0x00007ffb23729000 	C:\WINDOWS\SYSTEM32\WSOCK32.dll
0x00007ffb27530000 - 0x00007ffb2759b000 	C:\WINDOWS\System32\WS2_32.dll
0x00007ffb23f90000 - 0x00007ffb23fa2000 	C:\WINDOWS\SYSTEM32\kernel.appcore.dll
0x00007ffb1d8d0000 - 0x00007ffb1d8da000 	C:\Program Files\Android\Android Studio1\jbr\bin\jimage.dll
0x00007ffb0e910000 - 0x00007ffb0eaf4000 	C:\WINDOWS\SYSTEM32\DBGHELP.DLL
0x00007ffb0e7d0000 - 0x00007ffb0e804000 	C:\WINDOWS\SYSTEM32\dbgcore.DLL
0x00007ffb26190000 - 0x00007ffb26212000 	C:\WINDOWS\System32\bcryptPrimitives.dll
0x00007ffae8a40000 - 0x00007ffae8a65000 	C:\Program Files\Android\Android Studio1\jbr\bin\java.dll
0x00007ffae8a70000 - 0x00007ffae8a88000 	C:\Program Files\Android\Android Studio1\jbr\bin\zip.dll
0x00007ffb277f0000 - 0x00007ffb27f34000 	C:\WINDOWS\System32\SHELL32.dll
0x00007ffb241b0000 - 0x00007ffb2494b000 	C:\WINDOWS\SYSTEM32\windows.storage.dll
0x00007ffb28600000 - 0x00007ffb28954000 	C:\WINDOWS\System32\combase.dll
0x00007ffb25a40000 - 0x00007ffb25a6d000 	C:\WINDOWS\SYSTEM32\Wldp.dll
0x00007ffb275a0000 - 0x00007ffb2764d000 	C:\WINDOWS\System32\SHCORE.dll
0x00007ffb28960000 - 0x00007ffb289b5000 	C:\WINDOWS\System32\shlwapi.dll
0x00007ffb26020000 - 0x00007ffb26045000 	C:\WINDOWS\SYSTEM32\profapi.dll
0x00007ffaeb320000 - 0x00007ffaeb339000 	C:\Program Files\Android\Android Studio1\jbr\bin\net.dll
0x00007ffb20520000 - 0x00007ffb2062a000 	C:\WINDOWS\SYSTEM32\WINHTTP.dll
0x00007ffb257b0000 - 0x00007ffb2581a000 	C:\WINDOWS\system32\mswsock.dll
0x00007ffae8a90000 - 0x00007ffae8aa6000 	C:\Program Files\Android\Android Studio1\jbr\bin\nio.dll
0x00007ffb08810000 - 0x00007ffb08820000 	C:\Program Files\Android\Android Studio1\jbr\bin\verify.dll
0x00007ffb15520000 - 0x00007ffb15547000 	C:\Users\oals6\.gradle\native\68d5fa5c4cc2d200863cafc0d521ce42e7d3e7ee720ec0a83991735586a16f82\windows-amd64\native-platform.dll
0x00007ffb17620000 - 0x00007ffb17764000 	C:\Users\oals6\.gradle\native\e376f236ea51e6404a007f0833ffe2c6e607c4080706a723a18a27aeea778392\windows-amd64\native-platform-file-events.dll
0x00007ffb1f3e0000 - 0x00007ffb1f3e9000 	C:\Program Files\Android\Android Studio1\jbr\bin\management.dll
0x00007ffb1e530000 - 0x00007ffb1e53b000 	C:\Program Files\Android\Android Studio1\jbr\bin\management_ext.dll
0x00007ffb27740000 - 0x00007ffb27748000 	C:\WINDOWS\System32\PSAPI.DLL
0x00007ffb259a0000 - 0x00007ffb259b8000 	C:\WINDOWS\SYSTEM32\CRYPTSP.dll
0x00007ffb250f0000 - 0x00007ffb25124000 	C:\WINDOWS\system32\rsaenh.dll
0x00007ffb26380000 - 0x00007ffb263a7000 	C:\WINDOWS\System32\bcrypt.dll
0x00007ffb25fe0000 - 0x00007ffb2600e000 	C:\WINDOWS\SYSTEM32\USERENV.dll
0x00007ffb25e60000 - 0x00007ffb25e6c000 	C:\WINDOWS\SYSTEM32\CRYPTBASE.dll
0x00007ffb254b0000 - 0x00007ffb254eb000 	C:\WINDOWS\SYSTEM32\IPHLPAPI.DLL
0x00007ffb289c0000 - 0x00007ffb289c8000 	C:\WINDOWS\System32\NSI.dll
0x00007ffb14ba0000 - 0x00007ffb14bb7000 	C:\WINDOWS\SYSTEM32\dhcpcsvc6.DLL
0x00007ffb14cb0000 - 0x00007ffb14ccd000 	C:\WINDOWS\SYSTEM32\dhcpcsvc.DLL
0x00007ffb254f0000 - 0x00007ffb255ba000 	C:\WINDOWS\SYSTEM32\DNSAPI.dll
0x00007ffb1e520000 - 0x00007ffb1e527000 	C:\WINDOWS\system32\wshunix.dll
0x00007ffb17f90000 - 0x00007ffb17f97000 	C:\Program Files\Android\Android Studio1\jbr\bin\rmi.dll

dbghelp: loaded successfully - version: 4.0.5 - missing functions: none
symbol engine: initialized successfully - sym options: 0x614 - pdb path: .;C:\Program Files\Android\Android Studio1\jbr\bin;C:\WINDOWS\SYSTEM32;C:\WINDOWS\WinSxS\amd64_microsoft.windows.common-controls_6595b64144ccf1df_6.0.19041.3636_none_60b6a03d71f818d5;C:\Program Files\Android\Android Studio1\jbr\bin\server;C:\Users\oals6\.gradle\native\68d5fa5c4cc2d200863cafc0d521ce42e7d3e7ee720ec0a83991735586a16f82\windows-amd64;C:\Users\oals6\.gradle\native\e376f236ea51e6404a007f0833ffe2c6e607c4080706a723a18a27aeea778392\windows-amd64

VM Arguments:
jvm_args: --add-opens=java.base/java.util=ALL-UNNAMED --add-opens=java.base/java.lang=ALL-UNNAMED --add-opens=java.base/java.lang.invoke=ALL-UNNAMED --add-opens=java.prefs/java.util.prefs=ALL-UNNAMED --add-opens=java.base/java.nio.charset=ALL-UNNAMED --add-opens=java.base/java.net=ALL-UNNAMED --add-opens=java.base/java.util.concurrent.atomic=ALL-UNNAMED -Xmx2048m -Dfile.encoding=UTF-8 -Duser.country=KR -Duser.language=ko -Duser.variant 
java_command: org.gradle.launcher.daemon.bootstrap.GradleDaemon 8.0
java_class_path (initial): C:\Users\oals6\.gradle\wrapper\dists\gradle-8.0-bin\ca5e32bp14vu59qr306oxotwh\gradle-8.0\lib\gradle-launcher-8.0.jar
Launcher Type: SUN_STANDARD

[Global flags]
     intx CICompilerCount                          = 3                                         {product} {ergonomic}
     uint ConcGCThreads                            = 1                                         {product} {ergonomic}
     uint G1ConcRefinementThreads                  = 4                                         {product} {ergonomic}
   size_t G1HeapRegionSize                         = 1048576                                   {product} {ergonomic}
    uintx GCDrainStackTargetSize                   = 64                                        {product} {ergonomic}
   size_t InitialHeapSize                          = 60817408                                  {product} {ergonomic}
   size_t MarkStackSize                            = 4194304                                   {product} {ergonomic}
   size_t MaxHeapSize                              = 2147483648                                {product} {command line}
   size_t MaxNewSize                               = 1287651328                                {product} {ergonomic}
   size_t MinHeapDeltaBytes                        = 1048576                                   {product} {ergonomic}
   size_t MinHeapSize                              = 8388608                                   {product} {ergonomic}
    uintx NonNMethodCodeHeapSize                   = 5832780                                {pd product} {ergonomic}
    uintx NonProfiledCodeHeapSize                  = 122912730                              {pd product} {ergonomic}
    uintx ProfiledCodeHeapSize                     = 122912730                              {pd product} {ergonomic}
    uintx ReservedCodeCacheSize                    = 251658240                              {pd product} {ergonomic}
     bool SegmentedCodeCache                       = true                                      {product} {ergonomic}
   size_t SoftMaxHeapSize                          = 2147483648                             {manageable} {ergonomic}
     bool UseCompressedClassPointers               = true                           {product lp64_product} {ergonomic}
     bool UseCompressedOops                        = true                           {product lp64_product} {ergonomic}
     bool UseG1GC                                  = true                                      {product} {ergonomic}
     bool UseLargePagesIndividualAllocation        = false                                  {pd product} {ergonomic}

Logging:
Log output configuration:
 #0: stdout all=warning uptime,level,tags
 #1: stderr all=off uptime,level,tags

Environment Variables:
PATH=C:\oraclexe\app\oracle\product\11.2.0\server\bin;;C:\Program Files\Common Files\Oracle\Java\javapath;C:\WINDOWS\system32;C:\WINDOWS;C:\WINDOWS\System32\Wbem;C:\WINDOWS\System32\WindowsPowerShell\v1.0\;C:\WINDOWS\System32\OpenSSH\;C:\Program Files\Git\cmd;C:\Users\oals6\AppData\Local\Microsoft\WindowsApps;
USERNAME=oals6
OS=Windows_NT
PROCESSOR_IDENTIFIER=Intel64 Family 6 Model 126 Stepping 5, GenuineIntel
TMP=C:\Users\oals6\AppData\Local\Temp
TEMP=C:\Users\oals6\AppData\Local\Temp



---------------  S Y S T E M  ---------------

OS:
 Windows 10 , 64 bit Build 19041 (10.0.19041.3636)
OS uptime: 6 days 0:26 hours

CPU: total 4 (initial active 4) (4 cores per cpu, 2 threads per core) family 6 model 126 stepping 5 microcode 0xb0, cx8, cmov, fxsr, ht, mmx, 3dnowpref, sse, sse2, sse3, ssse3, sse4.1, sse4.2, popcnt, lzcnt, tsc, tscinvbit, avx, avx2, aes, erms, clmul, bmi1, bmi2, adx, avx512f, avx512dq, avx512cd, avx512bw, avx512vl, sha, fma, vzeroupper, avx512_vpopcntdq, avx512_vpclmulqdq, avx512_vaes, avx512_vnni, clflush, clflushopt, avx512_vbmi2, avx512_vbmi

Memory: 4k page, system-wide physical 3682M (57M free)
TotalPageFile size 11048M (AvailPageFile size 609M)
current process WorkingSet (physical memory assigned to process): 180M, peak: 505M
current process commit charge ("private bytes"): 660M, peak: 1302M

vm_info: OpenJDK 64-Bit Server VM (17.0.6+0-b2043.56-9586694) for windows-amd64 JRE (17.0.6+0-b2043.56-9586694), built on Feb  9 2023 20:06:20 by "androidbuild" with MS VC++ 16.10 / 16.11 (VS2019)

END.
