#
# There is insufficient memory for the Java Runtime Environment to continue.
# Native memory allocation (mmap) failed to map 466616320 bytes for G1 virtual space
# Possible reasons:
#   The system is out of physical RAM or swap space
#   The process is running with CompressedOops enabled, and the Java Heap may be blocking the growth of the native heap
# Possible solutions:
#   Reduce memory load on the system
#   Increase physical memory or swap space
#   Check if swap backing store is full
#   Decrease Java heap size (-Xmx/-Xms)
#   Decrease number of Java threads
#   Decrease Java thread stack sizes (-Xss)
#   Set larger code cache with -XX:ReservedCodeCacheSize=
#   JVM is running with Unscaled Compressed Oops mode in which the Java heap is
#     placed in the first 4GB address space. The Java Heap base address is the
#     maximum limit for the native heap growth. Please use -XX:HeapBaseMinAddress
#     to set the Java Heap base and to place the Java Heap above 4GB virtual address.
# This output file may be truncated or incomplete.
#
#  Out of Memory Error (os_windows.cpp:3769), pid=1368, tid=11932
#
# JRE version: OpenJDK Runtime Environment (17.0.6) (build 17.0.6+0-b2043.56-9586694)
# Java VM: OpenJDK 64-Bit Server VM (17.0.6+0-b2043.56-9586694, mixed mode, tiered, compressed oops, compressed class ptrs, g1 gc, windows-amd64)
# No core dump will be written. Minidumps are not enabled by default on client versions of Windows
#

---------------  S U M M A R Y ------------

Command Line: --add-opens=java.base/java.util=ALL-UNNAMED --add-opens=java.base/java.lang=ALL-UNNAMED --add-opens=java.base/java.lang.invoke=ALL-UNNAMED --add-opens=java.prefs/java.util.prefs=ALL-UNNAMED --add-opens=java.base/java.nio.charset=ALL-UNNAMED --add-opens=java.base/java.net=ALL-UNNAMED --add-opens=java.base/java.util.concurrent.atomic=ALL-UNNAMED -Xmx2048m -Dfile.encoding=UTF-8 -Duser.country=KR -Duser.language=ko -Duser.variant org.gradle.launcher.daemon.bootstrap.GradleDaemon 8.0

Host: Intel(R) Core(TM) i5-1035G1 CPU @ 1.00GHz, 4 cores, 3G,  Windows 10 , 64 bit Build 19041 (10.0.19041.3636)
Time: Mon Dec  4 13:38:17 2023  Windows 10 , 64 bit Build 19041 (10.0.19041.3636) elapsed time: 70.372858 seconds (0d 0h 1m 10s)

---------------  T H R E A D  ---------------

Current thread (0x000002631f03df70):  VMThread "VM Thread" [stack: 0x000000900f100000,0x000000900f200000] [id=11932]

Stack: [0x000000900f100000,0x000000900f200000]
Native frames: (J=compiled Java code, j=interpreted, Vv=VM code, C=native code)
V  [jvm.dll+0x683b4a]
V  [jvm.dll+0x842654]
V  [jvm.dll+0x843dfe]
V  [jvm.dll+0x844463]
V  [jvm.dll+0x249b75]
V  [jvm.dll+0x680a19]
V  [jvm.dll+0x674f0a]
V  [jvm.dll+0x309acb]
V  [jvm.dll+0x310f86]
V  [jvm.dll+0x3608ee]
V  [jvm.dll+0x360b1f]
V  [jvm.dll+0x2dfbf8]
V  [jvm.dll+0x2ddec4]
V  [jvm.dll+0x2dd4cc]
V  [jvm.dll+0x321f3b]
V  [jvm.dll+0x84893b]
V  [jvm.dll+0x849674]
V  [jvm.dll+0x849b8d]
V  [jvm.dll+0x849f64]
V  [jvm.dll+0x84a030]
V  [jvm.dll+0x7f25fa]
V  [jvm.dll+0x682985]
C  [ucrtbase.dll+0x21bb2]
C  [KERNEL32.DLL+0x17344]
C  [ntdll.dll+0x526b1]

VM_Operation (0x00000090150fb740): G1CollectForAllocation, mode: safepoint, requested by thread 0x00000263247a6b60


---------------  P R O C E S S  ---------------

Threads class SMR info:
_java_thread_list=0x00000263267a54a0, length=88, elements={
0x0000026303abdff0, 0x000002631f078b30, 0x000002631f0796e0, 0x000002631f0955c0,
0x000002631f0ae290, 0x000002631f0aef60, 0x000002631f0b0330, 0x000002631f0cd0e0,
0x000002631f0cdb80, 0x000002631f0ce570, 0x000002631fdbf350, 0x000002631fdc2450,
0x0000026321517450, 0x000002632200b270, 0x0000026322026040, 0x00000263211c3ab0,
0x000002632208c420, 0x00000263220b24e0, 0x00000263220b3560, 0x00000263220ac860,
0x0000026321689560, 0x0000026321688bc0, 0x0000026321687880, 0x0000026321689a30,
0x0000026321689f00, 0x00000263216873b0, 0x000002632168a3d0, 0x000002632168a8a0,
0x00000263216886f0, 0x0000026321687d50, 0x000002632168ad70, 0x0000026321688220,
0x00000263240965f0, 0x000002632409a480, 0x00000263240987a0, 0x000002632409b7c0,
0x0000026324099140, 0x000002632409cb00, 0x000002632409d970, 0x000002632409bc90,
0x000002632409cfd0, 0x000002632409d4a0, 0x0000026324097930, 0x000002632409c160,
0x0000026324096120, 0x0000026324096ac0, 0x0000026324099fb0, 0x0000026324099ae0,
0x0000026324096f90, 0x0000026324097460, 0x0000026324098c70, 0x0000026324097e00,
0x0000026322156c60, 0x00000263221592e0, 0x00000263221597b0, 0x0000026322157600,
0x0000026322154f80, 0x00000263221545e0, 0x0000026322158470, 0x0000026322155920,
0x0000026322157ad0, 0x0000026322154110, 0x000002632215a150, 0x00000263221532a0,
0x0000026322153770, 0x00000263221562c0, 0x0000026322158940, 0x0000026322159c80,
0x0000026322156790, 0x0000026322155450, 0x000002632215a620, 0x0000026322157130,
0x0000026322157fa0, 0x0000026322158e10, 0x0000026322152dd0, 0x0000026322153c40,
0x0000026322154ab0, 0x0000026322155df0, 0x00000263247a3b40, 0x00000263247a5350,
0x00000263247a2330, 0x00000263247a7030, 0x00000263247a8840, 0x00000263247a14c0,
0x00000263247a0ff0, 0x00000263247a6690, 0x00000263247a6b60, 0x00000263247a79d0
}

Java Threads: ( => current thread )
  0x0000026303abdff0 JavaThread "main" [_thread_blocked, id=11372, stack(0x000000900eb00000,0x000000900ec00000)]
  0x000002631f078b30 JavaThread "Reference Handler" daemon [_thread_blocked, id=11716, stack(0x000000900f200000,0x000000900f300000)]
  0x000002631f0796e0 JavaThread "Finalizer" daemon [_thread_blocked, id=11448, stack(0x000000900f300000,0x000000900f400000)]
  0x000002631f0955c0 JavaThread "Signal Dispatcher" daemon [_thread_blocked, id=6884, stack(0x000000900f400000,0x000000900f500000)]
  0x000002631f0ae290 JavaThread "Attach Listener" daemon [_thread_blocked, id=6828, stack(0x000000900f500000,0x000000900f600000)]
  0x000002631f0aef60 JavaThread "Service Thread" daemon [_thread_blocked, id=5532, stack(0x000000900f600000,0x000000900f700000)]
  0x000002631f0b0330 JavaThread "Monitor Deflation Thread" daemon [_thread_blocked, id=3984, stack(0x000000900f700000,0x000000900f800000)]
  0x000002631f0cd0e0 JavaThread "C2 CompilerThread0" daemon [_thread_blocked, id=6764, stack(0x000000900f800000,0x000000900f900000)]
  0x000002631f0cdb80 JavaThread "C1 CompilerThread0" daemon [_thread_blocked, id=12280, stack(0x000000900f900000,0x000000900fa00000)]
  0x000002631f0ce570 JavaThread "Sweeper thread" daemon [_thread_blocked, id=10116, stack(0x000000900fa00000,0x000000900fb00000)]
  0x000002631fdbf350 JavaThread "Common-Cleaner" daemon [_thread_blocked, id=3032, stack(0x000000900fb00000,0x000000900fc00000)]
  0x000002631fdc2450 JavaThread "Notification Thread" daemon [_thread_blocked, id=5200, stack(0x000000900fc00000,0x000000900fd00000)]
  0x0000026321517450 JavaThread "Daemon health stats" [_thread_blocked, id=5608, stack(0x0000009010100000,0x0000009010200000)]
  0x000002632200b270 JavaThread "Incoming local TCP Connector on port 56587" [_thread_in_native, id=11284, stack(0x0000009010200000,0x0000009010300000)]
  0x0000026322026040 JavaThread "Daemon periodic checks" [_thread_blocked, id=4796, stack(0x0000009010300000,0x0000009010400000)]
  0x00000263211c3ab0 JavaThread "Daemon" [_thread_blocked, id=8504, stack(0x0000009010400000,0x0000009010500000)]
  0x000002632208c420 JavaThread "Handler for socket connection from /127.0.0.1:56587 to /127.0.0.1:56588" [_thread_blocked, id=6568, stack(0x0000009010500000,0x0000009010600000)]
  0x00000263220b24e0 JavaThread "Cancel handler" [_thread_blocked, id=10864, stack(0x0000009010600000,0x0000009010700000)]
  0x00000263220b3560 JavaThread "Daemon worker" [_thread_blocked, id=11120, stack(0x0000009010700000,0x0000009010800000)]
  0x00000263220ac860 JavaThread "Asynchronous log dispatcher for DefaultDaemonConnection: socket connection from /127.0.0.1:56587 to /127.0.0.1:56588" [_thread_blocked, id=5752, stack(0x0000009010800000,0x0000009010900000)]
  0x0000026321689560 JavaThread "Daemon client event forwarder" [_thread_blocked, id=5832, stack(0x0000009010a00000,0x0000009010b00000)]
  0x0000026321688bc0 JavaThread "Cache worker for journal cache (C:\Users\oals6\.gradle\caches\journal-1)" [_thread_blocked, id=12044, stack(0x0000009010b00000,0x0000009010c00000)]
  0x0000026321687880 JavaThread "File lock request listener" [_thread_in_native, id=420, stack(0x0000009010c00000,0x0000009010d00000)]
  0x0000026321689a30 JavaThread "Cache worker for file hash cache (C:\Users\oals6\.gradle\caches\8.0\fileHashes)" [_thread_blocked, id=10316, stack(0x0000009010d00000,0x0000009010e00000)]
  0x0000026321689f00 JavaThread "File watcher server" daemon [_thread_blocked, id=10504, stack(0x0000009010e00000,0x0000009010f00000)]
  0x00000263216873b0 JavaThread "File watcher consumer" daemon [_thread_blocked, id=12200, stack(0x0000009010f00000,0x0000009011000000)]
  0x000002632168a3d0 JavaThread "Cache worker for checksums cache (C:\Users\oals6\AndroidStudioProjects\MyDB\.gradle\8.0\checksums)" [_thread_blocked, id=4104, stack(0x0000009011000000,0x0000009011100000)]
  0x000002632168a8a0 JavaThread "Cache worker for cache directory md-rule (C:\Users\oals6\.gradle\caches\8.0\md-rule)" [_thread_blocked, id=10236, stack(0x0000009011100000,0x0000009011200000)]
  0x00000263216886f0 JavaThread "Cache worker for file content cache (C:\Users\oals6\.gradle\caches\8.0\fileContent)" [_thread_blocked, id=11492, stack(0x0000009011200000,0x0000009011300000)]
  0x0000026321687d50 JavaThread "Cache worker for file hash cache (C:\Users\oals6\AndroidStudioProjects\MyDB\.gradle\8.0\fileHashes)" [_thread_blocked, id=4984, stack(0x0000009011300000,0x0000009011400000)]
  0x000002632168ad70 JavaThread "Cache worker for cache directory md-supplier (C:\Users\oals6\.gradle\caches\8.0\md-supplier)" [_thread_blocked, id=904, stack(0x0000009011400000,0x0000009011500000)]
  0x0000026321688220 JavaThread "Cache worker for execution history cache (C:\Users\oals6\.gradle\caches\8.0\executionHistory)" [_thread_blocked, id=6080, stack(0x0000009011500000,0x0000009011600000)]
  0x00000263240965f0 JavaThread "jar transforms" [_thread_blocked, id=6044, stack(0x0000009011600000,0x0000009011700000)]
  0x000002632409a480 JavaThread "jar transforms Thread 2" [_thread_blocked, id=2996, stack(0x0000009011700000,0x0000009011800000)]
  0x00000263240987a0 JavaThread "jar transforms Thread 3" [_thread_blocked, id=4868, stack(0x0000009011800000,0x0000009011900000)]
  0x000002632409b7c0 JavaThread "jar transforms Thread 4" [_thread_blocked, id=5864, stack(0x0000009011900000,0x0000009011a00000)]
  0x0000026324099140 JavaThread "Cache worker for dependencies-accessors (C:\Users\oals6\AndroidStudioProjects\MyDB\.gradle\8.0\dependencies-accessors)" [_thread_blocked, id=8104, stack(0x0000009011a00000,0x0000009011b00000)]
  0x000002632409cb00 JavaThread "Cache worker for Build Output Cleanup Cache (C:\Users\oals6\AndroidStudioProjects\MyDB\.gradle\buildOutputCleanup)" [_thread_blocked, id=1200, stack(0x0000009011b00000,0x0000009011c00000)]
  0x000002632409d970 JavaThread "Unconstrained build operations" [_thread_blocked, id=8416, stack(0x0000009011d00000,0x0000009011e00000)]
  0x000002632409bc90 JavaThread "Unconstrained build operations Thread 2" [_thread_blocked, id=11268, stack(0x0000009011e00000,0x0000009011f00000)]
  0x000002632409cfd0 JavaThread "Unconstrained build operations Thread 3" [_thread_blocked, id=1244, stack(0x0000009011f00000,0x0000009012000000)]
  0x000002632409d4a0 JavaThread "Unconstrained build operations Thread 4" [_thread_blocked, id=6924, stack(0x0000009012000000,0x0000009012100000)]
  0x0000026324097930 JavaThread "Unconstrained build operations Thread 5" [_thread_blocked, id=6292, stack(0x0000009012100000,0x0000009012200000)]
  0x000002632409c160 JavaThread "Unconstrained build operations Thread 6" [_thread_blocked, id=10688, stack(0x0000009012200000,0x0000009012300000)]
  0x0000026324096120 JavaThread "Unconstrained build operations Thread 7" [_thread_blocked, id=3312, stack(0x0000009012300000,0x0000009012400000)]
  0x0000026324096ac0 JavaThread "Unconstrained build operations Thread 8" [_thread_blocked, id=11504, stack(0x0000009012400000,0x0000009012500000)]
  0x0000026324099fb0 JavaThread "Unconstrained build operations Thread 9" [_thread_blocked, id=2572, stack(0x0000009012500000,0x0000009012600000)]
  0x0000026324099ae0 JavaThread "Unconstrained build operations Thread 10" [_thread_blocked, id=8680, stack(0x0000009012600000,0x0000009012700000)]
  0x0000026324096f90 JavaThread "Unconstrained build operations Thread 11" [_thread_blocked, id=8952, stack(0x0000009012700000,0x0000009012800000)]
  0x0000026324097460 JavaThread "Unconstrained build operations Thread 12" [_thread_blocked, id=344, stack(0x0000009012800000,0x0000009012900000)]
  0x0000026324098c70 JavaThread "Unconstrained build operations Thread 13" [_thread_blocked, id=6972, stack(0x0000009012900000,0x0000009012a00000)]
  0x0000026324097e00 JavaThread "Unconstrained build operations Thread 14" [_thread_blocked, id=7512, stack(0x0000009012a00000,0x0000009012b00000)]
  0x0000026322156c60 JavaThread "Unconstrained build operations Thread 15" [_thread_blocked, id=6040, stack(0x0000009012b00000,0x0000009012c00000)]
  0x00000263221592e0 JavaThread "Unconstrained build operations Thread 16" [_thread_blocked, id=6792, stack(0x0000009012c00000,0x0000009012d00000)]
  0x00000263221597b0 JavaThread "Unconstrained build operations Thread 17" [_thread_blocked, id=11000, stack(0x0000009012d00000,0x0000009012e00000)]
  0x0000026322157600 JavaThread "Unconstrained build operations Thread 18" [_thread_blocked, id=6920, stack(0x0000009012e00000,0x0000009012f00000)]
  0x0000026322154f80 JavaThread "Unconstrained build operations Thread 19" [_thread_blocked, id=11024, stack(0x0000009012f00000,0x0000009013000000)]
  0x00000263221545e0 JavaThread "Unconstrained build operations Thread 20" [_thread_blocked, id=7852, stack(0x0000009013000000,0x0000009013100000)]
  0x0000026322158470 JavaThread "Unconstrained build operations Thread 21" [_thread_blocked, id=10052, stack(0x0000009013100000,0x0000009013200000)]
  0x0000026322155920 JavaThread "Unconstrained build operations Thread 22" [_thread_blocked, id=5184, stack(0x0000009013200000,0x0000009013300000)]
  0x0000026322157ad0 JavaThread "Unconstrained build operations Thread 23" [_thread_blocked, id=4280, stack(0x0000009013300000,0x0000009013400000)]
  0x0000026322154110 JavaThread "Unconstrained build operations Thread 24" [_thread_blocked, id=2380, stack(0x0000009013400000,0x0000009013500000)]
  0x000002632215a150 JavaThread "Unconstrained build operations Thread 25" [_thread_blocked, id=5472, stack(0x0000009013500000,0x0000009013600000)]
  0x00000263221532a0 JavaThread "Unconstrained build operations Thread 26" [_thread_blocked, id=7164, stack(0x0000009013600000,0x0000009013700000)]
  0x0000026322153770 JavaThread "Unconstrained build operations Thread 27" [_thread_blocked, id=10000, stack(0x0000009013700000,0x0000009013800000)]
  0x00000263221562c0 JavaThread "Unconstrained build operations Thread 28" [_thread_blocked, id=3192, stack(0x0000009013800000,0x0000009013900000)]
  0x0000026322158940 JavaThread "Unconstrained build operations Thread 29" [_thread_blocked, id=7268, stack(0x0000009013900000,0x0000009013a00000)]
  0x0000026322159c80 JavaThread "Unconstrained build operations Thread 30" [_thread_blocked, id=10620, stack(0x0000009013a00000,0x0000009013b00000)]
  0x0000026322156790 JavaThread "Unconstrained build operations Thread 31" [_thread_blocked, id=10172, stack(0x0000009013b00000,0x0000009013c00000)]
  0x0000026322155450 JavaThread "Unconstrained build operations Thread 32" [_thread_blocked, id=7136, stack(0x0000009013c00000,0x0000009013d00000)]
  0x000002632215a620 JavaThread "Unconstrained build operations Thread 33" [_thread_blocked, id=3008, stack(0x0000009013d00000,0x0000009013e00000)]
  0x0000026322157130 JavaThread "Unconstrained build operations Thread 34" [_thread_blocked, id=992, stack(0x0000009013e00000,0x0000009013f00000)]
  0x0000026322157fa0 JavaThread "Unconstrained build operations Thread 35" [_thread_blocked, id=3816, stack(0x0000009013f00000,0x0000009014000000)]
  0x0000026322158e10 JavaThread "Unconstrained build operations Thread 36" [_thread_blocked, id=9152, stack(0x0000009014000000,0x0000009014100000)]
  0x0000026322152dd0 JavaThread "Unconstrained build operations Thread 37" [_thread_blocked, id=1920, stack(0x0000009014100000,0x0000009014200000)]
  0x0000026322153c40 JavaThread "Unconstrained build operations Thread 38" [_thread_blocked, id=12180, stack(0x0000009014200000,0x0000009014300000)]
  0x0000026322154ab0 JavaThread "Unconstrained build operations Thread 39" [_thread_blocked, id=2592, stack(0x0000009014300000,0x0000009014400000)]
  0x0000026322155df0 JavaThread "Unconstrained build operations Thread 40" [_thread_blocked, id=4648, stack(0x0000009014400000,0x0000009014500000)]
  0x00000263247a3b40 JavaThread "build event listener" [_thread_blocked, id=5092, stack(0x0000009014500000,0x0000009014600000)]
  0x00000263247a5350 JavaThread "Memory manager" [_thread_blocked, id=9940, stack(0x0000009014600000,0x0000009014700000)]
  0x00000263247a2330 JavaThread "included builds" [_thread_blocked, id=7400, stack(0x0000009014700000,0x0000009014800000)]
  0x00000263247a7030 JavaThread "Execution worker" [_thread_blocked, id=11768, stack(0x0000009014800000,0x0000009014900000)]
  0x00000263247a8840 JavaThread "Execution worker Thread 2" [_thread_blocked, id=3740, stack(0x0000009014900000,0x0000009014a00000)]
  0x00000263247a14c0 JavaThread "Execution worker Thread 3" [_thread_blocked, id=8304, stack(0x0000009014a00000,0x0000009014b00000)]
  0x00000263247a0ff0 JavaThread "Cache worker for execution history cache (C:\Users\oals6\AndroidStudioProjects\MyDB\.gradle\8.0\executionHistory)" [_thread_blocked, id=9836, stack(0x0000009014b00000,0x0000009014c00000)]
  0x00000263247a6690 JavaThread "WorkerExecutor Queue" [_thread_blocked, id=12000, stack(0x0000009014f00000,0x0000009015000000)]
  0x00000263247a6b60 JavaThread "WorkerExecutor Queue Thread 2" [_thread_blocked, id=5476, stack(0x0000009015000000,0x0000009015100000)]
  0x00000263247a79d0 JavaThread "WorkerExecutor Queue Thread 3" [_thread_blocked, id=9632, stack(0x0000009015100000,0x0000009015200000)]

Other Threads:
=>0x000002631f03df70 VMThread "VM Thread" [stack: 0x000000900f100000,0x000000900f200000] [id=11932]
  0x000002631fdb9010 WatcherThread [stack: 0x000000900fd00000,0x000000900fe00000] [id=7532]
  0x0000026305b15e40 GCTaskThread "GC Thread#0" [stack: 0x000000900ec00000,0x000000900ed00000] [id=8748]
  0x0000026320168990 GCTaskThread "GC Thread#1" [stack: 0x000000900fe00000,0x000000900ff00000] [id=11876]
  0x00000263200ff2c0 GCTaskThread "GC Thread#2" [stack: 0x000000900ff00000,0x0000009010000000] [id=10684]
  0x000002631feb05f0 GCTaskThread "GC Thread#3" [stack: 0x0000009010000000,0x0000009010100000] [id=12104]
  0x0000026305b26d80 ConcurrentGCThread "G1 Main Marker" [stack: 0x000000900ed00000,0x000000900ee00000] [id=2836]
  0x0000026305b27790 ConcurrentGCThread "G1 Conc#0" [stack: 0x000000900ee00000,0x000000900ef00000] [id=8724]
  0x0000026305b69ad0 ConcurrentGCThread "G1 Refine#0" [stack: 0x000000900ef00000,0x000000900f000000] [id=7896]
  0x000002631feac630 ConcurrentGCThread "G1 Refine#1" [stack: 0x0000009014e00000,0x0000009014f00000] [id=2876]
  0x0000026305b6a4f0 ConcurrentGCThread "G1 Service" [stack: 0x000000900f000000,0x000000900f100000] [id=4480]

Threads with active compile tasks:
C2 CompilerThread0    70836 13819       4       java.lang.reflect.AccessibleObject::verifyAccess (55 bytes)

VM state: at safepoint (normal execution)

VM Mutex/Monitor currently owned by a thread:  ([mutex/lock_event])
[0x0000026303abaa40] Threads_lock - owner thread: 0x000002631f03df70
[0x0000026303abb4f0] Heap_lock - owner thread: 0x00000263247a6b60

Heap address: 0x0000000080000000, size: 2048 MB, Compressed Oops mode: 32-bit

CDS archive(s) not mapped
Compressed class space mapped at: 0x0000000100000000-0x0000000140000000, reserved size: 1073741824
Narrow klass base: 0x0000000000000000, Narrow klass shift: 3, Narrow klass range: 0x140000000

GC Precious Log:
 CPUs: 4 total, 4 available
 Memory: 3682M
 Large Page Support: Disabled
 NUMA Support: Disabled
 Compressed Oops: Enabled (32-bit)
 Heap Region Size: 1M
 Heap Min Capacity: 8M
 Heap Initial Capacity: 58M
 Heap Max Capacity: 2G
 Pre-touch: Disabled
 Parallel Workers: 4
 Concurrent Workers: 1
 Concurrent Refinement Workers: 4
 Periodic GC: Disabled

Heap:
 garbage-first heap   total 337920K, used 133272K [0x0000000080000000, 0x0000000100000000)
  region size 1024K, 4 young (4096K), 4 survivors (4096K)
 Metaspace       used 109631K, committed 110400K, reserved 1146880K
  class space    used 14700K, committed 15040K, reserved 1048576K

Heap Regions: E=young(eden), S=young(survivor), O=old, HS=humongous(starts), HC=humongous(continues), CS=collection set, F=free, OA=open archive, CA=closed archive, TAMS=top-at-mark-start (previous, next)
|   0|0x0000000080000000, 0x0000000080100000, 0x0000000080100000|100%| O|  |TAMS 0x0000000080100000, 0x0000000080000000| Untracked 
|   1|0x0000000080100000, 0x0000000080200000, 0x0000000080200000|100%| O|  |TAMS 0x0000000080200000, 0x0000000080100000| Untracked 
|   2|0x0000000080200000, 0x0000000080300000, 0x0000000080300000|100%|HS|  |TAMS 0x0000000080300000, 0x0000000080200000| Complete 
|   3|0x0000000080300000, 0x0000000080400000, 0x0000000080400000|100%|HC|  |TAMS 0x0000000080400000, 0x0000000080300000| Complete 
|   4|0x0000000080400000, 0x0000000080500000, 0x0000000080500000|100%|HC|  |TAMS 0x0000000080500000, 0x0000000080400000| Complete 
|   5|0x0000000080500000, 0x0000000080600000, 0x0000000080600000|100%|HC|  |TAMS 0x0000000080600000, 0x0000000080500000| Complete 
|   6|0x0000000080600000, 0x0000000080700000, 0x0000000080700000|100%| O|  |TAMS 0x0000000080700000, 0x0000000080600000| Untracked 
|   7|0x0000000080700000, 0x0000000080800000, 0x0000000080800000|100%| O|  |TAMS 0x0000000080800000, 0x0000000080700000| Untracked 
|   8|0x0000000080800000, 0x0000000080900000, 0x0000000080900000|100%| O|  |TAMS 0x0000000080900000, 0x0000000080800000| Untracked 
|   9|0x0000000080900000, 0x0000000080a00000, 0x0000000080a00000|100%| O|  |TAMS 0x0000000080a00000, 0x0000000080900000| Untracked 
|  10|0x0000000080a00000, 0x0000000080b00000, 0x0000000080b00000|100%| O|  |TAMS 0x0000000080b00000, 0x0000000080a00000| Untracked 
|  11|0x0000000080b00000, 0x0000000080c00000, 0x0000000080c00000|100%| O|  |TAMS 0x0000000080c00000, 0x0000000080b00000| Untracked 
|  12|0x0000000080c00000, 0x0000000080d00000, 0x0000000080d00000|100%| O|  |TAMS 0x0000000080d00000, 0x0000000080c00000| Untracked 
|  13|0x0000000080d00000, 0x0000000080e00000, 0x0000000080e00000|100%| O|  |TAMS 0x0000000080e00000, 0x0000000080d00000| Untracked 
|  14|0x0000000080e00000, 0x0000000080f00000, 0x0000000080f00000|100%| O|  |TAMS 0x0000000080f00000, 0x0000000080e00000| Untracked 
|  15|0x0000000080f00000, 0x0000000081000000, 0x0000000081000000|100%| O|  |TAMS 0x0000000081000000, 0x0000000080f00000| Untracked 
|  16|0x0000000081000000, 0x0000000081100000, 0x0000000081100000|100%| O|  |TAMS 0x0000000081100000, 0x0000000081000000| Untracked 
|  17|0x0000000081100000, 0x0000000081200000, 0x0000000081200000|100%| O|  |TAMS 0x0000000081200000, 0x0000000081100000| Untracked 
|  18|0x0000000081200000, 0x0000000081300000, 0x0000000081300000|100%| O|  |TAMS 0x0000000081300000, 0x0000000081200000| Untracked 
|  19|0x0000000081300000, 0x0000000081400000, 0x0000000081400000|100%| O|  |TAMS 0x0000000081400000, 0x0000000081300000| Untracked 
|  20|0x0000000081400000, 0x0000000081500000, 0x0000000081500000|100%| O|  |TAMS 0x0000000081500000, 0x0000000081400000| Untracked 
|  21|0x0000000081500000, 0x0000000081600000, 0x0000000081600000|100%| O|  |TAMS 0x0000000081600000, 0x0000000081500000| Untracked 
|  22|0x0000000081600000, 0x0000000081700000, 0x0000000081700000|100%| O|  |TAMS 0x0000000081700000, 0x0000000081600000| Untracked 
|  23|0x0000000081700000, 0x0000000081800000, 0x0000000081800000|100%| O|  |TAMS 0x0000000081700000, 0x0000000081700000| Untracked 
|  24|0x0000000081800000, 0x0000000081900000, 0x0000000081900000|100%| O|  |TAMS 0x0000000081900000, 0x0000000081800000| Untracked 
|  25|0x0000000081900000, 0x0000000081a00000, 0x0000000081a00000|100%| O|  |TAMS 0x0000000081a00000, 0x0000000081900000| Untracked 
|  26|0x0000000081a00000, 0x0000000081b00000, 0x0000000081b00000|100%| O|  |TAMS 0x0000000081b00000, 0x0000000081a00000| Untracked 
|  27|0x0000000081b00000, 0x0000000081c00000, 0x0000000081c00000|100%| O|  |TAMS 0x0000000081c00000, 0x0000000081b00000| Untracked 
|  28|0x0000000081c00000, 0x0000000081d00000, 0x0000000081d00000|100%| O|  |TAMS 0x0000000081d00000, 0x0000000081c00000| Untracked 
|  29|0x0000000081d00000, 0x0000000081e00000, 0x0000000081e00000|100%| O|  |TAMS 0x0000000081e00000, 0x0000000081d00000| Untracked 
|  30|0x0000000081e00000, 0x0000000081f00000, 0x0000000081f00000|100%| O|  |TAMS 0x0000000081f00000, 0x0000000081e00000| Untracked 
|  31|0x0000000081f00000, 0x0000000082000000, 0x0000000082000000|100%| O|  |TAMS 0x0000000082000000, 0x0000000081f00000| Untracked 
|  32|0x0000000082000000, 0x0000000082100000, 0x0000000082100000|100%| O|  |TAMS 0x0000000082100000, 0x0000000082000000| Untracked 
|  33|0x0000000082100000, 0x0000000082200000, 0x0000000082200000|100%| O|  |TAMS 0x0000000082200000, 0x0000000082100000| Untracked 
|  34|0x0000000082200000, 0x0000000082300000, 0x0000000082300000|100%| O|  |TAMS 0x0000000082300000, 0x0000000082200000| Untracked 
|  35|0x0000000082300000, 0x0000000082400000, 0x0000000082400000|100%| O|  |TAMS 0x0000000082400000, 0x0000000082300000| Untracked 
|  36|0x0000000082400000, 0x0000000082500000, 0x0000000082500000|100%| O|  |TAMS 0x0000000082500000, 0x0000000082400000| Untracked 
|  37|0x0000000082500000, 0x0000000082600000, 0x0000000082600000|100%| O|  |TAMS 0x0000000082600000, 0x0000000082500000| Untracked 
|  38|0x0000000082600000, 0x0000000082700000, 0x0000000082700000|100%| O|  |TAMS 0x0000000082700000, 0x0000000082600000| Untracked 
|  39|0x0000000082700000, 0x0000000082800000, 0x0000000082800000|100%| O|  |TAMS 0x0000000082800000, 0x0000000082700000| Untracked 
|  40|0x0000000082800000, 0x0000000082900000, 0x0000000082900000|100%| O|  |TAMS 0x0000000082900000, 0x0000000082800000| Untracked 
|  41|0x0000000082900000, 0x0000000082a00000, 0x0000000082a00000|100%| O|  |TAMS 0x0000000082a00000, 0x0000000082900000| Untracked 
|  42|0x0000000082a00000, 0x0000000082b00000, 0x0000000082b00000|100%|HS|  |TAMS 0x0000000082b00000, 0x0000000082a00000| Complete 
|  43|0x0000000082b00000, 0x0000000082c00000, 0x0000000082c00000|100%|HS|  |TAMS 0x0000000082c00000, 0x0000000082b00000| Complete 
|  44|0x0000000082c00000, 0x0000000082d00000, 0x0000000082d00000|100%|HS|  |TAMS 0x0000000082d00000, 0x0000000082c00000| Complete 
|  45|0x0000000082d00000, 0x0000000082e00000, 0x0000000082e00000|100%|HS|  |TAMS 0x0000000082e00000, 0x0000000082d00000| Complete 
|  46|0x0000000082e00000, 0x0000000082f00000, 0x0000000082f00000|100%|HC|  |TAMS 0x0000000082f00000, 0x0000000082e00000| Complete 
|  47|0x0000000082f00000, 0x0000000083000000, 0x0000000083000000|100%|HC|  |TAMS 0x0000000083000000, 0x0000000082f00000| Complete 
|  48|0x0000000083000000, 0x0000000083100000, 0x0000000083100000|100%|HC|  |TAMS 0x0000000083100000, 0x0000000083000000| Complete 
|  49|0x0000000083100000, 0x0000000083200000, 0x0000000083200000|100%| O|  |TAMS 0x0000000083200000, 0x0000000083100000| Untracked 
|  50|0x0000000083200000, 0x0000000083300000, 0x0000000083300000|100%| O|  |TAMS 0x0000000083200000, 0x0000000083200000| Untracked 
|  51|0x0000000083300000, 0x0000000083400000, 0x0000000083400000|100%| O|  |TAMS 0x0000000083400000, 0x0000000083300000| Untracked 
|  52|0x0000000083400000, 0x0000000083500000, 0x0000000083500000|100%| O|  |TAMS 0x0000000083500000, 0x0000000083400000| Untracked 
|  53|0x0000000083500000, 0x0000000083600000, 0x0000000083600000|100%| O|  |TAMS 0x0000000083600000, 0x0000000083500000| Untracked 
|  54|0x0000000083600000, 0x0000000083700000, 0x0000000083700000|100%| O|  |TAMS 0x0000000083700000, 0x0000000083600000| Untracked 
|  55|0x0000000083700000, 0x0000000083800000, 0x0000000083800000|100%| O|  |TAMS 0x0000000083800000, 0x0000000083700000| Untracked 
|  56|0x0000000083800000, 0x0000000083900000, 0x0000000083900000|100%| O|  |TAMS 0x0000000083900000, 0x0000000083800000| Untracked 
|  57|0x0000000083900000, 0x0000000083a00000, 0x0000000083a00000|100%| O|  |TAMS 0x0000000083a00000, 0x0000000083900000| Untracked 
|  58|0x0000000083a00000, 0x0000000083b00000, 0x0000000083b00000|100%| O|  |TAMS 0x0000000083b00000, 0x0000000083a00000| Untracked 
|  59|0x0000000083b00000, 0x0000000083c00000, 0x0000000083c00000|100%| O|  |TAMS 0x0000000083c00000, 0x0000000083b00000| Untracked 
|  60|0x0000000083c00000, 0x0000000083d00000, 0x0000000083d00000|100%| O|  |TAMS 0x0000000083cf2600, 0x0000000083c00000| Untracked 
|  61|0x0000000083d00000, 0x0000000083e00000, 0x0000000083e00000|100%| O|  |TAMS 0x0000000083d00000, 0x0000000083d00000| Untracked 
|  62|0x0000000083e00000, 0x0000000083f00000, 0x0000000083f00000|100%| O|  |TAMS 0x0000000083f00000, 0x0000000083e00000| Untracked 
|  63|0x0000000083f00000, 0x0000000084000000, 0x0000000084000000|100%| O|  |TAMS 0x0000000083f00000, 0x0000000083f00000| Untracked 
|  64|0x0000000084000000, 0x0000000084100000, 0x0000000084100000|100%| O|  |TAMS 0x0000000084000000, 0x0000000084000000| Untracked 
|  65|0x0000000084100000, 0x0000000084200000, 0x0000000084200000|100%| O|  |TAMS 0x0000000084100000, 0x0000000084100000| Untracked 
|  66|0x0000000084200000, 0x0000000084300000, 0x0000000084300000|100%| O|  |TAMS 0x0000000084200000, 0x0000000084200000| Untracked 
|  67|0x0000000084300000, 0x0000000084400000, 0x0000000084400000|100%| O|  |TAMS 0x0000000084300000, 0x0000000084300000| Untracked 
|  68|0x0000000084400000, 0x0000000084500000, 0x0000000084500000|100%| O|  |TAMS 0x0000000084400000, 0x0000000084400000| Untracked 
|  69|0x0000000084500000, 0x0000000084600000, 0x0000000084600000|100%| O|  |TAMS 0x0000000084500000, 0x0000000084500000| Untracked 
|  70|0x0000000084600000, 0x0000000084700000, 0x0000000084700000|100%| O|  |TAMS 0x0000000084600000, 0x0000000084600000| Untracked 
|  71|0x0000000084700000, 0x0000000084800000, 0x0000000084800000|100%| O|  |TAMS 0x0000000084700000, 0x0000000084700000| Untracked 
|  72|0x0000000084800000, 0x0000000084900000, 0x0000000084900000|100%| O|  |TAMS 0x0000000084800000, 0x0000000084800000| Untracked 
|  73|0x0000000084900000, 0x0000000084a00000, 0x0000000084a00000|100%| O|  |TAMS 0x0000000084900000, 0x0000000084900000| Untracked 
|  74|0x0000000084a00000, 0x0000000084b00000, 0x0000000084b00000|100%| O|  |TAMS 0x0000000084a00000, 0x0000000084a00000| Untracked 
|  75|0x0000000084b00000, 0x0000000084c00000, 0x0000000084c00000|100%| O|  |TAMS 0x0000000084b00000, 0x0000000084b00000| Untracked 
|  76|0x0000000084c00000, 0x0000000084d00000, 0x0000000084d00000|100%| O|  |TAMS 0x0000000084c00000, 0x0000000084c00000| Untracked 
|  77|0x0000000084d00000, 0x0000000084e00000, 0x0000000084e00000|100%| O|  |TAMS 0x0000000084d00000, 0x0000000084d00000| Untracked 
|  78|0x0000000084e00000, 0x0000000084f00000, 0x0000000084f00000|100%| O|  |TAMS 0x0000000084e00000, 0x0000000084e00000| Untracked 
|  79|0x0000000084f00000, 0x0000000085000000, 0x0000000085000000|100%| O|  |TAMS 0x0000000084f00000, 0x0000000084f00000| Untracked 
|  80|0x0000000085000000, 0x0000000085100000, 0x0000000085100000|100%| O|  |TAMS 0x0000000085000000, 0x0000000085000000| Untracked 
|  81|0x0000000085100000, 0x0000000085200000, 0x0000000085200000|100%| O|  |TAMS 0x0000000085100000, 0x0000000085100000| Untracked 
|  82|0x0000000085200000, 0x0000000085300000, 0x0000000085300000|100%| O|  |TAMS 0x0000000085200000, 0x0000000085200000| Untracked 
|  83|0x0000000085300000, 0x0000000085400000, 0x0000000085400000|100%| O|  |TAMS 0x0000000085300000, 0x0000000085300000| Untracked 
|  84|0x0000000085400000, 0x0000000085500000, 0x0000000085500000|100%| O|  |TAMS 0x0000000085400000, 0x0000000085400000| Untracked 
|  85|0x0000000085500000, 0x0000000085600000, 0x0000000085600000|100%| O|  |TAMS 0x0000000085500000, 0x0000000085500000| Untracked 
|  86|0x0000000085600000, 0x0000000085700000, 0x0000000085700000|100%| O|  |TAMS 0x0000000085600000, 0x0000000085600000| Untracked 
|  87|0x0000000085700000, 0x0000000085800000, 0x0000000085800000|100%| O|  |TAMS 0x0000000085700000, 0x0000000085700000| Untracked 
|  88|0x0000000085800000, 0x0000000085900000, 0x0000000085900000|100%| O|  |TAMS 0x0000000085800000, 0x0000000085800000| Untracked 
|  89|0x0000000085900000, 0x0000000085a00000, 0x0000000085a00000|100%| O|  |TAMS 0x0000000085900000, 0x0000000085900000| Untracked 
|  90|0x0000000085a00000, 0x0000000085b00000, 0x0000000085b00000|100%| O|  |TAMS 0x0000000085a00000, 0x0000000085a00000| Untracked 
|  91|0x0000000085b00000, 0x0000000085c00000, 0x0000000085c00000|100%| O|  |TAMS 0x0000000085b00000, 0x0000000085b00000| Untracked 
|  92|0x0000000085c00000, 0x0000000085d00000, 0x0000000085d00000|100%| O|  |TAMS 0x0000000085c00000, 0x0000000085c00000| Untracked 
|  93|0x0000000085d00000, 0x0000000085e00000, 0x0000000085e00000|100%| O|  |TAMS 0x0000000085d00000, 0x0000000085d00000| Untracked 
|  94|0x0000000085e00000, 0x0000000085f00000, 0x0000000085f00000|100%| O|  |TAMS 0x0000000085e00000, 0x0000000085e00000| Untracked 
|  95|0x0000000085f00000, 0x0000000086000000, 0x0000000086000000|100%| O|  |TAMS 0x0000000085f00000, 0x0000000085f00000| Untracked 
|  96|0x0000000086000000, 0x0000000086100000, 0x0000000086100000|100%| O|  |TAMS 0x0000000086000000, 0x0000000086000000| Untracked 
|  97|0x0000000086100000, 0x0000000086200000, 0x0000000086200000|100%| O|  |TAMS 0x0000000086100000, 0x0000000086100000| Untracked 
|  98|0x0000000086200000, 0x0000000086300000, 0x0000000086300000|100%| O|  |TAMS 0x0000000086200000, 0x0000000086200000| Untracked 
|  99|0x0000000086300000, 0x0000000086400000, 0x0000000086400000|100%| O|  |TAMS 0x0000000086300000, 0x0000000086300000| Untracked 
| 100|0x0000000086400000, 0x0000000086500000, 0x0000000086500000|100%| O|  |TAMS 0x0000000086400000, 0x0000000086400000| Untracked 
| 101|0x0000000086500000, 0x0000000086600000, 0x0000000086600000|100%| O|  |TAMS 0x0000000086500000, 0x0000000086500000| Untracked 
| 102|0x0000000086600000, 0x0000000086700000, 0x0000000086700000|100%| O|  |TAMS 0x0000000086600000, 0x0000000086600000| Untracked 
| 103|0x0000000086700000, 0x0000000086800000, 0x0000000086800000|100%| O|  |TAMS 0x0000000086700000, 0x0000000086700000| Untracked 
| 104|0x0000000086800000, 0x0000000086900000, 0x0000000086900000|100%| O|  |TAMS 0x0000000086800000, 0x0000000086800000| Untracked 
| 105|0x0000000086900000, 0x0000000086a00000, 0x0000000086a00000|100%| O|  |TAMS 0x0000000086900000, 0x0000000086900000| Untracked 
| 106|0x0000000086a00000, 0x0000000086b00000, 0x0000000086b00000|100%| O|  |TAMS 0x0000000086a00000, 0x0000000086a00000| Untracked 
| 107|0x0000000086b00000, 0x0000000086c00000, 0x0000000086c00000|100%| O|  |TAMS 0x0000000086b00000, 0x0000000086b00000| Untracked 
| 108|0x0000000086c00000, 0x0000000086d00000, 0x0000000086d00000|100%| O|  |TAMS 0x0000000086c00000, 0x0000000086c00000| Untracked 
| 109|0x0000000086d00000, 0x0000000086e00000, 0x0000000086e00000|100%| O|  |TAMS 0x0000000086d00000, 0x0000000086d00000| Untracked 
| 110|0x0000000086e00000, 0x0000000086f00000, 0x0000000086f00000|100%| O|  |TAMS 0x0000000086e00000, 0x0000000086e00000| Untracked 
| 111|0x0000000086f00000, 0x0000000087000000, 0x0000000087000000|100%| O|  |TAMS 0x0000000086f00000, 0x0000000086f00000| Untracked 
| 112|0x0000000087000000, 0x0000000087100000, 0x0000000087100000|100%| O|  |TAMS 0x0000000087000000, 0x0000000087000000| Untracked 
| 113|0x0000000087100000, 0x0000000087200000, 0x0000000087200000|100%| O|  |TAMS 0x0000000087100000, 0x0000000087100000| Untracked 
| 114|0x0000000087200000, 0x0000000087300000, 0x0000000087300000|100%| O|  |TAMS 0x0000000087200000, 0x0000000087200000| Untracked 
| 115|0x0000000087300000, 0x0000000087400000, 0x0000000087400000|100%| O|  |TAMS 0x0000000087300000, 0x0000000087300000| Untracked 
| 116|0x0000000087400000, 0x0000000087500000, 0x0000000087500000|100%| O|  |TAMS 0x0000000087400000, 0x0000000087400000| Untracked 
| 117|0x0000000087500000, 0x0000000087600000, 0x0000000087600000|100%| O|  |TAMS 0x0000000087500000, 0x0000000087500000| Untracked 
| 118|0x0000000087600000, 0x0000000087700000, 0x0000000087700000|100%| O|  |TAMS 0x0000000087600000, 0x0000000087600000| Untracked 
| 119|0x0000000087700000, 0x0000000087800000, 0x0000000087800000|100%| O|  |TAMS 0x0000000087700000, 0x0000000087700000| Untracked 
| 120|0x0000000087800000, 0x0000000087900000, 0x0000000087900000|100%| O|  |TAMS 0x0000000087800000, 0x0000000087800000| Untracked 
| 121|0x0000000087900000, 0x0000000087a00000, 0x0000000087a00000|100%| O|  |TAMS 0x0000000087900000, 0x0000000087900000| Untracked 
| 122|0x0000000087a00000, 0x0000000087b00000, 0x0000000087b00000|100%| O|  |TAMS 0x0000000087a00000, 0x0000000087a00000| Untracked 
| 123|0x0000000087b00000, 0x0000000087c00000, 0x0000000087c00000|100%| O|  |TAMS 0x0000000087b00000, 0x0000000087b00000| Untracked 
| 124|0x0000000087c00000, 0x0000000087d00000, 0x0000000087d00000|100%| O|  |TAMS 0x0000000087c00000, 0x0000000087c00000| Untracked 
| 125|0x0000000087d00000, 0x0000000087e00000, 0x0000000087e00000|100%| O|  |TAMS 0x0000000087d00000, 0x0000000087d00000| Untracked 
| 126|0x0000000087e00000, 0x0000000087e26200, 0x0000000087f00000| 14%| O|  |TAMS 0x0000000087e00000, 0x0000000087e00000| Untracked 
| 127|0x0000000087f00000, 0x0000000087f00000, 0x0000000088000000|  0%| F|  |TAMS 0x0000000087f00000, 0x0000000087f00000| Untracked 
| 128|0x0000000088000000, 0x0000000088000000, 0x0000000088100000|  0%| F|  |TAMS 0x0000000088000000, 0x0000000088000000| Untracked 
| 129|0x0000000088100000, 0x0000000088100000, 0x0000000088200000|  0%| F|  |TAMS 0x0000000088100000, 0x0000000088100000| Untracked 
| 130|0x0000000088200000, 0x0000000088200000, 0x0000000088300000|  0%| F|  |TAMS 0x0000000088200000, 0x0000000088200000| Untracked 
| 131|0x0000000088300000, 0x0000000088300000, 0x0000000088400000|  0%| F|  |TAMS 0x0000000088300000, 0x0000000088300000| Untracked 
| 132|0x0000000088400000, 0x0000000088400000, 0x0000000088500000|  0%| F|  |TAMS 0x0000000088400000, 0x0000000088400000| Untracked 
| 133|0x0000000088500000, 0x0000000088500000, 0x0000000088600000|  0%| F|  |TAMS 0x0000000088500000, 0x0000000088500000| Untracked 
| 134|0x0000000088600000, 0x0000000088600000, 0x0000000088700000|  0%| F|  |TAMS 0x0000000088600000, 0x0000000088600000| Untracked 
| 135|0x0000000088700000, 0x0000000088700000, 0x0000000088800000|  0%| F|  |TAMS 0x0000000088700000, 0x0000000088700000| Untracked 
| 136|0x0000000088800000, 0x0000000088800000, 0x0000000088900000|  0%| F|  |TAMS 0x0000000088800000, 0x0000000088800000| Untracked 
| 137|0x0000000088900000, 0x0000000088900000, 0x0000000088a00000|  0%| F|  |TAMS 0x0000000088900000, 0x0000000088900000| Untracked 
| 138|0x0000000088a00000, 0x0000000088a00000, 0x0000000088b00000|  0%| F|  |TAMS 0x0000000088a00000, 0x0000000088a00000| Untracked 
| 139|0x0000000088b00000, 0x0000000088b00000, 0x0000000088c00000|  0%| F|  |TAMS 0x0000000088b00000, 0x0000000088b00000| Untracked 
| 140|0x0000000088c00000, 0x0000000088c00000, 0x0000000088d00000|  0%| F|  |TAMS 0x0000000088c00000, 0x0000000088c00000| Untracked 
| 141|0x0000000088d00000, 0x0000000088d00000, 0x0000000088e00000|  0%| F|  |TAMS 0x0000000088d00000, 0x0000000088d00000| Untracked 
| 142|0x0000000088e00000, 0x0000000088e00000, 0x0000000088f00000|  0%| F|  |TAMS 0x0000000088e00000, 0x0000000088e00000| Untracked 
| 143|0x0000000088f00000, 0x0000000088f00000, 0x0000000089000000|  0%| F|  |TAMS 0x0000000088f00000, 0x0000000088f00000| Untracked 
| 144|0x0000000089000000, 0x0000000089000000, 0x0000000089100000|  0%| F|  |TAMS 0x0000000089000000, 0x0000000089000000| Untracked 
| 145|0x0000000089100000, 0x0000000089100000, 0x0000000089200000|  0%| F|  |TAMS 0x0000000089100000, 0x0000000089100000| Untracked 
| 146|0x0000000089200000, 0x0000000089200000, 0x0000000089300000|  0%| F|  |TAMS 0x0000000089200000, 0x0000000089200000| Untracked 
| 147|0x0000000089300000, 0x0000000089300000, 0x0000000089400000|  0%| F|  |TAMS 0x0000000089300000, 0x0000000089300000| Untracked 
| 148|0x0000000089400000, 0x0000000089400000, 0x0000000089500000|  0%| F|  |TAMS 0x0000000089400000, 0x0000000089400000| Untracked 
| 149|0x0000000089500000, 0x0000000089500000, 0x0000000089600000|  0%| F|  |TAMS 0x0000000089500000, 0x0000000089500000| Untracked 
| 150|0x0000000089600000, 0x0000000089600000, 0x0000000089700000|  0%| F|  |TAMS 0x0000000089600000, 0x0000000089600000| Untracked 
| 151|0x0000000089700000, 0x0000000089700000, 0x0000000089800000|  0%| F|  |TAMS 0x0000000089700000, 0x0000000089700000| Untracked 
| 152|0x0000000089800000, 0x0000000089800000, 0x0000000089900000|  0%| F|  |TAMS 0x0000000089800000, 0x0000000089800000| Untracked 
| 153|0x0000000089900000, 0x0000000089900000, 0x0000000089a00000|  0%| F|  |TAMS 0x0000000089900000, 0x0000000089900000| Untracked 
| 154|0x0000000089a00000, 0x0000000089a00000, 0x0000000089b00000|  0%| F|  |TAMS 0x0000000089a00000, 0x0000000089a00000| Untracked 
| 155|0x0000000089b00000, 0x0000000089b00000, 0x0000000089c00000|  0%| F|  |TAMS 0x0000000089b00000, 0x0000000089b00000| Untracked 
| 156|0x0000000089c00000, 0x0000000089c00000, 0x0000000089d00000|  0%| F|  |TAMS 0x0000000089c00000, 0x0000000089c00000| Untracked 
| 157|0x0000000089d00000, 0x0000000089d00000, 0x0000000089e00000|  0%| F|  |TAMS 0x0000000089d00000, 0x0000000089d00000| Untracked 
| 158|0x0000000089e00000, 0x0000000089e00000, 0x0000000089f00000|  0%| F|  |TAMS 0x0000000089e00000, 0x0000000089e00000| Untracked 
| 159|0x0000000089f00000, 0x0000000089f00000, 0x000000008a000000|  0%| F|  |TAMS 0x0000000089f00000, 0x0000000089f00000| Untracked 
| 160|0x000000008a000000, 0x000000008a000000, 0x000000008a100000|  0%| F|  |TAMS 0x000000008a000000, 0x000000008a000000| Untracked 
| 161|0x000000008a100000, 0x000000008a100000, 0x000000008a200000|  0%| F|  |TAMS 0x000000008a100000, 0x000000008a100000| Untracked 
| 162|0x000000008a200000, 0x000000008a200000, 0x000000008a300000|  0%| F|  |TAMS 0x000000008a200000, 0x000000008a200000| Untracked 
| 163|0x000000008a300000, 0x000000008a300000, 0x000000008a400000|  0%| F|  |TAMS 0x000000008a300000, 0x000000008a300000| Untracked 
| 164|0x000000008a400000, 0x000000008a400000, 0x000000008a500000|  0%| F|  |TAMS 0x000000008a400000, 0x000000008a400000| Untracked 
| 165|0x000000008a500000, 0x000000008a500000, 0x000000008a600000|  0%| F|  |TAMS 0x000000008a500000, 0x000000008a500000| Untracked 
| 166|0x000000008a600000, 0x000000008a600000, 0x000000008a700000|  0%| F|  |TAMS 0x000000008a600000, 0x000000008a600000| Untracked 
| 167|0x000000008a700000, 0x000000008a700000, 0x000000008a800000|  0%| F|  |TAMS 0x000000008a700000, 0x000000008a700000| Untracked 
| 168|0x000000008a800000, 0x000000008a800000, 0x000000008a900000|  0%| F|  |TAMS 0x000000008a800000, 0x000000008a800000| Untracked 
| 169|0x000000008a900000, 0x000000008a900000, 0x000000008aa00000|  0%| F|  |TAMS 0x000000008a900000, 0x000000008a900000| Untracked 
| 170|0x000000008aa00000, 0x000000008aa00000, 0x000000008ab00000|  0%| F|  |TAMS 0x000000008aa00000, 0x000000008aa00000| Untracked 
| 171|0x000000008ab00000, 0x000000008ab00000, 0x000000008ac00000|  0%| F|  |TAMS 0x000000008ab00000, 0x000000008ab00000| Untracked 
| 172|0x000000008ac00000, 0x000000008ac00000, 0x000000008ad00000|  0%| F|  |TAMS 0x000000008ac00000, 0x000000008ac00000| Untracked 
| 173|0x000000008ad00000, 0x000000008ad00000, 0x000000008ae00000|  0%| F|  |TAMS 0x000000008ad00000, 0x000000008ad00000| Untracked 
| 174|0x000000008ae00000, 0x000000008ae00000, 0x000000008af00000|  0%| F|  |TAMS 0x000000008ae00000, 0x000000008ae00000| Untracked 
| 175|0x000000008af00000, 0x000000008af00000, 0x000000008b000000|  0%| F|  |TAMS 0x000000008af00000, 0x000000008af00000| Untracked 
| 176|0x000000008b000000, 0x000000008b000000, 0x000000008b100000|  0%| F|  |TAMS 0x000000008b000000, 0x000000008b000000| Untracked 
| 177|0x000000008b100000, 0x000000008b100000, 0x000000008b200000|  0%| F|  |TAMS 0x000000008b100000, 0x000000008b100000| Untracked 
| 178|0x000000008b200000, 0x000000008b200000, 0x000000008b300000|  0%| F|  |TAMS 0x000000008b200000, 0x000000008b200000| Untracked 
| 179|0x000000008b300000, 0x000000008b300000, 0x000000008b400000|  0%| F|  |TAMS 0x000000008b300000, 0x000000008b300000| Untracked 
| 180|0x000000008b400000, 0x000000008b400000, 0x000000008b500000|  0%| F|  |TAMS 0x000000008b400000, 0x000000008b400000| Untracked 
| 181|0x000000008b500000, 0x000000008b500000, 0x000000008b600000|  0%| F|  |TAMS 0x000000008b500000, 0x000000008b500000| Untracked 
| 182|0x000000008b600000, 0x000000008b600000, 0x000000008b700000|  0%| F|  |TAMS 0x000000008b600000, 0x000000008b600000| Untracked 
| 183|0x000000008b700000, 0x000000008b700000, 0x000000008b800000|  0%| F|  |TAMS 0x000000008b700000, 0x000000008b700000| Untracked 
| 184|0x000000008b800000, 0x000000008b800000, 0x000000008b900000|  0%| F|  |TAMS 0x000000008b800000, 0x000000008b800000| Untracked 
| 185|0x000000008b900000, 0x000000008b900000, 0x000000008ba00000|  0%| F|  |TAMS 0x000000008b900000, 0x000000008b900000| Untracked 
| 186|0x000000008ba00000, 0x000000008ba00000, 0x000000008bb00000|  0%| F|  |TAMS 0x000000008ba00000, 0x000000008ba00000| Untracked 
| 187|0x000000008bb00000, 0x000000008bb00000, 0x000000008bc00000|  0%| F|  |TAMS 0x000000008bb00000, 0x000000008bb00000| Untracked 
| 188|0x000000008bc00000, 0x000000008bc00000, 0x000000008bd00000|  0%| F|  |TAMS 0x000000008bc00000, 0x000000008bc00000| Untracked 
| 189|0x000000008bd00000, 0x000000008bd00000, 0x000000008be00000|  0%| F|  |TAMS 0x000000008bd00000, 0x000000008bd00000| Untracked 
| 190|0x000000008be00000, 0x000000008be00000, 0x000000008bf00000|  0%| F|  |TAMS 0x000000008be00000, 0x000000008be00000| Untracked 
| 191|0x000000008bf00000, 0x000000008bf00000, 0x000000008c000000|  0%| F|  |TAMS 0x000000008bf00000, 0x000000008bf00000| Untracked 
| 192|0x000000008c000000, 0x000000008c000000, 0x000000008c100000|  0%| F|  |TAMS 0x000000008c000000, 0x000000008c000000| Untracked 
| 193|0x000000008c100000, 0x000000008c100000, 0x000000008c200000|  0%| F|  |TAMS 0x000000008c100000, 0x000000008c100000| Untracked 
| 194|0x000000008c200000, 0x000000008c200000, 0x000000008c300000|  0%| F|  |TAMS 0x000000008c200000, 0x000000008c200000| Untracked 
| 195|0x000000008c300000, 0x000000008c300000, 0x000000008c400000|  0%| F|  |TAMS 0x000000008c300000, 0x000000008c300000| Untracked 
| 196|0x000000008c400000, 0x000000008c400000, 0x000000008c500000|  0%| F|  |TAMS 0x000000008c400000, 0x000000008c400000| Untracked 
| 197|0x000000008c500000, 0x000000008c500000, 0x000000008c600000|  0%| F|  |TAMS 0x000000008c500000, 0x000000008c500000| Untracked 
| 198|0x000000008c600000, 0x000000008c600000, 0x000000008c700000|  0%| F|  |TAMS 0x000000008c600000, 0x000000008c600000| Untracked 
| 199|0x000000008c700000, 0x000000008c700000, 0x000000008c800000|  0%| F|  |TAMS 0x000000008c700000, 0x000000008c700000| Untracked 
| 200|0x000000008c800000, 0x000000008c800000, 0x000000008c900000|  0%| F|  |TAMS 0x000000008c800000, 0x000000008c800000| Untracked 
| 201|0x000000008c900000, 0x000000008c900000, 0x000000008ca00000|  0%| F|  |TAMS 0x000000008c900000, 0x000000008c900000| Untracked 
| 202|0x000000008ca00000, 0x000000008ca00000, 0x000000008cb00000|  0%| F|  |TAMS 0x000000008ca00000, 0x000000008ca00000| Untracked 
| 203|0x000000008cb00000, 0x000000008cb00000, 0x000000008cc00000|  0%| F|  |TAMS 0x000000008cb00000, 0x000000008cb00000| Untracked 
| 204|0x000000008cc00000, 0x000000008cc00000, 0x000000008cd00000|  0%| F|  |TAMS 0x000000008cc00000, 0x000000008cc00000| Untracked 
| 205|0x000000008cd00000, 0x000000008cd00000, 0x000000008ce00000|  0%| F|  |TAMS 0x000000008cd00000, 0x000000008cd00000| Untracked 
| 206|0x000000008ce00000, 0x000000008ce00000, 0x000000008cf00000|  0%| F|  |TAMS 0x000000008ce00000, 0x000000008ce00000| Untracked 
| 207|0x000000008cf00000, 0x000000008cf00000, 0x000000008d000000|  0%| F|  |TAMS 0x000000008cf00000, 0x000000008cf00000| Untracked 
| 208|0x000000008d000000, 0x000000008d000000, 0x000000008d100000|  0%| F|  |TAMS 0x000000008d000000, 0x000000008d000000| Untracked 
| 209|0x000000008d100000, 0x000000008d100000, 0x000000008d200000|  0%| F|  |TAMS 0x000000008d100000, 0x000000008d100000| Untracked 
| 210|0x000000008d200000, 0x000000008d200000, 0x000000008d300000|  0%| F|  |TAMS 0x000000008d200000, 0x000000008d200000| Untracked 
| 211|0x000000008d300000, 0x000000008d300000, 0x000000008d400000|  0%| F|  |TAMS 0x000000008d300000, 0x000000008d300000| Untracked 
| 212|0x000000008d400000, 0x000000008d400000, 0x000000008d500000|  0%| F|  |TAMS 0x000000008d400000, 0x000000008d400000| Untracked 
| 213|0x000000008d500000, 0x000000008d500000, 0x000000008d600000|  0%| F|  |TAMS 0x000000008d500000, 0x000000008d500000| Untracked 
| 214|0x000000008d600000, 0x000000008d600000, 0x000000008d700000|  0%| F|  |TAMS 0x000000008d600000, 0x000000008d600000| Untracked 
| 215|0x000000008d700000, 0x000000008d700000, 0x000000008d800000|  0%| F|  |TAMS 0x000000008d700000, 0x000000008d700000| Untracked 
| 216|0x000000008d800000, 0x000000008d800000, 0x000000008d900000|  0%| F|  |TAMS 0x000000008d800000, 0x000000008d800000| Untracked 
| 217|0x000000008d900000, 0x000000008d900000, 0x000000008da00000|  0%| F|  |TAMS 0x000000008d900000, 0x000000008d900000| Untracked 
| 218|0x000000008da00000, 0x000000008da00000, 0x000000008db00000|  0%| F|  |TAMS 0x000000008da00000, 0x000000008da00000| Untracked 
| 219|0x000000008db00000, 0x000000008db00000, 0x000000008dc00000|  0%| F|  |TAMS 0x000000008db00000, 0x000000008db00000| Untracked 
| 220|0x000000008dc00000, 0x000000008dc00000, 0x000000008dd00000|  0%| F|  |TAMS 0x000000008dc00000, 0x000000008dc00000| Untracked 
| 221|0x000000008dd00000, 0x000000008dd00000, 0x000000008de00000|  0%| F|  |TAMS 0x000000008dd00000, 0x000000008dd00000| Untracked 
| 222|0x000000008de00000, 0x000000008de00000, 0x000000008df00000|  0%| F|  |TAMS 0x000000008de00000, 0x000000008de00000| Untracked 
| 223|0x000000008df00000, 0x000000008df00000, 0x000000008e000000|  0%| F|  |TAMS 0x000000008df00000, 0x000000008df00000| Untracked 
| 224|0x000000008e000000, 0x000000008e000000, 0x000000008e100000|  0%| F|  |TAMS 0x000000008e000000, 0x000000008e000000| Untracked 
| 225|0x000000008e100000, 0x000000008e100000, 0x000000008e200000|  0%| F|  |TAMS 0x000000008e100000, 0x000000008e100000| Untracked 
| 226|0x000000008e200000, 0x000000008e200000, 0x000000008e300000|  0%| F|  |TAMS 0x000000008e200000, 0x000000008e200000| Untracked 
| 227|0x000000008e300000, 0x000000008e300000, 0x000000008e400000|  0%| F|  |TAMS 0x000000008e300000, 0x000000008e300000| Untracked 
| 228|0x000000008e400000, 0x000000008e400000, 0x000000008e500000|  0%| F|  |TAMS 0x000000008e400000, 0x000000008e400000| Untracked 
| 229|0x000000008e500000, 0x000000008e500000, 0x000000008e600000|  0%| F|  |TAMS 0x000000008e500000, 0x000000008e500000| Untracked 
| 230|0x000000008e600000, 0x000000008e600000, 0x000000008e700000|  0%| F|  |TAMS 0x000000008e600000, 0x000000008e600000| Untracked 
| 231|0x000000008e700000, 0x000000008e700000, 0x000000008e800000|  0%| F|  |TAMS 0x000000008e700000, 0x000000008e700000| Untracked 
| 232|0x000000008e800000, 0x000000008e800000, 0x000000008e900000|  0%| F|  |TAMS 0x000000008e800000, 0x000000008e800000| Untracked 
| 233|0x000000008e900000, 0x000000008e900000, 0x000000008ea00000|  0%| F|  |TAMS 0x000000008e900000, 0x000000008e900000| Untracked 
| 234|0x000000008ea00000, 0x000000008ea00000, 0x000000008eb00000|  0%| F|  |TAMS 0x000000008ea00000, 0x000000008ea00000| Untracked 
| 235|0x000000008eb00000, 0x000000008eb00000, 0x000000008ec00000|  0%| F|  |TAMS 0x000000008eb00000, 0x000000008eb00000| Untracked 
| 236|0x000000008ec00000, 0x000000008ec00000, 0x000000008ed00000|  0%| F|  |TAMS 0x000000008ec00000, 0x000000008ec00000| Untracked 
| 237|0x000000008ed00000, 0x000000008ed00000, 0x000000008ee00000|  0%| F|  |TAMS 0x000000008ed00000, 0x000000008ed00000| Untracked 
| 238|0x000000008ee00000, 0x000000008ee00000, 0x000000008ef00000|  0%| F|  |TAMS 0x000000008ee00000, 0x000000008ee00000| Untracked 
| 239|0x000000008ef00000, 0x000000008ef00000, 0x000000008f000000|  0%| F|  |TAMS 0x000000008ef00000, 0x000000008ef00000| Untracked 
| 240|0x000000008f000000, 0x000000008f000000, 0x000000008f100000|  0%| F|  |TAMS 0x000000008f000000, 0x000000008f000000| Untracked 
| 241|0x000000008f100000, 0x000000008f100000, 0x000000008f200000|  0%| F|  |TAMS 0x000000008f100000, 0x000000008f100000| Untracked 
| 242|0x000000008f200000, 0x000000008f200000, 0x000000008f300000|  0%| F|  |TAMS 0x000000008f200000, 0x000000008f200000| Untracked 
| 243|0x000000008f300000, 0x000000008f300000, 0x000000008f400000|  0%| F|  |TAMS 0x000000008f300000, 0x000000008f300000| Untracked 
| 244|0x000000008f400000, 0x000000008f400000, 0x000000008f500000|  0%| F|  |TAMS 0x000000008f400000, 0x000000008f400000| Untracked 
| 245|0x000000008f500000, 0x000000008f500000, 0x000000008f600000|  0%| F|  |TAMS 0x000000008f500000, 0x000000008f500000| Untracked 
| 246|0x000000008f600000, 0x000000008f600000, 0x000000008f700000|  0%| F|  |TAMS 0x000000008f600000, 0x000000008f600000| Untracked 
| 247|0x000000008f700000, 0x000000008f700000, 0x000000008f800000|  0%| F|  |TAMS 0x000000008f700000, 0x000000008f700000| Untracked 
| 248|0x000000008f800000, 0x000000008f800000, 0x000000008f900000|  0%| F|  |TAMS 0x000000008f800000, 0x000000008f800000| Untracked 
| 249|0x000000008f900000, 0x000000008f900000, 0x000000008fa00000|  0%| F|  |TAMS 0x000000008f900000, 0x000000008f900000| Untracked 
| 250|0x000000008fa00000, 0x000000008fa00000, 0x000000008fb00000|  0%| F|  |TAMS 0x000000008fa00000, 0x000000008fa00000| Untracked 
| 251|0x000000008fb00000, 0x000000008fb00000, 0x000000008fc00000|  0%| F|  |TAMS 0x000000008fb00000, 0x000000008fb00000| Untracked 
| 252|0x000000008fc00000, 0x000000008fc00000, 0x000000008fd00000|  0%| F|  |TAMS 0x000000008fc00000, 0x000000008fc00000| Untracked 
| 253|0x000000008fd00000, 0x000000008fd00000, 0x000000008fe00000|  0%| F|  |TAMS 0x000000008fd00000, 0x000000008fd00000| Untracked 
| 254|0x000000008fe00000, 0x000000008fe00000, 0x000000008ff00000|  0%| F|  |TAMS 0x000000008fe00000, 0x000000008fe00000| Untracked 
| 255|0x000000008ff00000, 0x000000008ff00000, 0x0000000090000000|  0%| F|  |TAMS 0x000000008ff00000, 0x000000008ff00000| Untracked 
| 256|0x0000000090000000, 0x0000000090000000, 0x0000000090100000|  0%| F|  |TAMS 0x0000000090000000, 0x0000000090000000| Untracked 
| 257|0x0000000090100000, 0x0000000090100000, 0x0000000090200000|  0%| F|  |TAMS 0x0000000090100000, 0x0000000090100000| Untracked 
| 258|0x0000000090200000, 0x0000000090200000, 0x0000000090300000|  0%| F|  |TAMS 0x0000000090200000, 0x0000000090200000| Untracked 
| 259|0x0000000090300000, 0x0000000090300000, 0x0000000090400000|  0%| F|  |TAMS 0x0000000090300000, 0x0000000090300000| Untracked 
| 260|0x0000000090400000, 0x0000000090400000, 0x0000000090500000|  0%| F|  |TAMS 0x0000000090400000, 0x0000000090400000| Untracked 
| 261|0x0000000090500000, 0x0000000090500000, 0x0000000090600000|  0%| F|  |TAMS 0x0000000090500000, 0x0000000090500000| Untracked 
| 262|0x0000000090600000, 0x0000000090600000, 0x0000000090700000|  0%| F|  |TAMS 0x0000000090600000, 0x0000000090600000| Untracked 
| 263|0x0000000090700000, 0x0000000090700000, 0x0000000090800000|  0%| F|  |TAMS 0x0000000090700000, 0x0000000090700000| Untracked 
| 264|0x0000000090800000, 0x0000000090800000, 0x0000000090900000|  0%| F|  |TAMS 0x0000000090800000, 0x0000000090800000| Untracked 
| 265|0x0000000090900000, 0x0000000090900000, 0x0000000090a00000|  0%| F|  |TAMS 0x0000000090900000, 0x0000000090900000| Untracked 
| 266|0x0000000090a00000, 0x0000000090a00000, 0x0000000090b00000|  0%| F|  |TAMS 0x0000000090a00000, 0x0000000090a00000| Untracked 
| 267|0x0000000090b00000, 0x0000000090b00000, 0x0000000090c00000|  0%| F|  |TAMS 0x0000000090b00000, 0x0000000090b00000| Untracked 
| 268|0x0000000090c00000, 0x0000000090c00000, 0x0000000090d00000|  0%| F|  |TAMS 0x0000000090c00000, 0x0000000090c00000| Untracked 
| 269|0x0000000090d00000, 0x0000000090d00000, 0x0000000090e00000|  0%| F|  |TAMS 0x0000000090d00000, 0x0000000090d00000| Untracked 
| 270|0x0000000090e00000, 0x0000000090e00000, 0x0000000090f00000|  0%| F|  |TAMS 0x0000000090e00000, 0x0000000090e00000| Untracked 
| 271|0x0000000090f00000, 0x0000000090f00000, 0x0000000091000000|  0%| F|  |TAMS 0x0000000090f00000, 0x0000000090f00000| Untracked 
| 272|0x0000000091000000, 0x0000000091000000, 0x0000000091100000|  0%| F|  |TAMS 0x0000000091000000, 0x0000000091000000| Untracked 
| 273|0x0000000091100000, 0x0000000091100000, 0x0000000091200000|  0%| F|  |TAMS 0x0000000091100000, 0x0000000091100000| Untracked 
| 274|0x0000000091200000, 0x0000000091200000, 0x0000000091300000|  0%| F|  |TAMS 0x0000000091200000, 0x0000000091200000| Untracked 
| 275|0x0000000091300000, 0x0000000091300000, 0x0000000091400000|  0%| F|  |TAMS 0x0000000091300000, 0x0000000091300000| Untracked 
| 276|0x0000000091400000, 0x0000000091400000, 0x0000000091500000|  0%| F|  |TAMS 0x0000000091400000, 0x0000000091400000| Untracked 
| 277|0x0000000091500000, 0x0000000091500000, 0x0000000091600000|  0%| F|  |TAMS 0x0000000091500000, 0x0000000091500000| Untracked 
| 278|0x0000000091600000, 0x0000000091600000, 0x0000000091700000|  0%| F|  |TAMS 0x0000000091600000, 0x0000000091600000| Untracked 
| 279|0x0000000091700000, 0x0000000091700000, 0x0000000091800000|  0%| F|  |TAMS 0x0000000091700000, 0x0000000091700000| Untracked 
| 280|0x0000000091800000, 0x0000000091800000, 0x0000000091900000|  0%| F|  |TAMS 0x0000000091800000, 0x0000000091800000| Untracked 
| 281|0x0000000091900000, 0x0000000091900000, 0x0000000091a00000|  0%| F|  |TAMS 0x0000000091900000, 0x0000000091900000| Untracked 
| 282|0x0000000091a00000, 0x0000000091a00000, 0x0000000091b00000|  0%| F|  |TAMS 0x0000000091a00000, 0x0000000091a00000| Untracked 
| 283|0x0000000091b00000, 0x0000000091b00000, 0x0000000091c00000|  0%| F|  |TAMS 0x0000000091b00000, 0x0000000091b00000| Untracked 
| 284|0x0000000091c00000, 0x0000000091c00000, 0x0000000091d00000|  0%| F|  |TAMS 0x0000000091c00000, 0x0000000091c00000| Untracked 
| 285|0x0000000091d00000, 0x0000000091e00000, 0x0000000091e00000|100%| S|CS|TAMS 0x0000000091d00000, 0x0000000091d00000| Complete 
| 286|0x0000000091e00000, 0x0000000091f00000, 0x0000000091f00000|100%| S|CS|TAMS 0x0000000091e00000, 0x0000000091e00000| Complete 
| 287|0x0000000091f00000, 0x0000000092000000, 0x0000000092000000|100%| S|CS|TAMS 0x0000000091f00000, 0x0000000091f00000| Complete 
| 288|0x0000000092000000, 0x0000000092100000, 0x0000000092100000|100%| S|CS|TAMS 0x0000000092000000, 0x0000000092000000| Complete 
| 289|0x0000000092100000, 0x0000000092100000, 0x0000000092200000|  0%| F|  |TAMS 0x0000000092100000, 0x0000000092100000| Untracked 
| 290|0x0000000092200000, 0x0000000092200000, 0x0000000092300000|  0%| F|  |TAMS 0x0000000092200000, 0x0000000092200000| Untracked 
| 291|0x0000000092300000, 0x0000000092300000, 0x0000000092400000|  0%| F|  |TAMS 0x0000000092300000, 0x0000000092300000| Untracked 
| 292|0x0000000092400000, 0x0000000092400000, 0x0000000092500000|  0%| F|  |TAMS 0x0000000092400000, 0x0000000092400000| Untracked 
| 293|0x0000000092500000, 0x0000000092500000, 0x0000000092600000|  0%| F|  |TAMS 0x0000000092500000, 0x0000000092500000| Untracked 
| 294|0x0000000092600000, 0x0000000092600000, 0x0000000092700000|  0%| F|  |TAMS 0x0000000092600000, 0x0000000092600000| Untracked 
| 295|0x0000000092700000, 0x0000000092700000, 0x0000000092800000|  0%| F|  |TAMS 0x0000000092700000, 0x0000000092700000| Untracked 
| 296|0x0000000092800000, 0x0000000092800000, 0x0000000092900000|  0%| F|  |TAMS 0x0000000092800000, 0x0000000092800000| Untracked 
| 297|0x0000000092900000, 0x0000000092900000, 0x0000000092a00000|  0%| F|  |TAMS 0x0000000092900000, 0x0000000092900000| Untracked 
| 298|0x0000000092a00000, 0x0000000092a00000, 0x0000000092b00000|  0%| F|  |TAMS 0x0000000092a00000, 0x0000000092a00000| Untracked 
| 299|0x0000000092b00000, 0x0000000092b00000, 0x0000000092c00000|  0%| F|  |TAMS 0x0000000092b00000, 0x0000000092b00000| Untracked 
| 300|0x0000000092c00000, 0x0000000092c00000, 0x0000000092d00000|  0%| F|  |TAMS 0x0000000092c00000, 0x0000000092c00000| Untracked 
| 301|0x0000000092d00000, 0x0000000092d00000, 0x0000000092e00000|  0%| F|  |TAMS 0x0000000092d00000, 0x0000000092d00000| Untracked 
| 302|0x0000000092e00000, 0x0000000092e00000, 0x0000000092f00000|  0%| F|  |TAMS 0x0000000092e00000, 0x0000000092e00000| Untracked 
| 303|0x0000000092f00000, 0x0000000092f00000, 0x0000000093000000|  0%| F|  |TAMS 0x0000000092f00000, 0x0000000092f00000| Untracked 
| 304|0x0000000093000000, 0x0000000093000000, 0x0000000093100000|  0%| F|  |TAMS 0x0000000093000000, 0x0000000093000000| Untracked 
| 305|0x0000000093100000, 0x0000000093100000, 0x0000000093200000|  0%| F|  |TAMS 0x0000000093100000, 0x0000000093100000| Untracked 
| 306|0x0000000093200000, 0x0000000093200000, 0x0000000093300000|  0%| F|  |TAMS 0x0000000093200000, 0x0000000093200000| Untracked 
| 307|0x0000000093300000, 0x0000000093300000, 0x0000000093400000|  0%| F|  |TAMS 0x0000000093300000, 0x0000000093300000| Untracked 
| 308|0x0000000093400000, 0x0000000093400000, 0x0000000093500000|  0%| F|  |TAMS 0x0000000093400000, 0x0000000093400000| Untracked 
| 309|0x0000000093500000, 0x0000000093500000, 0x0000000093600000|  0%| F|  |TAMS 0x0000000093500000, 0x0000000093500000| Untracked 
| 310|0x0000000093600000, 0x0000000093600000, 0x0000000093700000|  0%| F|  |TAMS 0x0000000093600000, 0x0000000093600000| Untracked 
| 311|0x0000000093700000, 0x0000000093700000, 0x0000000093800000|  0%| F|  |TAMS 0x0000000093700000, 0x0000000093700000| Untracked 
| 312|0x0000000093800000, 0x0000000093800000, 0x0000000093900000|  0%| F|  |TAMS 0x0000000093800000, 0x0000000093800000| Untracked 
| 313|0x0000000093900000, 0x0000000093900000, 0x0000000093a00000|  0%| F|  |TAMS 0x0000000093900000, 0x0000000093900000| Untracked 
| 314|0x0000000093a00000, 0x0000000093a00000, 0x0000000093b00000|  0%| F|  |TAMS 0x0000000093a00000, 0x0000000093a00000| Untracked 
| 315|0x0000000093b00000, 0x0000000093b00000, 0x0000000093c00000|  0%| F|  |TAMS 0x0000000093b00000, 0x0000000093b00000| Untracked 
| 316|0x0000000093c00000, 0x0000000093c00000, 0x0000000093d00000|  0%| F|  |TAMS 0x0000000093c00000, 0x0000000093c00000| Untracked 
| 317|0x0000000093d00000, 0x0000000093d00000, 0x0000000093e00000|  0%| F|  |TAMS 0x0000000093d00000, 0x0000000093d00000| Untracked 
| 318|0x0000000093e00000, 0x0000000093e00000, 0x0000000093f00000|  0%| F|  |TAMS 0x0000000093e00000, 0x0000000093e00000| Untracked 
| 319|0x0000000093f00000, 0x0000000093f00000, 0x0000000094000000|  0%| F|  |TAMS 0x0000000093f00000, 0x0000000093f00000| Untracked 
| 320|0x0000000094000000, 0x0000000094000000, 0x0000000094100000|  0%| F|  |TAMS 0x0000000094000000, 0x0000000094000000| Untracked 
| 321|0x0000000094100000, 0x0000000094100000, 0x0000000094200000|  0%| F|  |TAMS 0x0000000094100000, 0x0000000094100000| Untracked 
| 322|0x0000000094200000, 0x0000000094200000, 0x0000000094300000|  0%| F|  |TAMS 0x0000000094200000, 0x0000000094200000| Untracked 
| 323|0x0000000094300000, 0x0000000094300000, 0x0000000094400000|  0%| F|  |TAMS 0x0000000094300000, 0x0000000094300000| Untracked 
| 324|0x0000000094400000, 0x0000000094400000, 0x0000000094500000|  0%| F|  |TAMS 0x0000000094400000, 0x0000000094400000| Untracked 
| 325|0x0000000094500000, 0x0000000094500000, 0x0000000094600000|  0%| F|  |TAMS 0x0000000094500000, 0x0000000094500000| Untracked 
| 326|0x0000000094600000, 0x0000000094600000, 0x0000000094700000|  0%| F|  |TAMS 0x0000000094600000, 0x0000000094600000| Untracked 
| 327|0x0000000094700000, 0x0000000094700000, 0x0000000094800000|  0%| F|  |TAMS 0x0000000094700000, 0x0000000094700000| Untracked 
| 328|0x0000000094800000, 0x0000000094800000, 0x0000000094900000|  0%| F|  |TAMS 0x0000000094800000, 0x0000000094800000| Untracked 
| 329|0x0000000094900000, 0x0000000094900000, 0x0000000094a00000|  0%| F|  |TAMS 0x0000000094900000, 0x0000000094900000| Untracked 

Card table byte_map: [0x0000026318390000,0x0000026318790000] _byte_map_base: 0x0000026317f90000

Marking Bits (Prev, Next): (CMBitMap*) 0x0000026305b16450, (CMBitMap*) 0x0000026305b16490
 Prev Bits: [0x0000026318b90000, 0x000002631ab90000)
 Next Bits: [0x000002631ab90000, 0x000002631cb90000)

Polling page: 0x00000263039b0000

Metaspace:

Usage:
  Non-class:     92.71 MB used.
      Class:     14.36 MB used.
       Both:    107.06 MB used.

Virtual space:
  Non-class space:       96.00 MB reserved,      93.12 MB ( 97%) committed,  12 nodes.
      Class space:        1.00 GB reserved,      14.69 MB (  1%) committed,  1 nodes.
             Both:        1.09 GB reserved,     107.81 MB ( 10%) committed. 

Chunk freelists:
   Non-Class:  2.80 MB
       Class:  1.34 MB
        Both:  4.14 MB

MaxMetaspaceSize: unlimited
CompressedClassSpaceSize: 1.00 GB
Initial GC threshold: 21.00 MB
Current GC threshold: 121.38 MB
CDS: off
MetaspaceReclaimPolicy: balanced
 - commit_granule_bytes: 65536.
 - commit_granule_words: 8192.
 - virtual_space_node_default_size: 1048576.
 - enlarge_chunks_in_place: 1.
 - new_chunks_are_fully_committed: 0.
 - uncommit_free_chunks: 1.
 - use_allocation_guard: 0.
 - handle_deallocations: 1.


Internal statistics:

num_allocs_failed_limit: 6.
num_arena_births: 1034.
num_arena_deaths: 0.
num_vsnodes_births: 13.
num_vsnodes_deaths: 0.
num_space_committed: 1725.
num_space_uncommitted: 0.
num_chunks_returned_to_freelist: 6.
num_chunks_taken_from_freelist: 4995.
num_chunk_merges: 6.
num_chunk_splits: 3287.
num_chunks_enlarged: 2214.
num_purges: 0.
num_inconsistent_stats: 0.

CodeHeap 'non-profiled nmethods': size=120000Kb used=7129Kb max_used=7129Kb free=112870Kb
 bounds [0x0000026310a60000, 0x0000026311160000, 0x0000026317f90000]
CodeHeap 'profiled nmethods': size=120000Kb used=23277Kb max_used=23277Kb free=96722Kb
 bounds [0x0000026308f90000, 0x000002630a650000, 0x00000263104c0000]
CodeHeap 'non-nmethods': size=5760Kb used=2457Kb max_used=2502Kb free=3302Kb
 bounds [0x00000263104c0000, 0x0000026310750000, 0x0000026310a60000]
 total_blobs=13048 nmethods=12057 adapters=903
 compilation: enabled
              stopped_count=0, restarted_count=0
 full_count=0

Compilation events (20 events):
Event: 70.144 Thread 0x000002631f0cdb80 13892       3       kotlin.reflect.jvm.internal.impl.load.kotlin.header.ReadKotlinClassHeaderAnnotationVisitor$CollectStringArrayAnnotationVisitor::<init> (16 bytes)
Event: 70.147 Thread 0x000002631f0cdb80 nmethod 13892 0x000002630a646990 code [0x000002630a646b60, 0x000002630a646f58]
Event: 70.147 Thread 0x000002631f0cdb80 13893       3       kotlin.reflect.jvm.internal.impl.metadata.ProtoBuf$Constructor::getValueParameterCount (10 bytes)
Event: 70.149 Thread 0x000002631f0cdb80 nmethod 13893 0x000002630a647110 code [0x000002630a6472c0, 0x000002630a647488]
Event: 70.150 Thread 0x000002631f0cdb80 13894       3       kotlin.reflect.jvm.internal.impl.name.FqName::child (26 bytes)
Event: 70.153 Thread 0x000002631f0cdb80 nmethod 13894 0x000002630a647590 code [0x000002630a647760, 0x000002630a647b88]
Event: 70.153 Thread 0x000002631f0cdb80 13895       3       kotlin.reflect.jvm.internal.impl.name.FqNameUnsafe::child (65 bytes)
Event: 70.163 Thread 0x000002631f0cdb80 nmethod 13895 0x000002630a647d10 code [0x000002630a647fc0, 0x000002630a648c38]
Event: 70.164 Thread 0x000002631f0cdb80 13896       3       kotlin.reflect.jvm.internal.impl.name.FqName::<init> (23 bytes)
Event: 70.166 Thread 0x000002631f0cdb80 nmethod 13896 0x000002630a649090 code [0x000002630a649240, 0x000002630a6494e8]
Event: 70.172 Thread 0x000002631f0cdb80 13897       3       kotlin.reflect.jvm.internal.impl.name.FqName::toString (8 bytes)
Event: 70.175 Thread 0x000002631f0cdb80 nmethod 13897 0x000002630a649610 code [0x000002630a649800, 0x000002630a649c38]
Event: 70.176 Thread 0x000002631f0cdb80 13898       3       kotlin.reflect.jvm.internal.impl.name.FqNameUnsafe::toString (30 bytes)
Event: 70.178 Thread 0x000002631f0cdb80 nmethod 13898 0x000002630a649e10 code [0x000002630a649fe0, 0x000002630a64a3b8]
Event: 70.178 Thread 0x000002631f0cdb80 13899       3       kotlin.reflect.jvm.internal.impl.storage.DefaultSimpleLock::lock (10 bytes)
Event: 70.179 Thread 0x000002631f0cdb80 nmethod 13899 0x000002630a64a590 code [0x000002630a64a740, 0x000002630a64a908]
Event: 70.180 Thread 0x000002631f0cdb80 13900       3       kotlin.reflect.jvm.internal.impl.name.Name::equals (52 bytes)
Event: 70.182 Thread 0x000002631f0cdb80 nmethod 13900 0x000002630a64aa10 code [0x000002630a64abe0, 0x000002630a64b0a8]
Event: 70.182 Thread 0x000002631f0cdb80 13901       3       kotlin.reflect.jvm.internal.impl.storage.DefaultSimpleLock::unlock (10 bytes)
Event: 70.183 Thread 0x000002631f0cdb80 nmethod 13901 0x000002630a64b190 code [0x000002630a64b340, 0x000002630a64b508]

GC Heap History (20 events):
Event: 19.096 GC heap after
{Heap after GC invocations=36 (full 0):
 garbage-first heap   total 124928K, used 64988K [0x0000000080000000, 0x0000000100000000)
  region size 1024K, 3 young (3072K), 3 survivors (3072K)
 Metaspace       used 73829K, committed 74368K, reserved 1114112K
  class space    used 9714K, committed 9984K, reserved 1048576K
}
Event: 20.283 GC heap before
{Heap before GC invocations=37 (full 0):
 garbage-first heap   total 124928K, used 98780K [0x0000000080000000, 0x0000000100000000)
  region size 1024K, 36 young (36864K), 3 survivors (3072K)
 Metaspace       used 75925K, committed 76480K, reserved 1122304K
  class space    used 9999K, committed 10240K, reserved 1048576K
}
Event: 20.288 GC heap after
{Heap after GC invocations=38 (full 0):
 garbage-first heap   total 124928K, used 67529K [0x0000000080000000, 0x0000000100000000)
  region size 1024K, 5 young (5120K), 5 survivors (5120K)
 Metaspace       used 75925K, committed 76480K, reserved 1122304K
  class space    used 9999K, committed 10240K, reserved 1048576K
}
Event: 20.295 GC heap before
{Heap before GC invocations=38 (full 0):
 garbage-first heap   total 124928K, used 68553K [0x0000000080000000, 0x0000000100000000)
  region size 1024K, 6 young (6144K), 5 survivors (5120K)
 Metaspace       used 75925K, committed 76480K, reserved 1122304K
  class space    used 9999K, committed 10240K, reserved 1048576K
}
Event: 20.302 GC heap after
{Heap after GC invocations=39 (full 0):
 garbage-first heap   total 124928K, used 67462K [0x0000000080000000, 0x0000000100000000)
  region size 1024K, 1 young (1024K), 1 survivors (1024K)
 Metaspace       used 75925K, committed 76480K, reserved 1122304K
  class space    used 9999K, committed 10240K, reserved 1048576K
}
Event: 21.242 GC heap before
{Heap before GC invocations=39 (full 0):
 garbage-first heap   total 124928K, used 99206K [0x0000000080000000, 0x0000000100000000)
  region size 1024K, 32 young (32768K), 1 survivors (1024K)
 Metaspace       used 77156K, committed 77760K, reserved 1122304K
  class space    used 10147K, committed 10432K, reserved 1048576K
}
Event: 21.246 GC heap after
{Heap after GC invocations=40 (full 0):
 garbage-first heap   total 337920K, used 70374K [0x0000000080000000, 0x0000000100000000)
  region size 1024K, 4 young (4096K), 4 survivors (4096K)
 Metaspace       used 77156K, committed 77760K, reserved 1122304K
  class space    used 10147K, committed 10432K, reserved 1048576K
}
Event: 26.731 GC heap before
{Heap before GC invocations=40 (full 0):
 garbage-first heap   total 337920K, used 261862K [0x0000000080000000, 0x0000000100000000)
  region size 1024K, 191 young (195584K), 4 survivors (4096K)
 Metaspace       used 92842K, committed 93504K, reserved 1130496K
  class space    used 12637K, committed 12928K, reserved 1048576K
}
Event: 27.211 GC heap after
{Heap after GC invocations=41 (full 0):
 garbage-first heap   total 337920K, used 88882K [0x0000000080000000, 0x0000000100000000)
  region size 1024K, 22 young (22528K), 22 survivors (22528K)
 Metaspace       used 92842K, committed 93504K, reserved 1130496K
  class space    used 12637K, committed 12928K, reserved 1048576K
}
Event: 33.323 GC heap before
{Heap before GC invocations=41 (full 0):
 garbage-first heap   total 337920K, used 164658K [0x0000000080000000, 0x0000000100000000)
  region size 1024K, 97 young (99328K), 22 survivors (22528K)
 Metaspace       used 94609K, committed 95232K, reserved 1138688K
  class space    used 12877K, committed 13184K, reserved 1048576K
}
Event: 33.487 GC heap after
{Heap after GC invocations=42 (full 0):
 garbage-first heap   total 337920K, used 96942K [0x0000000080000000, 0x0000000100000000)
  region size 1024K, 8 young (8192K), 8 survivors (8192K)
 Metaspace       used 94609K, committed 95232K, reserved 1138688K
  class space    used 12877K, committed 13184K, reserved 1048576K
}
Event: 38.333 GC heap before
{Heap before GC invocations=42 (full 0):
 garbage-first heap   total 337920K, used 201390K [0x0000000080000000, 0x0000000100000000)
  region size 1024K, 92 young (94208K), 8 survivors (8192K)
 Metaspace       used 101129K, committed 101888K, reserved 1138688K
  class space    used 13644K, committed 14016K, reserved 1048576K
}
Event: 38.399 GC heap after
{Heap after GC invocations=43 (full 0):
 garbage-first heap   total 337920K, used 115712K [0x0000000080000000, 0x0000000100000000)
  region size 1024K, 12 young (12288K), 12 survivors (12288K)
 Metaspace       used 101129K, committed 101888K, reserved 1138688K
  class space    used 13644K, committed 14016K, reserved 1048576K
}
Event: 40.869 GC heap before
{Heap before GC invocations=43 (full 0):
 garbage-first heap   total 337920K, used 173056K [0x0000000080000000, 0x0000000100000000)
  region size 1024K, 69 young (70656K), 12 survivors (12288K)
 Metaspace       used 103944K, committed 104576K, reserved 1146880K
  class space    used 13956K, committed 14272K, reserved 1048576K
}
Event: 40.887 GC heap after
{Heap after GC invocations=44 (full 0):
 garbage-first heap   total 337920K, used 120832K [0x0000000080000000, 0x0000000100000000)
  region size 1024K, 7 young (7168K), 7 survivors (7168K)
 Metaspace       used 103944K, committed 104576K, reserved 1146880K
  class space    used 13956K, committed 14272K, reserved 1048576K
}
Event: 59.726 GC heap before
{Heap before GC invocations=44 (full 0):
 garbage-first heap   total 337920K, used 258048K [0x0000000080000000, 0x0000000100000000)
  region size 1024K, 142 young (145408K), 7 survivors (7168K)
 Metaspace       used 108366K, committed 109056K, reserved 1146880K
  class space    used 14518K, committed 14848K, reserved 1048576K
}
Event: 60.229 GC heap after
{Heap after GC invocations=45 (full 0):
 garbage-first heap   total 337920K, used 129225K [0x0000000080000000, 0x0000000100000000)
  region size 1024K, 15 young (15360K), 15 survivors (15360K)
 Metaspace       used 108366K, committed 109056K, reserved 1146880K
  class space    used 14518K, committed 14848K, reserved 1048576K
}
Event: 60.490 GC heap before
{Heap before GC invocations=45 (full 0):
 garbage-first heap   total 337920K, used 130249K [0x0000000080000000, 0x0000000100000000)
  region size 1024K, 16 young (16384K), 15 survivors (15360K)
 Metaspace       used 108389K, committed 109056K, reserved 1146880K
  class space    used 14524K, committed 14848K, reserved 1048576K
}
Event: 60.965 GC heap after
{Heap after GC invocations=46 (full 0):
 garbage-first heap   total 337920K, used 131224K [0x0000000080000000, 0x0000000100000000)
  region size 1024K, 2 young (2048K), 2 survivors (2048K)
 Metaspace       used 108389K, committed 109056K, reserved 1146880K
  class space    used 14524K, committed 14848K, reserved 1048576K
}
Event: 70.191 GC heap before
{Heap before GC invocations=46 (full 0):
 garbage-first heap   total 337920K, used 170136K [0x0000000080000000, 0x0000000100000000)
  region size 1024K, 41 young (41984K), 2 survivors (2048K)
 Metaspace       used 109631K, committed 110400K, reserved 1146880K
  class space    used 14700K, committed 15040K, reserved 1048576K
}

Dll operation events (2 events):
Event: 0.090 Loaded shared library C:\Program Files\Android\Android Studio1\jbr\bin\java.dll
Event: 0.662 Loaded shared library C:\Program Files\Android\Android Studio1\jbr\bin\verify.dll

Deoptimization events (20 events):
Event: 67.824 Thread 0x00000263247a2330 Uncommon trap: trap_request=0xffffffc6 fr.pc=0x0000026310f48d40 relative=0x0000000000000120
Event: 67.824 Thread 0x00000263247a2330 Uncommon trap: reason=bimorphic_or_optimized_type_check action=maybe_recompile pc=0x0000026310f48d40 method=com.google.common.collect.RegularImmutableMap.checkNoConflictInKeyBucket(Ljava/lang/Object;Ljava/lang/Object;Lcom/google/common/collect/ImmutableMa
Event: 67.825 Thread 0x00000263247a2330 DEOPT PACKING pc=0x0000026310f48d40 sp=0x00000090147fbe70
Event: 67.825 Thread 0x00000263247a2330 DEOPT UNPACKING pc=0x000002631051a1a3 sp=0x00000090147fbe08 mode 2
Event: 67.881 Thread 0x00000263247a6b60 Uncommon trap: trap_request=0xffffffde fr.pc=0x000002631112ef60 relative=0x0000000000000580
Event: 67.881 Thread 0x00000263247a6b60 Uncommon trap: reason=class_check action=maybe_recompile pc=0x000002631112ef60 method=kotlin.reflect.jvm.internal.impl.protobuf.CodedInputStream.tryRefillBuffer(I)Z @ 175 c2
Event: 67.881 Thread 0x00000263247a6b60 DEOPT PACKING pc=0x000002631112ef60 sp=0x00000090150fbd30
Event: 67.881 Thread 0x00000263247a6b60 DEOPT UNPACKING pc=0x000002631051a1a3 sp=0x00000090150fbc18 mode 2
Event: 67.958 Thread 0x00000263247a6b60 Uncommon trap: trap_request=0xffffffde fr.pc=0x000002631112ef60 relative=0x0000000000000580
Event: 67.958 Thread 0x00000263247a6b60 Uncommon trap: reason=class_check action=maybe_recompile pc=0x000002631112ef60 method=kotlin.reflect.jvm.internal.impl.protobuf.CodedInputStream.tryRefillBuffer(I)Z @ 175 c2
Event: 67.958 Thread 0x00000263247a6b60 DEOPT PACKING pc=0x000002631112ef60 sp=0x00000090150fbd30
Event: 67.958 Thread 0x00000263247a6b60 DEOPT UNPACKING pc=0x000002631051a1a3 sp=0x00000090150fbc18 mode 2
Event: 67.966 Thread 0x00000263247a6b60 Uncommon trap: trap_request=0xffffffde fr.pc=0x000002631112ef60 relative=0x0000000000000580
Event: 67.966 Thread 0x00000263247a6b60 Uncommon trap: reason=class_check action=maybe_recompile pc=0x000002631112ef60 method=kotlin.reflect.jvm.internal.impl.protobuf.CodedInputStream.tryRefillBuffer(I)Z @ 175 c2
Event: 67.966 Thread 0x00000263247a6b60 DEOPT PACKING pc=0x000002631112ef60 sp=0x00000090150fbe30
Event: 67.966 Thread 0x00000263247a6b60 DEOPT UNPACKING pc=0x000002631051a1a3 sp=0x00000090150fbd18 mode 2
Event: 67.991 Thread 0x00000263247a6b60 Uncommon trap: trap_request=0xffffffde fr.pc=0x000002631112ef60 relative=0x0000000000000580
Event: 67.991 Thread 0x00000263247a6b60 Uncommon trap: reason=class_check action=maybe_recompile pc=0x000002631112ef60 method=kotlin.reflect.jvm.internal.impl.protobuf.CodedInputStream.tryRefillBuffer(I)Z @ 175 c2
Event: 67.992 Thread 0x00000263247a6b60 DEOPT PACKING pc=0x000002631112ef60 sp=0x00000090150fbe30
Event: 67.992 Thread 0x00000263247a6b60 DEOPT UNPACKING pc=0x000002631051a1a3 sp=0x00000090150fbd18 mode 2

Classes unloaded (0 events):
No events

Classes redefined (0 events):
No events

Internal exceptions (20 events):
Event: 38.496 Thread 0x00000263247a8840 Exception <a 'sun/nio/fs/WindowsException'{0x0000000094656f80}> (0x0000000094656f80) 
thrown [s\src\hotspot\share\prims\jni.cpp, line 517]
Event: 38.496 Thread 0x00000263247a8840 Exception <a 'sun/nio/fs/WindowsException'{0x0000000094658c30}> (0x0000000094658c30) 
thrown [s\src\hotspot\share\prims\jni.cpp, line 517]
Event: 38.496 Thread 0x00000263247a8840 Exception <a 'sun/nio/fs/WindowsException'{0x0000000094659050}> (0x0000000094659050) 
thrown [s\src\hotspot\share\prims\jni.cpp, line 517]
Event: 41.227 Thread 0x00000263247a14c0 Exception <a 'sun/nio/fs/WindowsException'{0x0000000094126368}> (0x0000000094126368) 
thrown [s\src\hotspot\share\prims\jni.cpp, line 517]
Event: 41.227 Thread 0x00000263247a14c0 Exception <a 'sun/nio/fs/WindowsException'{0x0000000094126710}> (0x0000000094126710) 
thrown [s\src\hotspot\share\prims\jni.cpp, line 517]
Event: 45.784 Thread 0x00000263247a14c0 Exception <a 'java/lang/NoSuchMethodError'{0x0000000092a7e3b0}: static Lcom/android/build/gradle/internal/scope/InternalArtifactType;.<clinit>()V> (0x0000000092a7e3b0) 
thrown [s\src\hotspot\share\prims\jni.cpp, line 1108]
Event: 45.786 Thread 0x00000263247a14c0 Exception <a 'java/lang/NoSuchMethodError'{0x0000000092a7faf0}: static Lcom/android/build/gradle/internal/scope/InternalArtifactType;.<clinit>()V> (0x0000000092a7faf0) 
thrown [s\src\hotspot\share\prims\jni.cpp, line 1108]
Event: 45.787 Thread 0x00000263247a14c0 Exception <a 'java/lang/NoSuchMethodError'{0x0000000092a82c90}: static Lcom/android/build/api/artifact/Artifact$Single;.<clinit>()V> (0x0000000092a82c90) 
thrown [s\src\hotspot\share\prims\jni.cpp, line 1108]
Event: 45.787 Thread 0x00000263247a14c0 Exception <a 'java/lang/NoSuchMethodError'{0x0000000092a85220}: static Ljava/lang/Object;.<clinit>()V> (0x0000000092a85220) 
thrown [s\src\hotspot\share\prims\jni.cpp, line 1108]
Event: 46.005 Thread 0x00000263247a14c0 Exception <a 'java/lang/NoSuchMethodError'{0x0000000092a9b3d8}: static Lcom/android/build/api/artifact/ArtifactKind;.<clinit>()V> (0x0000000092a9b3d8) 
thrown [s\src\hotspot\share\prims\jni.cpp, line 1108]
Event: 46.006 Thread 0x00000263247a14c0 Exception <a 'java/lang/NoSuchMethodError'{0x0000000092a9c598}: static Lcom/android/build/api/artifact/ArtifactKind;.<clinit>()V> (0x0000000092a9c598) 
thrown [s\src\hotspot\share\prims\jni.cpp, line 1108]
Event: 48.604 Thread 0x00000263247a14c0 Exception <a 'java/lang/NoSuchMethodError'{0x000000009114dfc0}: static Lcom/android/builder/internal/aapt/AaptOptions;.<clinit>()V> (0x000000009114dfc0) 
thrown [s\src\hotspot\share\prims\jni.cpp, line 1108]
Event: 48.628 Thread 0x00000263247a14c0 Exception <a 'java/lang/NoSuchMethodError'{0x000000009116e838}: static Ljava/lang/Object;.<clinit>()V> (0x000000009116e838) 
thrown [s\src\hotspot\share\prims\jni.cpp, line 1108]
Event: 48.676 Thread 0x00000263247a14c0 Exception <a 'java/lang/NoSuchMethodError'{0x0000000091190140}: static Lcom/android/build/api/variant/impl/VariantOutputImpl$SerializedForm;.<clinit>()V> (0x0000000091190140) 
thrown [s\src\hotspot\share\prims\jni.cpp, line 1108]
Event: 48.686 Thread 0x00000263247a14c0 Exception <a 'java/lang/NoSuchMethodError'{0x00000000911a2730}: static Lcom/android/build/api/variant/impl/VariantOutputConfigurationImpl;.<clinit>()V> (0x00000000911a2730) 
thrown [s\src\hotspot\share\prims\jni.cpp, line 1108]
Event: 49.184 Thread 0x00000263247a7030 Exception <a 'sun/nio/fs/WindowsException'{0x00000000943d9318}> (0x00000000943d9318) 
thrown [s\src\hotspot\share\prims\jni.cpp, line 517]
Event: 49.414 Thread 0x00000263247a7030 Exception <a 'java/lang/NoSuchMethodError'{0x00000000943fadd8}: 'int java.lang.invoke.DirectMethodHandle$Holder.invokeSpecial(java.lang.Object, java.lang.Object, java.lang.Object, java.lang.Object, java.lang.Object)'> (0x00000000943fadd8) 
thrown [s\src\hotspot\share\interpreter\linkResolver.cpp, line 771]
Event: 50.987 Thread 0x00000263247a8840 Exception <a 'sun/nio/fs/WindowsException'{0x000000008fc400a0}> (0x000000008fc400a0) 
thrown [s\src\hotspot\share\prims\jni.cpp, line 517]
Event: 67.930 Thread 0x00000263247a2330 Exception <a 'sun/nio/fs/WindowsException'{0x0000000093576550}> (0x0000000093576550) 
thrown [s\src\hotspot\share\prims\jni.cpp, line 517]
Event: 68.975 Thread 0x00000263247a2330 Exception <a 'sun/nio/fs/WindowsException'{0x000000009279a150}> (0x000000009279a150) 
thrown [s\src\hotspot\share\prims\jni.cpp, line 517]

VM Operations (20 events):
Event: 59.194 Executing VM operation: Cleanup done
Event: 59.725 Executing VM operation: G1CollectForAllocation
Event: 60.234 Executing VM operation: G1CollectForAllocation done
Event: 60.489 Executing VM operation: G1CollectForAllocation
Event: 60.967 Executing VM operation: G1CollectForAllocation done
Event: 61.982 Executing VM operation: Cleanup
Event: 62.936 Executing VM operation: Cleanup done
Event: 63.949 Executing VM operation: Cleanup
Event: 64.227 Executing VM operation: Cleanup done
Event: 65.229 Executing VM operation: Cleanup
Event: 65.265 Executing VM operation: Cleanup done
Event: 66.280 Executing VM operation: Cleanup
Event: 66.410 Executing VM operation: Cleanup done
Event: 67.417 Executing VM operation: Cleanup
Event: 67.420 Executing VM operation: Cleanup done
Event: 68.430 Executing VM operation: Cleanup
Event: 68.433 Executing VM operation: Cleanup done
Event: 69.445 Executing VM operation: Cleanup
Event: 69.447 Executing VM operation: Cleanup done
Event: 70.191 Executing VM operation: G1CollectForAllocation

Events (20 events):
Event: 41.141 loading class sun/nio/cs/UnicodeDecoder
Event: 41.141 loading class sun/nio/cs/UnicodeDecoder done
Event: 41.141 loading class sun/nio/cs/UTF_16$Decoder done
Event: 41.141 loading class sun/nio/cs/Surrogate$Parser
Event: 41.144 loading class sun/nio/cs/Surrogate$Parser done
Event: 41.144 loading class sun/nio/cs/Surrogate
Event: 41.144 loading class sun/nio/cs/Surrogate done
Event: 41.267 Thread 0x000002631f0ce570 flushing nmethod 0x0000026310ffdc90
Event: 41.268 Thread 0x000002631f0ce570 flushing nmethod 0x0000026309175b10
Event: 41.270 Thread 0x000002631f0ce570 flushing nmethod 0x00000263094d9a10
Event: 41.273 Thread 0x000002631f0ce570 flushing nmethod 0x0000026309aa0190
Event: 41.284 Thread 0x000002631f0ce570 flushing nmethod 0x0000026309c28e10
Event: 41.285 Thread 0x000002631f0ce570 flushing nmethod 0x0000026309c7c510
Event: 41.288 Thread 0x000002631f0ce570 flushing nmethod 0x000002630a143590
Event: 41.288 Thread 0x000002631f0ce570 flushing nmethod 0x000002630a15be10
Event: 41.288 Thread 0x000002631f0ce570 flushing nmethod 0x000002630a15c310
Event: 48.709 Thread 0x00000263247a79d0 Thread added: 0x00000263247a79d0
Event: 63.723 Thread 0x0000026321689090 Thread exited: 0x0000026321689090
Event: 68.562 loading class java/util/ArrayList$SubList$1
Event: 68.581 loading class java/util/ArrayList$SubList$1 done


Dynamic libraries:
0x00007ff6ae140000 - 0x00007ff6ae14a000 	C:\Program Files\Android\Android Studio1\jbr\bin\java.exe
0x00007fff9ec50000 - 0x00007fff9ee48000 	C:\WINDOWS\SYSTEM32\ntdll.dll
0x00007fff9dcd0000 - 0x00007fff9dd8d000 	C:\WINDOWS\System32\KERNEL32.DLL
0x00007fff9c430000 - 0x00007fff9c726000 	C:\WINDOWS\System32\KERNELBASE.dll
0x00007fff9c330000 - 0x00007fff9c430000 	C:\WINDOWS\System32\ucrtbase.dll
0x00007fff97e30000 - 0x00007fff97e47000 	C:\Program Files\Android\Android Studio1\jbr\bin\jli.dll
0x00007fff95430000 - 0x00007fff9544b000 	C:\Program Files\Android\Android Studio1\jbr\bin\VCRUNTIME140.dll
0x00007fff9e9c0000 - 0x00007fff9eb5e000 	C:\WINDOWS\System32\USER32.dll
0x00007fff9c730000 - 0x00007fff9c752000 	C:\WINDOWS\System32\win32u.dll
0x00007fff9e090000 - 0x00007fff9e0bc000 	C:\WINDOWS\System32\GDI32.dll
0x00007fff9c9f0000 - 0x00007fff9cb0a000 	C:\WINDOWS\System32\gdi32full.dll
0x00007fff9c950000 - 0x00007fff9c9ed000 	C:\WINDOWS\System32\msvcp_win.dll
0x00007fff89570000 - 0x00007fff8980a000 	C:\WINDOWS\WinSxS\amd64_microsoft.windows.common-controls_6595b64144ccf1df_6.0.19041.3636_none_60b6a03d71f818d5\COMCTL32.dll
0x00007fff9d1f0000 - 0x00007fff9d28e000 	C:\WINDOWS\System32\msvcrt.dll
0x00007fff9d910000 - 0x00007fff9d940000 	C:\WINDOWS\System32\IMM32.DLL
0x00007fff95400000 - 0x00007fff9540c000 	C:\Program Files\Android\Android Studio1\jbr\bin\vcruntime140_1.dll
0x00007fff7ee30000 - 0x00007fff7eebd000 	C:\Program Files\Android\Android Studio1\jbr\bin\msvcp140.dll
0x00007fff66e60000 - 0x00007fff67acd000 	C:\Program Files\Android\Android Studio1\jbr\bin\server\jvm.dll
0x00007fff9dfe0000 - 0x00007fff9e08f000 	C:\WINDOWS\System32\ADVAPI32.dll
0x00007fff9d140000 - 0x00007fff9d1dc000 	C:\WINDOWS\System32\sechost.dll
0x00007fff9d010000 - 0x00007fff9d136000 	C:\WINDOWS\System32\RPCRT4.dll
0x00007fff9a2b0000 - 0x00007fff9a2ba000 	C:\WINDOWS\SYSTEM32\VERSION.dll
0x00007fff89810000 - 0x00007fff89837000 	C:\WINDOWS\SYSTEM32\WINMM.dll
0x00007fff950c0000 - 0x00007fff950c9000 	C:\WINDOWS\SYSTEM32\WSOCK32.dll
0x00007fff9dd90000 - 0x00007fff9ddfb000 	C:\WINDOWS\System32\ws2_32.DLL
0x00007fff9ab80000 - 0x00007fff9ab92000 	C:\WINDOWS\SYSTEM32\kernel.appcore.dll
0x00007fff955e0000 - 0x00007fff955ea000 	C:\Program Files\Android\Android Studio1\jbr\bin\jimage.dll
0x00007fff89e50000 - 0x00007fff8a034000 	C:\WINDOWS\SYSTEM32\DBGHELP.DLL
0x00007fff89e10000 - 0x00007fff89e44000 	C:\WINDOWS\SYSTEM32\dbgcore.DLL
0x00007fff9c760000 - 0x00007fff9c7e2000 	C:\WINDOWS\System32\bcryptPrimitives.dll
0x00007fff95280000 - 0x00007fff952a5000 	C:\Program Files\Android\Android Studio1\jbr\bin\java.dll
0x00007fff93e40000 - 0x00007fff93e58000 	C:\Program Files\Android\Android Studio1\jbr\bin\zip.dll
0x00007fff9e270000 - 0x00007fff9e9b4000 	C:\WINDOWS\System32\SHELL32.dll
0x00007fff9a3d0000 - 0x00007fff9ab6b000 	C:\WINDOWS\SYSTEM32\windows.storage.dll
0x00007fff9ccb0000 - 0x00007fff9d004000 	C:\WINDOWS\System32\combase.dll
0x00007fff9bca0000 - 0x00007fff9bccd000 	C:\WINDOWS\SYSTEM32\Wldp.dll
0x00007fff9df30000 - 0x00007fff9dfdd000 	C:\WINDOWS\System32\SHCORE.dll
0x00007fff9d700000 - 0x00007fff9d755000 	C:\WINDOWS\System32\shlwapi.dll
0x00007fff9c260000 - 0x00007fff9c285000 	C:\WINDOWS\SYSTEM32\profapi.dll
0x00007fff8a0c0000 - 0x00007fff8a0d9000 	C:\Program Files\Android\Android Studio1\jbr\bin\net.dll
0x00007fff96240000 - 0x00007fff9634a000 	C:\WINDOWS\SYSTEM32\WINHTTP.dll
0x00007fff9ba00000 - 0x00007fff9ba6a000 	C:\WINDOWS\system32\mswsock.dll
0x00007fff87a20000 - 0x00007fff87a36000 	C:\Program Files\Android\Android Studio1\jbr\bin\nio.dll
0x00007fff8c460000 - 0x00007fff8c470000 	C:\Program Files\Android\Android Studio1\jbr\bin\verify.dll
0x00007fff84990000 - 0x00007fff849b7000 	C:\Users\oals6\.gradle\native\68d5fa5c4cc2d200863cafc0d521ce42e7d3e7ee720ec0a83991735586a16f82\windows-amd64\native-platform.dll
0x00007fff6e060000 - 0x00007fff6e1a4000 	C:\Users\oals6\.gradle\native\e376f236ea51e6404a007f0833ffe2c6e607c4080706a723a18a27aeea778392\windows-amd64\native-platform-file-events.dll
0x00007fff95250000 - 0x00007fff95259000 	C:\Program Files\Android\Android Studio1\jbr\bin\management.dll
0x00007fff940d0000 - 0x00007fff940db000 	C:\Program Files\Android\Android Studio1\jbr\bin\management_ext.dll
0x00007fff9d1e0000 - 0x00007fff9d1e8000 	C:\WINDOWS\System32\PSAPI.DLL
0x00007fff9bbf0000 - 0x00007fff9bc08000 	C:\WINDOWS\SYSTEM32\CRYPTSP.dll
0x00007fff9b330000 - 0x00007fff9b364000 	C:\WINDOWS\system32\rsaenh.dll
0x00007fff9cc10000 - 0x00007fff9cc37000 	C:\WINDOWS\System32\bcrypt.dll
0x00007fff9c220000 - 0x00007fff9c24e000 	C:\WINDOWS\SYSTEM32\USERENV.dll
0x00007fff9bc10000 - 0x00007fff9bc1c000 	C:\WINDOWS\SYSTEM32\CRYPTBASE.dll
0x00007fff9b6f0000 - 0x00007fff9b72b000 	C:\WINDOWS\SYSTEM32\IPHLPAPI.DLL
0x00007fff9d900000 - 0x00007fff9d908000 	C:\WINDOWS\System32\NSI.dll
0x00007fff8d640000 - 0x00007fff8d657000 	C:\WINDOWS\SYSTEM32\dhcpcsvc6.DLL
0x00007fff8d7a0000 - 0x00007fff8d7bd000 	C:\WINDOWS\SYSTEM32\dhcpcsvc.DLL
0x00007fff9b730000 - 0x00007fff9b7fa000 	C:\WINDOWS\SYSTEM32\DNSAPI.dll
0x00007fff832f0000 - 0x00007fff832f7000 	C:\WINDOWS\system32\wshunix.dll
0x00007fff94c20000 - 0x00007fff94c2a000 	C:\Windows\System32\rasadhlp.dll
0x00007fff8d140000 - 0x00007fff8d1c0000 	C:\WINDOWS\System32\fwpuclnt.dll
0x00007fff9b450000 - 0x00007fff9b483000 	C:\WINDOWS\SYSTEM32\ntmarta.dll

dbghelp: loaded successfully - version: 4.0.5 - missing functions: none
symbol engine: initialized successfully - sym options: 0x614 - pdb path: .;C:\Program Files\Android\Android Studio1\jbr\bin;C:\WINDOWS\SYSTEM32;C:\WINDOWS\WinSxS\amd64_microsoft.windows.common-controls_6595b64144ccf1df_6.0.19041.3636_none_60b6a03d71f818d5;C:\Program Files\Android\Android Studio1\jbr\bin\server;C:\Users\oals6\.gradle\native\68d5fa5c4cc2d200863cafc0d521ce42e7d3e7ee720ec0a83991735586a16f82\windows-amd64;C:\Users\oals6\.gradle\native\e376f236ea51e6404a007f0833ffe2c6e607c4080706a723a18a27aeea778392\windows-amd64

VM Arguments:
jvm_args: --add-opens=java.base/java.util=ALL-UNNAMED --add-opens=java.base/java.lang=ALL-UNNAMED --add-opens=java.base/java.lang.invoke=ALL-UNNAMED --add-opens=java.prefs/java.util.prefs=ALL-UNNAMED --add-opens=java.base/java.nio.charset=ALL-UNNAMED --add-opens=java.base/java.net=ALL-UNNAMED --add-opens=java.base/java.util.concurrent.atomic=ALL-UNNAMED -Xmx2048m -Dfile.encoding=UTF-8 -Duser.country=KR -Duser.language=ko -Duser.variant 
java_command: org.gradle.launcher.daemon.bootstrap.GradleDaemon 8.0
java_class_path (initial): C:\Users\oals6\.gradle\wrapper\dists\gradle-8.0-bin\ca5e32bp14vu59qr306oxotwh\gradle-8.0\lib\gradle-launcher-8.0.jar
Launcher Type: SUN_STANDARD

[Global flags]
     intx CICompilerCount                          = 3                                         {product} {ergonomic}
     uint ConcGCThreads                            = 1                                         {product} {ergonomic}
     uint G1ConcRefinementThreads                  = 4                                         {product} {ergonomic}
   size_t G1HeapRegionSize                         = 1048576                                   {product} {ergonomic}
    uintx GCDrainStackTargetSize                   = 64                                        {product} {ergonomic}
   size_t InitialHeapSize                          = 60817408                                  {product} {ergonomic}
   size_t MarkStackSize                            = 4194304                                   {product} {ergonomic}
   size_t MaxHeapSize                              = 2147483648                                {product} {command line}
   size_t MaxNewSize                               = 1287651328                                {product} {ergonomic}
   size_t MinHeapDeltaBytes                        = 1048576                                   {product} {ergonomic}
   size_t MinHeapSize                              = 8388608                                   {product} {ergonomic}
    uintx NonNMethodCodeHeapSize                   = 5832780                                {pd product} {ergonomic}
    uintx NonProfiledCodeHeapSize                  = 122912730                              {pd product} {ergonomic}
    uintx ProfiledCodeHeapSize                     = 122912730                              {pd product} {ergonomic}
    uintx ReservedCodeCacheSize                    = 251658240                              {pd product} {ergonomic}
     bool SegmentedCodeCache                       = true                                      {product} {ergonomic}
   size_t SoftMaxHeapSize                          = 2147483648                             {manageable} {ergonomic}
     bool UseCompressedClassPointers               = true                           {product lp64_product} {ergonomic}
     bool UseCompressedOops                        = true                           {product lp64_product} {ergonomic}
     bool UseG1GC                                  = true                                      {product} {ergonomic}
     bool UseLargePagesIndividualAllocation        = false                                  {pd product} {ergonomic}

Logging:
Log output configuration:
 #0: stdout all=warning uptime,level,tags
 #1: stderr all=off uptime,level,tags

Environment Variables:
PATH=C:\Program Files\Common Files\Oracle\Java\javapath;C:\WINDOWS\system32;C:\WINDOWS;C:\WINDOWS\System32\Wbem;C:\WINDOWS\System32\WindowsPowerShell\v1.0\;C:\WINDOWS\System32\OpenSSH\;C:\Program Files\Git\cmd;C:\Users\oals6\AppData\Local\Microsoft\WindowsApps;
USERNAME=oals6
OS=Windows_NT
PROCESSOR_IDENTIFIER=Intel64 Family 6 Model 126 Stepping 5, GenuineIntel
TMP=C:\Users\oals6\AppData\Local\Temp
TEMP=C:\Users\oals6\AppData\Local\Temp



---------------  S Y S T E M  ---------------

OS:
 Windows 10 , 64 bit Build 19041 (10.0.19041.3636)
OS uptime: 0 days 21:25 hours

CPU: total 4 (initial active 4) (4 cores per cpu, 2 threads per core) family 6 model 126 stepping 5 microcode 0xb0, cx8, cmov, fxsr, ht, mmx, 3dnowpref, sse, sse2, sse3, ssse3, sse4.1, sse4.2, popcnt, lzcnt, tsc, tscinvbit, avx, avx2, aes, erms, clmul, bmi1, bmi2, adx, avx512f, avx512dq, avx512cd, avx512bw, avx512vl, sha, fma, vzeroupper, avx512_vpopcntdq, avx512_vpclmulqdq, avx512_vaes, avx512_vnni, clflush, clflushopt, avx512_vbmi2, avx512_vbmi

Memory: 4k page, system-wide physical 3682M (209M free)
TotalPageFile size 10961M (AvailPageFile size 147M)
current process WorkingSet (physical memory assigned to process): 350M, peak: 387M
current process commit charge ("private bytes"): 631M, peak: 1076M

vm_info: OpenJDK 64-Bit Server VM (17.0.6+0-b2043.56-9586694) for windows-amd64 JRE (17.0.6+0-b2043.56-9586694), built on Feb  9 2023 20:06:20 by "androidbuild" with MS VC++ 16.10 / 16.11 (VS2019)

END.
